nohup: ignoring input
Running on hadoop, using HADOOP_HOME=/usr/lib/hadoop
HADOOP_CONF_DIR=/home/s117449/hadoop-conf
MAHOUT-JOB: /usr/lib/mahout/mahout-examples-0.5-cdh3u6-job.jar
13/05/22 13:09:54 WARN mapred.JobClient: Use GenericOptionsParser for parsing the arguments. Applications should implement Tool for the same.
13/05/22 13:09:55 INFO hdfs.DFSClient: Created HDFS_DELEGATION_TOKEN token 183510 for s117449 on 145.100.41.4:8020
13/05/22 13:09:55 INFO security.TokenCache: Got dt for hdfs://p-head03.alley.sara.nl:8020/tmp/hadoop-mapred/mapred/staging/s117449/.staging/job_201305151711_4002;uri=145.100.41.4:8020;t.service=145.100.41.4:8020
13/05/22 13:09:55 INFO input.FileInputFormat: Total input paths to process : 1
13/05/22 13:09:56 WARN snappy.LoadSnappy: Snappy native library is available
13/05/22 13:09:56 INFO util.NativeCodeLoader: Loaded the native-hadoop library
13/05/22 13:09:56 INFO snappy.LoadSnappy: Snappy native library loaded
13/05/22 13:09:56 INFO mapred.JobClient: Running job: job_201305151711_4002
13/05/22 13:09:57 INFO mapred.JobClient:  map 0% reduce 0%
13/05/22 13:10:47 INFO mapred.JobClient:  map 1% reduce 0%
13/05/22 13:10:52 INFO mapred.JobClient:  map 2% reduce 0%
13/05/22 13:10:55 INFO mapred.JobClient:  map 3% reduce 0%
13/05/22 13:11:01 INFO mapred.JobClient:  map 4% reduce 0%
13/05/22 13:11:04 INFO mapred.JobClient:  map 5% reduce 0%
13/05/22 13:11:08 INFO mapred.JobClient:  map 6% reduce 0%
13/05/22 13:11:10 INFO mapred.JobClient:  map 7% reduce 0%
13/05/22 13:11:13 INFO mapred.JobClient:  map 8% reduce 0%
13/05/22 13:11:17 INFO mapred.JobClient:  map 9% reduce 0%
13/05/22 13:11:19 INFO mapred.JobClient:  map 10% reduce 0%
13/05/22 13:11:21 INFO mapred.JobClient:  map 11% reduce 0%
13/05/22 13:11:23 INFO mapred.JobClient:  map 12% reduce 0%
13/05/22 13:11:26 INFO mapred.JobClient:  map 13% reduce 0%
13/05/22 13:11:28 INFO mapred.JobClient:  map 14% reduce 0%
13/05/22 13:11:31 INFO mapred.JobClient:  map 15% reduce 0%
13/05/22 13:11:35 INFO mapred.JobClient:  map 16% reduce 0%
13/05/22 13:11:37 INFO mapred.JobClient:  map 17% reduce 0%
13/05/22 13:11:38 INFO mapred.JobClient:  map 18% reduce 0%
13/05/22 13:11:41 INFO mapred.JobClient:  map 19% reduce 0%
13/05/22 13:11:44 INFO mapred.JobClient:  map 20% reduce 0%
13/05/22 13:11:46 INFO mapred.JobClient:  map 21% reduce 0%
13/05/22 13:11:48 INFO mapred.JobClient:  map 22% reduce 0%
13/05/22 13:11:52 INFO mapred.JobClient:  map 23% reduce 0%
13/05/22 13:11:55 INFO mapred.JobClient:  map 24% reduce 0%
13/05/22 13:11:56 INFO mapred.JobClient:  map 25% reduce 0%
13/05/22 13:11:58 INFO mapred.JobClient:  map 26% reduce 0%
13/05/22 13:12:00 INFO mapred.JobClient:  map 27% reduce 0%
13/05/22 13:12:02 INFO mapred.JobClient:  map 28% reduce 0%
13/05/22 13:12:03 INFO mapred.JobClient:  map 29% reduce 0%
13/05/22 13:12:05 INFO mapred.JobClient:  map 30% reduce 0%
13/05/22 13:12:08 INFO mapred.JobClient:  map 31% reduce 0%
13/05/22 13:12:09 INFO mapred.JobClient:  map 32% reduce 0%
13/05/22 13:12:11 INFO mapred.JobClient:  map 33% reduce 0%
13/05/22 13:12:12 INFO mapred.JobClient:  map 34% reduce 0%
13/05/22 13:12:15 INFO mapred.JobClient:  map 36% reduce 0%
13/05/22 13:12:17 INFO mapred.JobClient:  map 37% reduce 0%
13/05/22 13:12:18 INFO mapred.JobClient:  map 38% reduce 0%
13/05/22 13:12:19 INFO mapred.JobClient:  map 39% reduce 0%
13/05/22 13:12:21 INFO mapred.JobClient:  map 40% reduce 0%
13/05/22 13:12:23 INFO mapred.JobClient:  map 41% reduce 0%
13/05/22 13:12:24 INFO mapred.JobClient:  map 42% reduce 0%
13/05/22 13:12:25 INFO mapred.JobClient:  map 43% reduce 0%
13/05/22 13:12:27 INFO mapred.JobClient:  map 44% reduce 0%
13/05/22 13:12:28 INFO mapred.JobClient:  map 45% reduce 0%
13/05/22 13:12:30 INFO mapred.JobClient:  map 46% reduce 0%
13/05/22 13:12:31 INFO mapred.JobClient:  map 47% reduce 0%
13/05/22 13:12:33 INFO mapred.JobClient:  map 48% reduce 0%
13/05/22 13:12:34 INFO mapred.JobClient:  map 49% reduce 0%
13/05/22 13:12:36 INFO mapred.JobClient:  map 50% reduce 0%
13/05/22 13:12:37 INFO mapred.JobClient:  map 51% reduce 0%
13/05/22 13:12:39 INFO mapred.JobClient:  map 52% reduce 0%
13/05/22 13:12:40 INFO mapred.JobClient:  map 53% reduce 0%
13/05/22 13:12:42 INFO mapred.JobClient:  map 54% reduce 0%
13/05/22 13:12:43 INFO mapred.JobClient:  map 55% reduce 0%
13/05/22 13:12:45 INFO mapred.JobClient:  map 56% reduce 0%
13/05/22 13:12:47 INFO mapred.JobClient:  map 57% reduce 0%
13/05/22 13:12:48 INFO mapred.JobClient:  map 58% reduce 0%
13/05/22 13:12:49 INFO mapred.JobClient:  map 59% reduce 0%
13/05/22 13:12:51 INFO mapred.JobClient:  map 60% reduce 0%
13/05/22 13:12:53 INFO mapred.JobClient:  map 61% reduce 0%
13/05/22 13:12:54 INFO mapred.JobClient:  map 62% reduce 0%
13/05/22 13:12:56 INFO mapred.JobClient:  map 63% reduce 0%
13/05/22 13:12:57 INFO mapred.JobClient:  map 64% reduce 0%
13/05/22 13:13:00 INFO mapred.JobClient:  map 65% reduce 0%
13/05/22 13:13:01 INFO mapred.JobClient:  map 66% reduce 0%
13/05/22 13:13:02 INFO mapred.JobClient:  map 67% reduce 0%
13/05/22 13:13:04 INFO mapred.JobClient:  map 68% reduce 0%
13/05/22 13:13:06 INFO mapred.JobClient:  map 69% reduce 0%
13/05/22 13:13:07 INFO mapred.JobClient:  map 70% reduce 0%
13/05/22 13:13:10 INFO mapred.JobClient:  map 71% reduce 0%
13/05/22 13:13:11 INFO mapred.JobClient:  map 72% reduce 0%
13/05/22 13:13:13 INFO mapred.JobClient:  map 73% reduce 0%
13/05/22 13:13:14 INFO mapred.JobClient:  map 74% reduce 0%
13/05/22 13:13:16 INFO mapred.JobClient:  map 75% reduce 0%
13/05/22 13:13:19 INFO mapred.JobClient:  map 76% reduce 0%
13/05/22 13:13:20 INFO mapred.JobClient:  map 77% reduce 0%
13/05/22 13:13:23 INFO mapred.JobClient:  map 78% reduce 0%
13/05/22 13:13:26 INFO mapred.JobClient:  map 79% reduce 0%
13/05/22 13:13:28 INFO mapred.JobClient:  map 80% reduce 0%
13/05/22 13:13:29 INFO mapred.JobClient:  map 81% reduce 0%
13/05/22 13:13:31 INFO mapred.JobClient:  map 82% reduce 0%
13/05/22 13:13:33 INFO mapred.JobClient:  map 83% reduce 0%
13/05/22 13:13:35 INFO mapred.JobClient:  map 84% reduce 0%
13/05/22 13:13:37 INFO mapred.JobClient:  map 85% reduce 0%
13/05/22 13:13:38 INFO mapred.JobClient:  map 86% reduce 0%
13/05/22 13:13:40 INFO mapred.JobClient:  map 87% reduce 0%
13/05/22 13:13:42 INFO mapred.JobClient:  map 88% reduce 0%
13/05/22 13:13:43 INFO mapred.JobClient:  map 89% reduce 0%
13/05/22 13:13:44 INFO mapred.JobClient:  map 90% reduce 0%
13/05/22 13:13:46 INFO mapred.JobClient:  map 91% reduce 0%
13/05/22 13:13:48 INFO mapred.JobClient:  map 92% reduce 0%
13/05/22 13:13:49 INFO mapred.JobClient:  map 93% reduce 0%
13/05/22 13:13:50 INFO mapred.JobClient:  map 94% reduce 0%
13/05/22 13:13:52 INFO mapred.JobClient:  map 95% reduce 0%
13/05/22 13:13:54 INFO mapred.JobClient:  map 96% reduce 0%
13/05/22 13:13:56 INFO mapred.JobClient:  map 97% reduce 0%
13/05/22 13:13:58 INFO mapred.JobClient:  map 98% reduce 0%
13/05/22 13:14:02 INFO mapred.JobClient:  map 99% reduce 0%
13/05/22 13:14:16 INFO mapred.JobClient:  map 100% reduce 0%
13/05/22 13:14:19 INFO mapred.JobClient:  map 100% reduce 24%
13/05/22 13:14:22 INFO mapred.JobClient:  map 100% reduce 33%
13/05/22 13:14:35 INFO mapred.JobClient:  map 100% reduce 66%
13/05/22 13:14:37 INFO mapred.JobClient:  map 100% reduce 67%
13/05/22 13:14:40 INFO mapred.JobClient:  map 100% reduce 68%
13/05/22 13:14:46 INFO mapred.JobClient:  map 100% reduce 69%
13/05/22 13:15:02 INFO mapred.JobClient:  map 100% reduce 70%
13/05/22 13:15:12 INFO mapred.JobClient:  map 100% reduce 71%
13/05/22 13:15:17 INFO mapred.JobClient:  map 100% reduce 72%
13/05/22 13:15:27 INFO mapred.JobClient:  map 100% reduce 73%
13/05/22 13:15:32 INFO mapred.JobClient:  map 100% reduce 74%
13/05/22 13:15:41 INFO mapred.JobClient:  map 100% reduce 75%
13/05/22 13:15:43 INFO mapred.JobClient:  map 100% reduce 100%
13/05/22 13:15:45 INFO mapred.JobClient: Job complete: job_201305151711_4002
13/05/22 13:15:45 INFO mapred.JobClient: Counters: 27
13/05/22 13:15:45 INFO mapred.JobClient:   Job Counters 
13/05/22 13:15:45 INFO mapred.JobClient:     Launched reduce tasks=1
13/05/22 13:15:45 INFO mapred.JobClient:     SLOTS_MILLIS_MAPS=3175728
13/05/22 13:15:45 INFO mapred.JobClient:     Total time spent by all reduces waiting after reserving slots (ms)=0
13/05/22 13:15:45 INFO mapred.JobClient:     Total time spent by all maps waiting after reserving slots (ms)=0
13/05/22 13:15:45 INFO mapred.JobClient:     Rack-local map tasks=15
13/05/22 13:15:45 INFO mapred.JobClient:     Launched map tasks=19
13/05/22 13:15:45 INFO mapred.JobClient:     Data-local map tasks=1
13/05/22 13:15:45 INFO mapred.JobClient:     SLOTS_MILLIS_REDUCES=90784
13/05/22 13:15:45 INFO mapred.JobClient:   FileSystemCounters
13/05/22 13:15:45 INFO mapred.JobClient:     FILE_BYTES_READ=333248056
13/05/22 13:15:45 INFO mapred.JobClient:     HDFS_BYTES_READ=1949036507
13/05/22 13:15:45 INFO mapred.JobClient:     FILE_BYTES_WRITTEN=434189275
13/05/22 13:15:45 INFO mapred.JobClient:     HDFS_BYTES_WRITTEN=493748781
13/05/22 13:15:45 INFO mapred.JobClient:   Map-Reduce Framework
13/05/22 13:15:45 INFO mapred.JobClient:     Map input records=20000000
13/05/22 13:15:45 INFO mapred.JobClient:     Reduce shuffle bytes=99973432
13/05/22 13:15:45 INFO mapred.JobClient:     Spilled Records=87456508
13/05/22 13:15:45 INFO mapred.JobClient:     Map output bytes=5615845422
13/05/22 13:15:45 INFO mapred.JobClient:     CPU time spent (ms)=2675540
13/05/22 13:15:45 INFO mapred.JobClient:     Total committed heap usage (bytes)=20451885056
13/05/22 13:15:45 INFO mapred.JobClient:     Combine input records=480270044
13/05/22 13:15:45 INFO mapred.JobClient:     SPLIT_RAW_BYTES=2175
13/05/22 13:15:45 INFO mapred.JobClient:     Reduce input records=20013539
13/05/22 13:15:45 INFO mapred.JobClient:     Reduce input groups=20000001
13/05/22 13:15:45 INFO mapred.JobClient:     Combine output records=41702819
13/05/22 13:15:45 INFO mapred.JobClient:     Physical memory (bytes) snapshot=14079930368
13/05/22 13:15:45 INFO mapred.JobClient:     Reduce output records=20000001
13/05/22 13:15:45 INFO mapred.JobClient:     Virtual memory (bytes) snapshot=42997014528
13/05/22 13:15:45 INFO mapred.JobClient:     Map output records=458580764
13/05/22 13:16:13 INFO pfpgrowth.PFPGrowth: No of Features: 0
13/05/22 13:16:13 WARN mapred.JobClient: Use GenericOptionsParser for parsing the arguments. Applications should implement Tool for the same.
13/05/22 13:16:14 INFO hdfs.DFSClient: Created HDFS_DELEGATION_TOKEN token 183514 for s117449 on 145.100.41.4:8020
13/05/22 13:16:14 INFO security.TokenCache: Got dt for hdfs://p-head03.alley.sara.nl:8020/tmp/hadoop-mapred/mapred/staging/s117449/.staging/job_201305151711_4006;uri=145.100.41.4:8020;t.service=145.100.41.4:8020
13/05/22 13:16:14 INFO input.FileInputFormat: Total input paths to process : 1
13/05/22 13:16:15 INFO mapred.JobClient: Running job: job_201305151711_4006
13/05/22 13:16:16 INFO mapred.JobClient:  map 0% reduce 0%
13/05/22 13:16:47 INFO mapred.JobClient:  map 2% reduce 0%
13/05/22 13:16:48 INFO mapred.JobClient:  map 3% reduce 0%
13/05/22 13:16:49 INFO mapred.JobClient:  map 4% reduce 0%
13/05/22 13:16:50 INFO mapred.JobClient:  map 5% reduce 0%
13/05/22 13:16:51 INFO mapred.JobClient:  map 6% reduce 0%
13/05/22 13:16:52 INFO mapred.JobClient:  map 8% reduce 0%
13/05/22 13:16:53 INFO mapred.JobClient:  map 10% reduce 0%
13/05/22 13:16:54 INFO mapred.JobClient:  map 12% reduce 0%
13/05/22 13:16:56 INFO mapred.JobClient:  map 13% reduce 0%
13/05/22 13:16:59 INFO mapred.JobClient:  map 15% reduce 0%
13/05/22 13:17:00 INFO mapred.JobClient:  map 16% reduce 0%
13/05/22 13:17:02 INFO mapred.JobClient:  map 22% reduce 0%
13/05/22 13:17:04 INFO mapred.JobClient:  map 23% reduce 0%
13/05/22 13:17:05 INFO mapred.JobClient:  map 25% reduce 0%
13/05/22 13:17:06 INFO mapred.JobClient:  map 27% reduce 0%
13/05/22 13:17:07 INFO mapred.JobClient:  map 28% reduce 0%
13/05/22 13:17:09 INFO mapred.JobClient:  map 33% reduce 0%
13/05/22 13:17:10 INFO mapred.JobClient:  map 34% reduce 0%
13/05/22 13:17:11 INFO mapred.JobClient:  map 35% reduce 0%
13/05/22 13:17:12 INFO mapred.JobClient:  map 39% reduce 0%
13/05/22 13:17:13 INFO mapred.JobClient:  map 40% reduce 0%
13/05/22 13:17:14 INFO mapred.JobClient:  map 43% reduce 0%
13/05/22 13:17:15 INFO mapred.JobClient:  map 45% reduce 0%
13/05/22 13:17:16 INFO mapred.JobClient:  map 51% reduce 0%
13/05/22 13:17:17 INFO mapred.JobClient:  map 53% reduce 0%
13/05/22 13:17:18 INFO mapred.JobClient:  map 54% reduce 0%
13/05/22 13:17:19 INFO mapred.JobClient:  map 57% reduce 0%
13/05/22 13:17:20 INFO mapred.JobClient:  map 58% reduce 0%
13/05/22 13:17:21 INFO mapred.JobClient:  map 61% reduce 0%
13/05/22 13:17:22 INFO mapred.JobClient:  map 64% reduce 0%
13/05/22 13:17:23 INFO mapred.JobClient:  map 70% reduce 0%
13/05/22 13:17:24 INFO mapred.JobClient:  map 72% reduce 0%
13/05/22 13:17:26 INFO mapred.JobClient:  map 73% reduce 0%
13/05/22 13:17:28 INFO mapred.JobClient:  map 75% reduce 0%
13/05/22 13:17:30 INFO mapred.JobClient:  map 77% reduce 0%
13/05/22 13:17:31 INFO mapred.JobClient:  map 79% reduce 0%
13/05/22 13:17:32 INFO mapred.JobClient:  map 82% reduce 0%
13/05/22 13:17:33 INFO mapred.JobClient:  map 86% reduce 0%
13/05/22 13:17:34 INFO mapred.JobClient:  map 88% reduce 0%
13/05/22 13:17:35 INFO mapred.JobClient:  map 95% reduce 0%
13/05/22 13:17:38 INFO mapred.JobClient:  map 96% reduce 0%
13/05/22 13:17:41 INFO mapred.JobClient:  map 97% reduce 0%
13/05/22 13:17:44 INFO mapred.JobClient:  map 99% reduce 0%
13/05/22 13:17:46 INFO mapred.JobClient:  map 100% reduce 31%
13/05/22 13:17:53 INFO mapred.JobClient:  map 100% reduce 100%
13/05/22 13:17:54 INFO mapred.JobClient: Job complete: job_201305151711_4006
13/05/22 13:17:54 INFO mapred.JobClient: Counters: 27
13/05/22 13:17:54 INFO mapred.JobClient:   Job Counters 
13/05/22 13:17:54 INFO mapred.JobClient:     Launched reduce tasks=1
13/05/22 13:17:54 INFO mapred.JobClient:     SLOTS_MILLIS_MAPS=896967
13/05/22 13:17:54 INFO mapred.JobClient:     Total time spent by all reduces waiting after reserving slots (ms)=0
13/05/22 13:17:54 INFO mapred.JobClient:     Total time spent by all maps waiting after reserving slots (ms)=0
13/05/22 13:17:54 INFO mapred.JobClient:     Rack-local map tasks=18
13/05/22 13:17:54 INFO mapred.JobClient:     Launched map tasks=23
13/05/22 13:17:54 INFO mapred.JobClient:     Data-local map tasks=2
13/05/22 13:17:54 INFO mapred.JobClient:     SLOTS_MILLIS_REDUCES=13909
13/05/22 13:17:54 INFO mapred.JobClient:   FileSystemCounters
13/05/22 13:17:54 INFO mapred.JobClient:     FILE_BYTES_READ=20
13/05/22 13:17:54 INFO mapred.JobClient:     HDFS_BYTES_READ=1949036507
13/05/22 13:17:54 INFO mapred.JobClient:     FILE_BYTES_WRITTEN=973711
13/05/22 13:17:54 INFO mapred.JobClient:     HDFS_BYTES_WRITTEN=108
13/05/22 13:17:54 INFO mapred.JobClient:   Map-Reduce Framework
13/05/22 13:17:54 INFO mapred.JobClient:     Map input records=20000000
13/05/22 13:17:54 INFO mapred.JobClient:     Reduce shuffle bytes=240
13/05/22 13:17:54 INFO mapred.JobClient:     Spilled Records=0
13/05/22 13:17:54 INFO mapred.JobClient:     Map output bytes=0
13/05/22 13:17:54 INFO mapred.JobClient:     CPU time spent (ms)=581810
13/05/22 13:17:54 INFO mapred.JobClient:     Total committed heap usage (bytes)=22079995904
13/05/22 13:17:54 INFO mapred.JobClient:     Combine input records=0
13/05/22 13:17:54 INFO mapred.JobClient:     SPLIT_RAW_BYTES=2175
13/05/22 13:17:54 INFO mapred.JobClient:     Reduce input records=0
13/05/22 13:17:54 INFO mapred.JobClient:     Reduce input groups=0
13/05/22 13:17:54 INFO mapred.JobClient:     Combine output records=0
13/05/22 13:17:54 INFO mapred.JobClient:     Physical memory (bytes) snapshot=12884283392
13/05/22 13:17:54 INFO mapred.JobClient:     Reduce output records=0
13/05/22 13:17:54 INFO mapred.JobClient:     Virtual memory (bytes) snapshot=42960683008
13/05/22 13:17:54 INFO mapred.JobClient:     Map output records=0
13/05/22 13:17:54 WARN mapred.JobClient: Use GenericOptionsParser for parsing the arguments. Applications should implement Tool for the same.
13/05/22 13:17:54 INFO hdfs.DFSClient: Created HDFS_DELEGATION_TOKEN token 183517 for s117449 on 145.100.41.4:8020
13/05/22 13:17:54 INFO security.TokenCache: Got dt for hdfs://p-head03.alley.sara.nl:8020/tmp/hadoop-mapred/mapred/staging/s117449/.staging/job_201305151711_4009;uri=145.100.41.4:8020;t.service=145.100.41.4:8020
13/05/22 13:17:54 INFO input.FileInputFormat: Total input paths to process : 1
13/05/22 13:17:57 INFO mapred.JobClient: Running job: job_201305151711_4009
13/05/22 13:17:58 INFO mapred.JobClient:  map 0% reduce 0%
13/05/22 13:18:24 INFO mapred.JobClient:  map 100% reduce 0%
13/05/22 13:18:39 INFO mapred.JobClient:  map 100% reduce 100%
13/05/22 13:18:48 INFO mapred.JobClient: Job complete: job_201305151711_4009
13/05/22 13:18:48 INFO mapred.JobClient: Counters: 25
13/05/22 13:18:48 INFO mapred.JobClient:   Job Counters 
13/05/22 13:18:48 INFO mapred.JobClient:     Launched reduce tasks=1
13/05/22 13:18:48 INFO mapred.JobClient:     SLOTS_MILLIS_MAPS=27311
13/05/22 13:18:48 INFO mapred.JobClient:     Total time spent by all reduces waiting after reserving slots (ms)=0
13/05/22 13:18:48 INFO mapred.JobClient:     Total time spent by all maps waiting after reserving slots (ms)=0
13/05/22 13:18:48 INFO mapred.JobClient:     Launched map tasks=1
13/05/22 13:18:48 INFO mapred.JobClient:     SLOTS_MILLIS_REDUCES=15038
13/05/22 13:18:48 INFO mapred.JobClient:   FileSystemCounters
13/05/22 13:18:48 INFO mapred.JobClient:     FILE_BYTES_READ=20
13/05/22 13:18:48 INFO mapred.JobClient:     HDFS_BYTES_READ=287
13/05/22 13:18:48 INFO mapred.JobClient:     FILE_BYTES_WRITTEN=122448
13/05/22 13:18:48 INFO mapred.JobClient:     HDFS_BYTES_WRITTEN=121
13/05/22 13:18:48 INFO mapred.JobClient:   Map-Reduce Framework
13/05/22 13:18:48 INFO mapred.JobClient:     Map input records=0
13/05/22 13:18:48 INFO mapred.JobClient:     Reduce shuffle bytes=16
13/05/22 13:18:48 INFO mapred.JobClient:     Spilled Records=0
13/05/22 13:18:48 INFO mapred.JobClient:     Map output bytes=0
13/05/22 13:18:48 INFO mapred.JobClient:     CPU time spent (ms)=4320
13/05/22 13:18:48 INFO mapred.JobClient:     Total committed heap usage (bytes)=2027421696
13/05/22 13:18:48 INFO mapred.JobClient:     Combine input records=0
13/05/22 13:18:48 INFO mapred.JobClient:     SPLIT_RAW_BYTES=179
13/05/22 13:18:48 INFO mapred.JobClient:     Reduce input records=0
13/05/22 13:18:48 INFO mapred.JobClient:     Reduce input groups=0
13/05/22 13:18:48 INFO mapred.JobClient:     Combine output records=0
13/05/22 13:18:48 INFO mapred.JobClient:     Physical memory (bytes) snapshot=499585024
13/05/22 13:18:48 INFO mapred.JobClient:     Reduce output records=0
13/05/22 13:18:48 INFO mapred.JobClient:     Virtual memory (bytes) snapshot=5402423296
13/05/22 13:18:48 INFO mapred.JobClient:     Map output records=0
13/05/22 13:18:48 WARN mapred.JobClient: Use GenericOptionsParser for parsing the arguments. Applications should implement Tool for the same.
13/05/22 13:18:48 INFO hdfs.DFSClient: Created HDFS_DELEGATION_TOKEN token 183521 for s117449 on 145.100.41.4:8020
13/05/22 13:18:48 INFO security.TokenCache: Got dt for hdfs://p-head03.alley.sara.nl:8020/tmp/hadoop-mapred/mapred/staging/s117449/.staging/job_201305151711_4013;uri=145.100.41.4:8020;t.service=145.100.41.4:8020
13/05/22 13:18:48 INFO input.FileInputFormat: Total input paths to process : 1
13/05/22 13:18:51 INFO mapred.JobClient: Running job: job_201305151711_4013
13/05/22 13:18:52 INFO mapred.JobClient:  map 0% reduce 0%
13/05/22 13:19:29 INFO mapred.JobClient:  map 100% reduce 0%
13/05/22 13:19:44 INFO mapred.JobClient:  map 100% reduce 100%
13/05/22 13:19:46 INFO mapred.JobClient: Job complete: job_201305151711_4013
13/05/22 13:19:46 INFO mapred.JobClient: Counters: 25
13/05/22 13:19:46 INFO mapred.JobClient:   Job Counters 
13/05/22 13:19:46 INFO mapred.JobClient:     Launched reduce tasks=1
13/05/22 13:19:46 INFO mapred.JobClient:     SLOTS_MILLIS_MAPS=13169
13/05/22 13:19:46 INFO mapred.JobClient:     Total time spent by all reduces waiting after reserving slots (ms)=0
13/05/22 13:19:46 INFO mapred.JobClient:     Total time spent by all maps waiting after reserving slots (ms)=0
13/05/22 13:19:46 INFO mapred.JobClient:     Launched map tasks=1
13/05/22 13:19:46 INFO mapred.JobClient:     SLOTS_MILLIS_REDUCES=23420
13/05/22 13:19:46 INFO mapred.JobClient:   FileSystemCounters
13/05/22 13:19:46 INFO mapred.JobClient:     FILE_BYTES_READ=20
13/05/22 13:19:46 INFO mapred.JobClient:     HDFS_BYTES_READ=296
13/05/22 13:19:46 INFO mapred.JobClient:     FILE_BYTES_WRITTEN=121062
13/05/22 13:19:46 INFO mapred.JobClient:     HDFS_BYTES_WRITTEN=121
13/05/22 13:19:46 INFO mapred.JobClient:   Map-Reduce Framework
13/05/22 13:19:46 INFO mapred.JobClient:     Map input records=0
13/05/22 13:19:46 INFO mapred.JobClient:     Reduce shuffle bytes=16
13/05/22 13:19:46 INFO mapred.JobClient:     Spilled Records=0
13/05/22 13:19:46 INFO mapred.JobClient:     Map output bytes=0
13/05/22 13:19:46 INFO mapred.JobClient:     CPU time spent (ms)=5650
13/05/22 13:19:46 INFO mapred.JobClient:     Total committed heap usage (bytes)=2027421696
13/05/22 13:19:46 INFO mapred.JobClient:     Combine input records=0
13/05/22 13:19:46 INFO mapred.JobClient:     SPLIT_RAW_BYTES=175
13/05/22 13:19:46 INFO mapred.JobClient:     Reduce input records=0
13/05/22 13:19:46 INFO mapred.JobClient:     Reduce input groups=0
13/05/22 13:19:46 INFO mapred.JobClient:     Combine output records=0
13/05/22 13:19:46 INFO mapred.JobClient:     Physical memory (bytes) snapshot=483065856
13/05/22 13:19:46 INFO mapred.JobClient:     Reduce output records=0
13/05/22 13:19:46 INFO mapred.JobClient:     Virtual memory (bytes) snapshot=5401223168
13/05/22 13:19:46 INFO mapred.JobClient:     Map output records=0
13/05/22 13:19:47 INFO driver.MahoutDriver: Program took 594635 ms
