nohup: ignoring input
Running on hadoop, using HADOOP_HOME=/usr/lib/hadoop
HADOOP_CONF_DIR=/home/s117449/hadoop-conf
MAHOUT-JOB: /usr/lib/mahout/mahout-examples-0.5-cdh3u6-job.jar
13/05/22 13:10:07 WARN mapred.JobClient: Use GenericOptionsParser for parsing the arguments. Applications should implement Tool for the same.
13/05/22 13:10:10 INFO hdfs.DFSClient: Created HDFS_DELEGATION_TOKEN token 183512 for s117449 on 145.100.41.4:8020
13/05/22 13:10:10 INFO security.TokenCache: Got dt for hdfs://p-head03.alley.sara.nl:8020/tmp/hadoop-mapred/mapred/staging/s117449/.staging/job_201305151711_4004;uri=145.100.41.4:8020;t.service=145.100.41.4:8020
13/05/22 13:10:10 INFO input.FileInputFormat: Total input paths to process : 1
13/05/22 13:10:11 WARN snappy.LoadSnappy: Snappy native library is available
13/05/22 13:10:11 INFO util.NativeCodeLoader: Loaded the native-hadoop library
13/05/22 13:10:11 INFO snappy.LoadSnappy: Snappy native library loaded
13/05/22 13:10:12 INFO mapred.JobClient: Running job: job_201305151711_4004
13/05/22 13:10:13 INFO mapred.JobClient:  map 0% reduce 0%
13/05/22 13:11:01 INFO mapred.JobClient:  map 1% reduce 0%
13/05/22 13:11:09 INFO mapred.JobClient:  map 2% reduce 0%
13/05/22 13:11:13 INFO mapred.JobClient:  map 3% reduce 0%
13/05/22 13:11:17 INFO mapred.JobClient:  map 4% reduce 0%
13/05/22 13:11:21 INFO mapred.JobClient:  map 5% reduce 0%
13/05/22 13:11:25 INFO mapred.JobClient:  map 6% reduce 0%
13/05/22 13:11:29 INFO mapred.JobClient:  map 7% reduce 0%
13/05/22 13:11:31 INFO mapred.JobClient:  map 8% reduce 0%
13/05/22 13:11:35 INFO mapred.JobClient:  map 9% reduce 0%
13/05/22 13:11:37 INFO mapred.JobClient:  map 10% reduce 0%
13/05/22 13:11:40 INFO mapred.JobClient:  map 11% reduce 0%
13/05/22 13:11:44 INFO mapred.JobClient:  map 12% reduce 0%
13/05/22 13:11:47 INFO mapred.JobClient:  map 13% reduce 0%
13/05/22 13:11:48 INFO mapred.JobClient:  map 14% reduce 0%
13/05/22 13:11:52 INFO mapred.JobClient:  map 15% reduce 0%
13/05/22 13:11:55 INFO mapred.JobClient:  map 16% reduce 0%
13/05/22 13:11:57 INFO mapred.JobClient:  map 17% reduce 0%
13/05/22 13:11:58 INFO mapred.JobClient:  map 18% reduce 0%
13/05/22 13:12:00 INFO mapred.JobClient:  map 19% reduce 0%
13/05/22 13:12:03 INFO mapred.JobClient:  map 20% reduce 0%
13/05/22 13:12:05 INFO mapred.JobClient:  map 21% reduce 0%
13/05/22 13:12:06 INFO mapred.JobClient:  map 22% reduce 0%
13/05/22 13:12:08 INFO mapred.JobClient:  map 23% reduce 0%
13/05/22 13:12:10 INFO mapred.JobClient:  map 24% reduce 0%
13/05/22 13:12:13 INFO mapred.JobClient:  map 25% reduce 0%
13/05/22 13:12:14 INFO mapred.JobClient:  map 26% reduce 0%
13/05/22 13:12:16 INFO mapred.JobClient:  map 27% reduce 0%
13/05/22 13:12:17 INFO mapred.JobClient:  map 28% reduce 0%
13/05/22 13:12:19 INFO mapred.JobClient:  map 29% reduce 0%
13/05/22 13:12:20 INFO mapred.JobClient:  map 30% reduce 0%
13/05/22 13:12:23 INFO mapred.JobClient:  map 32% reduce 0%
13/05/22 13:12:25 INFO mapred.JobClient:  map 33% reduce 0%
13/05/22 13:12:27 INFO mapred.JobClient:  map 34% reduce 0%
13/05/22 13:12:28 INFO mapred.JobClient:  map 35% reduce 0%
13/05/22 13:12:30 INFO mapred.JobClient:  map 36% reduce 0%
13/05/22 13:12:32 INFO mapred.JobClient:  map 38% reduce 0%
13/05/22 13:12:35 INFO mapred.JobClient:  map 39% reduce 0%
13/05/22 13:12:36 INFO mapred.JobClient:  map 40% reduce 0%
13/05/22 13:12:38 INFO mapred.JobClient:  map 41% reduce 0%
13/05/22 13:12:40 INFO mapred.JobClient:  map 42% reduce 0%
13/05/22 13:12:43 INFO mapred.JobClient:  map 43% reduce 0%
13/05/22 13:12:45 INFO mapred.JobClient:  map 44% reduce 0%
13/05/22 13:12:46 INFO mapred.JobClient:  map 45% reduce 0%
13/05/22 13:12:48 INFO mapred.JobClient:  map 46% reduce 0%
13/05/22 13:12:49 INFO mapred.JobClient:  map 47% reduce 0%
13/05/22 13:12:50 INFO mapred.JobClient:  map 48% reduce 0%
13/05/22 13:12:51 INFO mapred.JobClient:  map 49% reduce 0%
13/05/22 13:12:53 INFO mapred.JobClient:  map 50% reduce 0%
13/05/22 13:12:54 INFO mapred.JobClient:  map 51% reduce 0%
13/05/22 13:12:55 INFO mapred.JobClient:  map 52% reduce 0%
13/05/22 13:12:57 INFO mapred.JobClient:  map 53% reduce 0%
13/05/22 13:12:58 INFO mapred.JobClient:  map 54% reduce 0%
13/05/22 13:13:00 INFO mapred.JobClient:  map 55% reduce 0%
13/05/22 13:13:01 INFO mapred.JobClient:  map 56% reduce 0%
13/05/22 13:13:03 INFO mapred.JobClient:  map 57% reduce 0%
13/05/22 13:13:04 INFO mapred.JobClient:  map 58% reduce 0%
13/05/22 13:13:06 INFO mapred.JobClient:  map 59% reduce 0%
13/05/22 13:13:07 INFO mapred.JobClient:  map 60% reduce 0%
13/05/22 13:13:09 INFO mapred.JobClient:  map 61% reduce 0%
13/05/22 13:13:10 INFO mapred.JobClient:  map 62% reduce 0%
13/05/22 13:13:12 INFO mapred.JobClient:  map 63% reduce 0%
13/05/22 13:13:13 INFO mapred.JobClient:  map 64% reduce 0%
13/05/22 13:13:15 INFO mapred.JobClient:  map 65% reduce 0%
13/05/22 13:13:17 INFO mapred.JobClient:  map 66% reduce 0%
13/05/22 13:13:20 INFO mapred.JobClient:  map 67% reduce 0%
13/05/22 13:13:21 INFO mapred.JobClient:  map 68% reduce 0%
13/05/22 13:13:23 INFO mapred.JobClient:  map 69% reduce 0%
13/05/22 13:13:25 INFO mapred.JobClient:  map 70% reduce 0%
13/05/22 13:13:27 INFO mapred.JobClient:  map 71% reduce 0%
13/05/22 13:13:28 INFO mapred.JobClient:  map 72% reduce 0%
13/05/22 13:13:30 INFO mapred.JobClient:  map 73% reduce 0%
13/05/22 13:13:32 INFO mapred.JobClient:  map 74% reduce 0%
13/05/22 13:13:33 INFO mapred.JobClient:  map 75% reduce 0%
13/05/22 13:13:36 INFO mapred.JobClient:  map 76% reduce 0%
13/05/22 13:13:37 INFO mapred.JobClient:  map 77% reduce 0%
13/05/22 13:13:38 INFO mapred.JobClient:  map 78% reduce 0%
13/05/22 13:13:40 INFO mapred.JobClient:  map 79% reduce 0%
13/05/22 13:13:43 INFO mapred.JobClient:  map 80% reduce 0%
13/05/22 13:13:45 INFO mapred.JobClient:  map 81% reduce 0%
13/05/22 13:13:46 INFO mapred.JobClient:  map 82% reduce 0%
13/05/22 13:13:48 INFO mapred.JobClient:  map 83% reduce 0%
13/05/22 13:13:51 INFO mapred.JobClient:  map 85% reduce 0%
13/05/22 13:13:53 INFO mapred.JobClient:  map 86% reduce 0%
13/05/22 13:13:54 INFO mapred.JobClient:  map 87% reduce 0%
13/05/22 13:13:57 INFO mapred.JobClient:  map 88% reduce 0%
13/05/22 13:14:00 INFO mapred.JobClient:  map 89% reduce 0%
13/05/22 13:14:02 INFO mapred.JobClient:  map 90% reduce 0%
13/05/22 13:14:04 INFO mapred.JobClient:  map 91% reduce 0%
13/05/22 13:14:06 INFO mapred.JobClient:  map 92% reduce 0%
13/05/22 13:14:09 INFO mapred.JobClient:  map 93% reduce 0%
13/05/22 13:14:13 INFO mapred.JobClient:  map 94% reduce 0%
13/05/22 13:14:15 INFO mapred.JobClient:  map 95% reduce 0%
13/05/22 13:14:20 INFO mapred.JobClient:  map 96% reduce 0%
13/05/22 13:14:26 INFO mapred.JobClient:  map 97% reduce 0%
13/05/22 13:14:36 INFO mapred.JobClient:  map 98% reduce 0%
13/05/22 13:14:42 INFO mapred.JobClient:  map 99% reduce 0%
13/05/22 13:15:03 INFO mapred.JobClient:  map 100% reduce 0%
13/05/22 13:15:05 INFO mapred.JobClient:  map 100% reduce 4%
13/05/22 13:15:08 INFO mapred.JobClient:  map 100% reduce 33%
13/05/22 13:15:20 INFO mapred.JobClient:  map 100% reduce 66%
13/05/22 13:15:23 INFO mapred.JobClient:  map 100% reduce 67%
13/05/22 13:15:29 INFO mapred.JobClient:  map 100% reduce 68%
13/05/22 13:15:44 INFO mapred.JobClient:  map 100% reduce 69%
13/05/22 13:15:52 INFO mapred.JobClient:  map 100% reduce 70%
13/05/22 13:15:59 INFO mapred.JobClient:  map 100% reduce 71%
13/05/22 13:16:29 INFO mapred.JobClient:  map 100% reduce 72%
13/05/22 13:16:44 INFO mapred.JobClient:  map 100% reduce 73%
13/05/22 13:16:50 INFO mapred.JobClient:  map 100% reduce 74%
13/05/22 13:16:55 INFO mapred.JobClient:  map 100% reduce 100%
13/05/22 13:16:57 INFO mapred.JobClient: Job complete: job_201305151711_4004
13/05/22 13:16:57 INFO mapred.JobClient: Counters: 27
13/05/22 13:16:57 INFO mapred.JobClient:   Job Counters 
13/05/22 13:16:57 INFO mapred.JobClient:     Launched reduce tasks=1
13/05/22 13:16:57 INFO mapred.JobClient:     SLOTS_MILLIS_MAPS=3368278
13/05/22 13:16:57 INFO mapred.JobClient:     Total time spent by all reduces waiting after reserving slots (ms)=0
13/05/22 13:16:57 INFO mapred.JobClient:     Total time spent by all maps waiting after reserving slots (ms)=0
13/05/22 13:16:57 INFO mapred.JobClient:     Rack-local map tasks=14
13/05/22 13:16:57 INFO mapred.JobClient:     Launched map tasks=18
13/05/22 13:16:57 INFO mapred.JobClient:     Data-local map tasks=2
13/05/22 13:16:57 INFO mapred.JobClient:     SLOTS_MILLIS_REDUCES=119837
13/05/22 13:16:57 INFO mapred.JobClient:   FileSystemCounters
13/05/22 13:16:57 INFO mapred.JobClient:     FILE_BYTES_READ=333248039
13/05/22 13:16:57 INFO mapred.JobClient:     HDFS_BYTES_READ=1949036507
13/05/22 13:16:57 INFO mapred.JobClient:     FILE_BYTES_WRITTEN=434189174
13/05/22 13:16:57 INFO mapred.JobClient:     HDFS_BYTES_WRITTEN=493748781
13/05/22 13:16:57 INFO mapred.JobClient:   Map-Reduce Framework
13/05/22 13:16:57 INFO mapred.JobClient:     Map input records=20000000
13/05/22 13:16:57 INFO mapred.JobClient:     Reduce shuffle bytes=99973432
13/05/22 13:16:57 INFO mapred.JobClient:     Spilled Records=87456508
13/05/22 13:16:57 INFO mapred.JobClient:     Map output bytes=5615845422
13/05/22 13:16:57 INFO mapred.JobClient:     CPU time spent (ms)=2673510
13/05/22 13:16:57 INFO mapred.JobClient:     Total committed heap usage (bytes)=21878603776
13/05/22 13:16:57 INFO mapred.JobClient:     Combine input records=480270044
13/05/22 13:16:57 INFO mapred.JobClient:     SPLIT_RAW_BYTES=2175
13/05/22 13:16:57 INFO mapred.JobClient:     Reduce input records=20013539
13/05/22 13:16:57 INFO mapred.JobClient:     Reduce input groups=20000001
13/05/22 13:16:57 INFO mapred.JobClient:     Combine output records=41702819
13/05/22 13:16:57 INFO mapred.JobClient:     Physical memory (bytes) snapshot=14295891968
13/05/22 13:16:57 INFO mapred.JobClient:     Reduce output records=20000001
13/05/22 13:16:57 INFO mapred.JobClient:     Virtual memory (bytes) snapshot=42962268160
13/05/22 13:16:57 INFO mapred.JobClient:     Map output records=458580764
13/05/22 13:17:27 INFO pfpgrowth.PFPGrowth: No of Features: 95
13/05/22 13:17:27 WARN mapred.JobClient: Use GenericOptionsParser for parsing the arguments. Applications should implement Tool for the same.
13/05/22 13:17:27 INFO hdfs.DFSClient: Created HDFS_DELEGATION_TOKEN token 183516 for s117449 on 145.100.41.4:8020
13/05/22 13:17:27 INFO security.TokenCache: Got dt for hdfs://p-head03.alley.sara.nl:8020/tmp/hadoop-mapred/mapred/staging/s117449/.staging/job_201305151711_4008;uri=145.100.41.4:8020;t.service=145.100.41.4:8020
13/05/22 13:17:27 INFO input.FileInputFormat: Total input paths to process : 1
13/05/22 13:17:32 INFO mapred.JobClient: Running job: job_201305151711_4008
13/05/22 13:17:33 INFO mapred.JobClient:  map 0% reduce 0%
13/05/22 13:18:07 INFO mapred.JobClient:  map 1% reduce 0%
13/05/22 13:18:09 INFO mapred.JobClient:  map 3% reduce 0%
13/05/22 13:18:11 INFO mapred.JobClient:  map 4% reduce 0%
13/05/22 13:18:13 INFO mapred.JobClient:  map 5% reduce 0%
13/05/22 13:18:14 INFO mapred.JobClient:  map 6% reduce 0%
13/05/22 13:18:15 INFO mapred.JobClient:  map 7% reduce 0%
13/05/22 13:18:17 INFO mapred.JobClient:  map 8% reduce 0%
13/05/22 13:18:18 INFO mapred.JobClient:  map 9% reduce 0%
13/05/22 13:18:20 INFO mapred.JobClient:  map 11% reduce 0%
13/05/22 13:18:21 INFO mapred.JobClient:  map 12% reduce 0%
13/05/22 13:18:23 INFO mapred.JobClient:  map 13% reduce 0%
13/05/22 13:18:25 INFO mapred.JobClient:  map 14% reduce 0%
13/05/22 13:18:28 INFO mapred.JobClient:  map 16% reduce 0%
13/05/22 13:18:29 INFO mapred.JobClient:  map 19% reduce 0%
13/05/22 13:18:32 INFO mapred.JobClient:  map 21% reduce 0%
13/05/22 13:18:33 INFO mapred.JobClient:  map 22% reduce 0%
13/05/22 13:18:36 INFO mapred.JobClient:  map 23% reduce 0%
13/05/22 13:18:38 INFO mapred.JobClient:  map 24% reduce 0%
13/05/22 13:18:41 INFO mapred.JobClient:  map 26% reduce 0%
13/05/22 13:18:42 INFO mapred.JobClient:  map 28% reduce 0%
13/05/22 13:18:43 INFO mapred.JobClient:  map 29% reduce 0%
13/05/22 13:18:44 INFO mapred.JobClient:  map 30% reduce 0%
13/05/22 13:18:45 INFO mapred.JobClient:  map 31% reduce 0%
13/05/22 13:18:49 INFO mapred.JobClient:  map 33% reduce 0%
13/05/22 13:18:52 INFO mapred.JobClient:  map 34% reduce 0%
13/05/22 13:18:53 INFO mapred.JobClient:  map 39% reduce 0%
13/05/22 13:18:54 INFO mapred.JobClient:  map 41% reduce 0%
13/05/22 13:18:55 INFO mapred.JobClient:  map 43% reduce 0%
13/05/22 13:18:56 INFO mapred.JobClient:  map 46% reduce 0%
13/05/22 13:18:58 INFO mapred.JobClient:  map 48% reduce 0%
13/05/22 13:18:59 INFO mapred.JobClient:  map 51% reduce 0%
13/05/22 13:19:01 INFO mapred.JobClient:  map 52% reduce 0%
13/05/22 13:19:02 INFO mapred.JobClient:  map 53% reduce 0%
13/05/22 13:19:03 INFO mapred.JobClient:  map 55% reduce 0%
13/05/22 13:19:04 INFO mapred.JobClient:  map 56% reduce 0%
13/05/22 13:19:05 INFO mapred.JobClient:  map 57% reduce 0%
13/05/22 13:19:06 INFO mapred.JobClient:  map 58% reduce 0%
13/05/22 13:19:07 INFO mapred.JobClient:  map 59% reduce 0%
13/05/22 13:19:08 INFO mapred.JobClient:  map 60% reduce 0%
13/05/22 13:19:10 INFO mapred.JobClient:  map 61% reduce 0%
13/05/22 13:19:12 INFO mapred.JobClient:  map 62% reduce 0%
13/05/22 13:19:13 INFO mapred.JobClient:  map 63% reduce 0%
13/05/22 13:19:14 INFO mapred.JobClient:  map 65% reduce 0%
13/05/22 13:19:15 INFO mapred.JobClient:  map 67% reduce 0%
13/05/22 13:19:16 INFO mapred.JobClient:  map 70% reduce 0%
13/05/22 13:19:17 INFO mapred.JobClient:  map 73% reduce 0%
13/05/22 13:19:18 INFO mapred.JobClient:  map 75% reduce 0%
13/05/22 13:19:19 INFO mapred.JobClient:  map 77% reduce 0%
13/05/22 13:19:20 INFO mapred.JobClient:  map 80% reduce 0%
13/05/22 13:19:21 INFO mapred.JobClient:  map 81% reduce 0%
13/05/22 13:19:22 INFO mapred.JobClient:  map 83% reduce 0%
13/05/22 13:19:25 INFO mapred.JobClient:  map 86% reduce 0%
13/05/22 13:19:26 INFO mapred.JobClient:  map 88% reduce 0%
13/05/22 13:19:27 INFO mapred.JobClient:  map 89% reduce 0%
13/05/22 13:19:28 INFO mapred.JobClient:  map 90% reduce 0%
13/05/22 13:19:29 INFO mapred.JobClient:  map 91% reduce 0%
13/05/22 13:19:30 INFO mapred.JobClient:  map 94% reduce 0%
13/05/22 13:19:31 INFO mapred.JobClient:  map 95% reduce 0%
13/05/22 13:19:33 INFO mapred.JobClient:  map 97% reduce 0%
13/05/22 13:19:36 INFO mapred.JobClient:  map 99% reduce 0%
13/05/22 13:19:39 INFO mapred.JobClient:  map 100% reduce 0%
13/05/22 13:19:46 INFO mapred.JobClient:  map 100% reduce 20%
13/05/22 13:19:49 INFO mapred.JobClient:  map 100% reduce 33%
13/05/22 13:20:01 INFO mapred.JobClient:  map 100% reduce 67%
13/05/22 13:20:04 INFO mapred.JobClient:  map 100% reduce 68%
13/05/22 13:20:08 INFO mapred.JobClient:  map 100% reduce 69%
13/05/22 13:20:11 INFO mapred.JobClient:  map 100% reduce 70%
13/05/22 13:20:14 INFO mapred.JobClient:  map 100% reduce 71%
13/05/22 13:20:17 INFO mapred.JobClient:  map 100% reduce 73%
13/05/22 13:20:20 INFO mapred.JobClient:  map 100% reduce 74%
13/05/22 13:20:23 INFO mapred.JobClient:  map 100% reduce 75%
13/05/22 13:20:26 INFO mapred.JobClient:  map 100% reduce 77%
13/05/22 13:20:32 INFO mapred.JobClient:  map 100% reduce 78%
13/05/22 13:20:35 INFO mapred.JobClient:  map 100% reduce 80%
13/05/22 13:20:39 INFO mapred.JobClient:  map 100% reduce 100%
13/05/22 13:20:40 INFO mapred.JobClient: Job complete: job_201305151711_4008
13/05/22 13:20:40 INFO mapred.JobClient: Counters: 27
13/05/22 13:20:40 INFO mapred.JobClient:   Job Counters 
13/05/22 13:20:40 INFO mapred.JobClient:     Launched reduce tasks=1
13/05/22 13:20:40 INFO mapred.JobClient:     SLOTS_MILLIS_MAPS=1327183
13/05/22 13:20:40 INFO mapred.JobClient:     Total time spent by all reduces waiting after reserving slots (ms)=0
13/05/22 13:20:40 INFO mapred.JobClient:     Total time spent by all maps waiting after reserving slots (ms)=0
13/05/22 13:20:40 INFO mapred.JobClient:     Rack-local map tasks=17
13/05/22 13:20:40 INFO mapred.JobClient:     Launched map tasks=24
13/05/22 13:20:40 INFO mapred.JobClient:     Data-local map tasks=3
13/05/22 13:20:40 INFO mapred.JobClient:     SLOTS_MILLIS_REDUCES=60168
13/05/22 13:20:40 INFO mapred.JobClient:   FileSystemCounters
13/05/22 13:20:40 INFO mapred.JobClient:     FILE_BYTES_READ=363426548
13/05/22 13:20:40 INFO mapred.JobClient:     HDFS_BYTES_READ=1949036507
13/05/22 13:20:40 INFO mapred.JobClient:     FILE_BYTES_WRITTEN=545519070
13/05/22 13:20:40 INFO mapred.JobClient:     HDFS_BYTES_WRITTEN=539965881
13/05/22 13:20:40 INFO mapred.JobClient:   Map-Reduce Framework
13/05/22 13:20:40 INFO mapred.JobClient:     Map input records=20000000
13/05/22 13:20:40 INFO mapred.JobClient:     Reduce shuffle bytes=181044719
13/05/22 13:20:40 INFO mapred.JobClient:     Spilled Records=59890359
13/05/22 13:20:40 INFO mapred.JobClient:     Map output bytes=374946189
13/05/22 13:20:40 INFO mapred.JobClient:     CPU time spent (ms)=1044880
13/05/22 13:20:40 INFO mapred.JobClient:     Total committed heap usage (bytes)=22882222080
13/05/22 13:20:40 INFO mapred.JobClient:     Combine input records=0
13/05/22 13:20:40 INFO mapred.JobClient:     SPLIT_RAW_BYTES=2175
13/05/22 13:20:40 INFO mapred.JobClient:     Reduce input records=19963453
13/05/22 13:20:40 INFO mapred.JobClient:     Reduce input groups=95
13/05/22 13:20:40 INFO mapred.JobClient:     Combine output records=0
13/05/22 13:20:40 INFO mapred.JobClient:     Physical memory (bytes) snapshot=14311956480
13/05/22 13:20:40 INFO mapred.JobClient:     Reduce output records=19963453
13/05/22 13:20:40 INFO mapred.JobClient:     Virtual memory (bytes) snapshot=42962980864
13/05/22 13:20:40 INFO mapred.JobClient:     Map output records=19963453
13/05/22 13:20:40 WARN mapred.JobClient: Use GenericOptionsParser for parsing the arguments. Applications should implement Tool for the same.
13/05/22 13:20:40 INFO hdfs.DFSClient: Created HDFS_DELEGATION_TOKEN token 183526 for s117449 on 145.100.41.4:8020
13/05/22 13:20:40 INFO security.TokenCache: Got dt for hdfs://p-head03.alley.sara.nl:8020/tmp/hadoop-mapred/mapred/staging/s117449/.staging/job_201305151711_4018;uri=145.100.41.4:8020;t.service=145.100.41.4:8020
13/05/22 13:20:40 INFO input.FileInputFormat: Total input paths to process : 1
13/05/22 13:20:41 INFO mapred.JobClient: Running job: job_201305151711_4018
13/05/22 13:20:42 INFO mapred.JobClient:  map 0% reduce 0%
13/05/22 13:21:10 INFO mapred.JobClient:  map 1% reduce 0%
13/05/22 13:21:16 INFO mapred.JobClient:  map 2% reduce 0%
13/05/22 13:21:19 INFO mapred.JobClient:  map 3% reduce 0%
13/05/22 13:21:23 INFO mapred.JobClient:  map 4% reduce 0%
13/05/22 13:21:26 INFO mapred.JobClient:  map 5% reduce 0%
13/05/22 13:21:28 INFO mapred.JobClient:  map 6% reduce 0%
13/05/22 13:21:32 INFO mapred.JobClient:  map 7% reduce 0%
13/05/22 13:21:35 INFO mapred.JobClient:  map 8% reduce 0%
13/05/22 13:21:37 INFO mapred.JobClient:  map 10% reduce 0%
13/05/22 13:21:41 INFO mapred.JobClient:  map 11% reduce 0%
13/05/22 13:21:45 INFO mapred.JobClient:  map 12% reduce 0%
13/05/22 13:21:48 INFO mapred.JobClient:  map 13% reduce 0%
13/05/22 13:21:50 INFO mapred.JobClient:  map 14% reduce 0%
13/05/22 13:21:53 INFO mapred.JobClient:  map 16% reduce 0%
13/05/22 13:21:57 INFO mapred.JobClient:  map 17% reduce 0%
13/05/22 13:22:00 INFO mapred.JobClient:  map 18% reduce 0%
13/05/22 13:22:02 INFO mapred.JobClient:  map 19% reduce 0%
13/05/22 13:22:05 INFO mapred.JobClient:  map 20% reduce 0%
13/05/22 13:22:07 INFO mapred.JobClient:  map 21% reduce 0%
13/05/22 13:22:08 INFO mapred.JobClient:  map 22% reduce 0%
13/05/22 13:22:12 INFO mapred.JobClient:  map 23% reduce 0%
13/05/22 13:22:14 INFO mapred.JobClient:  map 24% reduce 0%
13/05/22 13:22:17 INFO mapred.JobClient:  map 26% reduce 0%
13/05/22 13:22:21 INFO mapred.JobClient:  map 27% reduce 0%
13/05/22 13:22:22 INFO mapred.JobClient:  map 28% reduce 0%
13/05/22 13:22:26 INFO mapred.JobClient:  map 29% reduce 0%
13/05/22 13:22:29 INFO mapred.JobClient:  map 30% reduce 0%
13/05/22 13:22:31 INFO mapred.JobClient:  map 31% reduce 0%
13/05/22 13:22:32 INFO mapred.JobClient:  map 32% reduce 0%
13/05/22 13:22:36 INFO mapred.JobClient:  map 33% reduce 0%
13/05/22 13:22:38 INFO mapred.JobClient:  map 34% reduce 0%
13/05/22 13:22:41 INFO mapred.JobClient:  map 35% reduce 0%
13/05/22 13:22:44 INFO mapred.JobClient:  map 36% reduce 0%
13/05/22 13:22:47 INFO mapred.JobClient:  map 37% reduce 0%
13/05/22 13:22:51 INFO mapred.JobClient:  map 38% reduce 0%
13/05/22 13:22:56 INFO mapred.JobClient:  map 39% reduce 0%
13/05/22 13:23:02 INFO mapred.JobClient:  map 40% reduce 0%
13/05/22 13:23:06 INFO mapred.JobClient:  map 41% reduce 0%
13/05/22 13:23:11 INFO mapred.JobClient:  map 42% reduce 0%
13/05/22 13:23:12 INFO mapred.JobClient:  map 43% reduce 0%
13/05/22 13:23:15 INFO mapred.JobClient:  map 44% reduce 0%
13/05/22 13:23:21 INFO mapred.JobClient:  map 45% reduce 0%
13/05/22 13:23:24 INFO mapred.JobClient:  map 46% reduce 0%
13/05/22 13:23:28 INFO mapred.JobClient:  map 47% reduce 0%
13/05/22 13:23:30 INFO mapred.JobClient:  map 48% reduce 0%
13/05/22 13:23:32 INFO mapred.JobClient:  map 49% reduce 0%
13/05/22 13:23:34 INFO mapred.JobClient:  map 50% reduce 0%
13/05/22 13:23:37 INFO mapred.JobClient:  map 51% reduce 0%
13/05/22 13:23:40 INFO mapred.JobClient:  map 52% reduce 0%
13/05/22 13:23:43 INFO mapred.JobClient:  map 53% reduce 0%
13/05/22 13:23:46 INFO mapred.JobClient:  map 54% reduce 0%
13/05/22 13:23:49 INFO mapred.JobClient:  map 55% reduce 0%
13/05/22 13:23:52 INFO mapred.JobClient:  map 56% reduce 0%
13/05/22 13:23:53 INFO mapred.JobClient:  map 57% reduce 0%
13/05/22 13:23:56 INFO mapred.JobClient:  map 58% reduce 0%
13/05/22 13:23:58 INFO mapred.JobClient:  map 59% reduce 0%
13/05/22 13:24:01 INFO mapred.JobClient:  map 60% reduce 0%
13/05/22 13:24:04 INFO mapred.JobClient:  map 61% reduce 0%
13/05/22 13:24:07 INFO mapred.JobClient:  map 62% reduce 0%
13/05/22 13:24:10 INFO mapred.JobClient:  map 63% reduce 0%
13/05/22 13:24:11 INFO mapred.JobClient:  map 64% reduce 0%
13/05/22 13:24:14 INFO mapred.JobClient:  map 65% reduce 0%
13/05/22 13:24:17 INFO mapred.JobClient:  map 66% reduce 0%
13/05/22 13:24:20 INFO mapred.JobClient:  map 67% reduce 0%
13/05/22 13:24:24 INFO mapred.JobClient:  map 68% reduce 0%
13/05/22 13:24:27 INFO mapred.JobClient:  map 69% reduce 0%
13/05/22 13:24:30 INFO mapred.JobClient:  map 70% reduce 0%
13/05/22 13:24:33 INFO mapred.JobClient:  map 71% reduce 0%
13/05/22 13:24:36 INFO mapred.JobClient:  map 72% reduce 0%
13/05/22 13:24:40 INFO mapred.JobClient:  map 73% reduce 0%
13/05/22 13:24:41 INFO mapred.JobClient:  map 74% reduce 0%
13/05/22 13:24:43 INFO mapred.JobClient:  map 75% reduce 0%
13/05/22 13:24:44 INFO mapred.JobClient:  map 76% reduce 0%
13/05/22 13:24:46 INFO mapred.JobClient:  map 77% reduce 0%
13/05/22 13:24:50 INFO mapred.JobClient:  map 78% reduce 0%
13/05/22 13:24:52 INFO mapred.JobClient:  map 79% reduce 0%
13/05/22 13:24:53 INFO mapred.JobClient:  map 80% reduce 0%
13/05/22 13:24:57 INFO mapred.JobClient:  map 81% reduce 0%
13/05/22 13:25:01 INFO mapred.JobClient:  map 82% reduce 0%
13/05/22 13:25:03 INFO mapred.JobClient:  map 83% reduce 0%
13/05/22 13:25:06 INFO mapred.JobClient:  map 84% reduce 0%
13/05/22 13:25:07 INFO mapred.JobClient:  map 85% reduce 0%
13/05/22 13:25:09 INFO mapred.JobClient:  map 86% reduce 0%
13/05/22 13:25:12 INFO mapred.JobClient:  map 87% reduce 0%
13/05/22 13:25:14 INFO mapred.JobClient:  map 88% reduce 0%
13/05/22 13:25:17 INFO mapred.JobClient:  map 89% reduce 0%
13/05/22 13:25:18 INFO mapred.JobClient:  map 90% reduce 0%
13/05/22 13:25:21 INFO mapred.JobClient:  map 91% reduce 0%
13/05/22 13:25:24 INFO mapred.JobClient:  map 92% reduce 0%
13/05/22 13:25:27 INFO mapred.JobClient:  map 93% reduce 0%
13/05/22 13:25:30 INFO mapred.JobClient:  map 94% reduce 0%
13/05/22 13:25:33 INFO mapred.JobClient:  map 95% reduce 0%
13/05/22 13:25:43 INFO mapred.JobClient:  map 96% reduce 0%
13/05/22 13:25:49 INFO mapred.JobClient:  map 97% reduce 0%
13/05/22 13:25:55 INFO mapred.JobClient:  map 98% reduce 0%
13/05/22 13:26:00 INFO mapred.JobClient:  map 99% reduce 0%
13/05/22 13:26:05 INFO mapred.JobClient:  map 100% reduce 0%
13/05/22 13:28:14 INFO mapred.JobClient:  map 100% reduce 33%
13/05/22 13:28:21 INFO mapred.JobClient:  map 100% reduce 66%
13/05/22 13:28:29 INFO mapred.JobClient:  map 100% reduce 67%
13/05/22 13:28:48 INFO mapred.JobClient:  map 100% reduce 68%
13/05/22 13:29:00 INFO mapred.JobClient:  map 100% reduce 69%
13/05/22 13:29:08 INFO mapred.JobClient:  map 100% reduce 70%
13/05/22 13:29:18 INFO mapred.JobClient:  map 100% reduce 71%
13/05/22 13:29:49 INFO mapred.JobClient:  map 100% reduce 72%
13/05/22 13:29:55 INFO mapred.JobClient:  map 100% reduce 73%
13/05/22 13:30:01 INFO mapred.JobClient:  map 100% reduce 74%
13/05/22 13:30:13 INFO mapred.JobClient:  map 100% reduce 75%
13/05/22 13:30:36 INFO mapred.JobClient:  map 100% reduce 76%
13/05/22 13:30:45 INFO mapred.JobClient:  map 100% reduce 77%
13/05/22 13:31:00 INFO mapred.JobClient:  map 100% reduce 78%
13/05/22 13:31:27 INFO mapred.JobClient:  map 100% reduce 79%
13/05/22 13:31:41 INFO mapred.JobClient:  map 100% reduce 80%
13/05/22 13:31:53 INFO mapred.JobClient:  map 100% reduce 81%
13/05/22 13:32:07 INFO mapred.JobClient:  map 100% reduce 82%
13/05/22 13:32:28 INFO mapred.JobClient:  map 100% reduce 83%
13/05/22 13:32:42 INFO mapred.JobClient:  map 100% reduce 84%
13/05/22 13:32:51 INFO mapred.JobClient:  map 100% reduce 85%
13/05/22 13:33:02 INFO mapred.JobClient:  map 100% reduce 86%
13/05/22 13:33:11 INFO mapred.JobClient:  map 100% reduce 87%
13/05/22 13:33:22 INFO mapred.JobClient:  map 100% reduce 88%
13/05/22 13:33:31 INFO mapred.JobClient:  map 100% reduce 89%
13/05/22 13:33:40 INFO mapred.JobClient:  map 100% reduce 90%
13/05/22 13:33:53 INFO mapred.JobClient:  map 100% reduce 91%
13/05/22 13:34:04 INFO mapred.JobClient:  map 100% reduce 100%
13/05/22 13:34:05 INFO mapred.JobClient: Job complete: job_201305151711_4018
13/05/22 13:34:06 INFO mapred.JobClient: Counters: 27
13/05/22 13:34:06 INFO mapred.JobClient:   Job Counters 
13/05/22 13:34:06 INFO mapred.JobClient:     Launched reduce tasks=1
13/05/22 13:34:06 INFO mapred.JobClient:     SLOTS_MILLIS_MAPS=1476940
13/05/22 13:34:06 INFO mapred.JobClient:     Total time spent by all reduces waiting after reserving slots (ms)=0
13/05/22 13:34:06 INFO mapred.JobClient:     Total time spent by all maps waiting after reserving slots (ms)=0
13/05/22 13:34:06 INFO mapred.JobClient:     Rack-local map tasks=1
13/05/22 13:34:06 INFO mapred.JobClient:     Launched map tasks=4
13/05/22 13:34:06 INFO mapred.JobClient:     Data-local map tasks=3
13/05/22 13:34:06 INFO mapred.JobClient:     SLOTS_MILLIS_REDUCES=365566
13/05/22 13:34:06 INFO mapred.JobClient:   FileSystemCounters
13/05/22 13:34:06 INFO mapred.JobClient:     FILE_BYTES_READ=1309242549
13/05/22 13:34:06 INFO mapred.JobClient:     HDFS_BYTES_READ=539972306
13/05/22 13:34:06 INFO mapred.JobClient:     FILE_BYTES_WRITTEN=1647925015
13/05/22 13:34:06 INFO mapred.JobClient:     HDFS_BYTES_WRITTEN=3236
13/05/22 13:34:06 INFO mapred.JobClient:   Map-Reduce Framework
13/05/22 13:34:06 INFO mapred.JobClient:     Map input records=19963453
13/05/22 13:34:06 INFO mapred.JobClient:     Reduce shuffle bytes=338339432
13/05/22 13:34:06 INFO mapred.JobClient:     Spilled Records=50231
13/05/22 13:34:06 INFO mapred.JobClient:     Map output bytes=2129833956
13/05/22 13:34:06 INFO mapred.JobClient:     CPU time spent (ms)=1873360
13/05/22 13:34:06 INFO mapred.JobClient:     Total committed heap usage (bytes)=5858525184
13/05/22 13:34:06 INFO mapred.JobClient:     Combine input records=130195594
13/05/22 13:34:06 INFO mapred.JobClient:     SPLIT_RAW_BYTES=712
13/05/22 13:34:06 INFO mapred.JobClient:     Reduce input records=185
13/05/22 13:34:06 INFO mapred.JobClient:     Reduce input groups=48
13/05/22 13:34:06 INFO mapred.JobClient:     Combine output records=22625
13/05/22 13:34:06 INFO mapred.JobClient:     Physical memory (bytes) snapshot=6709612544
13/05/22 13:34:06 INFO mapred.JobClient:     Reduce output records=95
13/05/22 13:34:06 INFO mapred.JobClient:     Virtual memory (bytes) snapshot=13453942784
13/05/22 13:34:06 INFO mapred.JobClient:     Map output records=130173154
13/05/22 13:34:06 WARN mapred.JobClient: Use GenericOptionsParser for parsing the arguments. Applications should implement Tool for the same.
13/05/22 13:34:06 INFO hdfs.DFSClient: Created HDFS_DELEGATION_TOKEN token 183533 for s117449 on 145.100.41.4:8020
13/05/22 13:34:06 INFO security.TokenCache: Got dt for hdfs://p-head03.alley.sara.nl:8020/tmp/hadoop-mapred/mapred/staging/s117449/.staging/job_201305151711_4025;uri=145.100.41.4:8020;t.service=145.100.41.4:8020
13/05/22 13:34:06 INFO input.FileInputFormat: Total input paths to process : 1
13/05/22 13:34:06 INFO mapred.JobClient: Running job: job_201305151711_4025
13/05/22 13:34:07 INFO mapred.JobClient:  map 0% reduce 0%
13/05/22 13:34:21 INFO mapred.JobClient:  map 100% reduce 0%
13/05/22 13:34:32 INFO mapred.JobClient:  map 100% reduce 100%
13/05/22 13:34:35 INFO mapred.JobClient: Job complete: job_201305151711_4025
13/05/22 13:34:35 INFO mapred.JobClient: Counters: 26
13/05/22 13:34:35 INFO mapred.JobClient:   Job Counters 
13/05/22 13:34:35 INFO mapred.JobClient:     Launched reduce tasks=1
13/05/22 13:34:35 INFO mapred.JobClient:     SLOTS_MILLIS_MAPS=10834
13/05/22 13:34:35 INFO mapred.JobClient:     Total time spent by all reduces waiting after reserving slots (ms)=0
13/05/22 13:34:35 INFO mapred.JobClient:     Total time spent by all maps waiting after reserving slots (ms)=0
13/05/22 13:34:35 INFO mapred.JobClient:     Rack-local map tasks=1
13/05/22 13:34:35 INFO mapred.JobClient:     Launched map tasks=1
13/05/22 13:34:35 INFO mapred.JobClient:     SLOTS_MILLIS_REDUCES=10361
13/05/22 13:34:35 INFO mapred.JobClient:   FileSystemCounters
13/05/22 13:34:35 INFO mapred.JobClient:     FILE_BYTES_READ=1376
13/05/22 13:34:35 INFO mapred.JobClient:     HDFS_BYTES_READ=3410
13/05/22 13:34:35 INFO mapred.JobClient:     FILE_BYTES_WRITTEN=123760
13/05/22 13:34:35 INFO mapred.JobClient:     HDFS_BYTES_WRITTEN=3236
13/05/22 13:34:35 INFO mapred.JobClient:   Map-Reduce Framework
13/05/22 13:34:35 INFO mapred.JobClient:     Map input records=95
13/05/22 13:34:35 INFO mapred.JobClient:     Reduce shuffle bytes=1372
13/05/22 13:34:35 INFO mapred.JobClient:     Spilled Records=190
13/05/22 13:34:35 INFO mapred.JobClient:     Map output bytes=2335
13/05/22 13:34:35 INFO mapred.JobClient:     CPU time spent (ms)=4770
13/05/22 13:34:35 INFO mapred.JobClient:     Total committed heap usage (bytes)=2027421696
13/05/22 13:34:35 INFO mapred.JobClient:     Combine input records=95
13/05/22 13:34:35 INFO mapred.JobClient:     SPLIT_RAW_BYTES=174
13/05/22 13:34:35 INFO mapred.JobClient:     Reduce input records=95
13/05/22 13:34:35 INFO mapred.JobClient:     Reduce input groups=95
13/05/22 13:34:35 INFO mapred.JobClient:     Combine output records=95
13/05/22 13:34:35 INFO mapred.JobClient:     Physical memory (bytes) snapshot=498049024
13/05/22 13:34:35 INFO mapred.JobClient:     Reduce output records=95
13/05/22 13:34:35 INFO mapred.JobClient:     Virtual memory (bytes) snapshot=5402275840
13/05/22 13:34:35 INFO mapred.JobClient:     Map output records=95
13/05/22 13:34:35 INFO driver.MahoutDriver: Program took 1470398 ms
