Sample=400, Mapper=100, RUN=1\n
DistributedPatternSampling (scale-sample, disc, startpagina-20120814, sample400, mapper100)
	Input paths: 
			hdfs://p-head03.alley.sara.nl:8020/user/s117449/startpagina/startpagina-20120814-parsed-1/split-0.9999/negative
	Output path: 
			hdfs://p-head03.alley.sara.nl:8020/user/s117449/startpagina/startpagina-20120814-parsed-1/split-0.9999/output/disc-sample400-mapper100-1
	Sample:	400
	Mappers: 100
	Reducers: 1
	Configurations: 
			Right dataset path: /user/s117449/startpagina/startpagina-20120814-parsed-1/split-0.9999/positive-expanded/positive-expanded-2390
			Length of lines in the right dataset: 2390
			Maiximum record length: 50
			Minimum Pattern length: 0
Job started: Thu May 30 17:37:50 CEST 2013
13/05/30 17:37:52 INFO hdfs.DFSClient: Created HDFS_DELEGATION_TOKEN token 191614 for s117449 on 145.100.41.4:8020
13/05/30 17:37:52 INFO security.TokenCache: Got dt for hdfs://p-head03.alley.sara.nl:8020/tmp/hadoop-mapred/mapred/staging/s117449/.staging/job_201305151711_11333;uri=145.100.41.4:8020;t.service=145.100.41.4:8020
13/05/30 17:37:52 WARN snappy.LoadSnappy: Snappy native library is available
13/05/30 17:37:52 INFO util.NativeCodeLoader: Loaded the native-hadoop library
13/05/30 17:37:52 INFO snappy.LoadSnappy: Snappy native library loaded
13/05/30 17:37:52 INFO mapred.FileInputFormat: Total input paths to process : 1
13/05/30 17:37:54 INFO mapred.JobClient: Running job: job_201305151711_11333
13/05/30 17:37:55 INFO mapred.JobClient:  map 0% reduce 0%
13/05/30 17:42:54 INFO mapred.JobClient:  map 1% reduce 0%
13/05/30 17:45:30 INFO mapred.JobClient:  map 2% reduce 0%
13/05/30 17:48:29 INFO mapred.JobClient:  map 3% reduce 0%
13/05/30 17:51:20 INFO mapred.JobClient:  map 4% reduce 0%
13/05/30 17:53:18 INFO mapred.JobClient:  map 5% reduce 0%
13/05/30 17:55:07 INFO mapred.JobClient:  map 6% reduce 0%
13/05/30 18:46:52 INFO mapred.JobClient:  map 7% reduce 0%
13/05/30 18:47:02 INFO mapred.JobClient:  map 8% reduce 0%
13/05/30 18:47:06 INFO mapred.JobClient:  map 9% reduce 0%
13/05/30 18:47:14 INFO mapred.JobClient:  map 10% reduce 0%
13/05/30 18:47:21 INFO mapred.JobClient:  map 11% reduce 0%
13/05/30 18:54:05 INFO mapred.JobClient:  map 12% reduce 0%
13/05/30 19:00:14 INFO mapred.JobClient:  map 13% reduce 0%
13/05/30 19:06:10 INFO mapred.JobClient:  map 14% reduce 0%
13/05/30 19:10:53 INFO mapred.JobClient:  map 15% reduce 0%
13/05/30 19:17:19 INFO mapred.JobClient:  map 16% reduce 0%
13/05/30 19:24:01 INFO mapred.JobClient:  map 17% reduce 0%
13/05/30 19:43:20 INFO mapred.JobClient:  map 18% reduce 0%
13/05/30 19:52:12 INFO mapred.JobClient:  map 19% reduce 0%
13/05/30 19:57:18 INFO mapred.JobClient:  map 20% reduce 0%
13/05/30 20:01:43 INFO mapred.JobClient:  map 21% reduce 0%
13/05/30 20:04:30 INFO mapred.JobClient:  map 22% reduce 0%
13/05/30 20:08:39 INFO mapred.JobClient:  map 23% reduce 0%
13/05/30 20:11:02 INFO mapred.JobClient:  map 24% reduce 0%
13/05/30 20:17:18 INFO mapred.JobClient:  map 25% reduce 0%
13/05/30 20:21:46 INFO mapred.JobClient:  map 26% reduce 0%
13/05/30 20:31:40 INFO mapred.JobClient:  map 27% reduce 0%
13/05/30 20:49:27 INFO mapred.JobClient:  map 28% reduce 0%
13/05/30 20:54:09 INFO mapred.JobClient:  map 29% reduce 0%
13/05/30 20:57:17 INFO mapred.JobClient:  map 30% reduce 0%
13/05/30 21:03:20 INFO mapred.JobClient:  map 31% reduce 0%
13/05/30 21:12:20 INFO mapred.JobClient:  map 32% reduce 0%
13/05/30 21:16:25 INFO mapred.JobClient:  map 33% reduce 0%
13/05/30 21:19:56 INFO mapred.JobClient:  map 34% reduce 0%
13/05/30 21:24:18 INFO mapred.JobClient:  map 35% reduce 0%
13/05/30 21:26:58 INFO mapred.JobClient:  map 36% reduce 0%
13/05/30 21:31:15 INFO mapred.JobClient:  map 37% reduce 0%
13/05/30 21:43:08 INFO mapred.JobClient:  map 38% reduce 0%
13/05/30 21:44:24 ERROR security.UserGroupInformation: PriviledgedActionException as:s117449@ALLEY.SARA.NL (auth:KERBEROS) cause:org.apache.hadoop.ipc.RemoteException: GSS initiate failed
13/05/30 21:44:24 INFO security.UserGroupInformation: Initiating logout for s117449@ALLEY.SARA.NL
13/05/30 21:44:24 INFO security.UserGroupInformation: Initiating re-login for s117449@ALLEY.SARA.NL
13/05/30 21:52:34 INFO mapred.JobClient:  map 39% reduce 0%
13/05/30 21:57:47 INFO mapred.JobClient:  map 40% reduce 0%
13/05/30 22:06:23 INFO mapred.JobClient:  map 41% reduce 0%
13/05/30 22:12:23 INFO mapred.JobClient:  map 42% reduce 0%
13/05/30 22:16:26 INFO mapred.JobClient:  map 43% reduce 0%
13/05/30 22:22:24 INFO mapred.JobClient:  map 44% reduce 0%
13/05/30 22:28:15 INFO mapred.JobClient:  map 45% reduce 0%
13/05/30 22:33:42 INFO mapred.JobClient:  map 46% reduce 0%
13/05/30 22:42:08 INFO mapred.JobClient:  map 47% reduce 0%
13/05/30 22:51:06 INFO mapred.JobClient:  map 48% reduce 0%
13/05/30 22:55:31 INFO mapred.JobClient:  map 49% reduce 0%
13/05/30 23:02:53 INFO mapred.JobClient:  map 50% reduce 0%
13/05/30 23:12:44 INFO mapred.JobClient:  map 51% reduce 0%
13/05/30 23:17:48 INFO mapred.JobClient:  map 52% reduce 0%
13/05/30 23:23:31 INFO mapred.JobClient:  map 53% reduce 0%
13/05/30 23:32:23 INFO mapred.JobClient:  map 54% reduce 0%
13/05/30 23:38:09 INFO mapred.JobClient:  map 55% reduce 0%
13/05/30 23:46:47 INFO mapred.JobClient:  map 56% reduce 0%
13/05/30 23:53:49 INFO mapred.JobClient:  map 57% reduce 0%
13/05/30 23:57:03 INFO mapred.JobClient:  map 58% reduce 0%
13/05/31 00:00:24 INFO mapred.JobClient:  map 59% reduce 0%
13/05/31 00:05:48 INFO mapred.JobClient:  map 60% reduce 0%
13/05/31 00:11:59 INFO mapred.JobClient:  map 61% reduce 0%
13/05/31 00:16:41 INFO mapred.JobClient:  map 62% reduce 0%
13/05/31 00:30:35 INFO mapred.JobClient:  map 63% reduce 0%
13/05/31 00:36:17 INFO mapred.JobClient:  map 64% reduce 0%
13/05/31 00:42:48 INFO mapred.JobClient:  map 65% reduce 0%
13/05/31 00:47:06 INFO mapred.JobClient:  map 66% reduce 0%
13/05/31 00:54:20 INFO mapred.JobClient:  map 67% reduce 0%
13/05/31 00:57:55 INFO mapred.JobClient:  map 68% reduce 0%
13/05/31 01:04:59 INFO mapred.JobClient:  map 69% reduce 0%
13/05/31 01:12:29 INFO mapred.JobClient:  map 70% reduce 0%
13/05/31 01:23:15 INFO mapred.JobClient:  map 71% reduce 0%
13/05/31 01:30:19 INFO mapred.JobClient:  map 72% reduce 0%
13/05/31 01:32:23 INFO mapred.JobClient:  map 73% reduce 0%
13/05/31 01:39:09 INFO mapred.JobClient:  map 74% reduce 0%
13/05/31 01:45:48 INFO mapred.JobClient:  map 75% reduce 0%
13/05/31 01:54:04 INFO mapred.JobClient:  map 76% reduce 0%
13/05/31 01:59:57 INFO mapred.JobClient:  map 77% reduce 0%
13/05/31 02:09:00 INFO mapred.JobClient:  map 78% reduce 0%
13/05/31 02:15:12 INFO mapred.JobClient:  map 79% reduce 0%
13/05/31 02:20:21 INFO mapred.JobClient:  map 80% reduce 0%
13/05/31 02:32:47 INFO mapred.JobClient:  map 81% reduce 0%
13/05/31 02:40:43 INFO mapred.JobClient:  map 82% reduce 0%
13/05/31 02:50:39 INFO mapred.JobClient:  map 83% reduce 0%
13/05/31 02:57:04 INFO mapred.JobClient:  map 84% reduce 0%
13/05/31 03:03:31 INFO mapred.JobClient:  map 85% reduce 0%
13/05/31 03:13:09 INFO mapred.JobClient:  map 86% reduce 0%
13/05/31 03:17:38 INFO mapred.JobClient:  map 87% reduce 0%
13/05/31 03:24:33 INFO mapred.JobClient:  map 88% reduce 0%
13/05/31 03:39:30 INFO mapred.JobClient:  map 89% reduce 0%
13/05/31 03:53:17 INFO mapred.JobClient:  map 90% reduce 0%
13/05/31 04:02:28 INFO mapred.JobClient:  map 91% reduce 0%
13/05/31 04:21:16 INFO mapred.JobClient:  map 92% reduce 0%
13/05/31 04:31:59 INFO mapred.JobClient:  map 93% reduce 0%
13/05/31 04:40:56 INFO mapred.JobClient:  map 94% reduce 0%
13/05/31 04:59:42 INFO mapred.JobClient:  map 95% reduce 0%
13/05/31 05:21:10 INFO mapred.JobClient:  map 96% reduce 0%
13/05/31 05:49:46 INFO mapred.JobClient:  map 97% reduce 0%
13/05/31 06:13:49 INFO mapred.JobClient:  map 98% reduce 0%
13/05/31 07:20:49 INFO mapred.JobClient:  map 99% reduce 0%
13/05/31 08:25:49 INFO mapred.JobClient:  map 99% reduce 27%
13/05/31 08:25:51 INFO mapred.JobClient:  map 99% reduce 30%
13/05/31 08:41:09 INFO mapred.JobClient:  map 99% reduce 31%
13/05/31 09:02:55 INFO mapred.JobClient:  map 100% reduce 31%
13/05/31 09:13:01 INFO mapred.JobClient:  map 100% reduce 32%
13/05/31 09:51:52 INFO security.UserGroupInformation: Initiating logout for s117449@ALLEY.SARA.NL
13/05/31 09:51:52 INFO security.UserGroupInformation: Initiating re-login for s117449@ALLEY.SARA.NL
13/05/31 10:28:39 INFO mapred.JobClient:  map 100% reduce 66%
13/05/31 10:29:37 INFO mapred.JobClient:  map 100% reduce 100%
13/05/31 10:29:46 INFO mapred.JobClient: Job complete: job_201305151711_11333
13/05/31 10:29:46 INFO mapred.JobClient: Counters: 34
13/05/31 10:29:46 INFO mapred.JobClient:   Job Counters 
13/05/31 10:29:46 INFO mapred.JobClient:     Launched reduce tasks=1
13/05/31 10:29:46 INFO mapred.JobClient:     SLOTS_MILLIS_MAPS=4210852890
13/05/31 10:29:46 INFO mapred.JobClient:     Total time spent by all reduces waiting after reserving slots (ms)=0
13/05/31 10:29:46 INFO mapred.JobClient:     Total time spent by all maps waiting after reserving slots (ms)=0
13/05/31 10:29:46 INFO mapred.JobClient:     Rack-local map tasks=74
13/05/31 10:29:46 INFO mapred.JobClient:     Launched map tasks=100
13/05/31 10:29:46 INFO mapred.JobClient:     Data-local map tasks=5
13/05/31 10:29:46 INFO mapred.JobClient:     SLOTS_MILLIS_REDUCES=7471660
13/05/31 10:29:46 INFO mapred.JobClient:   edu.tue.cs.capa.util.DpsCounters
13/05/31 10:29:46 INFO mapred.JobClient:     RECORD_TUPLES=8791440660
13/05/31 10:29:46 INFO mapred.JobClient:     SUCC_SAMPLE_TIMES=939905
13/05/31 10:29:46 INFO mapred.JobClient:     OVERFLOWED_TIMES=38910
13/05/31 10:29:46 INFO mapred.JobClient:     SUCC_DRY_RUN_TIMES=941801
13/05/31 10:29:46 INFO mapred.JobClient:     SKIPPED_TUPLES=8790745642
13/05/31 10:29:46 INFO mapred.JobClient:     TOTAL_DRY_RUN_TIMES=3516576264000
13/05/31 10:29:46 INFO mapred.JobClient:   FileSystemCounters
13/05/31 10:29:46 INFO mapred.JobClient:     FILE_BYTES_READ=1155741
13/05/31 10:29:46 INFO mapred.JobClient:     HDFS_BYTES_READ=7733306787
13/05/31 10:29:46 INFO mapred.JobClient:     FILE_BYTES_WRITTEN=8448023
13/05/31 10:29:46 INFO mapred.JobClient:     HDFS_BYTES_WRITTEN=131070
13/05/31 10:29:46 INFO mapred.JobClient:   Map-Reduce Framework
13/05/31 10:29:46 INFO mapred.JobClient:     Map input records=930
13/05/31 10:29:46 INFO mapred.JobClient:     Reduce shuffle bytes=1155135
13/05/31 10:29:46 INFO mapred.JobClient:     Spilled Records=80000
13/05/31 10:29:46 INFO mapred.JobClient:     Map output bytes=11743634
13/05/31 10:29:46 INFO mapred.JobClient:     CPU time spent (ms)=3030088350
13/05/31 10:29:46 INFO mapred.JobClient:     Total committed heap usage (bytes)=74469801984
13/05/31 10:29:46 INFO mapred.JobClient:     Map input bytes=474200
13/05/31 10:29:46 INFO mapred.JobClient:     Combine input records=0
13/05/31 10:29:46 INFO mapred.JobClient:     SPLIT_RAW_BYTES=16400
13/05/31 10:29:46 INFO mapred.JobClient:     Reduce input records=400
13/05/31 10:29:46 INFO mapred.JobClient:     Reduce input groups=481
13/05/31 10:29:46 INFO mapred.JobClient:     Combine output records=0
13/05/31 10:29:46 INFO mapred.JobClient:     Physical memory (bytes) snapshot=53245943808
13/05/31 10:29:46 INFO mapred.JobClient:     Reduce output records=400
13/05/31 10:29:46 INFO mapred.JobClient:     Virtual memory (bytes) snapshot=271138807808
13/05/31 10:29:46 INFO mapred.JobClient:     Map output records=40000
Job ended: Fri May 31 10:29:46 CEST 2013
The job took 60715.863 seconds.
Sample=400, Mapper=100, RUN=2\n
DistributedPatternSampling (scale-sample, disc, startpagina-20120814, sample400, mapper100)
	Input paths: 
			hdfs://p-head03.alley.sara.nl:8020/user/s117449/startpagina/startpagina-20120814-parsed-1/split-0.9999/negative
	Output path: 
			hdfs://p-head03.alley.sara.nl:8020/user/s117449/startpagina/startpagina-20120814-parsed-1/split-0.9999/output/disc-sample400-mapper100-2
	Sample:	400
	Mappers: 100
	Reducers: 1
	Configurations: 
			Right dataset path: /user/s117449/startpagina/startpagina-20120814-parsed-1/split-0.9999/positive-expanded/positive-expanded-2390
			Length of lines in the right dataset: 2390
			Maiximum record length: 50
			Minimum Pattern length: 0
Job started: Fri May 31 10:29:52 CEST 2013
13/05/31 10:29:53 INFO hdfs.DFSClient: Created HDFS_DELEGATION_TOKEN token 192061 for s117449 on 145.100.41.4:8020
13/05/31 10:29:53 INFO security.TokenCache: Got dt for hdfs://p-head03.alley.sara.nl:8020/tmp/hadoop-mapred/mapred/staging/s117449/.staging/job_201305151711_11778;uri=145.100.41.4:8020;t.service=145.100.41.4:8020
13/05/31 10:29:53 WARN snappy.LoadSnappy: Snappy native library is available
13/05/31 10:29:53 INFO util.NativeCodeLoader: Loaded the native-hadoop library
13/05/31 10:29:53 INFO snappy.LoadSnappy: Snappy native library loaded
13/05/31 10:29:53 INFO mapred.FileInputFormat: Total input paths to process : 1
13/05/31 10:29:56 INFO mapred.JobClient: Running job: job_201305151711_11778
13/05/31 10:29:58 INFO mapred.JobClient:  map 0% reduce 0%
13/05/31 10:31:01 INFO mapred.JobClient:  map 1% reduce 0%
13/05/31 10:31:12 INFO mapred.JobClient:  map 2% reduce 0%
13/05/31 10:31:29 INFO mapred.JobClient:  map 3% reduce 0%
13/05/31 10:31:51 INFO mapred.JobClient:  map 4% reduce 0%
13/05/31 10:31:58 INFO mapred.JobClient:  map 5% reduce 0%
13/05/31 10:32:10 INFO mapred.JobClient:  map 6% reduce 0%
13/05/31 10:32:50 INFO mapred.JobClient:  map 7% reduce 0%
13/05/31 10:33:10 INFO mapred.JobClient:  map 8% reduce 0%
13/05/31 10:33:25 INFO mapred.JobClient:  map 9% reduce 0%
13/05/31 10:33:32 INFO mapred.JobClient:  map 10% reduce 0%
13/05/31 10:33:45 INFO mapred.JobClient:  map 11% reduce 0%
13/05/31 11:52:13 INFO mapred.JobClient:  map 12% reduce 0%
13/05/31 12:02:09 INFO mapred.JobClient:  map 13% reduce 0%
13/05/31 12:08:20 INFO mapred.JobClient:  map 14% reduce 0%
13/05/31 12:12:35 INFO mapred.JobClient:  map 15% reduce 0%
13/05/31 12:15:29 INFO mapred.JobClient:  map 16% reduce 0%
13/05/31 12:18:14 INFO mapred.JobClient:  map 17% reduce 0%
13/05/31 12:20:38 INFO mapred.JobClient:  map 18% reduce 0%
13/05/31 12:23:15 INFO mapred.JobClient:  map 19% reduce 0%
13/05/31 12:25:37 INFO mapred.JobClient:  map 20% reduce 0%
13/05/31 12:31:09 INFO mapred.JobClient:  map 21% reduce 0%
13/05/31 12:37:20 INFO mapred.JobClient:  map 22% reduce 0%
13/05/31 12:51:56 INFO mapred.JobClient:  map 23% reduce 0%
13/05/31 13:06:09 INFO mapred.JobClient:  map 24% reduce 0%
13/05/31 13:26:38 INFO mapred.JobClient:  map 25% reduce 0%
13/05/31 13:31:07 INFO mapred.JobClient:  map 26% reduce 0%
13/05/31 13:34:26 INFO mapred.JobClient:  map 27% reduce 0%
13/05/31 13:39:29 INFO mapred.JobClient:  map 28% reduce 0%
13/05/31 13:42:37 INFO mapred.JobClient:  map 29% reduce 0%
13/05/31 13:47:50 INFO mapred.JobClient:  map 30% reduce 0%
13/05/31 13:51:38 INFO mapred.JobClient:  map 31% reduce 0%
13/05/31 13:56:59 INFO mapred.JobClient:  map 32% reduce 0%
13/05/31 13:59:56 INFO mapred.JobClient:  map 33% reduce 0%
13/05/31 14:04:56 INFO mapred.JobClient:  map 34% reduce 0%
13/05/31 14:13:37 INFO mapred.JobClient:  map 35% reduce 0%
13/05/31 14:23:01 INFO mapred.JobClient:  map 36% reduce 0%
13/05/31 14:28:25 INFO mapred.JobClient:  map 37% reduce 0%
13/05/31 14:39:06 INFO mapred.JobClient:  map 38% reduce 0%
13/05/31 14:43:59 INFO mapred.JobClient:  map 39% reduce 0%
13/05/31 14:49:16 INFO mapred.JobClient:  map 40% reduce 0%
13/05/31 14:54:29 INFO mapred.JobClient:  map 41% reduce 0%
13/05/31 14:58:21 INFO mapred.JobClient:  map 42% reduce 0%
13/05/31 15:03:40 INFO mapred.JobClient:  map 43% reduce 0%
13/05/31 15:09:41 INFO mapred.JobClient:  map 44% reduce 0%
13/05/31 15:22:55 INFO mapred.JobClient:  map 45% reduce 0%
13/05/31 15:43:19 INFO mapred.JobClient:  map 46% reduce 0%
13/05/31 15:49:58 INFO mapred.JobClient:  map 47% reduce 0%
13/05/31 15:56:05 INFO mapred.JobClient:  map 48% reduce 0%
13/05/31 16:03:02 INFO mapred.JobClient:  map 49% reduce 0%
13/05/31 16:07:41 INFO mapred.JobClient:  map 50% reduce 0%
13/05/31 16:10:29 INFO mapred.JobClient:  map 51% reduce 0%
13/05/31 16:15:37 INFO mapred.JobClient:  map 52% reduce 0%
13/05/31 16:19:42 INFO mapred.JobClient:  map 53% reduce 0%
13/05/31 16:27:23 INFO mapred.JobClient:  map 54% reduce 0%
13/05/31 16:32:44 INFO mapred.JobClient:  map 55% reduce 0%
13/05/31 16:39:55 INFO mapred.JobClient:  map 56% reduce 0%
13/05/31 16:50:31 INFO mapred.JobClient:  map 57% reduce 0%
13/05/31 16:59:42 INFO mapred.JobClient:  map 58% reduce 0%
13/05/31 17:03:45 INFO mapred.JobClient:  map 59% reduce 0%
13/05/31 17:07:39 INFO mapred.JobClient:  map 60% reduce 0%
13/05/31 17:11:13 INFO mapred.JobClient:  map 61% reduce 0%
13/05/31 17:20:27 INFO mapred.JobClient:  map 62% reduce 0%
13/05/31 17:29:33 INFO mapred.JobClient:  map 63% reduce 0%
13/05/31 17:34:22 INFO mapred.JobClient:  map 64% reduce 0%
13/05/31 17:38:57 INFO mapred.JobClient:  map 65% reduce 0%
13/05/31 17:44:59 INFO mapred.JobClient:  map 66% reduce 0%
13/05/31 17:48:51 INFO mapred.JobClient:  map 67% reduce 0%
13/05/31 17:53:49 INFO mapred.JobClient:  map 68% reduce 0%
13/05/31 18:01:00 INFO mapred.JobClient:  map 69% reduce 0%
13/05/31 18:10:22 INFO mapred.JobClient:  map 70% reduce 0%
13/05/31 18:23:17 INFO mapred.JobClient:  map 71% reduce 0%
13/05/31 18:33:00 INFO mapred.JobClient:  map 72% reduce 0%
13/05/31 18:39:46 INFO mapred.JobClient:  map 73% reduce 0%
13/05/31 18:45:36 INFO mapred.JobClient:  map 74% reduce 0%
13/05/31 18:50:01 INFO mapred.JobClient:  map 75% reduce 0%
13/05/31 18:53:12 INFO mapred.JobClient:  map 76% reduce 0%
13/05/31 18:56:52 INFO mapred.JobClient:  map 77% reduce 0%
13/05/31 19:02:12 INFO mapred.JobClient:  map 78% reduce 0%
13/05/31 19:11:46 INFO mapred.JobClient:  map 79% reduce 0%
13/05/31 19:25:23 INFO mapred.JobClient:  map 80% reduce 0%
13/05/31 19:35:09 INFO mapred.JobClient:  map 81% reduce 0%
13/05/31 19:45:11 INFO mapred.JobClient:  map 82% reduce 0%
13/05/31 19:55:59 INFO mapred.JobClient:  map 83% reduce 0%
13/05/31 20:02:19 INFO mapred.JobClient:  map 84% reduce 0%
13/05/31 20:06:13 INFO mapred.JobClient:  map 85% reduce 0%
13/05/31 20:10:37 INFO mapred.JobClient:  map 86% reduce 0%
13/05/31 20:17:01 INFO mapred.JobClient:  map 87% reduce 0%
13/05/31 20:27:30 INFO mapred.JobClient:  map 88% reduce 0%
13/05/31 20:44:48 INFO mapred.JobClient:  map 89% reduce 0%
13/05/31 21:04:08 INFO mapred.JobClient:  map 90% reduce 0%
13/05/31 21:17:59 INFO mapred.JobClient:  map 91% reduce 0%
13/05/31 21:24:14 INFO mapred.JobClient:  map 92% reduce 0%
13/05/31 21:33:17 INFO mapred.JobClient:  map 93% reduce 0%
13/05/31 21:45:39 INFO mapred.JobClient:  map 94% reduce 0%
13/05/31 22:09:32 INFO mapred.JobClient:  map 95% reduce 0%
13/05/31 22:29:36 INFO mapred.JobClient:  map 96% reduce 0%
13/05/31 23:05:24 INFO mapred.JobClient:  map 97% reduce 0%
13/05/31 23:34:05 INFO mapred.JobClient:  map 98% reduce 0%
13/06/01 00:17:32 INFO mapred.JobClient:  map 99% reduce 0%
13/06/01 01:47:36 INFO mapred.JobClient:  map 99% reduce 13%
13/06/01 01:47:38 INFO mapred.JobClient:  map 99% reduce 21%
13/06/01 01:47:42 INFO mapred.JobClient:  map 99% reduce 29%
13/06/01 01:47:45 INFO mapred.JobClient:  map 99% reduce 30%
13/06/01 02:03:10 INFO mapred.JobClient:  map 99% reduce 31%
13/06/01 02:16:05 INFO mapred.JobClient:  map 100% reduce 31%
13/06/01 02:39:21 INFO mapred.JobClient:  map 100% reduce 32%
13/06/01 03:17:16 INFO mapred.JobClient:  map 100% reduce 66%
13/06/01 03:17:41 INFO mapred.JobClient:  map 100% reduce 100%
13/06/01 03:17:43 INFO mapred.JobClient: Job complete: job_201305151711_11778
13/06/01 03:17:44 INFO mapred.JobClient: Counters: 34
13/06/01 03:17:44 INFO mapred.JobClient:   Job Counters 
13/06/01 03:17:44 INFO mapred.JobClient:     Launched reduce tasks=1
13/06/01 03:17:44 INFO mapred.JobClient:     SLOTS_MILLIS_MAPS=4463652890
13/06/01 03:17:44 INFO mapred.JobClient:     Total time spent by all reduces waiting after reserving slots (ms)=0
13/06/01 03:17:44 INFO mapred.JobClient:     Total time spent by all maps waiting after reserving slots (ms)=0
13/06/01 03:17:44 INFO mapred.JobClient:     Rack-local map tasks=75
13/06/01 03:17:44 INFO mapred.JobClient:     Launched map tasks=100
13/06/01 03:17:44 INFO mapred.JobClient:     Data-local map tasks=1
13/06/01 03:17:44 INFO mapred.JobClient:     SLOTS_MILLIS_REDUCES=5437355
13/06/01 03:17:44 INFO mapred.JobClient:   edu.tue.cs.capa.util.DpsCounters
13/06/01 03:17:44 INFO mapred.JobClient:     RECORD_TUPLES=8791440660
13/06/01 03:17:44 INFO mapred.JobClient:     SUCC_SAMPLE_TIMES=939743
13/06/01 03:17:44 INFO mapred.JobClient:     OVERFLOWED_TIMES=38909
13/06/01 03:17:44 INFO mapred.JobClient:     SUCC_DRY_RUN_TIMES=941633
13/06/01 03:17:44 INFO mapred.JobClient:     SKIPPED_TUPLES=8790745296
13/06/01 03:17:44 INFO mapred.JobClient:     TOTAL_DRY_RUN_TIMES=3516576264000
13/06/01 03:17:44 INFO mapred.JobClient:   FileSystemCounters
13/06/01 03:17:44 INFO mapred.JobClient:     FILE_BYTES_READ=1156629
13/06/01 03:17:44 INFO mapred.JobClient:     HDFS_BYTES_READ=7731894479
13/06/01 03:17:44 INFO mapred.JobClient:     FILE_BYTES_WRITTEN=8449291
13/06/01 03:17:44 INFO mapred.JobClient:     HDFS_BYTES_WRITTEN=133377
13/06/01 03:17:44 INFO mapred.JobClient:   Map-Reduce Framework
13/06/01 03:17:44 INFO mapred.JobClient:     Map input records=930
13/06/01 03:17:44 INFO mapred.JobClient:     Reduce shuffle bytes=1155515
13/06/01 03:17:44 INFO mapred.JobClient:     Spilled Records=80000
13/06/01 03:17:44 INFO mapred.JobClient:     Map output bytes=11743745
13/06/01 03:17:44 INFO mapred.JobClient:     CPU time spent (ms)=3069907390
13/06/01 03:17:44 INFO mapred.JobClient:     Total committed heap usage (bytes)=73787703296
13/06/01 03:17:44 INFO mapred.JobClient:     Map input bytes=474200
13/06/01 03:17:44 INFO mapred.JobClient:     Combine input records=0
13/06/01 03:17:44 INFO mapred.JobClient:     SPLIT_RAW_BYTES=16400
13/06/01 03:17:44 INFO mapred.JobClient:     Reduce input records=400
13/06/01 03:17:44 INFO mapred.JobClient:     Reduce input groups=477
13/06/01 03:17:44 INFO mapred.JobClient:     Combine output records=0
13/06/01 03:17:44 INFO mapred.JobClient:     Physical memory (bytes) snapshot=42757206016
13/06/01 03:17:44 INFO mapred.JobClient:     Reduce output records=400
13/06/01 03:17:44 INFO mapred.JobClient:     Virtual memory (bytes) snapshot=271093477376
13/06/01 03:17:44 INFO mapred.JobClient:     Map output records=40000
Job ended: Sat Jun 01 03:17:45 CEST 2013
The job took 60473.008 seconds.
Sample=400, Mapper=100, RUN=3\n
DistributedPatternSampling (scale-sample, disc, startpagina-20120814, sample400, mapper100)
	Input paths: 
			hdfs://p-head03.alley.sara.nl:8020/user/s117449/startpagina/startpagina-20120814-parsed-1/split-0.9999/negative
	Output path: 
			hdfs://p-head03.alley.sara.nl:8020/user/s117449/startpagina/startpagina-20120814-parsed-1/split-0.9999/output/disc-sample400-mapper100-3
	Sample:	400
	Mappers: 100
	Reducers: 1
	Configurations: 
			Right dataset path: /user/s117449/startpagina/startpagina-20120814-parsed-1/split-0.9999/positive-expanded/positive-expanded-2390
			Length of lines in the right dataset: 2390
			Maiximum record length: 50
			Minimum Pattern length: 0
Job started: Sat Jun 01 03:17:50 CEST 2013
13/06/01 03:17:51 INFO hdfs.DFSClient: Created HDFS_DELEGATION_TOKEN token 192633 for s117449 on 145.100.41.4:8020
13/06/01 03:17:51 INFO security.TokenCache: Got dt for hdfs://p-head03.alley.sara.nl:8020/tmp/hadoop-mapred/mapred/staging/s117449/.staging/job_201305151711_12319;uri=145.100.41.4:8020;t.service=145.100.41.4:8020
13/06/01 03:17:51 WARN snappy.LoadSnappy: Snappy native library is available
13/06/01 03:17:51 INFO util.NativeCodeLoader: Loaded the native-hadoop library
13/06/01 03:17:51 INFO snappy.LoadSnappy: Snappy native library loaded
13/06/01 03:17:51 INFO mapred.FileInputFormat: Total input paths to process : 1
13/06/01 03:17:53 INFO mapred.JobClient: Running job: job_201305151711_12319
13/06/01 03:17:55 INFO mapred.JobClient:  map 0% reduce 0%
13/06/01 03:18:42 INFO mapred.JobClient:  map 1% reduce 0%
13/06/01 03:18:45 INFO mapred.JobClient:  map 2% reduce 0%
13/06/01 03:18:48 INFO mapred.JobClient:  map 3% reduce 0%
13/06/01 03:18:49 INFO mapred.JobClient:  map 4% reduce 0%
13/06/01 03:18:50 INFO mapred.JobClient:  map 5% reduce 0%
13/06/01 03:18:51 INFO mapred.JobClient:  map 6% reduce 0%
13/06/01 03:18:54 INFO mapred.JobClient:  map 7% reduce 0%
13/06/01 03:18:56 INFO mapred.JobClient:  map 8% reduce 0%
13/06/01 03:18:58 INFO mapred.JobClient:  map 9% reduce 0%
13/06/01 03:19:00 INFO mapred.JobClient:  map 10% reduce 0%
13/06/01 03:19:10 INFO mapred.JobClient:  map 11% reduce 0%
13/06/01 03:28:55 INFO mapred.JobClient: Task Id : attempt_201305151711_12319_m_000079_0, Status : FAILED
Error launching task
13/06/01 03:28:55 WARN mapred.JobClient: Error reading task outputServer returned HTTP response code: 401 for URL: http://p-worker32.alley.sara.nl:50060/tasklog?plaintext=true&attemptid=attempt_201305151711_12319_m_000079_0&filter=stdout
13/06/01 03:28:55 WARN mapred.JobClient: Error reading task outputServer returned HTTP response code: 401 for URL: http://p-worker32.alley.sara.nl:50060/tasklog?plaintext=true&attemptid=attempt_201305151711_12319_m_000079_0&filter=stderr
13/06/01 04:12:19 INFO mapred.JobClient:  map 12% reduce 0%
13/06/01 04:14:03 INFO mapred.JobClient:  map 13% reduce 0%
13/06/01 04:14:39 INFO mapred.JobClient:  map 14% reduce 0%
13/06/01 04:17:07 INFO mapred.JobClient:  map 15% reduce 0%
13/06/01 04:20:52 INFO mapred.JobClient:  map 16% reduce 0%
13/06/01 04:24:41 INFO mapred.JobClient:  map 17% reduce 0%
13/06/01 04:26:32 INFO mapred.JobClient:  map 18% reduce 0%
13/06/01 04:27:48 INFO mapred.JobClient:  map 19% reduce 0%
13/06/01 04:28:11 INFO mapred.JobClient:  map 20% reduce 0%
13/06/01 04:29:55 INFO mapred.JobClient:  map 21% reduce 0%
13/06/01 04:33:33 INFO mapred.JobClient:  map 22% reduce 0%
13/06/01 05:02:24 INFO mapred.JobClient:  map 23% reduce 0%
13/06/01 05:04:52 INFO mapred.JobClient:  map 24% reduce 0%
13/06/01 05:07:05 INFO mapred.JobClient:  map 25% reduce 0%
13/06/01 05:08:30 INFO mapred.JobClient:  map 26% reduce 0%
13/06/01 05:16:58 INFO mapred.JobClient:  map 27% reduce 0%
13/06/01 05:20:22 INFO mapred.JobClient:  map 28% reduce 0%
13/06/01 05:28:26 INFO mapred.JobClient:  map 29% reduce 0%
13/06/01 05:32:40 INFO mapred.JobClient:  map 30% reduce 0%
13/06/01 05:36:44 INFO mapred.JobClient:  map 31% reduce 0%
13/06/01 05:39:44 INFO mapred.JobClient:  map 32% reduce 0%
13/06/01 05:41:13 INFO mapred.JobClient:  map 33% reduce 0%
13/06/01 05:50:10 INFO mapred.JobClient:  map 34% reduce 0%
13/06/01 05:54:06 INFO mapred.JobClient:  map 35% reduce 0%
13/06/01 05:57:13 INFO mapred.JobClient:  map 36% reduce 0%
13/06/01 06:00:11 INFO mapred.JobClient:  map 37% reduce 0%
13/06/01 06:09:27 INFO mapred.JobClient:  map 38% reduce 0%
13/06/01 06:15:24 INFO mapred.JobClient:  map 39% reduce 0%
13/06/01 06:24:39 INFO mapred.JobClient:  map 40% reduce 0%
13/06/01 06:33:43 INFO mapred.JobClient:  map 41% reduce 0%
13/06/01 06:36:56 INFO mapred.JobClient:  map 42% reduce 0%
13/06/01 06:38:39 INFO mapred.JobClient:  map 43% reduce 0%
13/06/01 06:40:47 INFO mapred.JobClient:  map 44% reduce 0%
13/06/01 06:42:25 INFO mapred.JobClient:  map 45% reduce 0%
13/06/01 06:44:11 INFO mapred.JobClient:  map 46% reduce 0%
13/06/01 06:46:46 INFO mapred.JobClient:  map 47% reduce 0%
13/06/01 06:50:46 INFO mapred.JobClient:  map 48% reduce 0%
13/06/01 06:59:37 INFO mapred.JobClient:  map 49% reduce 0%
13/06/01 07:08:25 INFO mapred.JobClient:  map 50% reduce 0%
13/06/01 07:16:18 INFO mapred.JobClient:  map 51% reduce 0%
13/06/01 07:26:45 INFO mapred.JobClient:  map 52% reduce 0%
13/06/01 07:30:05 INFO mapred.JobClient:  map 53% reduce 0%
13/06/01 07:32:05 INFO mapred.JobClient:  map 54% reduce 0%
13/06/01 07:34:48 INFO mapred.JobClient:  map 55% reduce 0%
13/06/01 07:36:14 INFO mapred.JobClient:  map 56% reduce 0%
13/06/01 07:39:45 INFO mapred.JobClient:  map 57% reduce 0%
13/06/01 07:41:57 INFO mapred.JobClient:  map 58% reduce 0%
13/06/01 07:43:37 INFO mapred.JobClient:  map 59% reduce 0%
13/06/01 07:51:17 INFO mapred.JobClient:  map 60% reduce 0%
13/06/01 08:00:59 INFO mapred.JobClient:  map 61% reduce 0%
13/06/01 08:06:52 INFO mapred.JobClient:  map 62% reduce 0%
13/06/01 08:11:54 INFO mapred.JobClient:  map 63% reduce 0%
13/06/01 08:17:31 INFO mapred.JobClient:  map 64% reduce 0%
13/06/01 08:19:10 INFO mapred.JobClient:  map 65% reduce 0%
13/06/01 08:25:11 INFO mapred.JobClient:  map 66% reduce 0%
13/06/01 08:33:01 INFO mapred.JobClient:  map 67% reduce 0%
13/06/01 08:36:16 INFO mapred.JobClient:  map 68% reduce 0%
13/06/01 08:38:24 INFO mapred.JobClient:  map 69% reduce 0%
13/06/01 08:41:52 INFO mapred.JobClient:  map 70% reduce 0%
13/06/01 08:47:33 INFO mapred.JobClient:  map 71% reduce 0%
13/06/01 08:52:11 INFO mapred.JobClient:  map 72% reduce 0%
13/06/01 08:57:02 INFO mapred.JobClient:  map 73% reduce 0%
13/06/01 09:01:40 INFO mapred.JobClient:  map 74% reduce 0%
13/06/01 09:04:31 INFO mapred.JobClient:  map 75% reduce 0%
13/06/01 09:06:40 INFO mapred.JobClient:  map 76% reduce 0%
13/06/01 09:16:25 INFO mapred.JobClient:  map 77% reduce 0%
13/06/01 09:25:24 INFO mapred.JobClient:  map 78% reduce 0%
13/06/01 09:33:54 INFO mapred.JobClient:  map 79% reduce 0%
13/06/01 09:38:37 INFO mapred.JobClient:  map 80% reduce 0%
13/06/01 09:41:46 INFO mapred.JobClient:  map 81% reduce 0%
13/06/01 09:45:23 INFO mapred.JobClient:  map 82% reduce 0%
13/06/01 09:47:50 INFO mapred.JobClient:  map 83% reduce 0%
13/06/01 09:51:05 INFO mapred.JobClient:  map 84% reduce 0%
13/06/01 09:56:04 INFO mapred.JobClient:  map 85% reduce 0%
13/06/01 09:58:17 INFO mapred.JobClient:  map 86% reduce 0%
13/06/01 10:12:40 INFO mapred.JobClient:  map 87% reduce 0%
13/06/01 10:28:08 INFO mapred.JobClient:  map 88% reduce 0%
13/06/01 10:32:39 INFO mapred.JobClient:  map 89% reduce 0%
13/06/01 10:37:34 INFO mapred.JobClient:  map 90% reduce 0%
13/06/01 10:41:31 INFO mapred.JobClient:  map 91% reduce 0%
13/06/01 10:45:12 INFO mapred.JobClient:  map 92% reduce 0%
13/06/01 10:48:33 INFO mapred.JobClient:  map 93% reduce 0%
13/06/01 10:58:48 INFO mapred.JobClient:  map 94% reduce 0%
13/06/01 11:28:36 INFO mapred.JobClient:  map 95% reduce 0%
13/06/01 11:34:26 INFO mapred.JobClient:  map 96% reduce 0%
13/06/01 11:39:24 INFO mapred.JobClient:  map 97% reduce 0%
13/06/01 11:48:53 INFO mapred.JobClient:  map 98% reduce 0%
13/06/01 12:25:52 INFO mapred.JobClient:  map 99% reduce 0%
13/06/01 13:23:38 INFO mapred.JobClient:  map 100% reduce 0%
13/06/01 13:29:44 INFO mapred.JobClient:  map 100% reduce 9%
13/06/01 13:29:48 INFO mapred.JobClient:  map 100% reduce 30%
13/06/01 13:32:26 INFO mapred.JobClient:  map 100% reduce 31%
13/06/01 13:48:02 INFO mapred.JobClient:  map 100% reduce 32%
13/06/01 14:15:01 INFO mapred.JobClient:  map 100% reduce 66%
13/06/01 14:15:22 INFO mapred.JobClient:  map 100% reduce 100%
13/06/01 14:15:25 INFO mapred.JobClient: Job complete: job_201305151711_12319
13/06/01 14:15:25 INFO mapred.JobClient: Counters: 34
13/06/01 14:15:25 INFO mapred.JobClient:   Job Counters 
13/06/01 14:15:25 INFO mapred.JobClient:     Launched reduce tasks=1
13/06/01 14:15:25 INFO mapred.JobClient:     SLOTS_MILLIS_MAPS=3144901232
13/06/01 14:15:25 INFO mapred.JobClient:     Total time spent by all reduces waiting after reserving slots (ms)=0
13/06/01 14:15:25 INFO mapred.JobClient:     Total time spent by all maps waiting after reserving slots (ms)=0
13/06/01 14:15:25 INFO mapred.JobClient:     Rack-local map tasks=89
13/06/01 14:15:25 INFO mapred.JobClient:     Launched map tasks=101
13/06/01 14:15:25 INFO mapred.JobClient:     Data-local map tasks=8
13/06/01 14:15:25 INFO mapred.JobClient:     SLOTS_MILLIS_REDUCES=2751711
13/06/01 14:15:25 INFO mapred.JobClient:   edu.tue.cs.capa.util.DpsCounters
13/06/01 14:15:25 INFO mapred.JobClient:     RECORD_TUPLES=8791440660
13/06/01 14:15:25 INFO mapred.JobClient:     SUCC_SAMPLE_TIMES=942644
13/06/01 14:15:25 INFO mapred.JobClient:     OVERFLOWED_TIMES=39224
13/06/01 14:15:25 INFO mapred.JobClient:     SUCC_DRY_RUN_TIMES=944543
13/06/01 14:15:25 INFO mapred.JobClient:     SKIPPED_TUPLES=8790744248
13/06/01 14:15:25 INFO mapred.JobClient:     TOTAL_DRY_RUN_TIMES=3516576264000
13/06/01 14:15:25 INFO mapred.JobClient:   FileSystemCounters
13/06/01 14:15:25 INFO mapred.JobClient:     FILE_BYTES_READ=1155612
13/06/01 14:15:25 INFO mapred.JobClient:     HDFS_BYTES_READ=7755783347
13/06/01 14:15:25 INFO mapred.JobClient:     FILE_BYTES_WRITTEN=8447358
13/06/01 14:15:25 INFO mapred.JobClient:     HDFS_BYTES_WRITTEN=131668
13/06/01 14:15:25 INFO mapred.JobClient:   Map-Reduce Framework
13/06/01 14:15:25 INFO mapred.JobClient:     Map input records=930
13/06/01 14:15:25 INFO mapred.JobClient:     Reduce shuffle bytes=1154599
13/06/01 14:15:25 INFO mapred.JobClient:     Spilled Records=80000
13/06/01 14:15:25 INFO mapred.JobClient:     Map output bytes=11743680
13/06/01 14:15:25 INFO mapred.JobClient:     CPU time spent (ms)=2715817140
13/06/01 14:15:25 INFO mapred.JobClient:     Total committed heap usage (bytes)=73705193472
13/06/01 14:15:25 INFO mapred.JobClient:     Map input bytes=474200
13/06/01 14:15:25 INFO mapred.JobClient:     Combine input records=0
13/06/01 14:15:25 INFO mapred.JobClient:     SPLIT_RAW_BYTES=16400
13/06/01 14:15:25 INFO mapred.JobClient:     Reduce input records=400
13/06/01 14:15:25 INFO mapred.JobClient:     Reduce input groups=474
13/06/01 14:15:25 INFO mapred.JobClient:     Combine output records=0
13/06/01 14:15:25 INFO mapred.JobClient:     Physical memory (bytes) snapshot=57512402944
13/06/01 14:15:25 INFO mapred.JobClient:     Reduce output records=400
13/06/01 14:15:25 INFO mapred.JobClient:     Virtual memory (bytes) snapshot=271148253184
13/06/01 14:15:25 INFO mapred.JobClient:     Map output records=40000
Job ended: Sat Jun 01 14:15:26 CEST 2013
The job took 39455.688 seconds.
Sample=500, Mapper=100, RUN=1\n
DistributedPatternSampling (scale-sample, disc, startpagina-20120814, sample500, mapper100)
	Input paths: 
			hdfs://p-head03.alley.sara.nl:8020/user/s117449/startpagina/startpagina-20120814-parsed-1/split-0.9999/negative
	Output path: 
			hdfs://p-head03.alley.sara.nl:8020/user/s117449/startpagina/startpagina-20120814-parsed-1/split-0.9999/output/disc-sample500-mapper100-1
	Sample:	500
	Mappers: 100
	Reducers: 1
	Configurations: 
			Right dataset path: /user/s117449/startpagina/startpagina-20120814-parsed-1/split-0.9999/positive-expanded/positive-expanded-2390
			Length of lines in the right dataset: 2390
			Maiximum record length: 50
			Minimum Pattern length: 0
Job started: Sat Jun 01 14:15:31 CEST 2013
13/06/01 14:15:32 INFO hdfs.DFSClient: Created HDFS_DELEGATION_TOKEN token 192847 for s117449 on 145.100.41.4:8020
13/06/01 14:15:32 INFO security.TokenCache: Got dt for hdfs://p-head03.alley.sara.nl:8020/tmp/hadoop-mapred/mapred/staging/s117449/.staging/job_201305151711_12523;uri=145.100.41.4:8020;t.service=145.100.41.4:8020
13/06/01 14:15:32 WARN snappy.LoadSnappy: Snappy native library is available
13/06/01 14:15:32 INFO util.NativeCodeLoader: Loaded the native-hadoop library
13/06/01 14:15:32 INFO snappy.LoadSnappy: Snappy native library loaded
13/06/01 14:15:32 INFO mapred.FileInputFormat: Total input paths to process : 1
13/06/01 14:15:33 INFO mapred.JobClient: Running job: job_201305151711_12523
13/06/01 14:15:34 INFO mapred.JobClient:  map 0% reduce 0%
13/06/01 14:16:43 INFO mapred.JobClient:  map 1% reduce 0%
13/06/01 14:17:36 INFO mapred.JobClient:  map 2% reduce 0%
13/06/01 14:18:05 INFO mapred.JobClient:  map 3% reduce 0%
13/06/01 14:18:33 INFO mapred.JobClient:  map 4% reduce 0%
13/06/01 14:19:01 INFO mapred.JobClient:  map 5% reduce 0%
13/06/01 14:19:31 INFO mapred.JobClient:  map 6% reduce 0%
13/06/01 14:19:54 INFO mapred.JobClient:  map 7% reduce 0%
13/06/01 14:20:31 INFO mapred.JobClient:  map 8% reduce 0%
13/06/01 14:21:17 INFO mapred.JobClient:  map 9% reduce 0%
13/06/01 14:21:59 INFO mapred.JobClient:  map 10% reduce 0%
13/06/01 14:32:59 INFO mapred.JobClient: Task Id : attempt_201305151711_12523_m_000076_0, Status : FAILED
Error launching task
13/06/01 14:32:59 WARN mapred.JobClient: Error reading task outputServer returned HTTP response code: 401 for URL: http://p-worker32.alley.sara.nl:50060/tasklog?plaintext=true&attemptid=attempt_201305151711_12523_m_000076_0&filter=stdout
13/06/01 14:32:59 WARN mapred.JobClient: Error reading task outputServer returned HTTP response code: 401 for URL: http://p-worker32.alley.sara.nl:50060/tasklog?plaintext=true&attemptid=attempt_201305151711_12523_m_000076_0&filter=stderr
13/06/01 14:32:59 INFO mapred.JobClient: Task Id : attempt_201305151711_12523_m_000088_0, Status : FAILED
Error launching task
13/06/01 14:33:00 WARN mapred.JobClient: Error reading task outputServer returned HTTP response code: 401 for URL: http://p-worker35.alley.sara.nl:50060/tasklog?plaintext=true&attemptid=attempt_201305151711_12523_m_000088_0&filter=stdout
13/06/01 14:33:00 WARN mapred.JobClient: Error reading task outputServer returned HTTP response code: 401 for URL: http://p-worker35.alley.sara.nl:50060/tasklog?plaintext=true&attemptid=attempt_201305151711_12523_m_000088_0&filter=stderr
13/06/01 14:33:19 INFO mapred.JobClient:  map 11% reduce 0%
13/06/01 15:20:37 INFO mapred.JobClient:  map 12% reduce 0%
13/06/01 15:21:21 INFO mapred.JobClient:  map 13% reduce 0%
13/06/01 15:22:15 INFO mapred.JobClient:  map 14% reduce 0%
13/06/01 15:22:47 INFO mapred.JobClient:  map 15% reduce 0%
13/06/01 15:23:23 INFO mapred.JobClient:  map 16% reduce 0%
13/06/01 15:23:46 INFO mapred.JobClient:  map 17% reduce 0%
13/06/01 15:25:26 INFO mapred.JobClient:  map 18% reduce 0%
13/06/01 15:25:48 INFO mapred.JobClient:  map 19% reduce 0%
13/06/01 15:27:17 INFO mapred.JobClient:  map 20% reduce 0%
13/06/01 15:34:32 INFO mapred.JobClient:  map 21% reduce 0%
13/06/01 15:39:52 INFO mapred.JobClient:  map 22% reduce 0%
13/06/01 16:21:32 INFO mapred.JobClient:  map 23% reduce 0%
13/06/01 16:23:16 INFO mapred.JobClient:  map 24% reduce 0%
13/06/01 16:24:21 INFO mapred.JobClient:  map 25% reduce 0%
13/06/01 16:25:12 INFO mapred.JobClient:  map 26% reduce 0%
13/06/01 16:25:50 INFO mapred.JobClient:  map 27% reduce 0%
13/06/01 16:26:51 INFO mapred.JobClient:  map 28% reduce 0%
13/06/01 16:28:12 INFO mapred.JobClient:  map 29% reduce 0%
13/06/01 16:30:42 INFO mapred.JobClient:  map 30% reduce 0%
13/06/01 16:38:17 INFO mapred.JobClient:  map 31% reduce 0%
13/06/01 16:44:55 INFO mapred.JobClient:  map 32% reduce 0%
13/06/01 17:06:50 INFO mapred.JobClient:  map 33% reduce 0%
13/06/01 17:22:09 INFO mapred.JobClient:  map 34% reduce 0%
13/06/01 17:24:54 INFO mapred.JobClient:  map 35% reduce 0%
13/06/01 17:25:45 INFO mapred.JobClient:  map 36% reduce 0%
13/06/01 17:27:26 INFO mapred.JobClient:  map 37% reduce 0%
13/06/01 17:29:00 INFO mapred.JobClient:  map 38% reduce 0%
13/06/01 17:31:21 INFO mapred.JobClient:  map 39% reduce 0%
13/06/01 17:32:21 INFO mapred.JobClient:  map 40% reduce 0%
13/06/01 17:35:35 INFO mapred.JobClient:  map 41% reduce 0%
13/06/01 17:44:03 INFO mapred.JobClient:  map 42% reduce 0%
13/06/01 18:01:29 INFO mapred.JobClient:  map 43% reduce 0%
13/06/01 18:20:04 INFO mapred.JobClient:  map 44% reduce 0%
13/06/01 18:26:47 INFO mapred.JobClient:  map 45% reduce 0%
13/06/01 18:29:17 INFO mapred.JobClient:  map 46% reduce 0%
13/06/01 18:31:02 INFO mapred.JobClient:  map 47% reduce 0%
13/06/01 18:33:01 INFO mapred.JobClient:  map 48% reduce 0%
13/06/01 18:35:44 INFO mapred.JobClient:  map 49% reduce 0%
13/06/01 18:37:34 INFO mapred.JobClient:  map 50% reduce 0%
13/06/01 18:41:27 INFO mapred.JobClient:  map 51% reduce 0%
13/06/01 18:45:20 INFO security.UserGroupInformation: Initiating logout for s117449@ALLEY.SARA.NL
13/06/01 18:45:20 INFO security.UserGroupInformation: Initiating re-login for s117449@ALLEY.SARA.NL
13/06/01 18:47:19 INFO mapred.JobClient:  map 52% reduce 0%
13/06/01 18:56:26 INFO mapred.JobClient:  map 53% reduce 0%
13/06/01 19:12:01 INFO mapred.JobClient:  map 54% reduce 0%
13/06/01 19:25:52 INFO mapred.JobClient:  map 55% reduce 0%
13/06/01 19:31:00 INFO mapred.JobClient:  map 56% reduce 0%
13/06/01 19:33:35 INFO mapred.JobClient:  map 57% reduce 0%
13/06/01 19:35:42 INFO mapred.JobClient:  map 58% reduce 0%
13/06/01 19:37:38 INFO mapred.JobClient:  map 59% reduce 0%
13/06/01 19:41:07 INFO mapred.JobClient:  map 60% reduce 0%
13/06/01 19:43:39 INFO mapred.JobClient:  map 61% reduce 0%
13/06/01 19:49:10 INFO mapred.JobClient:  map 62% reduce 0%
13/06/01 19:58:23 INFO mapred.JobClient:  map 63% reduce 0%
13/06/01 20:05:57 INFO mapred.JobClient:  map 64% reduce 0%
13/06/01 20:25:48 INFO mapred.JobClient:  map 65% reduce 0%
13/06/01 20:31:31 INFO mapred.JobClient:  map 66% reduce 0%
13/06/01 20:33:26 INFO mapred.JobClient:  map 67% reduce 0%
13/06/01 20:36:32 INFO mapred.JobClient:  map 68% reduce 0%
13/06/01 20:38:25 INFO mapred.JobClient:  map 69% reduce 0%
13/06/01 20:41:17 INFO mapred.JobClient:  map 70% reduce 0%
13/06/01 20:43:25 INFO mapred.JobClient:  map 71% reduce 0%
13/06/01 20:47:42 INFO mapred.JobClient:  map 72% reduce 0%
13/06/01 20:53:32 INFO mapred.JobClient:  map 73% reduce 0%
13/06/01 21:02:35 INFO mapred.JobClient:  map 74% reduce 0%
13/06/01 21:15:54 INFO mapred.JobClient:  map 75% reduce 0%
13/06/01 21:25:46 INFO mapred.JobClient:  map 76% reduce 0%
13/06/01 21:33:22 INFO mapred.JobClient:  map 77% reduce 0%
13/06/01 21:35:37 INFO mapred.JobClient:  map 78% reduce 0%
13/06/01 21:38:11 INFO mapred.JobClient:  map 79% reduce 0%
13/06/01 21:40:15 INFO mapred.JobClient:  map 80% reduce 0%
13/06/01 21:43:39 INFO mapred.JobClient:  map 81% reduce 0%
13/06/01 21:47:46 INFO mapred.JobClient:  map 82% reduce 0%
13/06/01 21:55:02 INFO mapred.JobClient:  map 83% reduce 0%
13/06/01 22:06:13 INFO mapred.JobClient:  map 84% reduce 0%
13/06/01 22:19:22 INFO mapred.JobClient:  map 85% reduce 0%
13/06/01 22:25:40 INFO mapred.JobClient:  map 86% reduce 0%
13/06/01 22:35:38 INFO mapred.JobClient:  map 87% reduce 0%
13/06/01 22:41:18 INFO mapred.JobClient:  map 88% reduce 0%
13/06/01 22:44:27 INFO mapred.JobClient:  map 89% reduce 0%
13/06/01 22:47:45 INFO mapred.JobClient:  map 90% reduce 0%
13/06/01 22:56:30 INFO mapred.JobClient:  map 91% reduce 0%
13/06/01 23:03:22 INFO mapred.JobClient:  map 92% reduce 0%
13/06/01 23:21:56 INFO mapred.JobClient:  map 93% reduce 0%
13/06/01 23:40:00 INFO mapred.JobClient:  map 94% reduce 0%
13/06/01 23:53:14 INFO mapred.JobClient:  map 95% reduce 0%
13/06/02 00:05:18 INFO mapred.JobClient:  map 96% reduce 0%
13/06/02 00:25:12 INFO mapred.JobClient:  map 97% reduce 0%
13/06/02 01:16:31 INFO mapred.JobClient:  map 98% reduce 0%
13/06/02 01:49:07 INFO mapred.JobClient:  map 99% reduce 0%
13/06/02 02:38:37 INFO mapred.JobClient:  map 99% reduce 30%
13/06/02 03:45:40 INFO mapred.JobClient:  map 99% reduce 31%
13/06/02 05:41:05 INFO mapred.JobClient:  map 99% reduce 32%
13/06/02 05:58:52 INFO mapred.JobClient:  map 100% reduce 32%
13/06/02 07:16:07 INFO mapred.JobClient:  map 100% reduce 33%
13/06/02 07:16:10 INFO mapred.JobClient:  map 100% reduce 66%
13/06/02 07:16:30 INFO mapred.JobClient:  map 100% reduce 100%
13/06/02 07:16:30 INFO mapred.JobClient: Job complete: job_201305151711_12523
13/06/02 07:16:31 INFO mapred.JobClient: Counters: 34
13/06/02 07:16:31 INFO mapred.JobClient:   Job Counters 
13/06/02 07:16:31 INFO mapred.JobClient:     Launched reduce tasks=1
13/06/02 07:16:31 INFO mapred.JobClient:     SLOTS_MILLIS_MAPS=3810985924
13/06/02 07:16:31 INFO mapred.JobClient:     Total time spent by all reduces waiting after reserving slots (ms)=0
13/06/02 07:16:31 INFO mapred.JobClient:     Total time spent by all maps waiting after reserving slots (ms)=0
13/06/02 07:16:31 INFO mapred.JobClient:     Rack-local map tasks=72
13/06/02 07:16:31 INFO mapred.JobClient:     Launched map tasks=102
13/06/02 07:16:31 INFO mapred.JobClient:     Data-local map tasks=5
13/06/02 07:16:31 INFO mapred.JobClient:     SLOTS_MILLIS_REDUCES=16690589
13/06/02 07:16:31 INFO mapred.JobClient:   edu.tue.cs.capa.util.DpsCounters
13/06/02 07:16:31 INFO mapred.JobClient:     RECORD_TUPLES=8791440660
13/06/02 07:16:31 INFO mapred.JobClient:     SUCC_SAMPLE_TIMES=1175510
13/06/02 07:16:31 INFO mapred.JobClient:     OVERFLOWED_TIMES=48760
13/06/02 07:16:31 INFO mapred.JobClient:     SUCC_DRY_RUN_TIMES=1177793
13/06/02 07:16:31 INFO mapred.JobClient:     SKIPPED_TUPLES=8790584016
13/06/02 07:16:31 INFO mapred.JobClient:     TOTAL_DRY_RUN_TIMES=4395720330000
13/06/02 07:16:31 INFO mapred.JobClient:   FileSystemCounters
13/06/02 07:16:31 INFO mapred.JobClient:     FILE_BYTES_READ=1441163
13/06/02 07:16:31 INFO mapred.JobClient:     HDFS_BYTES_READ=9668216681
13/06/02 07:16:31 INFO mapred.JobClient:     FILE_BYTES_WRITTEN=9018844
13/06/02 07:16:31 INFO mapred.JobClient:     HDFS_BYTES_WRITTEN=155871
13/06/02 07:16:31 INFO mapred.JobClient:   Map-Reduce Framework
13/06/02 07:16:31 INFO mapred.JobClient:     Map input records=930
13/06/02 07:16:31 INFO mapred.JobClient:     Reduce shuffle bytes=1440534
13/06/02 07:16:31 INFO mapred.JobClient:     Spilled Records=100000
13/06/02 07:16:31 INFO mapred.JobClient:     Map output bytes=14679441
13/06/02 07:16:31 INFO mapred.JobClient:     CPU time spent (ms)=3681601420
13/06/02 07:16:31 INFO mapred.JobClient:     Total committed heap usage (bytes)=73437872128
13/06/02 07:16:31 INFO mapred.JobClient:     Map input bytes=474200
13/06/02 07:16:31 INFO mapred.JobClient:     Combine input records=0
13/06/02 07:16:31 INFO mapred.JobClient:     SPLIT_RAW_BYTES=16400
13/06/02 07:16:31 INFO mapred.JobClient:     Reduce input records=500
13/06/02 07:16:31 INFO mapred.JobClient:     Reduce input groups=532
13/06/02 07:16:31 INFO mapred.JobClient:     Combine output records=0
13/06/02 07:16:31 INFO mapred.JobClient:     Physical memory (bytes) snapshot=44037160960
13/06/02 07:16:31 INFO mapred.JobClient:     Reduce output records=500
13/06/02 07:16:31 INFO mapred.JobClient:     Virtual memory (bytes) snapshot=271070240768
13/06/02 07:16:31 INFO mapred.JobClient:     Map output records=50000
Job ended: Sun Jun 02 07:16:31 CEST 2013
The job took 61260.043 seconds.
Sample=500, Mapper=100, RUN=2\n
DistributedPatternSampling (scale-sample, disc, startpagina-20120814, sample500, mapper100)
	Input paths: 
			hdfs://p-head03.alley.sara.nl:8020/user/s117449/startpagina/startpagina-20120814-parsed-1/split-0.9999/negative
	Output path: 
			hdfs://p-head03.alley.sara.nl:8020/user/s117449/startpagina/startpagina-20120814-parsed-1/split-0.9999/output/disc-sample500-mapper100-2
	Sample:	500
	Mappers: 100
	Reducers: 1
	Configurations: 
			Right dataset path: /user/s117449/startpagina/startpagina-20120814-parsed-1/split-0.9999/positive-expanded/positive-expanded-2390
			Length of lines in the right dataset: 2390
			Maiximum record length: 50
			Minimum Pattern length: 0
Job started: Sun Jun 02 07:16:36 CEST 2013
13/06/02 07:16:37 INFO hdfs.DFSClient: Created HDFS_DELEGATION_TOKEN token 193250 for s117449 on 145.100.41.4:8020
13/06/02 07:16:37 INFO security.TokenCache: Got dt for hdfs://p-head03.alley.sara.nl:8020/tmp/hadoop-mapred/mapred/staging/s117449/.staging/job_201305151711_12884;uri=145.100.41.4:8020;t.service=145.100.41.4:8020
13/06/02 07:16:37 WARN snappy.LoadSnappy: Snappy native library is available
13/06/02 07:16:37 INFO util.NativeCodeLoader: Loaded the native-hadoop library
13/06/02 07:16:37 INFO snappy.LoadSnappy: Snappy native library loaded
13/06/02 07:16:38 INFO mapred.FileInputFormat: Total input paths to process : 1
13/06/02 07:16:40 INFO mapred.JobClient: Running job: job_201305151711_12884
13/06/02 07:16:42 INFO mapred.JobClient:  map 0% reduce 0%
13/06/02 07:18:03 INFO mapred.JobClient:  map 1% reduce 0%
13/06/02 07:20:18 INFO mapred.JobClient:  map 2% reduce 0%
13/06/02 07:21:01 INFO mapred.JobClient:  map 3% reduce 0%
13/06/02 07:23:28 INFO mapred.JobClient:  map 4% reduce 0%
13/06/02 07:24:10 INFO mapred.JobClient:  map 5% reduce 0%
13/06/02 07:25:54 INFO mapred.JobClient:  map 6% reduce 0%
13/06/02 07:27:41 INFO mapred.JobClient:  map 7% reduce 0%
13/06/02 07:28:34 INFO mapred.JobClient:  map 8% reduce 0%
13/06/02 07:28:44 INFO mapred.JobClient:  map 9% reduce 0%
13/06/02 07:30:03 INFO mapred.JobClient:  map 10% reduce 0%
13/06/02 07:32:37 INFO mapred.JobClient:  map 11% reduce 0%
13/06/02 08:24:02 INFO mapred.JobClient:  map 12% reduce 0%
13/06/02 08:26:05 INFO mapred.JobClient:  map 13% reduce 0%
13/06/02 08:27:19 INFO mapred.JobClient:  map 14% reduce 0%
13/06/02 08:30:41 INFO mapred.JobClient:  map 15% reduce 0%
13/06/02 08:34:15 INFO mapred.JobClient:  map 16% reduce 0%
13/06/02 08:35:20 INFO mapred.JobClient:  map 17% reduce 0%
13/06/02 08:37:02 INFO mapred.JobClient:  map 18% reduce 0%
13/06/02 08:38:30 INFO mapred.JobClient:  map 19% reduce 0%
13/06/02 08:41:24 INFO mapred.JobClient:  map 20% reduce 0%
13/06/02 08:46:57 INFO mapred.JobClient:  map 21% reduce 0%
13/06/02 09:02:09 INFO mapred.JobClient:  map 22% reduce 0%
13/06/02 09:25:33 INFO mapred.JobClient:  map 23% reduce 0%
13/06/02 09:27:28 INFO mapred.JobClient:  map 24% reduce 0%
13/06/02 09:29:58 INFO mapred.JobClient:  map 25% reduce 0%
13/06/02 09:32:54 INFO mapred.JobClient:  map 26% reduce 0%
13/06/02 09:36:08 INFO mapred.JobClient:  map 27% reduce 0%
13/06/02 09:37:44 INFO mapred.JobClient:  map 28% reduce 0%
13/06/02 09:40:22 INFO mapred.JobClient:  map 29% reduce 0%
13/06/02 09:41:47 INFO mapred.JobClient:  map 30% reduce 0%
13/06/02 09:44:55 INFO mapred.JobClient:  map 31% reduce 0%
13/06/02 09:56:23 INFO mapred.JobClient:  map 32% reduce 0%
13/06/02 10:25:38 INFO mapred.JobClient:  map 33% reduce 0%
13/06/02 10:28:28 INFO mapred.JobClient:  map 34% reduce 0%
13/06/02 10:32:22 INFO mapred.JobClient:  map 35% reduce 0%
13/06/02 10:35:41 INFO mapred.JobClient:  map 36% reduce 0%
13/06/02 10:36:56 INFO mapred.JobClient:  map 37% reduce 0%
13/06/02 10:39:47 INFO mapred.JobClient:  map 38% reduce 0%
13/06/02 10:42:10 INFO mapred.JobClient:  map 39% reduce 0%
13/06/02 10:45:52 INFO mapred.JobClient:  map 40% reduce 0%
13/06/02 10:48:30 INFO mapred.JobClient:  map 41% reduce 0%
13/06/02 10:50:11 INFO mapred.JobClient:  map 42% reduce 0%
13/06/02 11:02:54 INFO mapred.JobClient:  map 43% reduce 0%
13/06/02 11:26:47 INFO mapred.JobClient:  map 44% reduce 0%
13/06/02 11:32:05 INFO mapred.JobClient:  map 45% reduce 0%
13/06/02 11:38:25 INFO mapred.JobClient:  map 46% reduce 0%
13/06/02 11:40:52 INFO mapred.JobClient:  map 47% reduce 0%
13/06/02 11:42:11 INFO mapred.JobClient:  map 48% reduce 0%
13/06/02 11:44:28 INFO mapred.JobClient:  map 49% reduce 0%
13/06/02 11:47:54 INFO mapred.JobClient:  map 50% reduce 0%
13/06/02 11:52:13 INFO mapred.JobClient:  map 51% reduce 0%
13/06/02 11:59:32 INFO mapred.JobClient:  map 52% reduce 0%
13/06/02 12:10:31 INFO mapred.JobClient:  map 53% reduce 0%
13/06/02 12:16:35 INFO mapred.JobClient:  map 54% reduce 0%
13/06/02 12:30:37 INFO mapred.JobClient:  map 55% reduce 0%
13/06/02 12:36:43 INFO mapred.JobClient:  map 56% reduce 0%
13/06/02 12:41:47 INFO mapred.JobClient:  map 57% reduce 0%
13/06/02 12:44:56 INFO mapred.JobClient:  map 58% reduce 0%
13/06/02 12:48:08 INFO mapred.JobClient:  map 59% reduce 0%
13/06/02 12:52:03 INFO mapred.JobClient:  map 60% reduce 0%
13/06/02 12:56:30 INFO mapred.JobClient:  map 61% reduce 0%
13/06/02 13:00:53 INFO mapred.JobClient:  map 62% reduce 0%
13/06/02 13:07:18 INFO mapred.JobClient:  map 63% reduce 0%
13/06/02 13:17:57 INFO mapred.JobClient:  map 64% reduce 0%
13/06/02 13:30:51 INFO mapred.JobClient:  map 65% reduce 0%
13/06/02 13:34:29 INFO mapred.JobClient:  map 66% reduce 0%
13/06/02 13:41:36 INFO mapred.JobClient:  map 67% reduce 0%
13/06/02 13:48:21 INFO mapred.JobClient:  map 68% reduce 0%
13/06/02 13:51:24 INFO mapred.JobClient:  map 69% reduce 0%
13/06/02 13:54:44 INFO mapred.JobClient:  map 70% reduce 0%
13/06/02 13:57:20 INFO security.UserGroupInformation: Initiating logout for s117449@ALLEY.SARA.NL
13/06/02 13:57:20 INFO security.UserGroupInformation: Initiating re-login for s117449@ALLEY.SARA.NL
13/06/02 14:00:35 INFO mapred.JobClient:  map 71% reduce 0%
13/06/02 14:04:49 INFO mapred.JobClient:  map 72% reduce 0%
13/06/02 14:12:36 INFO mapred.JobClient:  map 73% reduce 0%
13/06/02 14:21:53 INFO mapred.JobClient:  map 74% reduce 0%
13/06/02 14:27:15 INFO mapred.JobClient:  map 75% reduce 0%
13/06/02 14:34:07 INFO mapred.JobClient:  map 76% reduce 0%
13/06/02 14:38:24 INFO mapred.JobClient:  map 77% reduce 0%
13/06/02 14:47:09 INFO mapred.JobClient:  map 78% reduce 0%
13/06/02 14:51:24 INFO mapred.JobClient:  map 79% reduce 0%
13/06/02 14:53:54 INFO mapred.JobClient:  map 80% reduce 0%
13/06/02 14:58:30 INFO mapred.JobClient:  map 81% reduce 0%
13/06/02 15:02:36 INFO mapred.JobClient:  map 82% reduce 0%
13/06/02 15:07:34 INFO mapred.JobClient:  map 83% reduce 0%
13/06/02 15:17:31 INFO mapred.JobClient:  map 84% reduce 0%
13/06/02 15:26:31 INFO mapred.JobClient:  map 85% reduce 0%
13/06/02 15:34:50 INFO mapred.JobClient:  map 86% reduce 0%
13/06/02 15:43:22 INFO mapred.JobClient:  map 87% reduce 0%
13/06/02 15:50:48 INFO mapred.JobClient:  map 88% reduce 0%
13/06/02 15:56:05 INFO mapred.JobClient:  map 89% reduce 0%
13/06/02 15:59:29 INFO mapred.JobClient:  map 90% reduce 0%
13/06/02 16:07:24 INFO mapred.JobClient:  map 91% reduce 0%
13/06/02 16:22:45 INFO mapred.JobClient:  map 92% reduce 0%
13/06/02 16:37:35 INFO mapred.JobClient:  map 93% reduce 0%
13/06/02 16:45:34 INFO mapred.JobClient:  map 94% reduce 0%
13/06/02 17:05:38 INFO mapred.JobClient:  map 95% reduce 0%
13/06/02 17:26:25 INFO mapred.JobClient:  map 96% reduce 0%
13/06/02 17:53:20 INFO mapred.JobClient:  map 97% reduce 0%
13/06/02 18:27:10 INFO mapred.JobClient:  map 98% reduce 0%
13/06/02 19:32:17 INFO mapred.JobClient:  map 99% reduce 0%
13/06/02 21:08:17 INFO mapred.JobClient:  map 99% reduce 15%
13/06/02 21:08:20 INFO mapred.JobClient:  map 99% reduce 30%
13/06/02 22:06:54 INFO mapred.JobClient:  map 99% reduce 31%
13/06/02 22:43:36 INFO mapred.JobClient:  map 100% reduce 31%
13/06/02 23:19:00 INFO mapred.JobClient:  map 100% reduce 32%
13/06/03 00:10:03 INFO mapred.JobClient:  map 100% reduce 66%
13/06/03 00:10:30 INFO mapred.JobClient:  map 100% reduce 100%
13/06/03 00:10:33 INFO mapred.JobClient: Job complete: job_201305151711_12884
13/06/03 00:10:33 INFO mapred.JobClient: Counters: 34
13/06/03 00:10:33 INFO mapred.JobClient:   Job Counters 
13/06/03 00:10:33 INFO mapred.JobClient:     Launched reduce tasks=1
13/06/03 00:10:33 INFO mapred.JobClient:     SLOTS_MILLIS_MAPS=3918945438
13/06/03 00:10:33 INFO mapred.JobClient:     Total time spent by all reduces waiting after reserving slots (ms)=0
13/06/03 00:10:33 INFO mapred.JobClient:     Total time spent by all maps waiting after reserving slots (ms)=0
13/06/03 00:10:33 INFO mapred.JobClient:     Rack-local map tasks=70
13/06/03 00:10:33 INFO mapred.JobClient:     Launched map tasks=100
13/06/03 00:10:33 INFO mapred.JobClient:     Data-local map tasks=5
13/06/03 00:10:33 INFO mapred.JobClient:     SLOTS_MILLIS_REDUCES=10945865
13/06/03 00:10:33 INFO mapred.JobClient:   edu.tue.cs.capa.util.DpsCounters
13/06/03 00:10:33 INFO mapred.JobClient:     RECORD_TUPLES=8791440660
13/06/03 00:10:33 INFO mapred.JobClient:     SUCC_SAMPLE_TIMES=1176241
13/06/03 00:10:33 INFO mapred.JobClient:     OVERFLOWED_TIMES=48782
13/06/03 00:10:33 INFO mapred.JobClient:     SUCC_DRY_RUN_TIMES=1178671
13/06/03 00:10:33 INFO mapred.JobClient:     SKIPPED_TUPLES=8790582381
13/06/03 00:10:33 INFO mapred.JobClient:     TOTAL_DRY_RUN_TIMES=4395720330000
13/06/03 00:10:33 INFO mapred.JobClient:   FileSystemCounters
13/06/03 00:10:33 INFO mapred.JobClient:     FILE_BYTES_READ=1441197
13/06/03 00:10:33 INFO mapred.JobClient:     HDFS_BYTES_READ=9675363199
13/06/03 00:10:33 INFO mapred.JobClient:     FILE_BYTES_WRITTEN=9019261
13/06/03 00:10:33 INFO mapred.JobClient:     HDFS_BYTES_WRITTEN=155812
13/06/03 00:10:33 INFO mapred.JobClient:   Map-Reduce Framework
13/06/03 00:10:33 INFO mapred.JobClient:     Map input records=930
13/06/03 00:10:33 INFO mapred.JobClient:     Reduce shuffle bytes=1440917
13/06/03 00:10:33 INFO mapred.JobClient:     Spilled Records=100000
13/06/03 00:10:33 INFO mapred.JobClient:     Map output bytes=14679504
13/06/03 00:10:33 INFO mapred.JobClient:     CPU time spent (ms)=3702225130
13/06/03 00:10:33 INFO mapred.JobClient:     Total committed heap usage (bytes)=73882730496
13/06/03 00:10:33 INFO mapred.JobClient:     Map input bytes=474200
13/06/03 00:10:33 INFO mapred.JobClient:     Combine input records=0
13/06/03 00:10:33 INFO mapred.JobClient:     SPLIT_RAW_BYTES=16400
13/06/03 00:10:33 INFO mapred.JobClient:     Reduce input records=500
13/06/03 00:10:33 INFO mapred.JobClient:     Reduce input groups=538
13/06/03 00:10:33 INFO mapred.JobClient:     Combine output records=0
13/06/03 00:10:33 INFO mapred.JobClient:     Physical memory (bytes) snapshot=40339091456
13/06/03 00:10:33 INFO mapred.JobClient:     Reduce output records=500
13/06/03 00:10:33 INFO mapred.JobClient:     Virtual memory (bytes) snapshot=271032737792
13/06/03 00:10:33 INFO mapred.JobClient:     Map output records=50000
Job ended: Mon Jun 03 00:10:33 CEST 2013
The job took 60836.984 seconds.
Sample=500, Mapper=100, RUN=3\n
DistributedPatternSampling (scale-sample, disc, startpagina-20120814, sample500, mapper100)
	Input paths: 
			hdfs://p-head03.alley.sara.nl:8020/user/s117449/startpagina/startpagina-20120814-parsed-1/split-0.9999/negative
	Output path: 
			hdfs://p-head03.alley.sara.nl:8020/user/s117449/startpagina/startpagina-20120814-parsed-1/split-0.9999/output/disc-sample500-mapper100-3
	Sample:	500
	Mappers: 100
	Reducers: 1
	Configurations: 
			Right dataset path: /user/s117449/startpagina/startpagina-20120814-parsed-1/split-0.9999/positive-expanded/positive-expanded-2390
			Length of lines in the right dataset: 2390
			Maiximum record length: 50
			Minimum Pattern length: 0
Job started: Mon Jun 03 00:10:38 CEST 2013
13/06/03 00:10:39 INFO hdfs.DFSClient: Created HDFS_DELEGATION_TOKEN token 193720 for s117449 on 145.100.41.4:8020
13/06/03 00:10:39 INFO security.TokenCache: Got dt for hdfs://p-head03.alley.sara.nl:8020/tmp/hadoop-mapred/mapred/staging/s117449/.staging/job_201305151711_13311;uri=145.100.41.4:8020;t.service=145.100.41.4:8020
13/06/03 00:10:39 WARN snappy.LoadSnappy: Snappy native library is available
13/06/03 00:10:39 INFO util.NativeCodeLoader: Loaded the native-hadoop library
13/06/03 00:10:39 INFO snappy.LoadSnappy: Snappy native library loaded
13/06/03 00:10:39 INFO mapred.FileInputFormat: Total input paths to process : 1
13/06/03 00:10:41 INFO mapred.JobClient: Running job: job_201305151711_13311
13/06/03 00:10:42 INFO mapred.JobClient:  map 0% reduce 0%
13/06/03 00:23:35 INFO mapred.JobClient:  map 1% reduce 0%
13/06/03 00:23:36 INFO mapred.JobClient:  map 2% reduce 0%
13/06/03 00:23:38 INFO mapred.JobClient:  map 3% reduce 0%
13/06/03 00:23:39 INFO mapred.JobClient:  map 4% reduce 0%
13/06/03 00:23:40 INFO mapred.JobClient:  map 5% reduce 0%
13/06/03 00:23:42 INFO mapred.JobClient:  map 6% reduce 0%
13/06/03 00:23:43 INFO mapred.JobClient:  map 7% reduce 0%
13/06/03 00:23:44 INFO mapred.JobClient:  map 8% reduce 0%
13/06/03 00:23:45 INFO mapred.JobClient:  map 9% reduce 0%
13/06/03 00:23:47 INFO mapred.JobClient:  map 10% reduce 0%
13/06/03 00:24:00 INFO mapred.JobClient:  map 11% reduce 0%
13/06/03 01:29:24 INFO mapred.JobClient:  map 12% reduce 0%
13/06/03 01:29:51 INFO mapred.JobClient:  map 13% reduce 0%
13/06/03 01:30:25 INFO mapred.JobClient:  map 14% reduce 0%
13/06/03 01:30:31 INFO mapred.JobClient:  map 15% reduce 0%
13/06/03 01:30:55 INFO mapred.JobClient:  map 16% reduce 0%
13/06/03 01:31:24 INFO mapred.JobClient:  map 17% reduce 0%
13/06/03 01:31:44 INFO mapred.JobClient:  map 18% reduce 0%
13/06/03 01:33:36 INFO mapred.JobClient:  map 19% reduce 0%
13/06/03 01:49:28 INFO mapred.JobClient:  map 20% reduce 0%
13/06/03 01:56:46 INFO mapred.JobClient:  map 21% reduce 0%
13/06/03 02:06:12 INFO mapred.JobClient:  map 22% reduce 0%
13/06/03 02:30:24 INFO mapred.JobClient:  map 23% reduce 0%
13/06/03 02:31:52 INFO mapred.JobClient:  map 24% reduce 0%
13/06/03 02:33:06 INFO mapred.JobClient:  map 25% reduce 0%
13/06/03 02:34:28 INFO mapred.JobClient:  map 26% reduce 0%
13/06/03 02:35:39 INFO mapred.JobClient:  map 27% reduce 0%
13/06/03 02:36:46 INFO mapred.JobClient:  map 28% reduce 0%
13/06/03 02:38:01 INFO mapred.JobClient:  map 29% reduce 0%
13/06/03 02:40:46 INFO mapred.JobClient:  map 30% reduce 0%
13/06/03 02:52:35 INFO mapred.JobClient:  map 31% reduce 0%
13/06/03 03:21:38 INFO mapred.JobClient:  map 32% reduce 0%
13/06/03 03:29:31 INFO mapred.JobClient:  map 33% reduce 0%
13/06/03 03:33:26 INFO mapred.JobClient:  map 34% reduce 0%
13/06/03 03:34:39 INFO mapred.JobClient:  map 35% reduce 0%
13/06/03 03:37:29 INFO mapred.JobClient:  map 36% reduce 0%
13/06/03 03:38:49 INFO mapred.JobClient:  map 37% reduce 0%
13/06/03 03:39:21 INFO mapred.JobClient:  map 38% reduce 0%
13/06/03 03:41:34 INFO mapred.JobClient:  map 39% reduce 0%
13/06/03 03:43:24 INFO mapred.JobClient:  map 40% reduce 0%
13/06/03 03:46:02 INFO mapred.JobClient:  map 41% reduce 0%
13/06/03 03:52:33 INFO mapred.JobClient:  map 42% reduce 0%
13/06/03 04:28:49 INFO mapred.JobClient:  map 43% reduce 0%
13/06/03 04:33:17 INFO mapred.JobClient:  map 44% reduce 0%
13/06/03 04:35:13 INFO mapred.JobClient:  map 45% reduce 0%
13/06/03 04:38:02 INFO mapred.JobClient:  map 46% reduce 0%
13/06/03 04:40:04 INFO mapred.JobClient:  map 47% reduce 0%
13/06/03 04:41:15 INFO mapred.JobClient:  map 48% reduce 0%
13/06/03 04:42:18 INFO mapred.JobClient:  map 49% reduce 0%
13/06/03 04:45:45 INFO mapred.JobClient:  map 50% reduce 0%
13/06/03 04:48:46 INFO mapred.JobClient:  map 51% reduce 0%
13/06/03 04:51:39 INFO mapred.JobClient:  map 52% reduce 0%
13/06/03 05:17:27 INFO mapred.JobClient:  map 53% reduce 0%
13/06/03 05:28:46 INFO mapred.JobClient:  map 54% reduce 0%
13/06/03 05:33:52 INFO mapred.JobClient:  map 55% reduce 0%
13/06/03 05:36:55 INFO mapred.JobClient:  map 56% reduce 0%
13/06/03 05:38:15 INFO mapred.JobClient:  map 57% reduce 0%
13/06/03 05:41:34 INFO mapred.JobClient:  map 58% reduce 0%
13/06/03 05:42:31 INFO mapred.JobClient:  map 59% reduce 0%
13/06/03 05:44:16 INFO mapred.JobClient:  map 60% reduce 0%
13/06/03 05:47:07 INFO mapred.JobClient:  map 61% reduce 0%
13/06/03 05:51:22 INFO mapred.JobClient:  map 62% reduce 0%
13/06/03 06:09:10 INFO mapred.JobClient:  map 63% reduce 0%
13/06/03 06:16:19 INFO mapred.JobClient:  map 64% reduce 0%
13/06/03 06:32:52 INFO mapred.JobClient:  map 65% reduce 0%
13/06/03 06:36:06 INFO mapred.JobClient:  map 66% reduce 0%
13/06/03 06:39:01 INFO mapred.JobClient:  map 67% reduce 0%
13/06/03 06:42:34 INFO mapred.JobClient:  map 68% reduce 0%
13/06/03 06:43:38 INFO mapred.JobClient:  map 69% reduce 0%
13/06/03 06:45:44 INFO mapred.JobClient:  map 70% reduce 0%
13/06/03 06:48:07 INFO mapred.JobClient:  map 71% reduce 0%
13/06/03 06:52:59 INFO mapred.JobClient:  map 72% reduce 0%
13/06/03 06:58:46 INFO mapred.JobClient:  map 73% reduce 0%
13/06/03 07:09:49 INFO mapred.JobClient:  map 74% reduce 0%
13/06/03 07:29:54 INFO mapred.JobClient:  map 75% reduce 0%
13/06/03 07:34:12 INFO mapred.JobClient:  map 76% reduce 0%
13/06/03 07:37:33 INFO mapred.JobClient:  map 77% reduce 0%
13/06/03 07:39:19 INFO mapred.JobClient:  map 78% reduce 0%
13/06/03 07:42:56 INFO mapred.JobClient:  map 79% reduce 0%
13/06/03 07:44:07 INFO mapred.JobClient:  map 80% reduce 0%
13/06/03 07:46:37 INFO mapred.JobClient:  map 81% reduce 0%
13/06/03 07:48:19 INFO mapred.JobClient:  map 82% reduce 0%
13/06/03 07:56:41 INFO mapred.JobClient:  map 83% reduce 0%
13/06/03 08:16:04 INFO mapred.JobClient:  map 84% reduce 0%
13/06/03 08:31:28 INFO mapred.JobClient:  map 85% reduce 0%
13/06/03 08:36:41 INFO mapred.JobClient:  map 86% reduce 0%
13/06/03 08:40:57 INFO mapred.JobClient:  map 87% reduce 0%
13/06/03 08:47:07 INFO mapred.JobClient:  map 88% reduce 0%
13/06/03 08:48:30 INFO mapred.JobClient:  map 89% reduce 0%
13/06/03 08:53:44 INFO mapred.JobClient:  map 90% reduce 0%
13/06/03 09:01:55 INFO mapred.JobClient:  map 91% reduce 0%
13/06/03 09:09:00 INFO mapred.JobClient:  map 92% reduce 0%
13/06/03 09:09:20 INFO security.UserGroupInformation: Initiating logout for s117449@ALLEY.SARA.NL
13/06/03 09:09:20 INFO security.UserGroupInformation: Initiating re-login for s117449@ALLEY.SARA.NL
13/06/03 09:31:41 INFO mapred.JobClient:  map 93% reduce 0%
13/06/03 09:45:04 INFO mapred.JobClient:  map 94% reduce 0%
13/06/03 10:03:53 INFO mapred.JobClient:  map 95% reduce 0%
13/06/03 10:19:02 INFO mapred.JobClient:  map 96% reduce 0%
13/06/03 10:37:28 INFO mapred.JobClient:  map 97% reduce 0%
13/06/03 11:43:33 INFO mapred.JobClient:  map 98% reduce 0%
13/06/03 12:02:01 INFO mapred.JobClient:  map 99% reduce 0%
