nohup: ignoring input
+ set -e
+ for SAMPLE in 200 300 400 500 600 700 800
+ for i in 1 2 3
+ echo 'Sample=200, Mapper=100, RUN=1\n'
Sample=200, Mapper=100, RUN=1\n
+ hadoop jar /home/s117449/test/jars/samplingdriver.jar disc -D 'mapred.job.name=scale-mapper, disc, startpagina-20120814, sample200, mapper100' -D mapred.map.tasks=100 -D dps.right.line.length=2390 /user/s117449/startpagina/startpagina-20120814-parsed-1/split-0.9999/negative /user/s117449/startpagina/startpagina-20120814-parsed-1/split-0.9999/positive-expanded/positive-expanded-2390 /user/s117449/startpagina/startpagina-20120814-parsed-1/split-0.9999/output/disc-sample200-mapper100-1 200
DistributedPatternSampling (scale-mapper, disc, startpagina-20120814, sample200, mapper100)
	Input paths: 
			hdfs://p-head03.alley.sara.nl:8020/user/s117449/startpagina/startpagina-20120814-parsed-1/split-0.9999/negative
	Output path: 
			hdfs://p-head03.alley.sara.nl:8020/user/s117449/startpagina/startpagina-20120814-parsed-1/split-0.9999/output/disc-sample200-mapper100-1
	Sample:	200
	Mappers: 100
	Reducers: 1
	Configurations: 
			Right dataset path: /user/s117449/startpagina/startpagina-20120814-parsed-1/split-0.9999/positive-expanded/positive-expanded-2390
			Length of lines in the right dataset: 2390
			Maiximum record length: 50
			Minimum Pattern length: 0
Job started: Sat May 25 13:06:25 CEST 2013
13/05/25 13:06:26 INFO hdfs.DFSClient: Created HDFS_DELEGATION_TOKEN token 186187 for s117449 on 145.100.41.4:8020
13/05/25 13:06:26 INFO security.TokenCache: Got dt for hdfs://p-head03.alley.sara.nl:8020/tmp/hadoop-mapred/mapred/staging/s117449/.staging/job_201305151711_6517;uri=145.100.41.4:8020;t.service=145.100.41.4:8020
13/05/25 13:06:26 WARN snappy.LoadSnappy: Snappy native library is available
13/05/25 13:06:26 INFO util.NativeCodeLoader: Loaded the native-hadoop library
13/05/25 13:06:26 INFO snappy.LoadSnappy: Snappy native library loaded
13/05/25 13:06:26 INFO mapred.FileInputFormat: Total input paths to process : 1
13/05/25 13:06:28 INFO mapred.JobClient: Running job: job_201305151711_6517
13/05/25 13:06:30 INFO mapred.JobClient:  map 0% reduce 0%
13/05/25 13:06:49 INFO mapred.JobClient:  map 1% reduce 0%
13/05/25 13:06:51 INFO mapred.JobClient:  map 2% reduce 0%
13/05/25 13:06:52 INFO mapred.JobClient:  map 3% reduce 0%
13/05/25 13:06:53 INFO mapred.JobClient:  map 4% reduce 0%
13/05/25 13:06:54 INFO mapred.JobClient:  map 5% reduce 0%
13/05/25 13:06:58 INFO mapred.JobClient:  map 6% reduce 0%
13/05/25 13:07:00 INFO mapred.JobClient:  map 7% reduce 0%
13/05/25 13:07:02 INFO mapred.JobClient:  map 9% reduce 0%
13/05/25 13:07:05 INFO mapred.JobClient:  map 10% reduce 0%
13/05/25 13:07:10 INFO mapred.JobClient:  map 11% reduce 0%
13/05/25 13:31:04 INFO mapred.JobClient:  map 12% reduce 0%
13/05/25 13:31:11 INFO mapred.JobClient:  map 13% reduce 0%
13/05/25 13:31:14 INFO mapred.JobClient:  map 14% reduce 0%
13/05/25 13:31:19 INFO mapred.JobClient:  map 15% reduce 0%
13/05/25 13:31:22 INFO mapred.JobClient:  map 16% reduce 0%
13/05/25 13:31:26 INFO mapred.JobClient:  map 17% reduce 0%
13/05/25 13:31:31 INFO mapred.JobClient:  map 18% reduce 0%
13/05/25 13:31:36 INFO mapred.JobClient:  map 19% reduce 0%
13/05/25 13:31:47 INFO mapred.JobClient:  map 20% reduce 0%
13/05/25 13:31:56 INFO mapred.JobClient:  map 21% reduce 0%
13/05/25 13:32:14 INFO mapred.JobClient:  map 22% reduce 0%
13/05/25 13:53:48 INFO mapred.JobClient:  map 23% reduce 0%
13/05/25 13:54:06 INFO mapred.JobClient:  map 24% reduce 0%
13/05/25 13:54:25 INFO mapred.JobClient:  map 25% reduce 0%
13/05/25 13:54:35 INFO mapred.JobClient:  map 26% reduce 0%
13/05/25 13:54:42 INFO mapred.JobClient:  map 27% reduce 0%
13/05/25 13:54:49 INFO mapred.JobClient:  map 28% reduce 0%
13/05/25 13:55:05 INFO mapred.JobClient:  map 29% reduce 0%
13/05/25 13:55:32 INFO mapred.JobClient:  map 30% reduce 0%
13/05/25 13:55:57 INFO mapred.JobClient:  map 31% reduce 0%
13/05/25 13:56:23 INFO mapred.JobClient:  map 32% reduce 0%
13/05/25 13:56:41 INFO mapred.JobClient:  map 33% reduce 0%
13/05/25 14:15:51 INFO mapred.JobClient:  map 34% reduce 0%
13/05/25 14:17:08 INFO mapred.JobClient:  map 35% reduce 0%
13/05/25 14:17:21 INFO mapred.JobClient:  map 36% reduce 0%
13/05/25 14:17:35 INFO mapred.JobClient:  map 37% reduce 0%
13/05/25 14:17:49 INFO mapred.JobClient:  map 38% reduce 0%
13/05/25 14:18:04 INFO mapred.JobClient:  map 39% reduce 0%
13/05/25 14:18:20 INFO mapred.JobClient:  map 40% reduce 0%
13/05/25 14:18:47 INFO mapred.JobClient:  map 41% reduce 0%
13/05/25 14:19:09 INFO mapred.JobClient:  map 42% reduce 0%
13/05/25 14:19:25 INFO mapred.JobClient:  map 43% reduce 0%
13/05/25 14:19:39 INFO mapred.JobClient:  map 44% reduce 0%
13/05/25 14:22:15 INFO mapred.JobClient:  map 45% reduce 0%
13/05/25 14:39:34 INFO mapred.JobClient:  map 46% reduce 0%
13/05/25 14:39:59 INFO mapred.JobClient:  map 47% reduce 0%
13/05/25 14:40:24 INFO mapred.JobClient:  map 48% reduce 0%
13/05/25 14:40:36 INFO mapred.JobClient:  map 49% reduce 0%
13/05/25 14:41:05 INFO mapred.JobClient:  map 50% reduce 0%
13/05/25 14:41:25 INFO mapred.JobClient:  map 51% reduce 0%
13/05/25 14:41:45 INFO mapred.JobClient:  map 52% reduce 0%
13/05/25 14:42:11 INFO mapred.JobClient:  map 53% reduce 0%
13/05/25 14:42:32 INFO mapred.JobClient:  map 54% reduce 0%
13/05/25 14:42:58 INFO mapred.JobClient:  map 55% reduce 0%
13/05/25 14:44:32 INFO mapred.JobClient:  map 56% reduce 0%
13/05/25 15:01:22 INFO mapred.JobClient:  map 57% reduce 0%
13/05/25 15:02:21 INFO mapred.JobClient:  map 58% reduce 0%
13/05/25 15:02:52 INFO mapred.JobClient:  map 59% reduce 0%
13/05/25 15:03:10 INFO mapred.JobClient:  map 60% reduce 0%
13/05/25 15:03:38 INFO mapred.JobClient:  map 61% reduce 0%
13/05/25 15:04:06 INFO mapred.JobClient:  map 62% reduce 0%
13/05/25 15:04:20 INFO mapred.JobClient:  map 63% reduce 0%
13/05/25 15:04:50 INFO mapred.JobClient:  map 64% reduce 0%
13/05/25 15:05:30 INFO mapred.JobClient:  map 65% reduce 0%
13/05/25 15:05:57 INFO mapred.JobClient:  map 66% reduce 0%
13/05/25 15:06:52 INFO mapred.JobClient:  map 67% reduce 0%
13/05/25 15:11:35 INFO mapred.JobClient:  map 68% reduce 0%
13/05/25 15:24:19 INFO mapred.JobClient:  map 69% reduce 0%
13/05/25 15:25:09 INFO mapred.JobClient:  map 70% reduce 0%
13/05/25 15:25:47 INFO mapred.JobClient:  map 71% reduce 0%
13/05/25 15:26:11 INFO mapred.JobClient:  map 72% reduce 0%
13/05/25 15:26:35 INFO mapred.JobClient:  map 73% reduce 0%
13/05/25 15:27:02 INFO mapred.JobClient:  map 74% reduce 0%
13/05/25 15:27:37 INFO mapred.JobClient:  map 75% reduce 0%
13/05/25 15:28:08 INFO mapred.JobClient:  map 76% reduce 0%
13/05/25 15:28:34 INFO mapred.JobClient:  map 77% reduce 0%
13/05/25 15:29:14 INFO mapred.JobClient:  map 78% reduce 0%
13/05/25 15:30:43 INFO mapred.JobClient:  map 79% reduce 0%
13/05/25 15:45:52 INFO mapred.JobClient:  map 80% reduce 0%
13/05/25 15:47:30 INFO mapred.JobClient:  map 81% reduce 0%
13/05/25 15:48:07 INFO mapred.JobClient:  map 82% reduce 0%
13/05/25 15:48:54 INFO mapred.JobClient:  map 83% reduce 0%
13/05/25 15:49:29 INFO mapred.JobClient:  map 84% reduce 0%
13/05/25 15:49:54 INFO mapred.JobClient:  map 85% reduce 0%
13/05/25 15:50:27 INFO mapred.JobClient:  map 86% reduce 0%
13/05/25 15:51:11 INFO mapred.JobClient:  map 87% reduce 0%
13/05/25 15:51:34 INFO mapred.JobClient:  map 88% reduce 0%
13/05/25 15:52:33 INFO mapred.JobClient:  map 89% reduce 0%
13/05/25 15:54:31 INFO mapred.JobClient:  map 90% reduce 0%
13/05/25 16:08:35 INFO mapred.JobClient:  map 91% reduce 0%
13/05/25 16:11:05 INFO mapred.JobClient:  map 92% reduce 0%
13/05/25 16:12:05 INFO mapred.JobClient:  map 93% reduce 0%
13/05/25 16:12:55 INFO mapred.JobClient:  map 94% reduce 0%
13/05/25 16:13:56 INFO mapred.JobClient:  map 95% reduce 0%
13/05/25 16:14:37 INFO mapred.JobClient:  map 96% reduce 0%
13/05/25 16:16:39 INFO mapred.JobClient:  map 97% reduce 0%
13/05/25 16:31:55 INFO mapred.JobClient:  map 98% reduce 0%
13/05/25 16:36:25 INFO mapred.JobClient:  map 99% reduce 0%
13/05/25 17:01:44 INFO mapred.JobClient:  map 99% reduce 30%
13/05/25 17:03:15 INFO mapred.JobClient:  map 99% reduce 31%
13/05/25 17:03:55 INFO mapred.JobClient:  map 99% reduce 32%
13/05/25 17:17:53 INFO mapred.JobClient:  map 100% reduce 32%
13/05/25 17:18:03 INFO mapred.JobClient:  map 100% reduce 100%
13/05/25 17:18:04 INFO mapred.JobClient: Job complete: job_201305151711_6517
13/05/25 17:18:05 INFO mapred.JobClient: Counters: 33
13/05/25 17:18:05 INFO mapred.JobClient:   Job Counters 
13/05/25 17:18:05 INFO mapred.JobClient:     Launched reduce tasks=1
13/05/25 17:18:05 INFO mapred.JobClient:     SLOTS_MILLIS_MAPS=1300492992
13/05/25 17:18:05 INFO mapred.JobClient:     Total time spent by all reduces waiting after reserving slots (ms)=0
13/05/25 17:18:05 INFO mapred.JobClient:     Total time spent by all maps waiting after reserving slots (ms)=0
13/05/25 17:18:05 INFO mapred.JobClient:     Rack-local map tasks=99
13/05/25 17:18:05 INFO mapred.JobClient:     Launched map tasks=100
13/05/25 17:18:05 INFO mapred.JobClient:     SLOTS_MILLIS_REDUCES=986454
13/05/25 17:18:05 INFO mapred.JobClient:   edu.tue.cs.capa.util.DpsCounters
13/05/25 17:18:05 INFO mapred.JobClient:     RECORD_TUPLES=8791440660
13/05/25 17:18:05 INFO mapred.JobClient:     SUCC_SAMPLE_TIMES=471436
13/05/25 17:18:05 INFO mapred.JobClient:     OVERFLOWED_TIMES=19715
13/05/25 17:18:05 INFO mapred.JobClient:     SUCC_DRY_RUN_TIMES=472434
13/05/25 17:18:05 INFO mapred.JobClient:     SKIPPED_TUPLES=8791077482
13/05/25 17:18:05 INFO mapred.JobClient:     TOTAL_DRY_RUN_TIMES=1758288132000
13/05/25 17:18:05 INFO mapred.JobClient:   FileSystemCounters
13/05/25 17:18:05 INFO mapred.JobClient:     FILE_BYTES_READ=583453
13/05/25 17:18:05 INFO mapred.JobClient:     HDFS_BYTES_READ=3884922108
13/05/25 17:18:05 INFO mapred.JobClient:     FILE_BYTES_WRITTEN=7272543
13/05/25 17:18:05 INFO mapred.JobClient:     HDFS_BYTES_WRITTEN=66825
13/05/25 17:18:05 INFO mapred.JobClient:   Map-Reduce Framework
13/05/25 17:18:05 INFO mapred.JobClient:     Map input records=930
13/05/25 17:18:05 INFO mapred.JobClient:     Reduce shuffle bytes=581943
13/05/25 17:18:05 INFO mapred.JobClient:     Spilled Records=40000
13/05/25 17:18:05 INFO mapred.JobClient:     Map output bytes=5871866
13/05/25 17:18:05 INFO mapred.JobClient:     CPU time spent (ms)=1280206070
13/05/25 17:18:05 INFO mapred.JobClient:     Total committed heap usage (bytes)=93257203712
13/05/25 17:18:05 INFO mapred.JobClient:     Map input bytes=474200
13/05/25 17:18:05 INFO mapred.JobClient:     Combine input records=0
13/05/25 17:18:05 INFO mapred.JobClient:     SPLIT_RAW_BYTES=16400
13/05/25 17:18:05 INFO mapred.JobClient:     Reduce input records=200
13/05/25 17:18:05 INFO mapred.JobClient:     Reduce input groups=350
13/05/25 17:18:05 INFO mapred.JobClient:     Combine output records=0
13/05/25 17:18:05 INFO mapred.JobClient:     Physical memory (bytes) snapshot=71490674688
13/05/25 17:18:05 INFO mapred.JobClient:     Reduce output records=200
13/05/25 17:18:05 INFO mapred.JobClient:     Virtual memory (bytes) snapshot=271161110528
13/05/25 17:18:05 INFO mapred.JobClient:     Map output records=20000
Job ended: Sat May 25 17:18:05 CEST 2013
The job took 15099.434 seconds.
+ for i in 1 2 3
+ echo 'Sample=200, Mapper=100, RUN=2\n'
Sample=200, Mapper=100, RUN=2\n
+ hadoop jar /home/s117449/test/jars/samplingdriver.jar disc -D 'mapred.job.name=scale-mapper, disc, startpagina-20120814, sample200, mapper100' -D mapred.map.tasks=100 -D dps.right.line.length=2390 /user/s117449/startpagina/startpagina-20120814-parsed-1/split-0.9999/negative /user/s117449/startpagina/startpagina-20120814-parsed-1/split-0.9999/positive-expanded/positive-expanded-2390 /user/s117449/startpagina/startpagina-20120814-parsed-1/split-0.9999/output/disc-sample200-mapper100-2 200
DistributedPatternSampling (scale-mapper, disc, startpagina-20120814, sample200, mapper100)
	Input paths: 
			hdfs://p-head03.alley.sara.nl:8020/user/s117449/startpagina/startpagina-20120814-parsed-1/split-0.9999/negative
	Output path: 
			hdfs://p-head03.alley.sara.nl:8020/user/s117449/startpagina/startpagina-20120814-parsed-1/split-0.9999/output/disc-sample200-mapper100-2
	Sample:	200
	Mappers: 100
	Reducers: 1
	Configurations: 
			Right dataset path: /user/s117449/startpagina/startpagina-20120814-parsed-1/split-0.9999/positive-expanded/positive-expanded-2390
			Length of lines in the right dataset: 2390
			Maiximum record length: 50
			Minimum Pattern length: 0
Job started: Sat May 25 17:18:11 CEST 2013
13/05/25 17:18:12 INFO hdfs.DFSClient: Created HDFS_DELEGATION_TOKEN token 186291 for s117449 on 145.100.41.4:8020
13/05/25 17:18:12 INFO security.TokenCache: Got dt for hdfs://p-head03.alley.sara.nl:8020/tmp/hadoop-mapred/mapred/staging/s117449/.staging/job_201305151711_6609;uri=145.100.41.4:8020;t.service=145.100.41.4:8020
13/05/25 17:18:12 WARN snappy.LoadSnappy: Snappy native library is available
13/05/25 17:18:12 INFO util.NativeCodeLoader: Loaded the native-hadoop library
13/05/25 17:18:12 INFO snappy.LoadSnappy: Snappy native library loaded
13/05/25 17:18:12 INFO mapred.FileInputFormat: Total input paths to process : 1
13/05/25 17:18:13 INFO mapred.JobClient: Running job: job_201305151711_6609
13/05/25 17:18:14 INFO mapred.JobClient:  map 0% reduce 0%
13/05/25 17:18:36 INFO mapred.JobClient:  map 1% reduce 0%
13/05/25 17:18:39 INFO mapred.JobClient:  map 2% reduce 0%
13/05/25 17:18:44 INFO mapred.JobClient:  map 3% reduce 0%
13/05/25 17:18:45 INFO mapred.JobClient:  map 4% reduce 0%
13/05/25 17:18:46 INFO mapred.JobClient:  map 5% reduce 0%
13/05/25 17:18:48 INFO mapred.JobClient:  map 6% reduce 0%
13/05/25 17:18:50 INFO mapred.JobClient:  map 7% reduce 0%
13/05/25 17:18:52 INFO mapred.JobClient:  map 8% reduce 0%
13/05/25 17:18:54 INFO mapred.JobClient:  map 9% reduce 0%
13/05/25 17:19:03 INFO mapred.JobClient:  map 10% reduce 0%
13/05/25 17:19:17 INFO mapred.JobClient:  map 11% reduce 0%
13/05/25 17:43:06 INFO mapred.JobClient:  map 12% reduce 0%
13/05/25 17:43:16 INFO mapred.JobClient:  map 13% reduce 0%
13/05/25 17:43:24 INFO mapred.JobClient:  map 14% reduce 0%
13/05/25 17:43:29 INFO mapred.JobClient:  map 15% reduce 0%
13/05/25 17:43:35 INFO mapred.JobClient:  map 16% reduce 0%
13/05/25 17:43:39 INFO mapred.JobClient:  map 17% reduce 0%
13/05/25 17:43:43 INFO mapred.JobClient:  map 18% reduce 0%
13/05/25 17:43:47 INFO mapred.JobClient:  map 19% reduce 0%
13/05/25 17:43:52 INFO mapred.JobClient:  map 20% reduce 0%
13/05/25 17:43:58 INFO mapred.JobClient:  map 21% reduce 0%
13/05/25 17:44:11 INFO mapred.JobClient:  map 22% reduce 0%
13/05/25 18:06:03 INFO mapred.JobClient:  map 23% reduce 0%
13/05/25 18:06:21 INFO mapred.JobClient:  map 24% reduce 0%
13/05/25 18:06:33 INFO mapred.JobClient:  map 25% reduce 0%
13/05/25 18:06:44 INFO mapred.JobClient:  map 26% reduce 0%
13/05/25 18:06:55 INFO mapred.JobClient:  map 27% reduce 0%
13/05/25 18:07:10 INFO mapred.JobClient:  map 28% reduce 0%
13/05/25 18:07:17 INFO mapred.JobClient:  map 29% reduce 0%
13/05/25 18:07:25 INFO mapred.JobClient:  map 30% reduce 0%
13/05/25 18:07:35 INFO mapred.JobClient:  map 31% reduce 0%
13/05/25 18:07:48 INFO mapred.JobClient:  map 32% reduce 0%
13/05/25 18:08:03 INFO mapred.JobClient:  map 33% reduce 0%
13/05/25 18:27:39 INFO mapred.JobClient:  map 34% reduce 0%
13/05/25 18:28:48 INFO mapred.JobClient:  map 35% reduce 0%
13/05/25 18:29:06 INFO mapred.JobClient:  map 36% reduce 0%
13/05/25 18:29:30 INFO mapred.JobClient:  map 37% reduce 0%
13/05/25 18:29:46 INFO mapred.JobClient:  map 38% reduce 0%
13/05/25 18:29:57 INFO mapred.JobClient:  map 39% reduce 0%
13/05/25 18:30:06 INFO mapred.JobClient:  map 40% reduce 0%
13/05/25 18:30:28 INFO mapred.JobClient:  map 41% reduce 0%
13/05/25 18:30:36 INFO mapred.JobClient:  map 42% reduce 0%
13/05/25 18:30:54 INFO mapred.JobClient:  map 43% reduce 0%
13/05/25 18:31:21 INFO mapred.JobClient:  map 44% reduce 0%
13/05/25 18:35:39 INFO mapred.JobClient:  map 45% reduce 0%
13/05/25 18:51:30 INFO mapred.JobClient:  map 46% reduce 0%
13/05/25 18:52:09 INFO mapred.JobClient:  map 47% reduce 0%
13/05/25 18:52:45 INFO mapred.JobClient:  map 48% reduce 0%
13/05/25 18:53:02 INFO mapred.JobClient:  map 49% reduce 0%
13/05/25 18:53:16 INFO mapred.JobClient:  map 50% reduce 0%
13/05/25 18:53:25 INFO mapred.JobClient:  map 51% reduce 0%
13/05/25 18:53:50 INFO mapred.JobClient:  map 52% reduce 0%
13/05/25 18:54:05 INFO mapred.JobClient:  map 53% reduce 0%
13/05/25 18:54:17 INFO mapred.JobClient:  map 54% reduce 0%
13/05/25 18:55:03 INFO mapred.JobClient:  map 55% reduce 0%
13/05/25 18:57:12 INFO mapred.JobClient:  map 56% reduce 0%
13/05/25 19:13:34 INFO mapred.JobClient:  map 57% reduce 0%
13/05/25 19:14:43 INFO mapred.JobClient:  map 58% reduce 0%
13/05/25 19:15:14 INFO mapred.JobClient:  map 59% reduce 0%
13/05/25 19:15:49 INFO mapred.JobClient:  map 60% reduce 0%
13/05/25 19:16:15 INFO mapred.JobClient:  map 61% reduce 0%
13/05/25 19:16:34 INFO mapred.JobClient:  map 62% reduce 0%
13/05/25 19:16:51 INFO mapred.JobClient:  map 63% reduce 0%
13/05/25 19:17:11 INFO mapred.JobClient:  map 64% reduce 0%
13/05/25 19:18:15 INFO mapred.JobClient:  map 65% reduce 0%
13/05/25 19:19:16 INFO mapred.JobClient:  map 66% reduce 0%
13/05/25 19:21:03 INFO mapred.JobClient:  map 67% reduce 0%
13/05/25 19:27:45 INFO mapred.JobClient:  map 68% reduce 0%
13/05/25 19:37:01 INFO mapred.JobClient:  map 69% reduce 0%
13/05/25 19:37:49 INFO mapred.JobClient:  map 70% reduce 0%
13/05/25 19:38:19 INFO mapred.JobClient:  map 71% reduce 0%
13/05/25 19:39:03 INFO mapred.JobClient:  map 72% reduce 0%
13/05/25 19:39:23 INFO mapred.JobClient:  map 73% reduce 0%
13/05/25 19:40:07 INFO mapred.JobClient:  map 74% reduce 0%
13/05/25 19:40:25 INFO mapred.JobClient:  map 75% reduce 0%
13/05/25 19:41:46 INFO mapred.JobClient:  map 76% reduce 0%
13/05/25 19:44:16 INFO mapred.JobClient:  map 77% reduce 0%
13/05/25 19:44:47 INFO mapred.JobClient:  map 78% reduce 0%
13/05/25 19:48:49 INFO mapred.JobClient:  map 79% reduce 0%
13/05/25 19:58:49 INFO mapred.JobClient:  map 80% reduce 0%
13/05/25 20:00:18 INFO mapred.JobClient:  map 81% reduce 0%
13/05/25 20:01:02 INFO mapred.JobClient:  map 82% reduce 0%
13/05/25 20:01:20 INFO mapred.JobClient:  map 83% reduce 0%
13/05/25 20:02:03 INFO mapred.JobClient:  map 84% reduce 0%
13/05/25 20:02:42 INFO mapred.JobClient:  map 85% reduce 0%
13/05/25 20:03:22 INFO mapred.JobClient:  map 86% reduce 0%
13/05/25 20:04:21 INFO mapred.JobClient:  map 87% reduce 0%
13/05/25 20:08:19 INFO mapred.JobClient:  map 88% reduce 0%
13/05/25 20:09:36 INFO mapred.JobClient:  map 89% reduce 0%
13/05/25 20:14:25 INFO mapred.JobClient:  map 90% reduce 0%
13/05/25 20:21:46 INFO mapred.JobClient:  map 91% reduce 0%
13/05/25 20:22:58 INFO mapred.JobClient:  map 92% reduce 0%
13/05/25 20:24:23 INFO mapred.JobClient:  map 93% reduce 0%
13/05/25 20:25:20 INFO mapred.JobClient:  map 94% reduce 0%
13/05/25 20:26:23 INFO mapred.JobClient:  map 95% reduce 0%
13/05/25 20:28:14 INFO mapred.JobClient:  map 96% reduce 0%
13/05/25 20:36:32 INFO mapred.JobClient:  map 97% reduce 0%
13/05/25 20:46:00 INFO mapred.JobClient:  map 98% reduce 0%
13/05/25 20:49:11 INFO mapred.JobClient:  map 99% reduce 0%
13/05/25 21:08:24 INFO mapred.JobClient:  map 100% reduce 0%
13/05/25 21:17:37 INFO mapred.JobClient:  map 100% reduce 7%
13/05/25 21:17:42 INFO mapred.JobClient:  map 100% reduce 14%
13/05/25 21:17:45 INFO mapred.JobClient:  map 100% reduce 17%
13/05/25 21:17:47 INFO mapred.JobClient:  map 100% reduce 21%
13/05/25 21:17:51 INFO mapred.JobClient:  map 100% reduce 23%
13/05/25 21:17:54 INFO mapred.JobClient:  map 100% reduce 30%
13/05/25 21:21:43 INFO mapred.JobClient:  map 100% reduce 31%
13/05/25 21:32:03 INFO mapred.JobClient:  map 100% reduce 32%
13/05/25 21:34:03 INFO mapred.JobClient:  map 100% reduce 100%
13/05/25 21:34:05 INFO mapred.JobClient: Job complete: job_201305151711_6609
13/05/25 21:34:05 INFO mapred.JobClient: Counters: 33
13/05/25 21:34:05 INFO mapred.JobClient:   Job Counters 
13/05/25 21:34:05 INFO mapred.JobClient:     Launched reduce tasks=1
13/05/25 21:34:05 INFO mapred.JobClient:     SLOTS_MILLIS_MAPS=1321298536
13/05/25 21:34:05 INFO mapred.JobClient:     Total time spent by all reduces waiting after reserving slots (ms)=0
13/05/25 21:34:05 INFO mapred.JobClient:     Total time spent by all maps waiting after reserving slots (ms)=0
13/05/25 21:34:05 INFO mapred.JobClient:     Rack-local map tasks=97
13/05/25 21:34:05 INFO mapred.JobClient:     Launched map tasks=100
13/05/25 21:34:05 INFO mapred.JobClient:     SLOTS_MILLIS_REDUCES=1016708
13/05/25 21:34:05 INFO mapred.JobClient:   edu.tue.cs.capa.util.DpsCounters
13/05/25 21:34:05 INFO mapred.JobClient:     RECORD_TUPLES=8791440660
13/05/25 21:34:05 INFO mapred.JobClient:     SUCC_SAMPLE_TIMES=469491
13/05/25 21:34:05 INFO mapred.JobClient:     OVERFLOWED_TIMES=19567
13/05/25 21:34:05 INFO mapred.JobClient:     SUCC_DRY_RUN_TIMES=470448
13/05/25 21:34:05 INFO mapred.JobClient:     SKIPPED_TUPLES=8791079364
13/05/25 21:34:05 INFO mapred.JobClient:     TOTAL_DRY_RUN_TIMES=1758288132000
13/05/25 21:34:05 INFO mapred.JobClient:   FileSystemCounters
13/05/25 21:34:05 INFO mapred.JobClient:     FILE_BYTES_READ=583735
13/05/25 21:34:05 INFO mapred.JobClient:     HDFS_BYTES_READ=3868629679
13/05/25 21:34:05 INFO mapred.JobClient:     FILE_BYTES_WRITTEN=7272977
13/05/25 21:34:05 INFO mapred.JobClient:     HDFS_BYTES_WRITTEN=67353
13/05/25 21:34:05 INFO mapred.JobClient:   Map-Reduce Framework
13/05/25 21:34:05 INFO mapred.JobClient:     Map input records=930
13/05/25 21:34:05 INFO mapred.JobClient:     Reduce shuffle bytes=582095
13/05/25 21:34:05 INFO mapred.JobClient:     Spilled Records=40000
13/05/25 21:34:05 INFO mapred.JobClient:     Map output bytes=5871645
13/05/25 21:34:05 INFO mapred.JobClient:     CPU time spent (ms)=1288675440
13/05/25 21:34:05 INFO mapred.JobClient:     Total committed heap usage (bytes)=87919820800
13/05/25 21:34:05 INFO mapred.JobClient:     Map input bytes=474200
13/05/25 21:34:05 INFO mapred.JobClient:     Combine input records=0
13/05/25 21:34:05 INFO mapred.JobClient:     SPLIT_RAW_BYTES=16400
13/05/25 21:34:05 INFO mapred.JobClient:     Reduce input records=200
13/05/25 21:34:05 INFO mapred.JobClient:     Reduce input groups=348
13/05/25 21:34:05 INFO mapred.JobClient:     Combine output records=0
13/05/25 21:34:05 INFO mapred.JobClient:     Physical memory (bytes) snapshot=67337961472
13/05/25 21:34:05 INFO mapred.JobClient:     Reduce output records=200
13/05/25 21:34:05 INFO mapred.JobClient:     Virtual memory (bytes) snapshot=271135633408
13/05/25 21:34:05 INFO mapred.JobClient:     Map output records=20000
Job ended: Sat May 25 21:34:06 CEST 2013
The job took 15354.677 seconds.
+ for i in 1 2 3
+ echo 'Sample=200, Mapper=100, RUN=3\n'
Sample=200, Mapper=100, RUN=3\n
+ hadoop jar /home/s117449/test/jars/samplingdriver.jar disc -D 'mapred.job.name=scale-mapper, disc, startpagina-20120814, sample200, mapper100' -D mapred.map.tasks=100 -D dps.right.line.length=2390 /user/s117449/startpagina/startpagina-20120814-parsed-1/split-0.9999/negative /user/s117449/startpagina/startpagina-20120814-parsed-1/split-0.9999/positive-expanded/positive-expanded-2390 /user/s117449/startpagina/startpagina-20120814-parsed-1/split-0.9999/output/disc-sample200-mapper100-3 200
DistributedPatternSampling (scale-mapper, disc, startpagina-20120814, sample200, mapper100)
	Input paths: 
			hdfs://p-head03.alley.sara.nl:8020/user/s117449/startpagina/startpagina-20120814-parsed-1/split-0.9999/negative
	Output path: 
			hdfs://p-head03.alley.sara.nl:8020/user/s117449/startpagina/startpagina-20120814-parsed-1/split-0.9999/output/disc-sample200-mapper100-3
	Sample:	200
	Mappers: 100
	Reducers: 1
	Configurations: 
			Right dataset path: /user/s117449/startpagina/startpagina-20120814-parsed-1/split-0.9999/positive-expanded/positive-expanded-2390
			Length of lines in the right dataset: 2390
			Maiximum record length: 50
			Minimum Pattern length: 0
Job started: Sat May 25 21:34:12 CEST 2013
13/05/25 21:34:14 INFO hdfs.DFSClient: Created HDFS_DELEGATION_TOKEN token 186336 for s117449 on 145.100.41.4:8020
13/05/25 21:34:14 INFO security.TokenCache: Got dt for hdfs://p-head03.alley.sara.nl:8020/tmp/hadoop-mapred/mapred/staging/s117449/.staging/job_201305151711_6654;uri=145.100.41.4:8020;t.service=145.100.41.4:8020
13/05/25 21:34:14 WARN snappy.LoadSnappy: Snappy native library is available
13/05/25 21:34:14 INFO util.NativeCodeLoader: Loaded the native-hadoop library
13/05/25 21:34:14 INFO snappy.LoadSnappy: Snappy native library loaded
13/05/25 21:34:14 INFO mapred.FileInputFormat: Total input paths to process : 1
13/05/25 21:34:15 INFO mapred.JobClient: Running job: job_201305151711_6654
13/05/25 21:34:16 INFO mapred.JobClient:  map 0% reduce 0%
13/05/25 21:34:36 INFO mapred.JobClient:  map 2% reduce 0%
13/05/25 21:34:37 INFO mapred.JobClient:  map 5% reduce 0%
13/05/25 21:34:39 INFO mapred.JobClient:  map 6% reduce 0%
13/05/25 21:34:41 INFO mapred.JobClient:  map 8% reduce 0%
13/05/25 21:34:43 INFO mapred.JobClient:  map 9% reduce 0%
13/05/25 21:34:47 INFO mapred.JobClient:  map 10% reduce 0%
13/05/25 21:34:56 INFO mapred.JobClient:  map 11% reduce 0%
13/05/25 21:58:20 INFO mapred.JobClient:  map 12% reduce 0%
13/05/25 21:58:27 INFO mapred.JobClient:  map 13% reduce 0%
13/05/25 21:58:33 INFO mapred.JobClient:  map 14% reduce 0%
13/05/25 21:58:37 INFO mapred.JobClient:  map 15% reduce 0%
13/05/25 21:58:43 INFO mapred.JobClient:  map 16% reduce 0%
13/05/25 21:58:46 INFO mapred.JobClient:  map 17% reduce 0%
13/05/25 21:58:54 INFO mapred.JobClient:  map 18% reduce 0%
13/05/25 21:58:57 INFO mapred.JobClient:  map 19% reduce 0%
13/05/25 21:59:06 INFO mapred.JobClient:  map 20% reduce 0%
13/05/25 21:59:12 INFO mapred.JobClient:  map 21% reduce 0%
13/05/25 21:59:45 INFO mapred.JobClient:  map 22% reduce 0%
13/05/25 22:20:32 INFO mapred.JobClient:  map 23% reduce 0%
13/05/25 22:20:58 INFO mapred.JobClient:  map 24% reduce 0%
13/05/25 22:21:21 INFO mapred.JobClient:  map 25% reduce 0%
13/05/25 22:21:32 INFO mapred.JobClient:  map 26% reduce 0%
13/05/25 22:21:41 INFO mapred.JobClient:  map 27% reduce 0%
13/05/25 22:21:49 INFO mapred.JobClient:  map 28% reduce 0%
13/05/25 22:21:56 INFO mapred.JobClient:  map 29% reduce 0%
13/05/25 22:22:05 INFO mapred.JobClient:  map 30% reduce 0%
13/05/25 22:22:14 INFO mapred.JobClient:  map 31% reduce 0%
13/05/25 22:22:27 INFO mapred.JobClient:  map 32% reduce 0%
13/05/25 22:22:54 INFO mapred.JobClient:  map 33% reduce 0%
13/05/25 22:42:15 INFO mapred.JobClient:  map 34% reduce 0%
13/05/25 22:43:28 INFO mapred.JobClient:  map 35% reduce 0%
13/05/25 22:43:42 INFO mapred.JobClient:  map 36% reduce 0%
13/05/25 22:44:06 INFO mapred.JobClient:  map 37% reduce 0%
13/05/25 22:44:26 INFO mapred.JobClient:  map 38% reduce 0%
13/05/25 22:44:39 INFO mapred.JobClient:  map 39% reduce 0%
13/05/25 22:44:47 INFO mapred.JobClient:  map 40% reduce 0%
13/05/25 22:45:02 INFO mapred.JobClient:  map 41% reduce 0%
13/05/25 22:45:10 INFO mapred.JobClient:  map 42% reduce 0%
13/05/25 22:45:22 INFO mapred.JobClient:  map 43% reduce 0%
13/05/25 22:45:50 INFO mapred.JobClient:  map 44% reduce 0%
13/05/25 22:47:50 INFO mapred.JobClient:  map 45% reduce 0%
13/05/25 23:05:44 INFO mapred.JobClient:  map 46% reduce 0%
13/05/25 23:06:21 INFO mapred.JobClient:  map 47% reduce 0%
13/05/25 23:06:49 INFO mapred.JobClient:  map 48% reduce 0%
13/05/25 23:07:14 INFO mapred.JobClient:  map 49% reduce 0%
13/05/25 23:07:27 INFO mapred.JobClient:  map 50% reduce 0%
13/05/25 23:07:38 INFO mapred.JobClient:  map 51% reduce 0%
13/05/25 23:07:49 INFO mapred.JobClient:  map 52% reduce 0%
13/05/25 23:08:22 INFO mapred.JobClient:  map 53% reduce 0%
13/05/25 23:08:40 INFO mapred.JobClient:  map 54% reduce 0%
13/05/25 23:09:07 INFO mapred.JobClient:  map 55% reduce 0%
13/05/25 23:11:03 INFO mapred.JobClient:  map 56% reduce 0%
13/05/25 23:28:24 INFO mapred.JobClient:  map 57% reduce 0%
13/05/25 23:29:09 INFO mapred.JobClient:  map 58% reduce 0%
13/05/25 23:29:50 INFO mapred.JobClient:  map 59% reduce 0%
13/05/25 23:30:14 INFO mapred.JobClient:  map 60% reduce 0%
13/05/25 23:30:39 INFO mapred.JobClient:  map 61% reduce 0%
13/05/25 23:30:54 INFO mapred.JobClient:  map 62% reduce 0%
13/05/25 23:31:08 INFO mapred.JobClient:  map 63% reduce 0%
13/05/25 23:31:36 INFO mapred.JobClient:  map 64% reduce 0%
13/05/25 23:31:56 INFO mapred.JobClient:  map 65% reduce 0%
13/05/25 23:32:10 INFO mapred.JobClient:  map 66% reduce 0%
13/05/25 23:33:34 INFO mapred.JobClient:  map 67% reduce 0%
13/05/25 23:38:48 INFO mapred.JobClient:  map 68% reduce 0%
13/05/25 23:51:48 INFO mapred.JobClient:  map 69% reduce 0%
13/05/25 23:52:24 INFO mapred.JobClient:  map 70% reduce 0%
13/05/25 23:53:04 INFO mapred.JobClient:  map 71% reduce 0%
13/05/25 23:53:33 INFO mapred.JobClient:  map 72% reduce 0%
13/05/25 23:53:49 INFO mapred.JobClient:  map 73% reduce 0%
13/05/25 23:54:07 INFO mapred.JobClient:  map 74% reduce 0%
13/05/25 23:54:30 INFO mapred.JobClient:  map 75% reduce 0%
13/05/25 23:54:45 INFO mapred.JobClient:  map 76% reduce 0%
13/05/25 23:55:11 INFO mapred.JobClient:  map 77% reduce 0%
13/05/25 23:55:58 INFO mapred.JobClient:  map 78% reduce 0%
13/05/26 00:00:12 INFO mapred.JobClient:  map 79% reduce 0%
13/05/26 00:13:51 INFO mapred.JobClient:  map 80% reduce 0%
13/05/26 00:14:36 INFO mapred.JobClient:  map 81% reduce 0%
13/05/26 00:15:25 INFO mapred.JobClient:  map 82% reduce 0%
13/05/26 00:15:58 INFO mapred.JobClient:  map 83% reduce 0%
13/05/26 00:16:35 INFO mapred.JobClient:  map 84% reduce 0%
13/05/26 00:16:51 INFO mapred.JobClient:  map 85% reduce 0%
13/05/26 00:17:15 INFO mapred.JobClient:  map 86% reduce 0%
13/05/26 00:17:49 INFO mapred.JobClient:  map 87% reduce 0%
13/05/26 00:18:24 INFO mapred.JobClient:  map 88% reduce 0%
13/05/26 00:19:14 INFO mapred.JobClient:  map 89% reduce 0%
13/05/26 00:23:24 INFO mapred.JobClient:  map 90% reduce 0%
13/05/26 00:35:57 INFO mapred.JobClient:  map 91% reduce 0%
13/05/26 00:38:11 INFO mapred.JobClient:  map 92% reduce 0%
13/05/26 00:38:45 INFO mapred.JobClient:  map 93% reduce 0%
13/05/26 00:39:58 INFO mapred.JobClient:  map 94% reduce 0%
13/05/26 00:40:52 INFO mapred.JobClient:  map 95% reduce 0%
13/05/26 00:42:02 INFO mapred.JobClient:  map 96% reduce 0%
13/05/26 00:43:44 INFO mapred.JobClient:  map 97% reduce 0%
13/05/26 00:59:25 INFO mapred.JobClient:  map 98% reduce 0%
13/05/26 01:03:49 INFO mapred.JobClient:  map 99% reduce 0%
13/05/26 01:27:43 INFO mapred.JobClient:  map 100% reduce 0%
13/05/26 01:28:26 INFO mapred.JobClient:  map 100% reduce 30%
13/05/26 01:29:11 INFO mapred.JobClient:  map 100% reduce 31%
13/05/26 01:32:00 INFO mapred.JobClient:  map 100% reduce 32%
13/05/26 01:52:05 INFO mapred.JobClient:  map 100% reduce 100%
13/05/26 01:52:07 INFO mapred.JobClient: Job complete: job_201305151711_6654
13/05/26 01:52:07 INFO mapred.JobClient: Counters: 34
13/05/26 01:52:07 INFO mapred.JobClient:   Job Counters 
13/05/26 01:52:07 INFO mapred.JobClient:     Launched reduce tasks=1
13/05/26 01:52:07 INFO mapred.JobClient:     SLOTS_MILLIS_MAPS=1293516061
13/05/26 01:52:07 INFO mapred.JobClient:     Total time spent by all reduces waiting after reserving slots (ms)=0
13/05/26 01:52:07 INFO mapred.JobClient:     Total time spent by all maps waiting after reserving slots (ms)=0
13/05/26 01:52:07 INFO mapred.JobClient:     Rack-local map tasks=89
13/05/26 01:52:07 INFO mapred.JobClient:     Launched map tasks=100
13/05/26 01:52:07 INFO mapred.JobClient:     Data-local map tasks=8
13/05/26 01:52:07 INFO mapred.JobClient:     SLOTS_MILLIS_REDUCES=1425888
13/05/26 01:52:07 INFO mapred.JobClient:   edu.tue.cs.capa.util.DpsCounters
13/05/26 01:52:07 INFO mapred.JobClient:     RECORD_TUPLES=8791440660
13/05/26 01:52:07 INFO mapred.JobClient:     SUCC_SAMPLE_TIMES=470259
13/05/26 01:52:07 INFO mapred.JobClient:     OVERFLOWED_TIMES=19436
13/05/26 01:52:07 INFO mapred.JobClient:     SUCC_DRY_RUN_TIMES=471208
13/05/26 01:52:07 INFO mapred.JobClient:     SKIPPED_TUPLES=8791079450
13/05/26 01:52:07 INFO mapred.JobClient:     TOTAL_DRY_RUN_TIMES=1758288132000
13/05/26 01:52:07 INFO mapred.JobClient:   FileSystemCounters
13/05/26 01:52:07 INFO mapred.JobClient:     FILE_BYTES_READ=583001
13/05/26 01:52:07 INFO mapred.JobClient:     HDFS_BYTES_READ=3874858609
13/05/26 01:52:07 INFO mapred.JobClient:     FILE_BYTES_WRITTEN=7271927
13/05/26 01:52:07 INFO mapred.JobClient:     HDFS_BYTES_WRITTEN=65902
13/05/26 01:52:07 INFO mapred.JobClient:   Map-Reduce Framework
13/05/26 01:52:07 INFO mapred.JobClient:     Map input records=930
13/05/26 01:52:07 INFO mapred.JobClient:     Reduce shuffle bytes=581779
13/05/26 01:52:07 INFO mapred.JobClient:     Spilled Records=40000
13/05/26 01:52:07 INFO mapred.JobClient:     Map output bytes=5871809
13/05/26 01:52:07 INFO mapred.JobClient:     CPU time spent (ms)=1279655860
13/05/26 01:52:07 INFO mapred.JobClient:     Total committed heap usage (bytes)=88581537792
13/05/26 01:52:07 INFO mapred.JobClient:     Map input bytes=474200
13/05/26 01:52:07 INFO mapred.JobClient:     Combine input records=0
13/05/26 01:52:07 INFO mapred.JobClient:     SPLIT_RAW_BYTES=16400
13/05/26 01:52:07 INFO mapred.JobClient:     Reduce input records=200
13/05/26 01:52:07 INFO mapred.JobClient:     Reduce input groups=350
13/05/26 01:52:07 INFO mapred.JobClient:     Combine output records=0
13/05/26 01:52:07 INFO mapred.JobClient:     Physical memory (bytes) snapshot=68265754624
13/05/26 01:52:07 INFO mapred.JobClient:     Reduce output records=200
13/05/26 01:52:07 INFO mapred.JobClient:     Virtual memory (bytes) snapshot=271077031936
13/05/26 01:52:07 INFO mapred.JobClient:     Map output records=20000
Job ended: Sun May 26 01:52:08 CEST 2013
The job took 15475.938 seconds.
+ for SAMPLE in 200 300 400 500 600 700 800
+ for i in 1 2 3
+ echo 'Sample=300, Mapper=100, RUN=1\n'
Sample=300, Mapper=100, RUN=1\n
+ hadoop jar /home/s117449/test/jars/samplingdriver.jar disc -D 'mapred.job.name=scale-mapper, disc, startpagina-20120814, sample300, mapper100' -D mapred.map.tasks=100 -D dps.right.line.length=2390 /user/s117449/startpagina/startpagina-20120814-parsed-1/split-0.9999/negative /user/s117449/startpagina/startpagina-20120814-parsed-1/split-0.9999/positive-expanded/positive-expanded-2390 /user/s117449/startpagina/startpagina-20120814-parsed-1/split-0.9999/output/disc-sample300-mapper100-1 300
DistributedPatternSampling (scale-mapper, disc, startpagina-20120814, sample300, mapper100)
	Input paths: 
			hdfs://p-head03.alley.sara.nl:8020/user/s117449/startpagina/startpagina-20120814-parsed-1/split-0.9999/negative
	Output path: 
			hdfs://p-head03.alley.sara.nl:8020/user/s117449/startpagina/startpagina-20120814-parsed-1/split-0.9999/output/disc-sample300-mapper100-1
	Sample:	300
	Mappers: 100
	Reducers: 1
	Configurations: 
			Right dataset path: /user/s117449/startpagina/startpagina-20120814-parsed-1/split-0.9999/positive-expanded/positive-expanded-2390
			Length of lines in the right dataset: 2390
			Maiximum record length: 50
			Minimum Pattern length: 0
Job started: Sun May 26 01:52:13 CEST 2013
13/05/26 01:52:14 INFO hdfs.DFSClient: Created HDFS_DELEGATION_TOKEN token 186405 for s117449 on 145.100.41.4:8020
13/05/26 01:52:14 INFO security.TokenCache: Got dt for hdfs://p-head03.alley.sara.nl:8020/tmp/hadoop-mapred/mapred/staging/s117449/.staging/job_201305151711_6723;uri=145.100.41.4:8020;t.service=145.100.41.4:8020
13/05/26 01:52:14 WARN snappy.LoadSnappy: Snappy native library is available
13/05/26 01:52:14 INFO util.NativeCodeLoader: Loaded the native-hadoop library
13/05/26 01:52:14 INFO snappy.LoadSnappy: Snappy native library loaded
13/05/26 01:52:14 INFO mapred.FileInputFormat: Total input paths to process : 1
13/05/26 01:52:15 INFO mapred.JobClient: Running job: job_201305151711_6723
13/05/26 01:52:16 INFO mapred.JobClient:  map 0% reduce 0%
13/05/26 01:52:52 INFO mapred.JobClient:  map 1% reduce 0%
13/05/26 01:52:54 INFO mapred.JobClient:  map 2% reduce 0%
13/05/26 01:52:56 INFO mapred.JobClient:  map 3% reduce 0%
13/05/26 01:52:57 INFO mapred.JobClient:  map 4% reduce 0%
13/05/26 01:52:58 INFO mapred.JobClient:  map 5% reduce 0%
13/05/26 01:53:02 INFO mapred.JobClient:  map 6% reduce 0%
13/05/26 01:53:04 INFO mapred.JobClient:  map 7% reduce 0%
13/05/26 01:53:06 INFO mapred.JobClient:  map 8% reduce 0%
13/05/26 01:53:08 INFO mapred.JobClient:  map 9% reduce 0%
13/05/26 01:53:13 INFO mapred.JobClient:  map 10% reduce 0%
13/05/26 01:53:20 INFO mapred.JobClient:  map 11% reduce 0%
13/05/26 02:03:32 INFO mapred.JobClient: Task Id : attempt_201305151711_6723_m_000094_0, Status : FAILED
Error launching task
13/05/26 02:03:32 WARN mapred.JobClient: Error reading task outputServer returned HTTP response code: 401 for URL: http://p-worker32.alley.sara.nl:50060/tasklog?plaintext=true&attemptid=attempt_201305151711_6723_m_000094_0&filter=stdout
13/05/26 02:03:32 WARN mapred.JobClient: Error reading task outputServer returned HTTP response code: 401 for URL: http://p-worker32.alley.sara.nl:50060/tasklog?plaintext=true&attemptid=attempt_201305151711_6723_m_000094_0&filter=stderr
13/05/26 02:28:43 INFO mapred.JobClient:  map 12% reduce 0%
13/05/26 02:28:50 INFO mapred.JobClient:  map 13% reduce 0%
13/05/26 02:28:59 INFO mapred.JobClient:  map 14% reduce 0%
13/05/26 02:29:06 INFO mapred.JobClient:  map 15% reduce 0%
13/05/26 02:29:15 INFO mapred.JobClient:  map 16% reduce 0%
13/05/26 02:29:22 INFO mapred.JobClient:  map 17% reduce 0%
13/05/26 02:29:29 INFO mapred.JobClient:  map 18% reduce 0%
13/05/26 02:29:39 INFO mapred.JobClient:  map 19% reduce 0%
13/05/26 02:29:52 INFO mapred.JobClient:  map 20% reduce 0%
13/05/26 02:30:08 INFO mapred.JobClient:  map 21% reduce 0%
13/05/26 02:30:53 INFO mapred.JobClient:  map 22% reduce 0%
13/05/26 03:02:41 INFO mapred.JobClient:  map 23% reduce 0%
13/05/26 03:03:02 INFO mapred.JobClient:  map 24% reduce 0%
13/05/26 03:03:15 INFO mapred.JobClient:  map 25% reduce 0%
13/05/26 03:03:31 INFO mapred.JobClient:  map 26% reduce 0%
13/05/26 03:03:54 INFO mapred.JobClient:  map 27% reduce 0%
13/05/26 03:04:08 INFO mapred.JobClient:  map 28% reduce 0%
13/05/26 03:04:34 INFO mapred.JobClient:  map 29% reduce 0%
13/05/26 03:04:53 INFO mapred.JobClient:  map 30% reduce 0%
13/05/26 03:05:12 INFO mapred.JobClient:  map 31% reduce 0%
13/05/26 03:05:33 INFO mapred.JobClient:  map 32% reduce 0%
13/05/26 03:06:10 INFO mapred.JobClient:  map 33% reduce 0%
13/05/26 03:34:39 INFO mapred.JobClient:  map 34% reduce 0%
13/05/26 03:36:41 INFO mapred.JobClient:  map 35% reduce 0%
13/05/26 03:37:13 INFO mapred.JobClient:  map 36% reduce 0%
13/05/26 03:37:43 INFO mapred.JobClient:  map 37% reduce 0%
13/05/26 03:38:13 INFO mapred.JobClient:  map 38% reduce 0%
13/05/26 03:38:55 INFO mapred.JobClient:  map 39% reduce 0%
13/05/26 03:39:15 INFO mapred.JobClient:  map 40% reduce 0%
13/05/26 03:39:43 INFO mapred.JobClient:  map 41% reduce 0%
13/05/26 03:40:02 INFO mapred.JobClient:  map 42% reduce 0%
13/05/26 03:40:42 INFO mapred.JobClient:  map 43% reduce 0%
13/05/26 03:41:40 INFO mapred.JobClient:  map 44% reduce 0%
13/05/26 03:45:56 INFO mapred.JobClient:  map 45% reduce 0%
13/05/26 04:10:27 INFO mapred.JobClient:  map 46% reduce 0%
13/05/26 04:11:27 INFO mapred.JobClient:  map 47% reduce 0%
13/05/26 04:12:30 INFO mapred.JobClient:  map 48% reduce 0%
13/05/26 04:12:55 INFO mapred.JobClient:  map 49% reduce 0%
13/05/26 04:13:30 INFO mapred.JobClient:  map 50% reduce 0%
13/05/26 04:14:12 INFO mapred.JobClient:  map 51% reduce 0%
13/05/26 04:14:38 INFO mapred.JobClient:  map 52% reduce 0%
13/05/26 04:14:57 INFO mapred.JobClient:  map 53% reduce 0%
13/05/26 04:15:47 INFO mapred.JobClient:  map 54% reduce 0%
13/05/26 04:17:02 INFO mapred.JobClient:  map 55% reduce 0%
13/05/26 04:19:19 INFO mapred.JobClient:  map 56% reduce 0%
13/05/26 04:43:09 INFO mapred.JobClient:  map 57% reduce 0%
13/05/26 04:45:27 INFO mapred.JobClient:  map 58% reduce 0%
13/05/26 04:46:33 INFO mapred.JobClient:  map 59% reduce 0%
13/05/26 04:47:24 INFO mapred.JobClient:  map 60% reduce 0%
13/05/26 04:47:40 INFO mapred.JobClient:  map 61% reduce 0%
13/05/26 04:48:12 INFO mapred.JobClient:  map 62% reduce 0%
13/05/26 04:48:46 INFO mapred.JobClient:  map 63% reduce 0%
13/05/26 04:49:48 INFO mapred.JobClient:  map 64% reduce 0%
13/05/26 04:50:27 INFO mapred.JobClient:  map 65% reduce 0%
13/05/26 04:51:43 INFO mapred.JobClient:  map 66% reduce 0%
13/05/26 04:53:22 INFO mapred.JobClient:  map 67% reduce 0%
13/05/26 05:00:17 INFO mapred.JobClient:  map 68% reduce 0%
13/05/26 05:18:01 INFO mapred.JobClient:  map 69% reduce 0%
13/05/26 05:20:27 INFO mapred.JobClient:  map 70% reduce 0%
13/05/26 05:21:36 INFO mapred.JobClient:  map 71% reduce 0%
13/05/26 05:22:01 INFO mapred.JobClient:  map 72% reduce 0%
13/05/26 05:22:46 INFO mapred.JobClient:  map 73% reduce 0%
13/05/26 05:23:47 INFO mapred.JobClient:  map 74% reduce 0%
13/05/26 05:24:45 INFO mapred.JobClient:  map 75% reduce 0%
13/05/26 05:25:28 INFO mapred.JobClient:  map 76% reduce 0%
13/05/26 05:26:23 INFO mapred.JobClient:  map 77% reduce 0%
13/05/26 05:28:10 INFO mapred.JobClient:  map 78% reduce 0%
13/05/26 05:33:00 INFO mapred.JobClient:  map 79% reduce 0%
13/05/26 05:51:33 INFO mapred.JobClient:  map 80% reduce 0%
13/05/26 05:54:20 INFO mapred.JobClient:  map 81% reduce 0%
13/05/26 05:55:01 INFO mapred.JobClient:  map 82% reduce 0%
13/05/26 05:56:30 INFO mapred.JobClient:  map 83% reduce 0%
13/05/26 05:57:10 INFO mapred.JobClient:  map 84% reduce 0%
13/05/26 05:58:13 INFO mapred.JobClient:  map 85% reduce 0%
13/05/26 05:59:12 INFO mapred.JobClient:  map 86% reduce 0%
13/05/26 06:00:32 INFO mapred.JobClient:  map 87% reduce 0%
13/05/26 06:01:29 INFO mapred.JobClient:  map 88% reduce 0%
13/05/26 06:03:29 INFO mapred.JobClient:  map 89% reduce 0%
13/05/26 06:09:07 INFO mapred.JobClient:  map 90% reduce 0%
13/05/26 06:25:47 INFO mapred.JobClient:  map 91% reduce 0%
13/05/26 06:29:46 INFO mapred.JobClient:  map 92% reduce 0%
13/05/26 06:31:02 INFO mapred.JobClient:  map 93% reduce 0%
13/05/26 06:32:50 INFO mapred.JobClient:  map 94% reduce 0%
13/05/26 06:34:02 INFO mapred.JobClient:  map 95% reduce 0%
13/05/26 06:36:27 INFO mapred.JobClient:  map 96% reduce 0%
13/05/26 06:39:46 INFO mapred.JobClient:  map 97% reduce 0%
13/05/26 07:01:12 INFO mapred.JobClient:  map 98% reduce 0%
13/05/26 07:09:17 INFO mapred.JobClient:  map 99% reduce 0%
13/05/26 07:38:13 INFO mapred.JobClient:  map 100% reduce 0%
13/05/26 07:47:18 INFO mapred.JobClient:  map 100% reduce 30%
13/05/26 07:48:49 INFO mapred.JobClient:  map 100% reduce 31%
13/05/26 07:51:59 INFO mapred.JobClient:  map 100% reduce 32%
13/05/26 08:14:48 INFO mapred.JobClient:  map 100% reduce 66%
13/05/26 08:14:50 INFO mapred.JobClient:  map 100% reduce 100%
13/05/26 08:14:52 INFO mapred.JobClient: Job complete: job_201305151711_6723
13/05/26 08:14:52 INFO mapred.JobClient: Counters: 33
13/05/26 08:14:52 INFO mapred.JobClient:   Job Counters 
13/05/26 08:14:52 INFO mapred.JobClient:     Launched reduce tasks=1
13/05/26 08:14:52 INFO mapred.JobClient:     SLOTS_MILLIS_MAPS=1960043430
13/05/26 08:14:52 INFO mapred.JobClient:     Total time spent by all reduces waiting after reserving slots (ms)=0
13/05/26 08:14:52 INFO mapred.JobClient:     Total time spent by all maps waiting after reserving slots (ms)=0
13/05/26 08:14:52 INFO mapred.JobClient:     Rack-local map tasks=99
13/05/26 08:14:52 INFO mapred.JobClient:     Launched map tasks=101
13/05/26 08:14:52 INFO mapred.JobClient:     SLOTS_MILLIS_REDUCES=1660524
13/05/26 08:14:52 INFO mapred.JobClient:   edu.tue.cs.capa.util.DpsCounters
13/05/26 08:14:52 INFO mapred.JobClient:     RECORD_TUPLES=8791440660
13/05/26 08:14:52 INFO mapred.JobClient:     SUCC_SAMPLE_TIMES=704672
13/05/26 08:14:52 INFO mapred.JobClient:     OVERFLOWED_TIMES=29011
13/05/26 08:14:52 INFO mapred.JobClient:     SUCC_DRY_RUN_TIMES=706089
13/05/26 08:14:52 INFO mapred.JobClient:     SKIPPED_TUPLES=8790910516
13/05/26 08:14:52 INFO mapred.JobClient:     TOTAL_DRY_RUN_TIMES=2637432198000
13/05/26 08:14:52 INFO mapred.JobClient:   FileSystemCounters
13/05/26 08:14:52 INFO mapred.JobClient:     FILE_BYTES_READ=869786
13/05/26 08:14:52 INFO mapred.JobClient:     HDFS_BYTES_READ=5800650462
13/05/26 08:14:52 INFO mapred.JobClient:     FILE_BYTES_WRITTEN=7845674
13/05/26 08:14:52 INFO mapred.JobClient:     HDFS_BYTES_WRITTEN=98441
13/05/26 08:14:52 INFO mapred.JobClient:   Map-Reduce Framework
13/05/26 08:14:52 INFO mapred.JobClient:     Map input records=930
13/05/26 08:14:52 INFO mapred.JobClient:     Reduce shuffle bytes=868741
13/05/26 08:14:52 INFO mapred.JobClient:     Spilled Records=60000
13/05/26 08:14:52 INFO mapred.JobClient:     Map output bytes=8807717
13/05/26 08:14:52 INFO mapred.JobClient:     CPU time spent (ms)=1944180770
13/05/26 08:14:52 INFO mapred.JobClient:     Total committed heap usage (bytes)=77213270016
13/05/26 08:14:52 INFO mapred.JobClient:     Map input bytes=474200
13/05/26 08:14:52 INFO mapred.JobClient:     Combine input records=0
13/05/26 08:14:52 INFO mapred.JobClient:     SPLIT_RAW_BYTES=16400
13/05/26 08:14:52 INFO mapred.JobClient:     Reduce input records=300
13/05/26 08:14:52 INFO mapred.JobClient:     Reduce input groups=427
13/05/26 08:14:52 INFO mapred.JobClient:     Combine output records=0
13/05/26 08:14:52 INFO mapred.JobClient:     Physical memory (bytes) snapshot=66263879680
13/05/26 08:14:52 INFO mapred.JobClient:     Reduce output records=300
13/05/26 08:14:52 INFO mapred.JobClient:     Virtual memory (bytes) snapshot=271062777856
13/05/26 08:14:52 INFO mapred.JobClient:     Map output records=30000
Job ended: Sun May 26 08:14:53 CEST 2013
The job took 22960.188 seconds.
+ for i in 1 2 3
+ echo 'Sample=300, Mapper=100, RUN=2\n'
Sample=300, Mapper=100, RUN=2\n
+ hadoop jar /home/s117449/test/jars/samplingdriver.jar disc -D 'mapred.job.name=scale-mapper, disc, startpagina-20120814, sample300, mapper100' -D mapred.map.tasks=100 -D dps.right.line.length=2390 /user/s117449/startpagina/startpagina-20120814-parsed-1/split-0.9999/negative /user/s117449/startpagina/startpagina-20120814-parsed-1/split-0.9999/positive-expanded/positive-expanded-2390 /user/s117449/startpagina/startpagina-20120814-parsed-1/split-0.9999/output/disc-sample300-mapper100-2 300
DistributedPatternSampling (scale-mapper, disc, startpagina-20120814, sample300, mapper100)
	Input paths: 
			hdfs://p-head03.alley.sara.nl:8020/user/s117449/startpagina/startpagina-20120814-parsed-1/split-0.9999/negative
	Output path: 
			hdfs://p-head03.alley.sara.nl:8020/user/s117449/startpagina/startpagina-20120814-parsed-1/split-0.9999/output/disc-sample300-mapper100-2
	Sample:	300
	Mappers: 100
	Reducers: 1
	Configurations: 
			Right dataset path: /user/s117449/startpagina/startpagina-20120814-parsed-1/split-0.9999/positive-expanded/positive-expanded-2390
			Length of lines in the right dataset: 2390
			Maiximum record length: 50
			Minimum Pattern length: 0
Job started: Sun May 26 08:14:58 CEST 2013
13/05/26 08:15:00 INFO hdfs.DFSClient: Created HDFS_DELEGATION_TOKEN token 186462 for s117449 on 145.100.41.4:8020
13/05/26 08:15:00 INFO security.TokenCache: Got dt for hdfs://p-head03.alley.sara.nl:8020/tmp/hadoop-mapred/mapred/staging/s117449/.staging/job_201305151711_6780;uri=145.100.41.4:8020;t.service=145.100.41.4:8020
13/05/26 08:15:00 WARN snappy.LoadSnappy: Snappy native library is available
13/05/26 08:15:00 INFO util.NativeCodeLoader: Loaded the native-hadoop library
13/05/26 08:15:00 INFO snappy.LoadSnappy: Snappy native library loaded
13/05/26 08:15:00 INFO mapred.FileInputFormat: Total input paths to process : 1
13/05/26 08:15:01 INFO mapred.JobClient: Running job: job_201305151711_6780
13/05/26 08:15:03 INFO mapred.JobClient:  map 0% reduce 0%
13/05/26 08:15:35 INFO mapred.JobClient:  map 1% reduce 0%
13/05/26 08:15:41 INFO mapred.JobClient:  map 2% reduce 0%
13/05/26 08:15:45 INFO mapred.JobClient:  map 3% reduce 0%
13/05/26 08:15:48 INFO mapred.JobClient:  map 4% reduce 0%
13/05/26 08:15:51 INFO mapred.JobClient:  map 5% reduce 0%
13/05/26 08:15:52 INFO mapred.JobClient:  map 6% reduce 0%
13/05/26 08:15:55 INFO mapred.JobClient:  map 7% reduce 0%
13/05/26 08:15:58 INFO mapred.JobClient:  map 9% reduce 0%
13/05/26 08:16:02 INFO mapred.JobClient:  map 10% reduce 0%
13/05/26 08:16:16 INFO mapred.JobClient:  map 11% reduce 0%
13/05/26 08:51:36 INFO mapred.JobClient:  map 12% reduce 0%
13/05/26 08:51:52 INFO mapred.JobClient:  map 13% reduce 0%
13/05/26 08:52:01 INFO mapred.JobClient:  map 14% reduce 0%
13/05/26 08:52:06 INFO mapred.JobClient:  map 15% reduce 0%
13/05/26 08:52:10 INFO mapred.JobClient:  map 16% reduce 0%
13/05/26 08:52:15 INFO mapred.JobClient:  map 17% reduce 0%
13/05/26 08:52:19 INFO mapred.JobClient:  map 18% reduce 0%
13/05/26 08:52:30 INFO mapred.JobClient:  map 19% reduce 0%
13/05/26 08:52:39 INFO mapred.JobClient:  map 20% reduce 0%
13/05/26 08:53:00 INFO mapred.JobClient:  map 21% reduce 0%
13/05/26 08:53:30 INFO mapred.JobClient:  map 22% reduce 0%
13/05/26 09:18:51 INFO security.UserGroupInformation: Initiating logout for s117449@ALLEY.SARA.NL
13/05/26 09:18:51 INFO security.UserGroupInformation: Initiating re-login for s117449@ALLEY.SARA.NL
13/05/26 09:25:42 INFO mapred.JobClient:  map 23% reduce 0%
13/05/26 09:25:59 INFO mapred.JobClient:  map 24% reduce 0%
13/05/26 09:26:34 INFO mapred.JobClient:  map 25% reduce 0%
13/05/26 09:26:46 INFO mapred.JobClient:  map 26% reduce 0%
13/05/26 09:27:05 INFO mapred.JobClient:  map 27% reduce 0%
13/05/26 09:27:17 INFO mapred.JobClient:  map 28% reduce 0%
13/05/26 09:27:30 INFO mapred.JobClient:  map 29% reduce 0%
13/05/26 09:27:50 INFO mapred.JobClient:  map 30% reduce 0%
13/05/26 09:28:22 INFO mapred.JobClient:  map 31% reduce 0%
13/05/26 09:28:44 INFO mapred.JobClient:  map 32% reduce 0%
13/05/26 09:29:16 INFO mapred.JobClient:  map 33% reduce 0%
13/05/26 09:59:19 INFO mapred.JobClient:  map 34% reduce 0%
13/05/26 10:00:05 INFO mapred.JobClient:  map 35% reduce 0%
13/05/26 10:00:58 INFO mapred.JobClient:  map 36% reduce 0%
13/05/26 10:01:24 INFO mapred.JobClient:  map 37% reduce 0%
13/05/26 10:01:48 INFO mapred.JobClient:  map 38% reduce 0%
13/05/26 10:02:05 INFO mapred.JobClient:  map 39% reduce 0%
13/05/26 10:02:20 INFO mapred.JobClient:  map 40% reduce 0%
13/05/26 10:02:41 INFO mapred.JobClient:  map 41% reduce 0%
13/05/26 10:03:19 INFO mapred.JobClient:  map 42% reduce 0%
13/05/26 10:03:55 INFO mapred.JobClient:  map 43% reduce 0%
13/05/26 10:04:40 INFO mapred.JobClient:  map 44% reduce 0%
13/05/26 10:11:52 INFO mapred.JobClient:  map 45% reduce 0%
13/05/26 10:34:44 INFO mapred.JobClient:  map 46% reduce 0%
13/05/26 10:35:25 INFO mapred.JobClient:  map 47% reduce 0%
13/05/26 10:36:02 INFO mapred.JobClient:  map 48% reduce 0%
13/05/26 10:36:38 INFO mapred.JobClient:  map 49% reduce 0%
13/05/26 10:37:00 INFO mapred.JobClient:  map 50% reduce 0%
13/05/26 10:37:30 INFO mapred.JobClient:  map 51% reduce 0%
13/05/26 10:37:48 INFO mapred.JobClient:  map 52% reduce 0%
13/05/26 10:38:15 INFO mapred.JobClient:  map 53% reduce 0%
13/05/26 10:39:09 INFO mapred.JobClient:  map 54% reduce 0%
13/05/26 10:39:53 INFO mapred.JobClient:  map 55% reduce 0%
13/05/26 10:42:38 INFO mapred.JobClient:  map 56% reduce 0%
13/05/26 11:07:49 INFO mapred.JobClient:  map 57% reduce 0%
13/05/26 11:09:04 INFO mapred.JobClient:  map 58% reduce 0%
13/05/26 11:09:58 INFO mapred.JobClient:  map 59% reduce 0%
13/05/26 11:10:47 INFO mapred.JobClient:  map 60% reduce 0%
13/05/26 11:11:35 INFO mapred.JobClient:  map 61% reduce 0%
13/05/26 11:12:05 INFO mapred.JobClient:  map 62% reduce 0%
13/05/26 11:12:31 INFO mapred.JobClient:  map 63% reduce 0%
13/05/26 11:13:10 INFO mapred.JobClient:  map 64% reduce 0%
13/05/26 11:14:08 INFO mapred.JobClient:  map 65% reduce 0%
13/05/26 11:14:42 INFO mapred.JobClient:  map 66% reduce 0%
13/05/26 11:16:42 INFO mapred.JobClient:  map 67% reduce 0%
13/05/26 11:24:16 INFO mapred.JobClient:  map 68% reduce 0%
13/05/26 11:43:02 INFO mapred.JobClient:  map 69% reduce 0%
13/05/26 11:44:18 INFO mapred.JobClient:  map 70% reduce 0%
13/05/26 11:45:14 INFO mapred.JobClient:  map 71% reduce 0%
13/05/26 11:46:02 INFO mapred.JobClient:  map 72% reduce 0%
13/05/26 11:46:25 INFO mapred.JobClient:  map 73% reduce 0%
13/05/26 11:47:23 INFO mapred.JobClient:  map 74% reduce 0%
13/05/26 11:47:50 INFO mapred.JobClient:  map 75% reduce 0%
13/05/26 11:48:41 INFO mapred.JobClient:  map 76% reduce 0%
13/05/26 11:50:16 INFO mapred.JobClient:  map 77% reduce 0%
13/05/26 11:52:12 INFO mapred.JobClient:  map 78% reduce 0%
13/05/26 11:57:05 INFO mapred.JobClient:  map 79% reduce 0%
13/05/26 12:16:53 INFO mapred.JobClient:  map 80% reduce 0%
13/05/26 12:18:14 INFO mapred.JobClient:  map 81% reduce 0%
13/05/26 12:19:07 INFO mapred.JobClient:  map 82% reduce 0%
13/05/26 12:20:24 INFO mapred.JobClient:  map 83% reduce 0%
13/05/26 12:20:56 INFO mapred.JobClient:  map 84% reduce 0%
13/05/26 12:22:03 INFO mapred.JobClient:  map 85% reduce 0%
13/05/26 12:22:55 INFO mapred.JobClient:  map 86% reduce 0%
13/05/26 12:23:50 INFO mapred.JobClient:  map 87% reduce 0%
13/05/26 12:24:54 INFO mapred.JobClient:  map 88% reduce 0%
13/05/26 12:27:00 INFO mapred.JobClient:  map 89% reduce 0%
13/05/26 12:33:10 INFO mapred.JobClient:  map 90% reduce 0%
13/05/26 12:51:38 INFO mapred.JobClient:  map 91% reduce 0%
13/05/26 12:53:59 INFO mapred.JobClient:  map 92% reduce 0%
13/05/26 12:55:31 INFO mapred.JobClient:  map 93% reduce 0%
13/05/26 12:56:59 INFO mapred.JobClient:  map 94% reduce 0%
13/05/26 12:58:41 INFO mapred.JobClient:  map 95% reduce 0%
13/05/26 13:01:27 INFO mapred.JobClient:  map 96% reduce 0%
13/05/26 13:04:44 INFO mapred.JobClient:  map 97% reduce 0%
13/05/26 13:26:53 INFO mapred.JobClient:  map 98% reduce 0%
13/05/26 13:32:58 INFO mapred.JobClient:  map 99% reduce 0%
13/05/26 14:03:24 INFO mapred.JobClient:  map 100% reduce 0%
13/05/26 14:12:24 INFO mapred.JobClient:  map 100% reduce 30%
13/05/26 14:13:34 INFO mapred.JobClient:  map 100% reduce 31%
13/05/26 14:21:44 INFO mapred.JobClient:  map 100% reduce 32%
13/05/26 14:39:59 INFO mapred.JobClient:  map 100% reduce 66%
13/05/26 14:40:03 INFO mapred.JobClient:  map 100% reduce 100%
13/05/26 14:40:05 INFO mapred.JobClient: Job complete: job_201305151711_6780
13/05/26 14:40:05 INFO mapred.JobClient: Counters: 34
13/05/26 14:40:05 INFO mapred.JobClient:   Job Counters 
13/05/26 14:40:05 INFO mapred.JobClient:     Launched reduce tasks=1
13/05/26 14:40:05 INFO mapred.JobClient:     SLOTS_MILLIS_MAPS=1969165845
13/05/26 14:40:05 INFO mapred.JobClient:     Total time spent by all reduces waiting after reserving slots (ms)=0
13/05/26 14:40:05 INFO mapred.JobClient:     Total time spent by all maps waiting after reserving slots (ms)=0
13/05/26 14:40:05 INFO mapred.JobClient:     Rack-local map tasks=88
13/05/26 14:40:05 INFO mapred.JobClient:     Launched map tasks=100
13/05/26 14:40:05 INFO mapred.JobClient:     Data-local map tasks=8
13/05/26 14:40:05 INFO mapred.JobClient:     SLOTS_MILLIS_REDUCES=1665923
13/05/26 14:40:05 INFO mapred.JobClient:   edu.tue.cs.capa.util.DpsCounters
13/05/26 14:40:05 INFO mapred.JobClient:     RECORD_TUPLES=8791440660
13/05/26 14:40:05 INFO mapred.JobClient:     SUCC_SAMPLE_TIMES=705670
13/05/26 14:40:05 INFO mapred.JobClient:     OVERFLOWED_TIMES=29152
13/05/26 14:40:05 INFO mapred.JobClient:     SUCC_DRY_RUN_TIMES=707058
13/05/26 14:40:05 INFO mapred.JobClient:     SKIPPED_TUPLES=8790910467
13/05/26 14:40:05 INFO mapred.JobClient:     TOTAL_DRY_RUN_TIMES=2637432198000
13/05/26 14:40:05 INFO mapred.JobClient:   FileSystemCounters
13/05/26 14:40:05 INFO mapred.JobClient:     FILE_BYTES_READ=869461
13/05/26 14:40:05 INFO mapred.JobClient:     HDFS_BYTES_READ=5808569461
13/05/26 14:40:05 INFO mapred.JobClient:     FILE_BYTES_WRITTEN=7845161
13/05/26 14:40:05 INFO mapred.JobClient:     HDFS_BYTES_WRITTEN=100388
13/05/26 14:40:05 INFO mapred.JobClient:   Map-Reduce Framework
13/05/26 14:40:05 INFO mapred.JobClient:     Map input records=930
13/05/26 14:40:05 INFO mapred.JobClient:     Reduce shuffle bytes=868553
13/05/26 14:40:05 INFO mapred.JobClient:     Spilled Records=60000
13/05/26 14:40:05 INFO mapred.JobClient:     Map output bytes=8807717
13/05/26 14:40:05 INFO mapred.JobClient:     CPU time spent (ms)=1945577880
13/05/26 14:40:05 INFO mapred.JobClient:     Total committed heap usage (bytes)=77317341184
13/05/26 14:40:05 INFO mapred.JobClient:     Map input bytes=474200
13/05/26 14:40:05 INFO mapred.JobClient:     Combine input records=0
13/05/26 14:40:05 INFO mapred.JobClient:     SPLIT_RAW_BYTES=16400
13/05/26 14:40:05 INFO mapred.JobClient:     Reduce input records=300
13/05/26 14:40:05 INFO mapred.JobClient:     Reduce input groups=429
13/05/26 14:40:05 INFO mapred.JobClient:     Combine output records=0
13/05/26 14:40:05 INFO mapred.JobClient:     Physical memory (bytes) snapshot=66496851968
13/05/26 14:40:05 INFO mapred.JobClient:     Reduce output records=300
13/05/26 14:40:05 INFO mapred.JobClient:     Virtual memory (bytes) snapshot=271050817536
13/05/26 14:40:05 INFO mapred.JobClient:     Map output records=30000
Job ended: Sun May 26 14:40:05 CEST 2013
The job took 23107.115 seconds.
+ for i in 1 2 3
+ echo 'Sample=300, Mapper=100, RUN=3\n'
Sample=300, Mapper=100, RUN=3\n
+ hadoop jar /home/s117449/test/jars/samplingdriver.jar disc -D 'mapred.job.name=scale-mapper, disc, startpagina-20120814, sample300, mapper100' -D mapred.map.tasks=100 -D dps.right.line.length=2390 /user/s117449/startpagina/startpagina-20120814-parsed-1/split-0.9999/negative /user/s117449/startpagina/startpagina-20120814-parsed-1/split-0.9999/positive-expanded/positive-expanded-2390 /user/s117449/startpagina/startpagina-20120814-parsed-1/split-0.9999/output/disc-sample300-mapper100-3 300
DistributedPatternSampling (scale-mapper, disc, startpagina-20120814, sample300, mapper100)
	Input paths: 
			hdfs://p-head03.alley.sara.nl:8020/user/s117449/startpagina/startpagina-20120814-parsed-1/split-0.9999/negative
	Output path: 
			hdfs://p-head03.alley.sara.nl:8020/user/s117449/startpagina/startpagina-20120814-parsed-1/split-0.9999/output/disc-sample300-mapper100-3
	Sample:	300
	Mappers: 100
	Reducers: 1
	Configurations: 
			Right dataset path: /user/s117449/startpagina/startpagina-20120814-parsed-1/split-0.9999/positive-expanded/positive-expanded-2390
			Length of lines in the right dataset: 2390
			Maiximum record length: 50
			Minimum Pattern length: 0
Job started: Sun May 26 14:40:11 CEST 2013
13/05/26 14:40:11 INFO hdfs.DFSClient: Created HDFS_DELEGATION_TOKEN token 186686 for s117449 on 145.100.41.4:8020
13/05/26 14:40:11 INFO security.TokenCache: Got dt for hdfs://p-head03.alley.sara.nl:8020/tmp/hadoop-mapred/mapred/staging/s117449/.staging/job_201305151711_7004;uri=145.100.41.4:8020;t.service=145.100.41.4:8020
13/05/26 14:40:12 WARN snappy.LoadSnappy: Snappy native library is available
13/05/26 14:40:12 INFO util.NativeCodeLoader: Loaded the native-hadoop library
13/05/26 14:40:12 INFO snappy.LoadSnappy: Snappy native library loaded
13/05/26 14:40:12 INFO mapred.FileInputFormat: Total input paths to process : 1
13/05/26 14:40:13 INFO mapred.JobClient: Running job: job_201305151711_7004
13/05/26 14:40:14 INFO mapred.JobClient:  map 0% reduce 0%
13/05/26 14:40:49 INFO mapred.JobClient:  map 1% reduce 0%
13/05/26 14:40:51 INFO mapred.JobClient:  map 2% reduce 0%
13/05/26 14:40:54 INFO mapred.JobClient:  map 3% reduce 0%
13/05/26 14:40:56 INFO mapred.JobClient:  map 4% reduce 0%
13/05/26 14:40:58 INFO mapred.JobClient:  map 5% reduce 0%
13/05/26 14:41:01 INFO mapred.JobClient:  map 7% reduce 0%
13/05/26 14:41:02 INFO mapred.JobClient:  map 8% reduce 0%
13/05/26 14:41:05 INFO mapred.JobClient:  map 9% reduce 0%
13/05/26 14:41:08 INFO mapred.JobClient:  map 10% reduce 0%
13/05/26 14:41:21 INFO mapred.JobClient:  map 11% reduce 0%
13/05/26 14:50:51 INFO mapred.JobClient: Task Id : attempt_201305151711_7004_m_000089_0, Status : FAILED
Error launching task
13/05/26 14:50:51 WARN mapred.JobClient: Error reading task outputServer returned HTTP response code: 401 for URL: http://p-worker32.alley.sara.nl:50060/tasklog?plaintext=true&attemptid=attempt_201305151711_7004_m_000089_0&filter=stdout
13/05/26 14:50:51 WARN mapred.JobClient: Error reading task outputServer returned HTTP response code: 401 for URL: http://p-worker32.alley.sara.nl:50060/tasklog?plaintext=true&attemptid=attempt_201305151711_7004_m_000089_0&filter=stderr
13/05/26 15:16:38 INFO mapred.JobClient:  map 12% reduce 0%
13/05/26 15:16:48 INFO mapred.JobClient:  map 13% reduce 0%
13/05/26 15:16:55 INFO mapred.JobClient:  map 14% reduce 0%
13/05/26 15:17:06 INFO mapred.JobClient:  map 15% reduce 0%
13/05/26 15:17:10 INFO mapred.JobClient:  map 16% reduce 0%
13/05/26 15:17:18 INFO mapred.JobClient:  map 17% reduce 0%
13/05/26 15:17:20 INFO mapred.JobClient:  map 18% reduce 0%
13/05/26 15:17:25 INFO mapred.JobClient:  map 19% reduce 0%
13/05/26 15:17:30 INFO mapred.JobClient:  map 20% reduce 0%
13/05/26 15:18:04 INFO mapred.JobClient:  map 21% reduce 0%
13/05/26 15:19:02 INFO mapred.JobClient:  map 22% reduce 0%
13/05/26 15:50:05 INFO mapred.JobClient:  map 23% reduce 0%
13/05/26 15:50:46 INFO mapred.JobClient:  map 24% reduce 0%
13/05/26 15:51:12 INFO mapred.JobClient:  map 25% reduce 0%
13/05/26 15:51:22 INFO mapred.JobClient:  map 26% reduce 0%
13/05/26 15:51:50 INFO mapred.JobClient:  map 27% reduce 0%
13/05/26 15:52:06 INFO mapred.JobClient:  map 28% reduce 0%
13/05/26 15:52:21 INFO mapred.JobClient:  map 29% reduce 0%
13/05/26 15:52:31 INFO mapred.JobClient:  map 30% reduce 0%
13/05/26 15:52:43 INFO mapred.JobClient:  map 31% reduce 0%
13/05/26 15:53:18 INFO mapred.JobClient:  map 32% reduce 0%
13/05/26 15:54:39 INFO mapred.JobClient:  map 33% reduce 0%
13/05/26 16:24:00 INFO mapred.JobClient:  map 34% reduce 0%
13/05/26 16:25:29 INFO mapred.JobClient:  map 35% reduce 0%
13/05/26 16:26:14 INFO mapred.JobClient:  map 36% reduce 0%
13/05/26 16:26:26 INFO mapred.JobClient:  map 37% reduce 0%
13/05/26 16:26:54 INFO mapred.JobClient:  map 38% reduce 0%
13/05/26 16:27:21 INFO mapred.JobClient:  map 39% reduce 0%
13/05/26 16:27:45 INFO mapred.JobClient:  map 40% reduce 0%
13/05/26 16:28:02 INFO mapred.JobClient:  map 41% reduce 0%
13/05/26 16:28:35 INFO mapred.JobClient:  map 42% reduce 0%
13/05/26 16:29:04 INFO mapred.JobClient:  map 43% reduce 0%
13/05/26 16:30:20 INFO mapred.JobClient:  map 44% reduce 0%
13/05/26 16:35:48 INFO mapred.JobClient:  map 45% reduce 0%
13/05/26 17:00:08 INFO mapred.JobClient:  map 46% reduce 0%
13/05/26 17:01:00 INFO mapred.JobClient:  map 47% reduce 0%
13/05/26 17:01:48 INFO mapred.JobClient:  map 48% reduce 0%
13/05/26 17:02:23 INFO mapred.JobClient:  map 49% reduce 0%
13/05/26 17:03:43 INFO mapred.JobClient:  map 50% reduce 0%
13/05/26 17:04:08 INFO mapred.JobClient:  map 51% reduce 0%
13/05/26 17:05:37 INFO mapred.JobClient:  map 52% reduce 0%
13/05/26 17:06:26 INFO mapred.JobClient:  map 53% reduce 0%
13/05/26 17:07:29 INFO mapred.JobClient:  map 54% reduce 0%
13/05/26 17:08:30 INFO mapred.JobClient:  map 55% reduce 0%
13/05/26 17:12:40 INFO mapred.JobClient:  map 56% reduce 0%
13/05/26 17:33:34 INFO mapred.JobClient:  map 57% reduce 0%
13/05/26 17:35:33 INFO mapred.JobClient:  map 58% reduce 0%
13/05/26 17:36:15 INFO mapred.JobClient:  map 59% reduce 0%
13/05/26 17:37:04 INFO mapred.JobClient:  map 60% reduce 0%
13/05/26 17:38:28 INFO mapred.JobClient:  map 61% reduce 0%
13/05/26 17:40:16 INFO mapred.JobClient:  map 62% reduce 0%
13/05/26 17:41:19 INFO mapred.JobClient:  map 63% reduce 0%
13/05/26 17:42:11 INFO mapred.JobClient:  map 64% reduce 0%
13/05/26 17:44:01 INFO mapred.JobClient:  map 65% reduce 0%
13/05/26 17:44:53 INFO mapred.JobClient:  map 66% reduce 0%
13/05/26 17:45:43 INFO mapred.JobClient:  map 67% reduce 0%
13/05/26 17:59:01 INFO mapred.JobClient:  map 68% reduce 0%
13/05/26 18:10:38 INFO mapred.JobClient:  map 69% reduce 0%
13/05/26 18:12:08 INFO mapred.JobClient:  map 70% reduce 0%
13/05/26 18:13:41 INFO mapred.JobClient:  map 71% reduce 0%
13/05/26 18:15:23 INFO mapred.JobClient:  map 72% reduce 0%
13/05/26 18:16:38 INFO mapred.JobClient:  map 73% reduce 0%
13/05/26 18:18:21 INFO mapred.JobClient:  map 74% reduce 0%
13/05/26 18:20:05 INFO mapred.JobClient:  map 75% reduce 0%
13/05/26 18:21:29 INFO mapred.JobClient:  map 76% reduce 0%
13/05/26 18:22:58 INFO mapred.JobClient:  map 77% reduce 0%
13/05/26 18:24:13 INFO mapred.JobClient:  map 78% reduce 0%
13/05/26 18:27:38 INFO mapred.JobClient:  map 79% reduce 0%
13/05/26 18:44:56 INFO mapred.JobClient:  map 80% reduce 0%
13/05/26 18:47:37 INFO mapred.JobClient:  map 81% reduce 0%
13/05/26 18:48:40 INFO mapred.JobClient:  map 82% reduce 0%
13/05/26 18:50:13 INFO mapred.JobClient:  map 83% reduce 0%
13/05/26 18:53:00 INFO mapred.JobClient:  map 84% reduce 0%
13/05/26 18:54:19 INFO mapred.JobClient:  map 85% reduce 0%
13/05/26 18:57:51 INFO mapred.JobClient:  map 86% reduce 0%
13/05/26 18:59:29 INFO mapred.JobClient:  map 87% reduce 0%
13/05/26 19:01:29 INFO mapred.JobClient:  map 88% reduce 0%
13/05/26 19:03:57 INFO mapred.JobClient:  map 89% reduce 0%
13/05/26 19:07:26 INFO mapred.JobClient:  map 90% reduce 0%
13/05/26 19:20:23 INFO mapred.JobClient:  map 91% reduce 0%
13/05/26 19:24:03 INFO mapred.JobClient:  map 92% reduce 0%
13/05/26 19:28:16 INFO mapred.JobClient:  map 93% reduce 0%
13/05/26 19:32:20 INFO mapred.JobClient:  map 94% reduce 0%
13/05/26 19:37:48 INFO mapred.JobClient:  map 95% reduce 0%
13/05/26 19:40:19 INFO mapred.JobClient:  map 96% reduce 0%
13/05/26 19:45:25 INFO mapred.JobClient:  map 97% reduce 0%
13/05/26 19:58:47 INFO mapred.JobClient:  map 98% reduce 0%
13/05/26 20:10:17 INFO mapred.JobClient:  map 99% reduce 0%
13/05/26 20:53:21 INFO mapred.JobClient:  map 100% reduce 0%
13/05/26 20:54:11 INFO mapred.JobClient:  map 100% reduce 30%
13/05/26 20:55:50 INFO mapred.JobClient:  map 100% reduce 31%
13/05/26 21:05:01 INFO mapred.JobClient:  map 100% reduce 32%
13/05/26 21:29:37 INFO mapred.JobClient:  map 100% reduce 66%
13/05/26 21:29:43 INFO mapred.JobClient:  map 100% reduce 100%
13/05/26 21:29:44 INFO mapred.JobClient: Job complete: job_201305151711_7004
13/05/26 21:29:44 INFO mapred.JobClient: Counters: 34
13/05/26 21:29:44 INFO mapred.JobClient:   Job Counters 
13/05/26 21:29:44 INFO mapred.JobClient:     Launched reduce tasks=1
13/05/26 21:29:44 INFO mapred.JobClient:     SLOTS_MILLIS_MAPS=2032747678
13/05/26 21:29:44 INFO mapred.JobClient:     Total time spent by all reduces waiting after reserving slots (ms)=0
13/05/26 21:29:44 INFO mapred.JobClient:     Total time spent by all maps waiting after reserving slots (ms)=0
13/05/26 21:29:44 INFO mapred.JobClient:     Rack-local map tasks=88
13/05/26 21:29:44 INFO mapred.JobClient:     Launched map tasks=101
13/05/26 21:29:44 INFO mapred.JobClient:     Data-local map tasks=8
13/05/26 21:29:44 INFO mapred.JobClient:     SLOTS_MILLIS_REDUCES=2138210
13/05/26 21:29:44 INFO mapred.JobClient:   edu.tue.cs.capa.util.DpsCounters
13/05/26 21:29:44 INFO mapred.JobClient:     RECORD_TUPLES=8791440660
13/05/26 21:29:44 INFO mapred.JobClient:     SUCC_SAMPLE_TIMES=706774
13/05/26 21:29:44 INFO mapred.JobClient:     OVERFLOWED_TIMES=28957
13/05/26 21:29:44 INFO mapred.JobClient:     SUCC_DRY_RUN_TIMES=708183
13/05/26 21:29:44 INFO mapred.JobClient:     SKIPPED_TUPLES=8790909416
13/05/26 21:29:44 INFO mapred.JobClient:     TOTAL_DRY_RUN_TIMES=2637432198000
13/05/26 21:29:44 INFO mapred.JobClient:   FileSystemCounters
13/05/26 21:29:44 INFO mapred.JobClient:     FILE_BYTES_READ=869565
13/05/26 21:29:44 INFO mapred.JobClient:     HDFS_BYTES_READ=5817850013
13/05/26 21:29:44 INFO mapred.JobClient:     FILE_BYTES_WRITTEN=7845643
13/05/26 21:29:44 INFO mapred.JobClient:     HDFS_BYTES_WRITTEN=101861
13/05/26 21:29:44 INFO mapred.JobClient:   Map-Reduce Framework
13/05/26 21:29:44 INFO mapred.JobClient:     Map input records=930
13/05/26 21:29:44 INFO mapred.JobClient:     Reduce shuffle bytes=868931
13/05/26 21:29:44 INFO mapred.JobClient:     Spilled Records=60000
13/05/26 21:29:44 INFO mapred.JobClient:     Map output bytes=8807849
13/05/26 21:29:44 INFO mapred.JobClient:     CPU time spent (ms)=1957746120
13/05/26 21:29:44 INFO mapred.JobClient:     Total committed heap usage (bytes)=77188759552
13/05/26 21:29:44 INFO mapred.JobClient:     Map input bytes=474200
13/05/26 21:29:44 INFO mapred.JobClient:     Combine input records=0
13/05/26 21:29:44 INFO mapred.JobClient:     SPLIT_RAW_BYTES=16400
13/05/26 21:29:44 INFO mapred.JobClient:     Reduce input records=300
13/05/26 21:29:44 INFO mapred.JobClient:     Reduce input groups=425
13/05/26 21:29:44 INFO mapred.JobClient:     Combine output records=0
13/05/26 21:29:44 INFO mapred.JobClient:     Physical memory (bytes) snapshot=67215966208
13/05/26 21:29:44 INFO mapred.JobClient:     Reduce output records=300
13/05/26 21:29:44 INFO mapred.JobClient:     Virtual memory (bytes) snapshot=271059197952
13/05/26 21:29:44 INFO mapred.JobClient:     Map output records=30000
Job ended: Sun May 26 21:29:45 CEST 2013
The job took 24574.229 seconds.
+ for SAMPLE in 200 300 400 500 600 700 800
+ for i in 1 2 3
+ echo 'Sample=400, Mapper=100, RUN=1\n'
Sample=400, Mapper=100, RUN=1\n
+ hadoop jar /home/s117449/test/jars/samplingdriver.jar disc -D 'mapred.job.name=scale-mapper, disc, startpagina-20120814, sample400, mapper100' -D mapred.map.tasks=100 -D dps.right.line.length=2390 /user/s117449/startpagina/startpagina-20120814-parsed-1/split-0.9999/negative /user/s117449/startpagina/startpagina-20120814-parsed-1/split-0.9999/positive-expanded/positive-expanded-2390 /user/s117449/startpagina/startpagina-20120814-parsed-1/split-0.9999/output/disc-sample400-mapper100-1 400
DistributedPatternSampling (scale-mapper, disc, startpagina-20120814, sample400, mapper100)
	Input paths: 
			hdfs://p-head03.alley.sara.nl:8020/user/s117449/startpagina/startpagina-20120814-parsed-1/split-0.9999/negative
	Output path: 
			hdfs://p-head03.alley.sara.nl:8020/user/s117449/startpagina/startpagina-20120814-parsed-1/split-0.9999/output/disc-sample400-mapper100-1
	Sample:	400
	Mappers: 100
	Reducers: 1
	Configurations: 
			Right dataset path: /user/s117449/startpagina/startpagina-20120814-parsed-1/split-0.9999/positive-expanded/positive-expanded-2390
			Length of lines in the right dataset: 2390
			Maiximum record length: 50
			Minimum Pattern length: 0
Job started: Sun May 26 21:29:50 CEST 2013
13/05/26 21:29:51 INFO hdfs.DFSClient: Created HDFS_DELEGATION_TOKEN token 186752 for s117449 on 145.100.41.4:8020
13/05/26 21:29:51 INFO security.TokenCache: Got dt for hdfs://p-head03.alley.sara.nl:8020/tmp/hadoop-mapred/mapred/staging/s117449/.staging/job_201305151711_7070;uri=145.100.41.4:8020;t.service=145.100.41.4:8020
13/05/26 21:29:51 WARN snappy.LoadSnappy: Snappy native library is available
13/05/26 21:29:51 INFO util.NativeCodeLoader: Loaded the native-hadoop library
13/05/26 21:29:51 INFO snappy.LoadSnappy: Snappy native library loaded
13/05/26 21:29:51 INFO mapred.FileInputFormat: Total input paths to process : 1
13/05/26 21:29:52 INFO mapred.JobClient: Running job: job_201305151711_7070
13/05/26 21:29:54 INFO mapred.JobClient:  map 0% reduce 0%
13/05/26 21:30:21 INFO mapred.JobClient:  map 1% reduce 0%
13/05/26 21:30:23 INFO mapred.JobClient:  map 2% reduce 0%
13/05/26 21:30:26 INFO mapred.JobClient:  map 3% reduce 0%
13/05/26 21:30:28 INFO mapred.JobClient:  map 4% reduce 0%
13/05/26 21:30:30 INFO mapred.JobClient:  map 5% reduce 0%
13/05/26 21:30:31 INFO mapred.JobClient:  map 6% reduce 0%
13/05/26 21:30:33 INFO mapred.JobClient:  map 7% reduce 0%
13/05/26 21:30:34 INFO mapred.JobClient:  map 8% reduce 0%
13/05/26 21:30:38 INFO mapred.JobClient:  map 9% reduce 0%
13/05/26 21:30:43 INFO mapred.JobClient:  map 10% reduce 0%
13/05/26 21:31:00 INFO mapred.JobClient:  map 11% reduce 0%
13/05/26 22:19:53 INFO mapred.JobClient:  map 12% reduce 0%
13/05/26 22:20:09 INFO mapred.JobClient:  map 13% reduce 0%
13/05/26 22:20:21 INFO mapred.JobClient:  map 14% reduce 0%
13/05/26 22:20:41 INFO mapred.JobClient:  map 15% reduce 0%
13/05/26 22:24:13 INFO mapred.JobClient:  map 16% reduce 0%
13/05/26 22:26:30 INFO mapred.JobClient:  map 17% reduce 0%
13/05/26 22:26:53 INFO mapred.JobClient:  map 18% reduce 0%
13/05/26 22:27:31 INFO mapred.JobClient:  map 19% reduce 0%
13/05/26 22:27:46 INFO mapred.JobClient:  map 20% reduce 0%
13/05/26 22:28:07 INFO mapred.JobClient:  map 21% reduce 0%
13/05/26 22:28:28 INFO mapred.JobClient:  map 22% reduce 0%
13/05/26 23:07:20 INFO mapred.JobClient:  map 23% reduce 0%
13/05/26 23:08:24 INFO mapred.JobClient:  map 24% reduce 0%
13/05/26 23:09:03 INFO mapred.JobClient:  map 25% reduce 0%
13/05/26 23:10:27 INFO mapred.JobClient:  map 26% reduce 0%
13/05/26 23:16:41 INFO mapred.JobClient:  map 27% reduce 0%
13/05/26 23:18:14 INFO mapred.JobClient:  map 28% reduce 0%
13/05/26 23:19:47 INFO mapred.JobClient:  map 29% reduce 0%
13/05/26 23:20:45 INFO mapred.JobClient:  map 30% reduce 0%
13/05/26 23:22:30 INFO mapred.JobClient:  map 31% reduce 0%
13/05/26 23:25:13 INFO mapred.JobClient:  map 32% reduce 0%
13/05/26 23:29:03 INFO mapred.JobClient:  map 33% reduce 0%
13/05/26 23:52:46 INFO mapred.JobClient:  map 34% reduce 0%
13/05/26 23:54:39 INFO mapred.JobClient:  map 35% reduce 0%
13/05/26 23:55:46 INFO mapred.JobClient:  map 36% reduce 0%
13/05/26 23:57:19 INFO mapred.JobClient:  map 37% reduce 0%
13/05/26 23:58:37 INFO mapred.JobClient:  map 38% reduce 0%
13/05/27 00:10:01 INFO mapred.JobClient:  map 39% reduce 0%
13/05/27 00:11:53 INFO mapred.JobClient:  map 40% reduce 0%
13/05/27 00:14:33 INFO mapred.JobClient:  map 41% reduce 0%
13/05/27 00:16:57 INFO mapred.JobClient:  map 42% reduce 0%
13/05/27 00:20:44 INFO mapred.JobClient:  map 43% reduce 0%
13/05/27 00:23:22 INFO mapred.JobClient:  map 44% reduce 0%
13/05/27 00:28:48 INFO mapred.JobClient:  map 45% reduce 0%
13/05/27 00:42:16 INFO mapred.JobClient:  map 46% reduce 0%
13/05/27 00:43:04 INFO mapred.JobClient:  map 47% reduce 0%
13/05/27 00:44:17 INFO mapred.JobClient: Job complete: job_201305151711_7070
13/05/27 00:44:17 INFO mapred.JobClient: Counters: 6
13/05/27 00:44:17 INFO mapred.JobClient:   Job Counters 
13/05/27 00:44:17 INFO mapred.JobClient:     SLOTS_MILLIS_MAPS=1164654060
13/05/27 00:44:17 INFO mapred.JobClient:     Total time spent by all reduces waiting after reserving slots (ms)=0
13/05/27 00:44:17 INFO mapred.JobClient:     Total time spent by all maps waiting after reserving slots (ms)=0
13/05/27 00:44:17 INFO mapred.JobClient:     Rack-local map tasks=97
13/05/27 00:44:17 INFO mapred.JobClient:     Launched map tasks=100
13/05/27 00:44:17 INFO mapred.JobClient:     SLOTS_MILLIS_REDUCES=0
13/05/27 00:44:17 INFO mapred.JobClient: Job Failed: NA
java.io.IOException: Job failed!
	at org.apache.hadoop.mapred.JobClient.runJob(JobClient.java:1300)
	at edu.tue.cs.capa.dps.disc.DiscDriver.run(DiscDriver.java:99)
	at org.apache.hadoop.util.ToolRunner.run(ToolRunner.java:65)
	at org.apache.hadoop.util.ToolRunner.run(ToolRunner.java:79)
	at edu.tue.cs.capa.dps.disc.DiscDriver.main(DiscDriver.java:116)
	at sun.reflect.NativeMethodAccessorImpl.invoke0(Native Method)
	at sun.reflect.NativeMethodAccessorImpl.invoke(NativeMethodAccessorImpl.java:39)
	at sun.reflect.DelegatingMethodAccessorImpl.invoke(DelegatingMethodAccessorImpl.java:25)
	at java.lang.reflect.Method.invoke(Method.java:597)
	at org.apache.hadoop.util.ProgramDriver$ProgramDescription.invoke(ProgramDriver.java:68)
	at org.apache.hadoop.util.ProgramDriver.driver(ProgramDriver.java:139)
	at edu.tue.cs.capa.dps.driver.SamplingDriver.main(SamplingDriver.java:21)
	at sun.reflect.NativeMethodAccessorImpl.invoke0(Native Method)
	at sun.reflect.NativeMethodAccessorImpl.invoke(NativeMethodAccessorImpl.java:39)
	at sun.reflect.DelegatingMethodAccessorImpl.invoke(DelegatingMethodAccessorImpl.java:25)
	at java.lang.reflect.Method.invoke(Method.java:597)
	at org.apache.hadoop.util.RunJar.main(RunJar.java:197)
