MAHOUT_LOCAL is not set; adding HADOOP_CONF_DIR to classpath.
Running on hadoop, using /usr/lib/hadoop/bin/hadoop and HADOOP_CONF_DIR=/home/s117449/hadoop-conf
MAHOUT-JOB: /home/s117449/mahout-distribution-0.7/mahout-examples-0.7-job.jar
13/05/22 12:39:10 INFO common.AbstractJob: Command line arguments: {--encoding=[UTF-8], --endPhase=[2147483647], --input=[fimi/accidents.dat], --maxHeapSize=[10], --method=[mapreduce], --minSupport=[3], --numGroups=[1000], --numTreeCacheEntries=[5], --output=[output/fpg-accidents-support10], --splitterPattern=[[\ ]], --startPhase=[0], --tempDir=[temp]}
13/05/22 12:39:12 INFO common.HadoopUtil: Deleting output/fpg-accidents-support10
13/05/22 12:39:12 WARN mapred.JobClient: Use GenericOptionsParser for parsing the arguments. Applications should implement Tool for the same.
13/05/22 12:39:13 INFO hdfs.DFSClient: Created HDFS_DELEGATION_TOKEN token 183498 for s117449 on 145.100.41.4:8020
13/05/22 12:39:13 INFO security.TokenCache: Got dt for hdfs://p-head03.alley.sara.nl:8020/tmp/hadoop-mapred/mapred/staging/s117449/.staging/job_201305151711_3991;uri=145.100.41.4:8020;t.service=145.100.41.4:8020
13/05/22 12:39:13 INFO input.FileInputFormat: Total input paths to process : 1
13/05/22 12:39:13 WARN snappy.LoadSnappy: Snappy native library is available
13/05/22 12:39:13 INFO util.NativeCodeLoader: Loaded the native-hadoop library
13/05/22 12:39:13 INFO snappy.LoadSnappy: Snappy native library loaded
13/05/22 12:39:16 INFO mapred.JobClient: Running job: job_201305151711_3991
13/05/22 12:39:17 INFO mapred.JobClient:  map 0% reduce 0%
MAHOUT_LOCAL is not set; adding HADOOP_CONF_DIR to classpath.
Running on hadoop, using /usr/lib/hadoop/bin/hadoop and HADOOP_CONF_DIR=/home/s117449/hadoop-conf
MAHOUT-JOB: /home/s117449/mahout-distribution-0.7/mahout-examples-0.7-job.jar
13/05/22 12:39:26 INFO common.AbstractJob: Command line arguments: {--encoding=[UTF-8], --endPhase=[2147483647], --input=[fimi/accidents.dat], --maxHeapSize=[100], --method=[mapreduce], --minSupport=[3], --numGroups=[1000], --numTreeCacheEntries=[5], --output=[output/fpg-accidents-support100], --splitterPattern=[[\ ]], --startPhase=[0], --tempDir=[temp]}
13/05/22 12:39:27 INFO common.HadoopUtil: Deleting output/fpg-accidents-support100
13/05/22 12:39:27 WARN mapred.JobClient: Use GenericOptionsParser for parsing the arguments. Applications should implement Tool for the same.
13/05/22 12:39:47 INFO hdfs.DFSClient: Created HDFS_DELEGATION_TOKEN token 183499 for s117449 on 145.100.41.4:8020
13/05/22 12:39:47 INFO security.TokenCache: Got dt for hdfs://p-head03.alley.sara.nl:8020/tmp/hadoop-mapred/mapred/staging/s117449/.staging/job_201305151711_3992;uri=145.100.41.4:8020;t.service=145.100.41.4:8020
13/05/22 12:39:47 INFO input.FileInputFormat: Total input paths to process : 1
13/05/22 12:39:47 WARN snappy.LoadSnappy: Snappy native library is available
13/05/22 12:39:47 INFO util.NativeCodeLoader: Loaded the native-hadoop library
13/05/22 12:39:47 INFO snappy.LoadSnappy: Snappy native library loaded
13/05/22 12:39:48 INFO mapred.JobClient: Running job: job_201305151711_3992
13/05/22 12:39:49 INFO mapred.JobClient:  map 0% reduce 0%
13/05/22 12:39:51 INFO mapred.JobClient:  map 6% reduce 0%
13/05/22 12:40:00 INFO mapred.JobClient:  map 7% reduce 0%
13/05/22 12:40:08 INFO mapred.JobClient:  map 14% reduce 0%
13/05/22 12:40:14 INFO mapred.JobClient:  map 2% reduce 0%
13/05/22 12:40:16 INFO mapred.JobClient:  map 18% reduce 0%
13/05/22 12:40:18 INFO mapred.JobClient:  map 7% reduce 0%
13/05/22 12:40:19 INFO mapred.JobClient:  map 25% reduce 0%
13/05/22 12:40:20 INFO mapred.JobClient:  map 18% reduce 0%
13/05/22 12:40:22 INFO mapred.JobClient:  map 27% reduce 0%
13/05/22 12:40:23 INFO mapred.JobClient:  map 27% reduce 0%
13/05/22 12:40:26 INFO mapred.JobClient:  map 34% reduce 0%
13/05/22 12:40:27 INFO mapred.JobClient:  map 39% reduce 0%
13/05/22 12:40:29 INFO mapred.JobClient:  map 47% reduce 0%
13/05/22 12:40:32 INFO mapred.JobClient:  map 52% reduce 0%
13/05/22 12:40:33 INFO mapred.JobClient:  map 42% reduce 0%
13/05/22 12:40:36 INFO mapred.JobClient:  map 64% reduce 0%
13/05/22 12:40:38 INFO mapred.JobClient:  map 48% reduce 0%
13/05/22 12:40:38 INFO mapred.JobClient:  map 73% reduce 0%
13/05/22 12:40:41 INFO mapred.JobClient:  map 56% reduce 0%
13/05/22 12:40:41 INFO mapred.JobClient:  map 84% reduce 0%
13/05/22 12:40:45 INFO mapred.JobClient:  map 63% reduce 0%
13/05/22 12:40:45 INFO mapred.JobClient:  map 95% reduce 0%
13/05/22 12:40:46 INFO mapred.JobClient:  map 100% reduce 0%
13/05/22 12:40:49 INFO mapred.JobClient:  map 68% reduce 0%
13/05/22 12:40:53 INFO mapred.JobClient:  map 74% reduce 0%
13/05/22 12:40:54 INFO mapred.JobClient:  map 100% reduce 33%
13/05/22 12:40:55 INFO mapred.JobClient:  map 78% reduce 0%
13/05/22 12:40:56 INFO mapred.JobClient:  map 100% reduce 100%
13/05/22 12:40:56 INFO mapred.JobClient: Job complete: job_201305151711_3992
13/05/22 12:40:56 INFO mapred.JobClient: Counters: 26
13/05/22 12:40:56 INFO mapred.JobClient:   Job Counters 
13/05/22 12:40:56 INFO mapred.JobClient:     Launched reduce tasks=1
13/05/22 12:40:56 INFO mapred.JobClient:     SLOTS_MILLIS_MAPS=46318
13/05/22 12:40:56 INFO mapred.JobClient:     Total time spent by all reduces waiting after reserving slots (ms)=0
13/05/22 12:40:56 INFO mapred.JobClient:     Total time spent by all maps waiting after reserving slots (ms)=0
13/05/22 12:40:56 INFO mapred.JobClient:     Rack-local map tasks=1
13/05/22 12:40:56 INFO mapred.JobClient:     Launched map tasks=1
13/05/22 12:40:56 INFO mapred.JobClient:     SLOTS_MILLIS_REDUCES=9177
13/05/22 12:40:56 INFO mapred.JobClient:   FileSystemCounters
13/05/22 12:40:56 INFO mapred.JobClient:     FILE_BYTES_READ=137954
13/05/22 12:40:56 INFO mapred.JobClient:     HDFS_BYTES_READ=35509954
13/05/22 12:40:56 INFO mapred.JobClient:     FILE_BYTES_WRITTEN=261972
13/05/22 12:40:56 INFO mapred.JobClient:     HDFS_BYTES_WRITTEN=9418
13/05/22 12:40:56 INFO mapred.JobClient:   Map-Reduce Framework
13/05/22 12:40:56 INFO mapred.JobClient:     Map input records=340183
13/05/22 12:40:56 INFO mapred.JobClient:     Reduce shuffle bytes=3102
13/05/22 12:40:56 INFO mapred.JobClient:     Spilled Records=24747
13/05/22 12:40:56 INFO mapred.JobClient:     Map output bytes=127176600
13/05/22 12:40:56 INFO mapred.JobClient:     CPU time spent (ms)=54640
13/05/22 12:40:56 INFO mapred.JobClient:     Total committed heap usage (bytes)=2224816128
13/05/22 12:40:56 INFO mapred.JobClient:     Combine input records=11513674
13/05/22 12:40:56 INFO mapred.JobClient:     SPLIT_RAW_BYTES=131
13/05/22 12:40:56 INFO mapred.JobClient:     Reduce input records=468
13/05/22 12:40:56 INFO mapred.JobClient:     Reduce input groups=468
13/05/22 12:40:56 INFO mapred.JobClient:     Combine output records=13272
13/05/22 12:40:56 INFO mapred.JobClient:     Physical memory (bytes) snapshot=1028263936
13/05/22 12:40:56 INFO mapred.JobClient:     Reduce output records=468
13/05/22 12:40:56 INFO mapred.JobClient:     Virtual memory (bytes) snapshot=5403885568
13/05/22 12:40:56 INFO mapred.JobClient:     Map output records=11500870
13/05/22 12:40:57 WARN mapred.JobClient: Use GenericOptionsParser for parsing the arguments. Applications should implement Tool for the same.
13/05/22 12:40:57 INFO hdfs.DFSClient: Created HDFS_DELEGATION_TOKEN token 183500 for s117449 on 145.100.41.4:8020
13/05/22 12:40:57 INFO security.TokenCache: Got dt for hdfs://p-head03.alley.sara.nl:8020/user/s117449/output/fpg-accidents-support100/fList;uri=145.100.41.4:8020;t.service=145.100.41.4:8020
13/05/22 12:40:57 INFO input.FileInputFormat: Total input paths to process : 1
13/05/22 12:40:58 INFO mapred.JobClient:  map 87% reduce 0%
13/05/22 12:40:59 INFO mapred.JobClient: Running job: job_201305151711_3993
13/05/22 12:41:00 INFO mapred.JobClient:  map 0% reduce 0%
13/05/22 12:41:04 INFO mapred.JobClient:  map 93% reduce 0%
13/05/22 12:41:09 INFO mapred.JobClient:  map 100% reduce 0%
13/05/22 12:41:22 INFO mapred.JobClient:  map 100% reduce 100%
13/05/22 12:41:23 INFO mapred.JobClient: Job complete: job_201305151711_3991
13/05/22 12:41:23 INFO mapred.JobClient: Counters: 26
13/05/22 12:41:23 INFO mapred.JobClient:   Job Counters 
13/05/22 12:41:23 INFO mapred.JobClient:     Launched reduce tasks=1
13/05/22 12:41:23 INFO mapred.JobClient:     SLOTS_MILLIS_MAPS=88344
13/05/22 12:41:23 INFO mapred.JobClient:     Total time spent by all reduces waiting after reserving slots (ms)=0
13/05/22 12:41:23 INFO mapred.JobClient:     Total time spent by all maps waiting after reserving slots (ms)=0
13/05/22 12:41:23 INFO mapred.JobClient:     Launched map tasks=1
13/05/22 12:41:23 INFO mapred.JobClient:     Data-local map tasks=1
13/05/22 12:41:23 INFO mapred.JobClient:     SLOTS_MILLIS_REDUCES=17340
13/05/22 12:41:23 INFO mapred.JobClient:   FileSystemCounters
13/05/22 12:41:23 INFO mapred.JobClient:     FILE_BYTES_READ=137954
13/05/22 12:41:23 INFO mapred.JobClient:     HDFS_BYTES_READ=35509954
13/05/22 12:41:23 INFO mapred.JobClient:     FILE_BYTES_WRITTEN=261962
13/05/22 12:41:23 INFO mapred.JobClient:     HDFS_BYTES_WRITTEN=9418
13/05/22 12:41:23 INFO mapred.JobClient:   Map-Reduce Framework
13/05/22 12:41:23 INFO mapred.JobClient:     Map input records=340183
13/05/22 12:41:23 INFO mapred.JobClient:     Reduce shuffle bytes=3102
13/05/22 12:41:23 INFO mapred.JobClient:     Spilled Records=24747
13/05/22 12:41:23 INFO mapred.JobClient:     Map output bytes=127176600
13/05/22 12:41:23 INFO mapred.JobClient:     CPU time spent (ms)=65990
13/05/22 12:41:23 INFO mapred.JobClient:     Total committed heap usage (bytes)=2424242176
13/05/22 12:41:23 INFO mapred.JobClient:     Combine input records=11513674
13/05/22 12:41:23 INFO mapred.JobClient:     SPLIT_RAW_BYTES=131
13/05/22 12:41:23 INFO mapred.JobClient:     Reduce input records=468
13/05/22 12:41:23 INFO mapred.JobClient:     Reduce input groups=468
13/05/22 12:41:23 INFO mapred.JobClient:     Combine output records=13272
13/05/22 12:41:23 INFO mapred.JobClient:     Physical memory (bytes) snapshot=1114062848
13/05/22 12:41:23 INFO mapred.JobClient:     Reduce output records=468
13/05/22 12:41:23 INFO mapred.JobClient:     Virtual memory (bytes) snapshot=5404004352
13/05/22 12:41:23 INFO mapred.JobClient:     Map output records=11500870
13/05/22 12:41:23 WARN mapred.JobClient: Use GenericOptionsParser for parsing the arguments. Applications should implement Tool for the same.
13/05/22 12:41:23 INFO hdfs.DFSClient: Created HDFS_DELEGATION_TOKEN token 183502 for s117449 on 145.100.41.4:8020
13/05/22 12:41:23 INFO security.TokenCache: Got dt for hdfs://p-head03.alley.sara.nl:8020/user/s117449/output/fpg-accidents-support10/fList;uri=145.100.41.4:8020;t.service=145.100.41.4:8020
13/05/22 12:41:24 INFO input.FileInputFormat: Total input paths to process : 1
13/05/22 12:41:27 INFO mapred.JobClient: Running job: job_201305151711_3995
13/05/22 12:41:28 INFO mapred.JobClient:  map 0% reduce 0%
13/05/22 12:41:47 INFO mapred.JobClient:  map 2% reduce 0%
13/05/22 12:41:50 INFO mapred.JobClient:  map 4% reduce 0%
13/05/22 12:41:53 INFO mapred.JobClient:  map 5% reduce 0%
13/05/22 12:41:57 INFO mapred.JobClient:  map 6% reduce 0%
13/05/22 12:42:00 INFO mapred.JobClient:  map 7% reduce 0%
13/05/22 12:42:07 INFO mapred.JobClient:  map 9% reduce 0%
13/05/22 12:42:09 INFO mapred.JobClient:  map 11% reduce 0%
13/05/22 12:42:13 INFO mapred.JobClient:  map 1% reduce 0%
13/05/22 12:42:13 INFO mapred.JobClient:  map 13% reduce 0%
13/05/22 12:42:17 INFO mapred.JobClient:  map 15% reduce 0%
13/05/22 12:42:20 INFO mapred.JobClient:  map 16% reduce 0%
13/05/22 12:42:21 INFO mapred.JobClient:  map 2% reduce 0%
13/05/22 12:42:23 INFO mapred.JobClient:  map 18% reduce 0%
13/05/22 12:42:26 INFO mapred.JobClient:  map 5% reduce 0%
13/05/22 12:42:26 INFO mapred.JobClient:  map 21% reduce 0%
13/05/22 12:42:29 INFO mapred.JobClient:  map 23% reduce 0%
13/05/22 12:42:30 INFO mapred.JobClient:  map 6% reduce 0%
13/05/22 12:42:33 INFO mapred.JobClient:  map 24% reduce 0%
13/05/22 12:42:36 INFO mapred.JobClient:  map 25% reduce 0%
13/05/22 12:42:38 INFO mapred.JobClient:  map 7% reduce 0%
13/05/22 12:42:39 INFO mapred.JobClient:  map 27% reduce 0%
13/05/22 12:42:41 INFO mapred.JobClient:  map 9% reduce 0%
13/05/22 12:42:42 INFO mapred.JobClient:  map 29% reduce 0%
13/05/22 12:42:44 INFO mapred.JobClient:  map 12% reduce 0%
13/05/22 12:42:45 INFO mapred.JobClient:  map 31% reduce 0%
13/05/22 12:42:48 INFO mapred.JobClient:  map 14% reduce 0%
13/05/22 12:42:49 INFO mapred.JobClient:  map 32% reduce 0%
13/05/22 12:42:53 INFO mapred.JobClient:  map 34% reduce 0%
13/05/22 12:42:56 INFO mapred.JobClient:  map 36% reduce 0%
13/05/22 12:42:59 INFO mapred.JobClient:  map 38% reduce 0%
13/05/22 12:43:02 INFO mapred.JobClient:  map 40% reduce 0%
13/05/22 12:43:03 INFO mapred.JobClient:  map 18% reduce 0%
13/05/22 12:43:04 INFO mapred.JobClient:  map 42% reduce 0%
13/05/22 12:43:06 INFO mapred.JobClient:  map 20% reduce 0%
13/05/22 12:43:08 INFO mapred.JobClient:  map 43% reduce 0%
13/05/22 12:43:09 INFO mapred.JobClient:  map 22% reduce 0%
13/05/22 12:43:11 INFO mapred.JobClient:  map 45% reduce 0%
13/05/22 12:43:12 INFO mapred.JobClient:  map 25% reduce 0%
13/05/22 12:43:15 INFO mapred.JobClient:  map 46% reduce 0%
13/05/22 12:43:15 INFO mapred.JobClient:  map 27% reduce 0%
13/05/22 12:43:19 INFO mapred.JobClient:  map 48% reduce 0%
13/05/22 12:43:21 INFO mapred.JobClient:  map 50% reduce 0%
13/05/22 12:43:23 INFO mapred.JobClient:  map 30% reduce 0%
13/05/22 12:43:24 INFO mapred.JobClient:  map 52% reduce 0%
13/05/22 12:43:28 INFO mapred.JobClient:  map 54% reduce 0%
13/05/22 12:43:29 INFO mapred.JobClient:  map 32% reduce 0%
13/05/22 12:43:31 INFO mapred.JobClient:  map 55% reduce 0%
13/05/22 12:43:32 INFO mapred.JobClient:  map 34% reduce 0%
13/05/22 12:43:34 INFO mapred.JobClient:  map 57% reduce 0%
13/05/22 12:43:35 INFO mapred.JobClient:  map 36% reduce 0%
13/05/22 12:43:37 INFO mapred.JobClient:  map 59% reduce 0%
13/05/22 12:43:38 INFO mapred.JobClient:  map 39% reduce 0%
13/05/22 12:43:41 INFO mapred.JobClient:  map 60% reduce 0%
13/05/22 12:43:43 INFO mapred.JobClient:  map 40% reduce 0%
13/05/22 12:43:46 INFO mapred.JobClient:  map 41% reduce 0%
13/05/22 12:43:47 INFO mapred.JobClient:  map 62% reduce 0%
13/05/22 12:43:48 INFO mapred.JobClient:  map 63% reduce 0%
13/05/22 12:43:50 INFO mapred.JobClient:  map 42% reduce 0%
13/05/22 12:43:53 INFO mapred.JobClient:  map 43% reduce 0%
13/05/22 12:43:56 INFO mapred.JobClient:  map 45% reduce 0%
13/05/22 12:43:57 INFO mapred.JobClient:  map 67% reduce 0%
13/05/22 12:43:59 INFO mapred.JobClient:  map 47% reduce 0%
13/05/22 12:44:01 INFO mapred.JobClient:  map 68% reduce 0%
13/05/22 12:44:02 INFO mapred.JobClient:  map 49% reduce 0%
13/05/22 12:44:05 INFO mapred.JobClient:  map 52% reduce 0%
13/05/22 12:44:08 INFO mapred.JobClient:  map 54% reduce 0%
13/05/22 12:44:10 INFO mapred.JobClient:  map 73% reduce 0%
13/05/22 12:44:11 INFO mapred.JobClient:  map 57% reduce 0%
13/05/22 12:44:13 INFO mapred.JobClient:  map 75% reduce 0%
13/05/22 12:44:14 INFO mapred.JobClient:  map 59% reduce 0%
13/05/22 12:44:17 INFO mapred.JobClient:  map 77% reduce 0%
13/05/22 12:44:17 INFO mapred.JobClient:  map 62% reduce 0%
13/05/22 12:44:19 INFO mapred.JobClient:  map 79% reduce 0%
13/05/22 12:44:20 INFO mapred.JobClient:  map 64% reduce 0%
13/05/22 12:44:22 INFO mapred.JobClient:  map 81% reduce 0%
13/05/22 12:44:25 INFO mapred.JobClient:  map 66% reduce 0%
13/05/22 12:44:26 INFO mapred.JobClient:  map 83% reduce 0%
13/05/22 12:44:29 INFO mapred.JobClient:  map 68% reduce 0%
13/05/22 12:44:29 INFO mapred.JobClient:  map 85% reduce 0%
13/05/22 12:44:32 INFO mapred.JobClient:  map 69% reduce 0%
13/05/22 12:44:34 INFO mapred.JobClient:  map 71% reduce 0%
13/05/22 12:44:34 INFO mapred.JobClient:  map 87% reduce 0%
13/05/22 12:44:37 INFO mapred.JobClient:  map 88% reduce 0%
13/05/22 12:44:38 INFO mapred.JobClient:  map 73% reduce 0%
13/05/22 12:44:40 INFO mapred.JobClient:  map 89% reduce 0%
13/05/22 12:44:41 INFO mapred.JobClient:  map 75% reduce 0%
13/05/22 12:44:43 INFO mapred.JobClient:  map 91% reduce 0%
13/05/22 12:44:44 INFO mapred.JobClient:  map 76% reduce 0%
13/05/22 12:44:46 INFO mapred.JobClient:  map 94% reduce 0%
13/05/22 12:44:47 INFO mapred.JobClient:  map 78% reduce 0%
13/05/22 12:44:54 INFO mapred.JobClient:  map 80% reduce 0%
13/05/22 12:44:56 INFO mapred.JobClient:  map 98% reduce 0%
13/05/22 12:44:57 INFO mapred.JobClient:  map 81% reduce 0%
13/05/22 12:44:59 INFO mapred.JobClient:  map 99% reduce 0%
13/05/22 12:45:00 INFO mapred.JobClient:  map 82% reduce 0%
13/05/22 12:45:03 INFO mapred.JobClient:  map 84% reduce 0%
13/05/22 12:45:03 INFO mapred.JobClient:  map 100% reduce 0%
13/05/22 12:45:08 INFO mapred.JobClient:  map 87% reduce 0%
13/05/22 12:45:10 INFO mapred.JobClient:  map 88% reduce 0%
13/05/22 12:45:13 INFO mapred.JobClient:  map 90% reduce 0%
13/05/22 12:45:16 INFO mapred.JobClient:  map 93% reduce 0%
13/05/22 12:45:20 INFO mapred.JobClient:  map 95% reduce 0%
13/05/22 12:45:22 INFO mapred.JobClient:  map 96% reduce 0%
13/05/22 12:45:26 INFO mapred.JobClient:  map 97% reduce 0%
13/05/22 12:45:28 INFO mapred.JobClient:  map 99% reduce 0%
13/05/22 12:45:33 INFO mapred.JobClient:  map 100% reduce 0%
13/05/22 12:46:23 INFO mapred.JobClient:  map 100% reduce 33%
13/05/22 12:46:28 INFO mapred.JobClient:  map 100% reduce 66%
13/05/22 12:46:31 INFO mapred.JobClient:  map 100% reduce 67%
13/05/22 12:46:34 INFO mapred.JobClient:  map 100% reduce 68%
13/05/22 12:46:48 INFO mapred.JobClient:  map 100% reduce 69%
13/05/22 12:46:50 INFO mapred.JobClient:  map 100% reduce 70%
13/05/22 12:46:57 INFO mapred.JobClient:  map 100% reduce 71%
13/05/22 12:47:04 INFO mapred.JobClient:  map 100% reduce 72%
13/05/22 12:47:08 INFO mapred.JobClient:  map 100% reduce 33%
13/05/22 12:47:12 INFO mapred.JobClient:  map 100% reduce 67%
13/05/22 12:47:16 INFO mapred.JobClient:  map 100% reduce 73%
13/05/22 12:47:20 INFO mapred.JobClient:  map 100% reduce 74%
13/05/22 12:47:25 INFO mapred.JobClient:  map 100% reduce 68%
13/05/22 12:47:28 INFO mapred.JobClient:  map 100% reduce 69%
13/05/22 12:47:31 INFO mapred.JobClient:  map 100% reduce 70%
13/05/22 12:47:33 INFO mapred.JobClient:  map 100% reduce 75%
13/05/22 12:47:37 INFO mapred.JobClient:  map 100% reduce 71%
13/05/22 12:47:39 INFO mapred.JobClient:  map 100% reduce 76%
13/05/22 12:47:44 INFO mapred.JobClient:  map 100% reduce 77%
13/05/22 12:47:49 INFO mapred.JobClient:  map 100% reduce 72%
13/05/22 12:47:54 INFO mapred.JobClient:  map 100% reduce 78%
13/05/22 12:48:00 INFO mapred.JobClient:  map 100% reduce 79%
13/05/22 12:48:03 INFO mapred.JobClient:  map 100% reduce 80%
13/05/22 12:48:05 INFO mapred.JobClient:  map 100% reduce 73%
13/05/22 12:48:08 INFO mapred.JobClient:  map 100% reduce 74%
13/05/22 12:48:12 INFO mapred.JobClient:  map 100% reduce 81%
13/05/22 12:48:21 INFO mapred.JobClient:  map 100% reduce 100%
13/05/22 12:48:22 INFO mapred.JobClient:  map 100% reduce 75%
13/05/22 12:48:25 INFO mapred.JobClient: Job complete: job_201305151711_3993
13/05/22 12:48:25 INFO mapred.JobClient: Counters: 25
13/05/22 12:48:25 INFO mapred.JobClient:   Job Counters 
13/05/22 12:48:25 INFO mapred.JobClient:     Launched reduce tasks=1
13/05/22 12:48:25 INFO mapred.JobClient:     SLOTS_MILLIS_MAPS=282619
13/05/22 12:48:25 INFO mapred.JobClient:     Total time spent by all reduces waiting after reserving slots (ms)=0
13/05/22 12:48:25 INFO mapred.JobClient:     Total time spent by all maps waiting after reserving slots (ms)=0
13/05/22 12:48:25 INFO mapred.JobClient:     Launched map tasks=1
13/05/22 12:48:25 INFO mapred.JobClient:     SLOTS_MILLIS_REDUCES=136113
13/05/22 12:48:25 INFO mapred.JobClient:   FileSystemCounters
13/05/22 12:48:25 INFO mapred.JobClient:     FILE_BYTES_READ=185430565
13/05/22 12:48:25 INFO mapred.JobClient:     HDFS_BYTES_READ=35509954
13/05/22 12:48:25 INFO mapred.JobClient:     FILE_BYTES_WRITTEN=242902028
13/05/22 12:48:25 INFO mapred.JobClient:     HDFS_BYTES_WRITTEN=1238996
13/05/22 12:48:25 INFO mapred.JobClient:   Map-Reduce Framework
13/05/22 12:48:25 INFO mapred.JobClient:     Map input records=340183
13/05/22 12:48:25 INFO mapred.JobClient:     Reduce shuffle bytes=57361803
13/05/22 12:48:25 INFO mapred.JobClient:     Spilled Records=24332
13/05/22 12:48:25 INFO mapred.JobClient:     Map output bytes=294157374
13/05/22 12:48:25 INFO mapred.JobClient:     CPU time spent (ms)=320020
13/05/22 12:48:25 INFO mapred.JobClient:     Total committed heap usage (bytes)=3094413312
13/05/22 12:48:25 INFO mapred.JobClient:     Combine input records=11513416
13/05/22 12:48:25 INFO mapred.JobClient:     SPLIT_RAW_BYTES=131
13/05/22 12:48:25 INFO mapred.JobClient:     Reduce input records=359
13/05/22 12:48:25 INFO mapred.JobClient:     Reduce input groups=359
13/05/22 12:48:25 INFO mapred.JobClient:     Combine output records=13033
13/05/22 12:48:25 INFO mapred.JobClient:     Physical memory (bytes) snapshot=2290266112
13/05/22 12:48:25 INFO mapred.JobClient:     Reduce output records=359
13/05/22 12:48:25 INFO mapred.JobClient:     Virtual memory (bytes) snapshot=5403992064
13/05/22 12:48:25 INFO mapred.JobClient:     Map output records=11500742
13/05/22 12:48:25 WARN mapred.JobClient: Use GenericOptionsParser for parsing the arguments. Applications should implement Tool for the same.
13/05/22 12:48:25 INFO hdfs.DFSClient: Created HDFS_DELEGATION_TOKEN token 183504 for s117449 on 145.100.41.4:8020
13/05/22 12:48:25 INFO security.TokenCache: Got dt for hdfs://p-head03.alley.sara.nl:8020/user/s117449/output/fpg-accidents-support100/fList;uri=145.100.41.4:8020;t.service=145.100.41.4:8020
13/05/22 12:48:27 INFO input.FileInputFormat: Total input paths to process : 1
13/05/22 12:48:28 INFO mapred.JobClient:  map 100% reduce 76%
13/05/22 12:48:28 INFO mapred.JobClient: Running job: job_201305151711_3997
13/05/22 12:48:29 INFO mapred.JobClient:  map 0% reduce 0%
13/05/22 12:48:35 INFO mapred.JobClient:  map 100% reduce 77%
13/05/22 12:48:47 INFO mapred.JobClient:  map 100% reduce 78%
13/05/22 12:48:55 INFO mapred.JobClient:  map 100% reduce 79%
13/05/22 12:48:58 INFO mapred.JobClient:  map 100% reduce 80%
13/05/22 12:48:59 INFO mapred.JobClient:  map 100% reduce 0%
13/05/22 12:49:03 INFO mapred.JobClient:  map 100% reduce 81%
13/05/22 12:49:08 INFO mapred.JobClient:  map 100% reduce 33%
13/05/22 12:49:10 INFO mapred.JobClient:  map 100% reduce 100%
13/05/22 12:49:11 INFO mapred.JobClient:  map 100% reduce 100%
13/05/22 12:49:12 INFO mapred.JobClient: Job complete: job_201305151711_3995
13/05/22 12:49:12 INFO mapred.JobClient: Job complete: job_201305151711_3997
13/05/22 12:49:12 INFO mapred.JobClient: Counters: 26
13/05/22 12:49:12 INFO mapred.JobClient: Counters: 25
13/05/22 12:49:12 INFO mapred.JobClient:   Job Counters 
13/05/22 12:49:12 INFO mapred.JobClient:   Job Counters 
13/05/22 12:49:12 INFO mapred.JobClient:     Launched reduce tasks=1
13/05/22 12:49:12 INFO mapred.JobClient:     Launched reduce tasks=1
13/05/22 12:49:12 INFO mapred.JobClient:     SLOTS_MILLIS_MAPS=315089
13/05/22 12:49:12 INFO mapred.JobClient:     SLOTS_MILLIS_MAPS=15033
13/05/22 12:49:12 INFO mapred.JobClient:     Total time spent by all reduces waiting after reserving slots (ms)=0
13/05/22 12:49:12 INFO mapred.JobClient:     Total time spent by all reduces waiting after reserving slots (ms)=0
13/05/22 12:49:12 INFO mapred.JobClient:     Total time spent by all maps waiting after reserving slots (ms)=0
13/05/22 12:49:12 INFO mapred.JobClient:     Total time spent by all maps waiting after reserving slots (ms)=0
13/05/22 12:49:12 INFO mapred.JobClient:     Rack-local map tasks=1
13/05/22 12:49:12 INFO mapred.JobClient:     Launched map tasks=1
13/05/22 12:49:12 INFO mapred.JobClient:     Launched map tasks=1
13/05/22 12:49:12 INFO mapred.JobClient:     SLOTS_MILLIS_REDUCES=15516
13/05/22 12:49:12 INFO mapred.JobClient:     SLOTS_MILLIS_REDUCES=133529
13/05/22 12:49:12 INFO mapred.JobClient:   FileSystemCounters
13/05/22 12:49:12 INFO mapred.JobClient:   FileSystemCounters
13/05/22 12:49:13 INFO mapred.JobClient:     FILE_BYTES_READ=331404
13/05/22 12:49:13 INFO mapred.JobClient:     FILE_BYTES_READ=185430565
13/05/22 12:49:13 INFO mapred.JobClient:     HDFS_BYTES_READ=1239162
13/05/22 12:49:13 INFO mapred.JobClient:     HDFS_BYTES_READ=35509954
13/05/22 12:49:13 INFO mapred.JobClient:     FILE_BYTES_WRITTEN=786304
13/05/22 12:49:13 INFO mapred.JobClient:     FILE_BYTES_WRITTEN=242902014
13/05/22 12:49:13 INFO mapred.JobClient:     HDFS_BYTES_WRITTEN=1253858
13/05/22 12:49:13 INFO mapred.JobClient:     HDFS_BYTES_WRITTEN=116667
13/05/22 12:49:13 INFO mapred.JobClient:   Map-Reduce Framework
13/05/22 12:49:13 INFO mapred.JobClient:   Map-Reduce Framework
13/05/22 12:49:13 INFO mapred.JobClient:     Map input records=359
13/05/22 12:49:13 INFO mapred.JobClient:     Map input records=340183
13/05/22 12:49:13 INFO mapred.JobClient:     Reduce shuffle bytes=331452
13/05/22 12:49:13 INFO mapred.JobClient:     Reduce shuffle bytes=57361803
13/05/22 12:49:13 INFO mapred.JobClient:     Spilled Records=718
13/05/22 12:49:13 INFO mapred.JobClient:     Spilled Records=24332
13/05/22 12:49:13 INFO mapred.JobClient:     Map output bytes=10442066
13/05/22 12:49:13 INFO mapred.JobClient:     Map output bytes=294157374
13/05/22 12:49:13 INFO mapred.JobClient:     CPU time spent (ms)=25570
13/05/22 12:49:13 INFO mapred.JobClient:     CPU time spent (ms)=303790
13/05/22 12:49:13 INFO mapred.JobClient:     Total committed heap usage (bytes)=2291924992
13/05/22 12:49:13 INFO mapred.JobClient:     Total committed heap usage (bytes)=2737504256
13/05/22 12:49:13 INFO mapred.JobClient:     Combine input records=203264
13/05/22 12:49:13 INFO mapred.JobClient:     Combine input records=11513416
13/05/22 12:49:13 INFO mapred.JobClient:     SPLIT_RAW_BYTES=166
13/05/22 12:49:13 INFO mapred.JobClient:     SPLIT_RAW_BYTES=131
13/05/22 12:49:13 INFO mapred.JobClient:     Reduce input records=359
13/05/22 12:49:13 INFO mapred.JobClient:     Reduce input records=359
13/05/22 12:49:13 INFO mapred.JobClient:     Reduce input groups=359
13/05/22 12:49:13 INFO mapred.JobClient:     Reduce input groups=359
13/05/22 12:49:13 INFO mapred.JobClient:     Combine output records=359
13/05/22 12:49:13 INFO mapred.JobClient:     Combine output records=13033
13/05/22 12:49:13 INFO mapred.JobClient:     Physical memory (bytes) snapshot=967086080
13/05/22 12:49:13 INFO mapred.JobClient:     Physical memory (bytes) snapshot=1952555008
13/05/22 12:49:13 INFO mapred.JobClient:     Reduce output records=359
13/05/22 12:49:13 INFO mapred.JobClient:     Reduce output records=359
13/05/22 12:49:13 INFO mapred.JobClient:     Virtual memory (bytes) snapshot=5403615232
13/05/22 12:49:13 INFO mapred.JobClient:     Virtual memory (bytes) snapshot=5402263552
13/05/22 12:49:13 INFO mapred.JobClient:     Map output records=203264
13/05/22 12:49:13 INFO mapred.JobClient:     Map output records=11500742
13/05/22 12:49:14 INFO driver.MahoutDriver: Program took 588193 ms (Minutes: 9.803216666666666)
13/05/22 12:49:14 WARN mapred.JobClient: Use GenericOptionsParser for parsing the arguments. Applications should implement Tool for the same.
13/05/22 12:49:14 INFO hdfs.DFSClient: Created HDFS_DELEGATION_TOKEN token 183505 for s117449 on 145.100.41.4:8020
13/05/22 12:49:14 INFO security.TokenCache: Got dt for hdfs://p-head03.alley.sara.nl:8020/user/s117449/output/fpg-accidents-support10/fList;uri=145.100.41.4:8020;t.service=145.100.41.4:8020
13/05/22 12:49:14 INFO input.FileInputFormat: Total input paths to process : 1
13/05/22 12:49:24 INFO mapred.JobClient: Running job: job_201305151711_3998
13/05/22 12:49:25 INFO mapred.JobClient:  map 0% reduce 0%
13/05/22 12:50:10 INFO mapred.JobClient:  map 100% reduce 0%
13/05/22 12:50:27 INFO mapred.JobClient:  map 100% reduce 100%
13/05/22 12:50:33 INFO mapred.JobClient: Job complete: job_201305151711_3998
13/05/22 12:50:33 INFO mapred.JobClient: Counters: 26
13/05/22 12:50:33 INFO mapred.JobClient:   Job Counters 
13/05/22 12:50:33 INFO mapred.JobClient:     Launched reduce tasks=1
13/05/22 12:50:33 INFO mapred.JobClient:     SLOTS_MILLIS_MAPS=18567
13/05/22 12:50:33 INFO mapred.JobClient:     Total time spent by all reduces waiting after reserving slots (ms)=0
13/05/22 12:50:33 INFO mapred.JobClient:     Total time spent by all maps waiting after reserving slots (ms)=0
13/05/22 12:50:33 INFO mapred.JobClient:     Rack-local map tasks=1
13/05/22 12:50:33 INFO mapred.JobClient:     Launched map tasks=1
13/05/22 12:50:33 INFO mapred.JobClient:     SLOTS_MILLIS_REDUCES=21583
13/05/22 12:50:33 INFO mapred.JobClient:   FileSystemCounters
13/05/22 12:50:33 INFO mapred.JobClient:     FILE_BYTES_READ=39253
13/05/22 12:50:33 INFO mapred.JobClient:     HDFS_BYTES_READ=116832
13/05/22 12:50:33 INFO mapred.JobClient:     FILE_BYTES_WRITTEN=201932
13/05/22 12:50:33 INFO mapred.JobClient:     HDFS_BYTES_WRITTEN=117231
13/05/22 12:50:33 INFO mapred.JobClient:   Map-Reduce Framework
13/05/22 12:50:33 INFO mapred.JobClient:     Map input records=359
13/05/22 12:50:33 INFO mapred.JobClient:     Reduce shuffle bytes=39249
13/05/22 12:50:33 INFO mapred.JobClient:     Spilled Records=718
13/05/22 12:50:33 INFO mapred.JobClient:     Map output bytes=826170
13/05/22 12:50:33 INFO mapred.JobClient:     CPU time spent (ms)=13500
13/05/22 12:50:33 INFO mapred.JobClient:     Total committed heap usage (bytes)=2027421696
13/05/22 12:50:33 INFO mapred.JobClient:     Combine input records=16613
13/05/22 12:50:33 INFO mapred.JobClient:     SPLIT_RAW_BYTES=165
13/05/22 12:50:33 INFO mapred.JobClient:     Reduce input records=359
13/05/22 12:50:33 INFO mapred.JobClient:     Reduce input groups=359
13/05/22 12:50:33 INFO mapred.JobClient:     Combine output records=359
13/05/22 12:50:33 INFO mapred.JobClient:     Physical memory (bytes) snapshot=534155264
13/05/22 12:50:33 INFO mapred.JobClient:     Reduce output records=359
13/05/22 12:50:33 INFO mapred.JobClient:     Virtual memory (bytes) snapshot=5403459584
13/05/22 12:50:33 INFO mapred.JobClient:     Map output records=16613
13/05/22 12:50:33 INFO driver.MahoutDriver: Program took 682697 ms (Minutes: 11.378283333333334)
