nohup: ignoring input
MAHOUT_LOCAL is not set; adding HADOOP_CONF_DIR to classpath.
Running on hadoop, using /usr/lib/hadoop/bin/hadoop and HADOOP_CONF_DIR=/home/s117449/hadoop-conf
MAHOUT-JOB: /home/s117449/mahout-distribution-0.7/mahout-examples-0.7-job.jar
13/05/23 15:24:08 INFO common.AbstractJob: Command line arguments: {--encoding=[UTF-8], --endPhase=[2147483647], --input=[startpagina/startpagina-parsed-100], --maxHeapSize=[50], --method=[mapreduce], --minSupport=[230783252], --numGroups=[1000], --numTreeCacheEntries=[5], --output=[output/fpg-startpagina-support0.5], --splitterPattern=[[\ ]], --startPhase=[0], --tempDir=[temp]}
13/05/23 15:24:10 WARN mapred.JobClient: Use GenericOptionsParser for parsing the arguments. Applications should implement Tool for the same.
13/05/23 15:24:10 INFO hdfs.DFSClient: Created HDFS_DELEGATION_TOKEN token 184259 for s117449 on 145.100.41.4:8020
13/05/23 15:24:10 INFO security.TokenCache: Got dt for hdfs://p-head03.alley.sara.nl:8020/tmp/hadoop-mapred/mapred/staging/s117449/.staging/job_201305151711_4616;uri=145.100.41.4:8020;t.service=145.100.41.4:8020
13/05/23 15:24:11 INFO input.FileInputFormat: Total input paths to process : 100
13/05/23 15:24:11 WARN snappy.LoadSnappy: Snappy native library is available
13/05/23 15:24:11 INFO util.NativeCodeLoader: Loaded the native-hadoop library
13/05/23 15:24:11 INFO snappy.LoadSnappy: Snappy native library loaded
13/05/23 15:24:13 INFO mapred.JobClient: Running job: job_201305151711_4616
13/05/23 15:24:14 INFO mapred.JobClient:  map 0% reduce 0%
13/05/23 15:25:07 INFO mapred.JobClient:  map 1% reduce 0%
13/05/23 15:25:17 INFO mapred.JobClient:  map 2% reduce 0%
13/05/23 15:25:24 INFO mapred.JobClient:  map 3% reduce 0%
13/05/23 15:25:30 INFO mapred.JobClient:  map 4% reduce 0%
13/05/23 15:25:35 INFO mapred.JobClient:  map 5% reduce 0%
13/05/23 15:25:45 INFO mapred.JobClient:  map 7% reduce 0%
13/05/23 15:25:50 INFO mapred.JobClient:  map 8% reduce 0%
13/05/23 15:25:55 INFO mapred.JobClient:  map 9% reduce 0%
13/05/23 15:26:01 INFO mapred.JobClient:  map 10% reduce 0%
13/05/23 15:26:10 INFO mapred.JobClient:  map 11% reduce 0%
13/05/23 15:26:23 INFO mapred.JobClient:  map 12% reduce 0%
13/05/23 15:26:28 INFO mapred.JobClient:  map 13% reduce 0%
13/05/23 15:26:37 INFO mapred.JobClient:  map 14% reduce 0%
13/05/23 15:26:45 INFO mapred.JobClient:  map 15% reduce 0%
13/05/23 15:27:00 INFO mapred.JobClient:  map 16% reduce 0%
13/05/23 15:27:01 INFO mapred.JobClient:  map 17% reduce 0%
13/05/23 15:27:07 INFO mapred.JobClient:  map 18% reduce 0%
13/05/23 15:27:14 INFO mapred.JobClient:  map 19% reduce 0%
13/05/23 15:27:20 INFO mapred.JobClient:  map 20% reduce 0%
13/05/23 15:27:28 INFO mapred.JobClient:  map 21% reduce 0%
13/05/23 15:27:38 INFO mapred.JobClient:  map 22% reduce 0%
13/05/23 15:27:41 INFO mapred.JobClient:  map 23% reduce 0%
13/05/23 15:27:49 INFO mapred.JobClient:  map 24% reduce 0%
13/05/23 15:27:55 INFO mapred.JobClient:  map 25% reduce 0%
13/05/23 15:28:01 INFO mapred.JobClient:  map 26% reduce 0%
13/05/23 15:28:15 INFO mapred.JobClient:  map 28% reduce 0%
13/05/23 15:28:22 INFO mapred.JobClient:  map 29% reduce 0%
13/05/23 15:28:28 INFO mapred.JobClient:  map 30% reduce 0%
13/05/23 15:28:34 INFO mapred.JobClient:  map 31% reduce 0%
13/05/23 15:28:39 INFO mapred.JobClient:  map 32% reduce 0%
13/05/23 15:28:52 INFO mapred.JobClient:  map 33% reduce 0%
13/05/23 15:28:54 INFO mapred.JobClient:  map 34% reduce 0%
13/05/23 15:29:01 INFO mapred.JobClient:  map 35% reduce 0%
13/05/23 15:29:06 INFO mapred.JobClient:  map 36% reduce 0%
13/05/23 15:29:13 INFO mapred.JobClient:  map 37% reduce 0%
13/05/23 15:29:20 INFO mapred.JobClient:  map 38% reduce 0%
13/05/23 15:29:31 INFO mapred.JobClient:  map 39% reduce 0%
13/05/23 15:29:34 INFO mapred.JobClient:  map 40% reduce 0%
13/05/23 15:29:40 INFO mapred.JobClient:  map 41% reduce 0%
13/05/23 15:29:45 INFO mapred.JobClient:  map 42% reduce 0%
13/05/23 15:29:51 INFO mapred.JobClient:  map 43% reduce 0%
13/05/23 15:29:56 INFO mapred.JobClient:  map 44% reduce 0%
13/05/23 15:30:10 INFO mapred.JobClient:  map 46% reduce 0%
13/05/23 15:30:15 INFO mapred.JobClient:  map 47% reduce 0%
13/05/23 15:30:20 INFO mapred.JobClient:  map 48% reduce 0%
13/05/23 15:30:25 INFO mapred.JobClient:  map 49% reduce 0%
13/05/23 15:30:29 INFO mapred.JobClient:  map 50% reduce 0%
13/05/23 15:30:33 INFO mapred.JobClient:  map 51% reduce 0%
13/05/23 15:30:38 INFO mapred.JobClient:  map 52% reduce 0%
13/05/23 15:30:47 INFO mapred.JobClient:  map 53% reduce 0%
13/05/23 15:30:48 INFO mapred.JobClient:  map 54% reduce 0%
13/05/23 15:30:52 INFO mapred.JobClient:  map 55% reduce 0%
13/05/23 15:30:58 INFO mapred.JobClient:  map 56% reduce 0%
13/05/23 15:31:04 INFO mapred.JobClient:  map 57% reduce 0%
13/05/23 15:31:08 INFO mapred.JobClient:  map 58% reduce 0%
13/05/23 15:31:14 INFO mapred.JobClient:  map 59% reduce 0%
13/05/23 15:31:25 INFO mapred.JobClient:  map 61% reduce 0%
13/05/23 15:31:30 INFO mapred.JobClient:  map 62% reduce 0%
13/05/23 15:31:35 INFO mapred.JobClient:  map 63% reduce 0%
13/05/23 15:31:39 INFO mapred.JobClient:  map 64% reduce 0%
13/05/23 15:31:44 INFO mapred.JobClient:  map 65% reduce 0%
13/05/23 15:31:50 INFO mapred.JobClient:  map 66% reduce 0%
13/05/23 15:32:02 INFO mapred.JobClient:  map 67% reduce 0%
13/05/23 15:32:03 INFO mapred.JobClient:  map 68% reduce 0%
13/05/23 15:32:05 INFO mapred.JobClient:  map 69% reduce 0%
13/05/23 15:32:11 INFO mapred.JobClient:  map 70% reduce 0%
13/05/23 15:32:14 INFO mapred.JobClient:  map 71% reduce 0%
13/05/23 15:32:19 INFO mapred.JobClient:  map 72% reduce 0%
13/05/23 15:32:24 INFO mapred.JobClient:  map 73% reduce 0%
13/05/23 15:32:29 INFO mapred.JobClient:  map 74% reduce 0%
13/05/23 15:32:41 INFO mapred.JobClient:  map 75% reduce 0%
13/05/23 15:32:42 INFO mapred.JobClient:  map 76% reduce 0%
13/05/23 15:32:43 INFO mapred.JobClient:  map 77% reduce 0%
13/05/23 15:32:48 INFO mapred.JobClient:  map 78% reduce 0%
13/05/23 15:32:51 INFO mapred.JobClient:  map 79% reduce 0%
13/05/23 15:32:56 INFO mapred.JobClient:  map 80% reduce 0%
13/05/23 15:33:01 INFO mapred.JobClient:  map 81% reduce 0%
13/05/23 15:33:06 INFO mapred.JobClient:  map 82% reduce 0%
13/05/23 15:33:19 INFO mapred.JobClient:  map 83% reduce 0%
13/05/23 15:33:21 INFO mapred.JobClient:  map 84% reduce 0%
13/05/23 15:33:22 INFO mapred.JobClient:  map 85% reduce 0%
13/05/23 15:33:27 INFO mapred.JobClient:  map 86% reduce 0%
13/05/23 15:33:31 INFO mapred.JobClient:  map 87% reduce 0%
13/05/23 15:33:35 INFO mapred.JobClient:  map 88% reduce 0%
13/05/23 15:33:38 INFO mapred.JobClient:  map 89% reduce 0%
13/05/23 15:33:43 INFO mapred.JobClient:  map 90% reduce 0%
13/05/23 15:33:48 INFO mapred.JobClient:  map 91% reduce 0%
13/05/23 15:33:58 INFO mapred.JobClient:  map 93% reduce 0%
13/05/23 15:34:03 INFO mapred.JobClient:  map 94% reduce 0%
13/05/23 15:34:08 INFO mapred.JobClient:  map 95% reduce 0%
13/05/23 15:34:13 INFO mapred.JobClient:  map 96% reduce 0%
13/05/23 15:34:21 INFO mapred.JobClient:  map 97% reduce 0%
13/05/23 15:34:35 INFO mapred.JobClient:  map 98% reduce 0%
13/05/23 15:34:36 INFO mapred.JobClient:  map 99% reduce 1%
13/05/23 15:35:23 INFO mapred.JobClient:  map 100% reduce 1%
13/05/23 15:36:50 INFO mapred.JobClient:  map 100% reduce 2%
13/05/23 15:37:53 INFO mapred.JobClient:  map 100% reduce 3%
13/05/23 15:39:58 INFO mapred.JobClient:  map 100% reduce 4%
13/05/23 15:41:12 INFO mapred.JobClient:  map 100% reduce 5%
13/05/23 15:42:35 INFO mapred.JobClient:  map 100% reduce 6%
13/05/23 15:44:40 INFO mapred.JobClient:  map 100% reduce 7%
13/05/23 15:45:44 INFO mapred.JobClient:  map 100% reduce 8%
13/05/23 15:46:45 INFO mapred.JobClient:  map 100% reduce 9%
13/05/23 15:48:48 INFO mapred.JobClient:  map 100% reduce 10%
13/05/23 15:49:52 INFO mapred.JobClient:  map 100% reduce 11%
13/05/23 15:51:59 INFO mapred.JobClient:  map 100% reduce 12%
13/05/23 15:53:04 INFO mapred.JobClient:  map 100% reduce 13%
13/05/23 15:54:11 INFO mapred.JobClient:  map 100% reduce 14%
13/05/23 15:56:37 INFO mapred.JobClient:  map 100% reduce 15%
13/05/23 15:57:44 INFO mapred.JobClient:  map 100% reduce 16%
13/05/23 15:59:57 INFO mapred.JobClient:  map 100% reduce 17%
13/05/23 16:01:00 INFO mapred.JobClient:  map 100% reduce 18%
13/05/23 16:02:12 INFO mapred.JobClient:  map 100% reduce 19%
13/05/23 16:04:50 INFO mapred.JobClient:  map 100% reduce 20%
13/05/23 16:05:55 INFO mapred.JobClient:  map 100% reduce 21%
13/05/23 16:08:09 INFO mapred.JobClient:  map 100% reduce 22%
13/05/23 16:09:16 INFO mapred.JobClient:  map 100% reduce 23%
13/05/23 16:10:23 INFO mapred.JobClient:  map 100% reduce 24%
13/05/23 16:12:24 INFO mapred.JobClient:  map 100% reduce 25%
13/05/23 16:13:28 INFO mapred.JobClient:  map 100% reduce 26%
13/05/23 16:14:30 INFO mapred.JobClient:  map 100% reduce 27%
13/05/23 16:16:41 INFO mapred.JobClient:  map 100% reduce 28%
13/05/23 16:17:46 INFO mapred.JobClient:  map 100% reduce 29%
13/05/23 16:19:48 INFO mapred.JobClient:  map 100% reduce 30%
13/05/23 16:20:52 INFO mapred.JobClient:  map 100% reduce 31%
13/05/23 16:22:58 INFO mapred.JobClient:  map 100% reduce 32%
13/05/23 16:26:33 INFO mapred.JobClient:  map 100% reduce 33%
13/05/23 16:31:18 INFO mapred.JobClient:  map 100% reduce 66%
13/05/23 16:31:54 INFO mapred.JobClient:  map 100% reduce 67%
13/05/23 16:33:05 INFO mapred.JobClient:  map 100% reduce 68%
13/05/23 16:34:16 INFO mapred.JobClient:  map 100% reduce 69%
13/05/23 16:35:29 INFO mapred.JobClient:  map 100% reduce 70%
13/05/23 16:36:48 INFO mapred.JobClient:  map 100% reduce 71%
13/05/23 16:38:04 INFO mapred.JobClient:  map 100% reduce 72%
13/05/23 16:39:15 INFO mapred.JobClient:  map 100% reduce 73%
13/05/23 16:41:20 INFO mapred.JobClient:  map 100% reduce 74%
13/05/23 16:47:29 INFO mapred.JobClient:  map 100% reduce 75%
13/05/23 16:52:07 INFO mapred.JobClient:  map 100% reduce 76%
13/05/23 16:56:40 INFO mapred.JobClient:  map 100% reduce 77%
13/05/23 17:01:37 INFO mapred.JobClient:  map 100% reduce 78%
13/05/23 17:01:40 INFO mapred.JobClient:  map 100% reduce 100%
13/05/23 17:01:44 INFO mapred.JobClient: Job complete: job_201305151711_4616
13/05/23 17:01:45 INFO mapred.JobClient: Counters: 27
13/05/23 17:01:45 INFO mapred.JobClient:   Job Counters 
13/05/23 17:01:45 INFO mapred.JobClient:     Launched reduce tasks=1
13/05/23 17:01:45 INFO mapred.JobClient:     SLOTS_MILLIS_MAPS=111504892
13/05/23 17:01:45 INFO mapred.JobClient:     Total time spent by all reduces waiting after reserving slots (ms)=0
13/05/23 17:01:45 INFO mapred.JobClient:     Total time spent by all maps waiting after reserving slots (ms)=0
13/05/23 17:01:45 INFO mapred.JobClient:     Rack-local map tasks=395
13/05/23 17:01:45 INFO mapred.JobClient:     Launched map tasks=1953
13/05/23 17:01:45 INFO mapred.JobClient:     Data-local map tasks=1555
13/05/23 17:01:45 INFO mapred.JobClient:     SLOTS_MILLIS_REDUCES=5259466
13/05/23 17:01:45 INFO mapred.JobClient:   FileSystemCounters
13/05/23 17:01:45 INFO mapred.JobClient:     FILE_BYTES_READ=49178446090
13/05/23 17:01:45 INFO mapred.JobClient:     HDFS_BYTES_READ=241425942199
13/05/23 17:01:45 INFO mapred.JobClient:     FILE_BYTES_WRITTEN=66247954985
13/05/23 17:01:45 INFO mapred.JobClient:     HDFS_BYTES_WRITTEN=10851065988
13/05/23 17:01:45 INFO mapred.JobClient:   Map-Reduce Framework
13/05/23 17:01:45 INFO mapred.JobClient:     Map input records=461566504
13/05/23 17:01:45 INFO mapred.JobClient:     Reduce shuffle bytes=16960396529
13/05/23 17:01:45 INFO mapred.JobClient:     Spilled Records=4593996647
13/05/23 17:01:45 INFO mapred.JobClient:     Map output bytes=324072799469
13/05/23 17:01:45 INFO mapred.JobClient:     CPU time spent (ms)=96863190
13/05/23 17:01:45 INFO mapred.JobClient:     Total committed heap usage (bytes)=2472984641536
13/05/23 17:01:45 INFO mapred.JobClient:     Combine input records=13127415581
13/05/23 17:01:45 INFO mapred.JobClient:     SPLIT_RAW_BYTES=284400
13/05/23 17:01:45 INFO mapred.JobClient:     Reduce input records=390221740
13/05/23 17:01:45 INFO mapred.JobClient:     Reduce input groups=229400307
13/05/23 17:01:45 INFO mapred.JobClient:     Combine output records=3159836612
13/05/23 17:01:45 INFO mapred.JobClient:     Physical memory (bytes) snapshot=1577591787520
13/05/23 17:01:45 INFO mapred.JobClient:     Reduce output records=229400307
13/05/23 17:01:45 INFO mapred.JobClient:     Virtual memory (bytes) snapshot=4834140655616
13/05/23 17:01:45 INFO mapred.JobClient:     Map output records=10357800709
13/05/23 17:06:55 WARN mapred.JobClient: Use GenericOptionsParser for parsing the arguments. Applications should implement Tool for the same.
13/05/23 17:06:55 INFO hdfs.DFSClient: Created HDFS_DELEGATION_TOKEN token 184316 for s117449 on 145.100.41.4:8020
13/05/23 17:06:55 INFO security.TokenCache: Got dt for hdfs://p-head03.alley.sara.nl:8020/user/s117449/output/fpg-startpagina-support0.5/fList;uri=145.100.41.4:8020;t.service=145.100.41.4:8020
13/05/23 17:06:55 INFO input.FileInputFormat: Total input paths to process : 100
13/05/23 17:06:58 INFO mapred.JobClient: Running job: job_201305151711_4673
13/05/23 17:06:59 INFO mapred.JobClient:  map 0% reduce 0%
13/05/23 17:07:43 INFO mapred.JobClient:  map 1% reduce 0%
13/05/23 17:07:49 INFO mapred.JobClient:  map 2% reduce 0%
13/05/23 17:07:51 INFO mapred.JobClient:  map 3% reduce 0%
13/05/23 17:07:55 INFO mapred.JobClient:  map 4% reduce 0%
13/05/23 17:07:58 INFO mapred.JobClient:  map 5% reduce 0%
13/05/23 17:08:01 INFO mapred.JobClient:  map 6% reduce 0%
13/05/23 17:08:05 INFO mapred.JobClient:  map 7% reduce 0%
13/05/23 17:08:07 INFO mapred.JobClient:  map 8% reduce 0%
13/05/23 17:08:12 INFO mapred.JobClient:  map 9% reduce 0%
13/05/23 17:08:15 INFO mapred.JobClient:  map 10% reduce 0%
13/05/23 17:08:18 INFO mapred.JobClient:  map 11% reduce 0%
13/05/23 17:08:22 INFO mapred.JobClient:  map 12% reduce 0%
13/05/23 17:08:27 INFO mapred.JobClient:  map 13% reduce 0%
13/05/23 17:08:30 INFO mapred.JobClient:  map 14% reduce 0%
13/05/23 17:08:33 INFO mapred.JobClient:  map 15% reduce 0%
13/05/23 17:08:37 INFO mapred.JobClient:  map 16% reduce 0%
13/05/23 17:08:41 INFO mapred.JobClient:  map 17% reduce 0%
13/05/23 17:08:45 INFO mapred.JobClient:  map 18% reduce 0%
13/05/23 17:08:48 INFO mapred.JobClient:  map 19% reduce 0%
13/05/23 17:08:53 INFO mapred.JobClient:  map 20% reduce 0%
13/05/23 17:08:57 INFO mapred.JobClient:  map 21% reduce 0%
13/05/23 17:09:00 INFO mapred.JobClient:  map 22% reduce 0%
13/05/23 17:09:03 INFO mapred.JobClient:  map 23% reduce 0%
13/05/23 17:09:05 INFO mapred.JobClient:  map 24% reduce 0%
13/05/23 17:09:09 INFO mapred.JobClient:  map 25% reduce 0%
13/05/23 17:09:12 INFO mapred.JobClient:  map 26% reduce 0%
13/05/23 17:09:15 INFO mapred.JobClient:  map 27% reduce 0%
13/05/23 17:09:19 INFO mapred.JobClient:  map 28% reduce 0%
13/05/23 17:09:21 INFO mapred.JobClient:  map 29% reduce 0%
13/05/23 17:09:24 INFO mapred.JobClient:  map 30% reduce 0%
13/05/23 17:09:27 INFO mapred.JobClient:  map 31% reduce 0%
13/05/23 17:09:30 INFO mapred.JobClient:  map 32% reduce 0%
13/05/23 17:09:32 INFO mapred.JobClient:  map 33% reduce 0%
13/05/23 17:09:35 INFO mapred.JobClient:  map 34% reduce 0%
13/05/23 17:09:38 INFO mapred.JobClient:  map 35% reduce 0%
13/05/23 17:09:41 INFO mapred.JobClient:  map 36% reduce 0%
13/05/23 17:09:43 INFO mapred.JobClient:  map 37% reduce 0%
13/05/23 17:09:46 INFO mapred.JobClient:  map 38% reduce 0%
13/05/23 17:09:49 INFO mapred.JobClient:  map 39% reduce 0%
13/05/23 17:09:51 INFO mapred.JobClient:  map 40% reduce 0%
13/05/23 17:09:53 INFO mapred.JobClient:  map 41% reduce 0%
13/05/23 17:09:57 INFO mapred.JobClient:  map 42% reduce 0%
13/05/23 17:09:59 INFO mapred.JobClient:  map 43% reduce 0%
13/05/23 17:10:02 INFO mapred.JobClient:  map 44% reduce 0%
13/05/23 17:10:04 INFO mapred.JobClient:  map 45% reduce 0%
13/05/23 17:10:06 INFO mapred.JobClient:  map 46% reduce 0%
13/05/23 17:10:10 INFO mapred.JobClient:  map 47% reduce 0%
13/05/23 17:10:13 INFO mapred.JobClient:  map 48% reduce 0%
13/05/23 17:10:15 INFO mapred.JobClient:  map 49% reduce 0%
13/05/23 17:10:17 INFO mapred.JobClient:  map 50% reduce 0%
13/05/23 17:10:20 INFO mapred.JobClient:  map 51% reduce 0%
13/05/23 17:10:22 INFO mapred.JobClient:  map 52% reduce 0%
13/05/23 17:10:25 INFO mapred.JobClient:  map 53% reduce 0%
13/05/23 17:10:28 INFO mapred.JobClient:  map 54% reduce 0%
13/05/23 17:10:31 INFO mapred.JobClient:  map 55% reduce 0%
13/05/23 17:10:34 INFO mapred.JobClient:  map 56% reduce 0%
13/05/23 17:10:36 INFO mapred.JobClient:  map 57% reduce 0%
13/05/23 17:10:40 INFO mapred.JobClient:  map 58% reduce 0%
13/05/23 17:10:42 INFO mapred.JobClient:  map 59% reduce 0%
13/05/23 17:10:45 INFO mapred.JobClient:  map 60% reduce 0%
13/05/23 17:10:47 INFO mapred.JobClient:  map 61% reduce 0%
13/05/23 17:10:49 INFO mapred.JobClient:  map 62% reduce 0%
13/05/23 17:10:52 INFO mapred.JobClient:  map 63% reduce 0%
13/05/23 17:10:54 INFO mapred.JobClient:  map 64% reduce 0%
13/05/23 17:10:57 INFO mapred.JobClient:  map 65% reduce 0%
13/05/23 17:11:01 INFO mapred.JobClient:  map 66% reduce 0%
13/05/23 17:11:03 INFO mapred.JobClient:  map 67% reduce 0%
13/05/23 17:11:06 INFO mapred.JobClient:  map 68% reduce 0%
13/05/23 17:11:08 INFO mapred.JobClient:  map 69% reduce 0%
13/05/23 17:11:11 INFO mapred.JobClient:  map 70% reduce 0%
13/05/23 17:11:13 INFO mapred.JobClient:  map 71% reduce 0%
13/05/23 17:11:16 INFO mapred.JobClient:  map 72% reduce 0%
13/05/23 17:11:18 INFO mapred.JobClient:  map 73% reduce 0%
13/05/23 17:11:20 INFO mapred.JobClient:  map 74% reduce 0%
13/05/23 17:11:24 INFO mapred.JobClient:  map 75% reduce 0%
13/05/23 17:11:27 INFO mapred.JobClient:  map 76% reduce 0%
13/05/23 17:11:29 INFO mapred.JobClient:  map 77% reduce 0%
13/05/23 17:11:33 INFO mapred.JobClient:  map 78% reduce 0%
13/05/23 17:11:35 INFO mapred.JobClient:  map 79% reduce 0%
13/05/23 17:11:38 INFO mapred.JobClient:  map 80% reduce 0%
13/05/23 17:11:41 INFO mapred.JobClient:  map 81% reduce 0%
13/05/23 17:11:44 INFO mapred.JobClient:  map 82% reduce 0%
13/05/23 17:11:46 INFO mapred.JobClient:  map 83% reduce 0%
13/05/23 17:11:50 INFO mapred.JobClient:  map 84% reduce 0%
13/05/23 17:11:52 INFO mapred.JobClient:  map 85% reduce 0%
13/05/23 17:11:54 INFO mapred.JobClient:  map 86% reduce 0%
13/05/23 17:11:58 INFO mapred.JobClient:  map 87% reduce 0%
13/05/23 17:12:01 INFO mapred.JobClient:  map 88% reduce 0%
13/05/23 17:12:03 INFO mapred.JobClient:  map 89% reduce 0%
13/05/23 17:12:06 INFO mapred.JobClient:  map 90% reduce 0%
13/05/23 17:12:09 INFO mapred.JobClient:  map 91% reduce 0%
13/05/23 17:12:11 INFO mapred.JobClient:  map 92% reduce 0%
13/05/23 17:12:14 INFO mapred.JobClient:  map 93% reduce 0%
13/05/23 17:12:17 INFO mapred.JobClient:  map 94% reduce 0%
13/05/23 17:12:21 INFO mapred.JobClient:  map 95% reduce 0%
13/05/23 17:12:25 INFO mapred.JobClient:  map 96% reduce 0%
13/05/23 17:12:29 INFO mapred.JobClient:  map 97% reduce 0%
13/05/23 17:12:33 INFO mapred.JobClient:  map 98% reduce 0%
13/05/23 17:12:35 INFO mapred.JobClient:  map 98% reduce 2%
13/05/23 17:12:38 INFO mapred.JobClient:  map 99% reduce 2%
13/05/23 17:12:39 INFO mapred.JobClient:  map 99% reduce 7%
13/05/23 17:12:41 INFO mapred.JobClient:  map 99% reduce 20%
13/05/23 17:12:45 INFO mapred.JobClient:  map 99% reduce 28%
13/05/23 17:12:47 INFO mapred.JobClient:  map 99% reduce 33%
13/05/23 17:12:59 INFO mapred.JobClient:  map 100% reduce 33%
13/05/23 17:13:07 INFO mapred.JobClient:  map 100% reduce 100%
13/05/23 17:13:08 INFO mapred.JobClient: Job complete: job_201305151711_4673
13/05/23 17:13:08 INFO mapred.JobClient: Counters: 27
13/05/23 17:13:08 INFO mapred.JobClient:   Job Counters 
13/05/23 17:13:08 INFO mapred.JobClient:     Launched reduce tasks=1
13/05/23 17:13:08 INFO mapred.JobClient:     SLOTS_MILLIS_MAPS=66757208
13/05/23 17:13:08 INFO mapred.JobClient:     Total time spent by all reduces waiting after reserving slots (ms)=0
13/05/23 17:13:08 INFO mapred.JobClient:     Total time spent by all maps waiting after reserving slots (ms)=0
13/05/23 17:13:08 INFO mapred.JobClient:     Rack-local map tasks=189
13/05/23 17:13:08 INFO mapred.JobClient:     Launched map tasks=1982
13/05/23 17:13:08 INFO mapred.JobClient:     Data-local map tasks=1791
13/05/23 17:13:08 INFO mapred.JobClient:     SLOTS_MILLIS_REDUCES=48525
13/05/23 17:13:08 INFO mapred.JobClient:   FileSystemCounters
13/05/23 17:13:08 INFO mapred.JobClient:     FILE_BYTES_READ=2799611
13/05/23 17:13:08 INFO mapred.JobClient:     HDFS_BYTES_READ=241425942199
13/05/23 17:13:08 INFO mapred.JobClient:     FILE_BYTES_WRITTEN=114578562
13/05/23 17:13:08 INFO mapred.JobClient:     HDFS_BYTES_WRITTEN=3825
13/05/23 17:13:08 INFO mapred.JobClient:   Map-Reduce Framework
13/05/23 17:13:08 INFO mapred.JobClient:     Map input records=461566504
13/05/23 17:13:08 INFO mapred.JobClient:     Reduce shuffle bytes=328395
13/05/23 17:13:08 INFO mapred.JobClient:     Spilled Records=104643
13/05/23 17:13:08 INFO mapred.JobClient:     Map output bytes=34671867464
13/05/23 17:13:08 INFO mapred.JobClient:     CPU time spent (ms)=50391840
13/05/23 17:13:08 INFO mapred.JobClient:     Total committed heap usage (bytes)=2468627873792
13/05/23 17:13:08 INFO mapred.JobClient:     Combine input records=2951848691
13/05/23 17:13:08 INFO mapred.JobClient:     SPLIT_RAW_BYTES=284400
13/05/23 17:13:08 INFO mapred.JobClient:     Reduce input records=5600
13/05/23 17:13:08 INFO mapred.JobClient:     Reduce input groups=7
13/05/23 17:13:08 INFO mapred.JobClient:     Combine output records=99050
13/05/23 17:13:08 INFO mapred.JobClient:     Physical memory (bytes) snapshot=1513440768000
13/05/23 17:13:08 INFO mapred.JobClient:     Reduce output records=7
13/05/23 17:13:08 INFO mapred.JobClient:     Virtual memory (bytes) snapshot=4833849896960
13/05/23 17:13:08 INFO mapred.JobClient:     Map output records=2951755241
13/05/23 17:13:09 WARN mapred.JobClient: Use GenericOptionsParser for parsing the arguments. Applications should implement Tool for the same.
13/05/23 17:13:09 INFO hdfs.DFSClient: Created HDFS_DELEGATION_TOKEN token 184317 for s117449 on 145.100.41.4:8020
13/05/23 17:13:09 INFO security.TokenCache: Got dt for hdfs://p-head03.alley.sara.nl:8020/user/s117449/output/fpg-startpagina-support0.5/fList;uri=145.100.41.4:8020;t.service=145.100.41.4:8020
13/05/23 17:13:09 INFO input.FileInputFormat: Total input paths to process : 1
13/05/23 17:13:14 INFO mapred.JobClient: Running job: job_201305151711_4674
13/05/23 17:13:15 INFO mapred.JobClient:  map 0% reduce 0%
13/05/23 17:13:25 INFO mapred.JobClient:  map 100% reduce 0%
13/05/23 17:13:35 INFO mapred.JobClient:  map 100% reduce 100%
13/05/23 17:13:38 INFO mapred.JobClient: Job complete: job_201305151711_4674
13/05/23 17:13:39 INFO mapred.JobClient: Counters: 26
13/05/23 17:13:39 INFO mapred.JobClient:   Job Counters 
13/05/23 17:13:39 INFO mapred.JobClient:     Launched reduce tasks=1
13/05/23 17:13:39 INFO mapred.JobClient:     SLOTS_MILLIS_MAPS=5713
13/05/23 17:13:39 INFO mapred.JobClient:     Total time spent by all reduces waiting after reserving slots (ms)=0
13/05/23 17:13:39 INFO mapred.JobClient:     Total time spent by all maps waiting after reserving slots (ms)=0
13/05/23 17:13:39 INFO mapred.JobClient:     Rack-local map tasks=1
13/05/23 17:13:39 INFO mapred.JobClient:     Launched map tasks=1
13/05/23 17:13:39 INFO mapred.JobClient:     SLOTS_MILLIS_REDUCES=8895
13/05/23 17:13:39 INFO mapred.JobClient:   FileSystemCounters
13/05/23 17:13:39 INFO mapred.JobClient:     FILE_BYTES_READ=1461
13/05/23 17:13:39 INFO mapred.JobClient:     HDFS_BYTES_READ=3993
13/05/23 17:13:39 INFO mapred.JobClient:     FILE_BYTES_WRITTEN=126448
13/05/23 17:13:39 INFO mapred.JobClient:     HDFS_BYTES_WRITTEN=16961
13/05/23 17:13:39 INFO mapred.JobClient:   Map-Reduce Framework
13/05/23 17:13:39 INFO mapred.JobClient:     Map input records=7
13/05/23 17:13:39 INFO mapred.JobClient:     Reduce shuffle bytes=1457
13/05/23 17:13:39 INFO mapred.JobClient:     Spilled Records=14
13/05/23 17:13:39 INFO mapred.JobClient:     Map output bytes=20031
13/05/23 17:13:39 INFO mapred.JobClient:     CPU time spent (ms)=2910
13/05/23 17:13:39 INFO mapred.JobClient:     Total committed heap usage (bytes)=2027421696
13/05/23 17:13:39 INFO mapred.JobClient:     Combine input records=145
13/05/23 17:13:39 INFO mapred.JobClient:     SPLIT_RAW_BYTES=168
13/05/23 17:13:39 INFO mapred.JobClient:     Reduce input records=7
13/05/23 17:13:39 INFO mapred.JobClient:     Reduce input groups=7
13/05/23 17:13:39 INFO mapred.JobClient:     Combine output records=7
13/05/23 17:13:39 INFO mapred.JobClient:     Physical memory (bytes) snapshot=506920960
13/05/23 17:13:39 INFO mapred.JobClient:     Reduce output records=7
13/05/23 17:13:39 INFO mapred.JobClient:     Virtual memory (bytes) snapshot=5403615232
13/05/23 17:13:39 INFO mapred.JobClient:     Map output records=145
13/05/23 17:13:39 INFO driver.MahoutDriver: Program took 6571636 ms (Minutes: 109.52726666666666)
