nohup: ignoring input
Running on hadoop, using /home/zheyi/sarahadoop/hadoop-0.20/bin/hadoop and HADOOP_CONF_DIR=
MAHOUT-JOB: /home/zheyi/mahout-distribution-0.7/mahout-examples-0.7-job.jar
13/05/21 19:16:00 INFO common.AbstractJob: Command line arguments: {--encoding=[UTF-8], --endPhase=[2147483647], --input=[startpagina/startpagina-parsed-10], --maxHeapSize=[50], --method=[mapreduce], --minSupport=[400000000], --numGroups=[1000], --numTreeCacheEntries=[5], --output=[startpagina/output/fpg-support400000000], --splitterPattern=[[\ ]], --startPhase=[0], --tempDir=[temp]}
13/05/21 19:16:01 WARN mapred.JobClient: Use GenericOptionsParser for parsing the arguments. Applications should implement Tool for the same.
13/05/21 19:16:05 INFO hdfs.DFSClient: Created HDFS_DELEGATION_TOKEN token 182977 for s117449
13/05/21 19:16:05 INFO security.TokenCache: Got dt for hdfs://p-head03.alley.sara.nl:8020/tmp/hadoop-mapred/mapred/staging/s117449/.staging/job_201305151711_3486;uri=145.100.41.4:8020;t.service=145.100.41.4:8020
13/05/21 19:16:05 INFO input.FileInputFormat: Total input paths to process : 10
13/05/21 19:16:05 WARN util.NativeCodeLoader: Unable to load native-hadoop library for your platform... using builtin-java classes where applicable
13/05/21 19:16:05 WARN snappy.LoadSnappy: Snappy native library not loaded
13/05/21 19:16:06 INFO mapred.JobClient: Running job: job_201305151711_3486
13/05/21 19:16:07 INFO mapred.JobClient:  map 0% reduce 0%
13/05/21 19:27:23 INFO mapred.JobClient:  map 1% reduce 0%
13/05/21 19:27:29 INFO mapred.JobClient:  map 2% reduce 0%
13/05/21 19:27:34 INFO mapred.JobClient:  map 3% reduce 0%
13/05/21 19:27:38 INFO mapred.JobClient:  map 4% reduce 0%
13/05/21 19:27:43 INFO mapred.JobClient:  map 5% reduce 0%
13/05/21 19:27:47 INFO mapred.JobClient:  map 6% reduce 0%
13/05/21 19:27:52 INFO mapred.JobClient:  map 7% reduce 0%
13/05/21 19:27:58 INFO mapred.JobClient:  map 8% reduce 0%
13/05/21 19:28:05 INFO mapred.JobClient:  map 9% reduce 0%
13/05/21 19:28:12 INFO mapred.JobClient:  map 10% reduce 0%
13/05/21 19:28:17 INFO mapred.JobClient:  map 11% reduce 0%
13/05/21 19:28:22 INFO mapred.JobClient:  map 12% reduce 0%
13/05/21 19:28:27 INFO mapred.JobClient:  map 13% reduce 0%
13/05/21 19:28:32 INFO mapred.JobClient:  map 14% reduce 0%
13/05/21 19:28:38 INFO mapred.JobClient:  map 15% reduce 0%
13/05/21 19:28:44 INFO mapred.JobClient:  map 16% reduce 0%
13/05/21 19:28:50 INFO mapred.JobClient:  map 17% reduce 0%
13/05/21 19:28:55 INFO mapred.JobClient:  map 18% reduce 0%
13/05/21 19:29:00 INFO mapred.JobClient:  map 19% reduce 0%
13/05/21 19:29:05 INFO mapred.JobClient:  map 20% reduce 0%
13/05/21 19:29:10 INFO mapred.JobClient:  map 21% reduce 0%
13/05/21 19:29:15 INFO mapred.JobClient:  map 22% reduce 0%
13/05/21 19:29:20 INFO mapred.JobClient:  map 23% reduce 0%
13/05/21 19:29:27 INFO mapred.JobClient:  map 24% reduce 0%
13/05/21 19:29:32 INFO mapred.JobClient:  map 25% reduce 0%
13/05/21 19:29:39 INFO mapred.JobClient:  map 26% reduce 0%
13/05/21 19:29:44 INFO mapred.JobClient:  map 27% reduce 0%
13/05/21 19:29:49 INFO mapred.JobClient:  map 28% reduce 0%
13/05/21 19:29:54 INFO mapred.JobClient:  map 29% reduce 0%
13/05/21 19:29:59 INFO mapred.JobClient:  map 30% reduce 0%
13/05/21 19:30:04 INFO mapred.JobClient:  map 31% reduce 0%
13/05/21 19:30:10 INFO mapred.JobClient:  map 32% reduce 0%
13/05/21 19:30:15 INFO mapred.JobClient:  map 33% reduce 0%
13/05/21 19:30:21 INFO mapred.JobClient:  map 34% reduce 0%
13/05/21 19:30:27 INFO mapred.JobClient:  map 35% reduce 0%
13/05/21 19:30:32 INFO mapred.JobClient:  map 36% reduce 0%
13/05/21 19:30:38 INFO mapred.JobClient:  map 37% reduce 0%
13/05/21 19:30:44 INFO mapred.JobClient:  map 38% reduce 0%
13/05/21 19:30:49 INFO mapred.JobClient:  map 39% reduce 0%
13/05/21 19:30:54 INFO mapred.JobClient:  map 40% reduce 0%
13/05/21 19:31:00 INFO mapred.JobClient:  map 41% reduce 0%
13/05/21 19:31:03 INFO mapred.JobClient:  map 41% reduce 1%
13/05/21 19:31:05 INFO mapred.JobClient:  map 42% reduce 1%
13/05/21 19:31:11 INFO mapred.JobClient:  map 43% reduce 1%
13/05/21 19:31:17 INFO mapred.JobClient:  map 44% reduce 1%
13/05/21 19:31:25 INFO mapred.JobClient:  map 45% reduce 1%
13/05/21 19:31:35 INFO mapred.JobClient:  map 46% reduce 1%
13/05/21 19:31:46 INFO mapred.JobClient:  map 47% reduce 1%
13/05/21 19:31:56 INFO mapred.JobClient:  map 48% reduce 1%
13/05/21 19:32:03 INFO mapred.JobClient:  map 49% reduce 1%
13/05/21 19:32:10 INFO mapred.JobClient:  map 50% reduce 1%
13/05/21 19:32:16 INFO mapred.JobClient:  map 51% reduce 1%
13/05/21 19:32:23 INFO mapred.JobClient:  map 52% reduce 1%
13/05/21 19:32:30 INFO mapred.JobClient:  map 53% reduce 1%
13/05/21 19:32:38 INFO mapred.JobClient:  map 54% reduce 1%
13/05/21 19:32:47 INFO mapred.JobClient:  map 55% reduce 1%
13/05/21 19:32:55 INFO mapred.JobClient:  map 56% reduce 1%
13/05/21 19:33:04 INFO mapred.JobClient:  map 57% reduce 1%
13/05/21 19:33:11 INFO mapred.JobClient:  map 58% reduce 1%
13/05/21 19:33:18 INFO mapred.JobClient:  map 59% reduce 1%
13/05/21 19:33:22 INFO mapred.JobClient:  map 59% reduce 2%
13/05/21 19:33:25 INFO mapred.JobClient:  map 60% reduce 2%
13/05/21 19:33:34 INFO mapred.JobClient:  map 61% reduce 2%
13/05/21 19:33:42 INFO mapred.JobClient:  map 62% reduce 2%
13/05/21 19:33:50 INFO mapred.JobClient:  map 63% reduce 2%
13/05/21 19:33:57 INFO mapred.JobClient:  map 64% reduce 2%
13/05/21 19:34:04 INFO mapred.JobClient:  map 65% reduce 2%
13/05/21 19:34:11 INFO mapred.JobClient:  map 66% reduce 2%
13/05/21 19:34:18 INFO mapred.JobClient:  map 67% reduce 2%
13/05/21 19:34:27 INFO mapred.JobClient:  map 68% reduce 2%
13/05/21 19:34:34 INFO mapred.JobClient:  map 69% reduce 2%
13/05/21 19:34:41 INFO mapred.JobClient:  map 70% reduce 2%
13/05/21 19:34:48 INFO mapred.JobClient:  map 71% reduce 2%
13/05/21 19:34:56 INFO mapred.JobClient:  map 72% reduce 2%
13/05/21 19:35:03 INFO mapred.JobClient:  map 73% reduce 2%
13/05/21 19:35:11 INFO mapred.JobClient:  map 74% reduce 2%
13/05/21 19:35:18 INFO mapred.JobClient:  map 75% reduce 2%
13/05/21 19:35:26 INFO mapred.JobClient:  map 76% reduce 2%
13/05/21 19:35:34 INFO mapred.JobClient:  map 77% reduce 2%
13/05/21 19:35:41 INFO mapred.JobClient:  map 78% reduce 2%
13/05/21 19:35:48 INFO mapred.JobClient:  map 79% reduce 2%
13/05/21 19:35:51 INFO mapred.JobClient:  map 79% reduce 3%
13/05/21 19:35:55 INFO mapred.JobClient:  map 80% reduce 3%
13/05/21 19:36:03 INFO mapred.JobClient:  map 81% reduce 3%
13/05/21 19:36:09 INFO mapred.JobClient:  map 82% reduce 3%
13/05/21 19:36:16 INFO mapred.JobClient:  map 83% reduce 3%
13/05/21 19:36:24 INFO mapred.JobClient:  map 84% reduce 3%
13/05/21 19:36:31 INFO mapred.JobClient:  map 85% reduce 3%
13/05/21 19:36:40 INFO mapred.JobClient:  map 86% reduce 3%
13/05/21 19:36:48 INFO mapred.JobClient:  map 87% reduce 3%
13/05/21 19:36:55 INFO mapred.JobClient:  map 88% reduce 3%
13/05/21 19:37:02 INFO mapred.JobClient:  map 89% reduce 3%
13/05/21 19:37:08 INFO mapred.JobClient:  map 90% reduce 3%
13/05/21 19:37:15 INFO mapred.JobClient:  map 91% reduce 3%
13/05/21 19:37:23 INFO mapred.JobClient:  map 92% reduce 3%
13/05/21 19:37:31 INFO mapred.JobClient:  map 93% reduce 3%
13/05/21 19:37:36 INFO mapred.JobClient:  map 93% reduce 4%
13/05/21 19:37:37 INFO mapred.JobClient:  map 94% reduce 4%
13/05/21 19:37:45 INFO mapred.JobClient:  map 95% reduce 4%
13/05/21 19:37:52 INFO mapred.JobClient:  map 96% reduce 4%
13/05/21 19:37:59 INFO mapred.JobClient:  map 97% reduce 4%
13/05/21 19:38:09 INFO mapred.JobClient:  map 98% reduce 4%
13/05/21 19:38:21 INFO mapred.JobClient:  map 99% reduce 4%
13/05/21 19:39:04 INFO mapred.JobClient:  map 100% reduce 4%
13/05/21 19:39:55 INFO mapred.JobClient:  map 100% reduce 5%
13/05/21 19:43:25 INFO mapred.JobClient:  map 100% reduce 6%
13/05/21 19:45:45 INFO mapred.JobClient:  map 100% reduce 7%
13/05/21 19:47:59 INFO mapred.JobClient:  map 100% reduce 8%
13/05/21 19:50:22 INFO mapred.JobClient:  map 100% reduce 9%
13/05/21 19:52:57 INFO mapred.JobClient:  map 100% reduce 10%
13/05/21 19:56:39 INFO mapred.JobClient:  map 100% reduce 11%
13/05/21 20:00:27 INFO mapred.JobClient:  map 100% reduce 12%
13/05/21 20:04:09 INFO mapred.JobClient:  map 100% reduce 13%
13/05/21 20:07:06 INFO mapred.JobClient:  map 100% reduce 14%
13/05/21 20:10:18 INFO mapred.JobClient:  map 100% reduce 15%
13/05/21 20:13:09 INFO mapred.JobClient:  map 100% reduce 16%
13/05/21 20:15:58 INFO mapred.JobClient:  map 100% reduce 17%
13/05/21 20:20:10 INFO mapred.JobClient:  map 100% reduce 18%
13/05/21 20:22:04 INFO mapred.JobClient:  map 100% reduce 19%
Exception in thread "main" java.io.IOException: Call to jobtracker.alley.sara.nl/145.100.41.108:8021 failed on local exception: java.io.IOException: Connection timed out
	at org.apache.hadoop.ipc.Client.wrapException(Client.java:1142)
	at org.apache.hadoop.ipc.Client.call(Client.java:1110)
	at org.apache.hadoop.ipc.RPC$Invoker.invoke(RPC.java:226)
	at org.apache.hadoop.mapred.$Proxy6.getTaskCompletionEvents(Unknown Source)
	at org.apache.hadoop.mapred.JobClient$NetworkedJob.getTaskCompletionEvents(JobClient.java:400)
	at org.apache.hadoop.mapred.JobClient.monitorAndPrintJob(JobClient.java:1326)
	at org.apache.hadoop.mapreduce.Job.waitForCompletion(Job.java:509)
	at org.apache.mahout.fpm.pfpgrowth.PFPGrowth.startParallelCounting(PFPGrowth.java:313)
	at org.apache.mahout.fpm.pfpgrowth.PFPGrowth.runPFPGrowth(PFPGrowth.java:230)
	at org.apache.mahout.fpm.pfpgrowth.FPGrowthDriver.run(FPGrowthDriver.java:136)
	at org.apache.hadoop.util.ToolRunner.run(ToolRunner.java:65)
	at org.apache.mahout.fpm.pfpgrowth.FPGrowthDriver.main(FPGrowthDriver.java:56)
	at sun.reflect.NativeMethodAccessorImpl.invoke0(Native Method)
	at sun.reflect.NativeMethodAccessorImpl.invoke(NativeMethodAccessorImpl.java:57)
	at sun.reflect.DelegatingMethodAccessorImpl.invoke(DelegatingMethodAccessorImpl.java:43)
	at java.lang.reflect.Method.invoke(Method.java:601)
	at org.apache.hadoop.util.ProgramDriver$ProgramDescription.invoke(ProgramDriver.java:68)
	at org.apache.hadoop.util.ProgramDriver.driver(ProgramDriver.java:139)
	at org.apache.mahout.driver.MahoutDriver.main(MahoutDriver.java:195)
	at sun.reflect.NativeMethodAccessorImpl.invoke0(Native Method)
	at sun.reflect.NativeMethodAccessorImpl.invoke(NativeMethodAccessorImpl.java:57)
	at sun.reflect.DelegatingMethodAccessorImpl.invoke(DelegatingMethodAccessorImpl.java:43)
	at java.lang.reflect.Method.invoke(Method.java:601)
	at org.apache.hadoop.util.RunJar.main(RunJar.java:197)
Caused by: java.io.IOException: Connection timed out
	at sun.nio.ch.FileDispatcherImpl.read0(Native Method)
	at sun.nio.ch.SocketDispatcher.read(SocketDispatcher.java:39)
	at sun.nio.ch.IOUtil.readIntoNativeBuffer(IOUtil.java:225)
	at sun.nio.ch.IOUtil.read(IOUtil.java:198)
	at sun.nio.ch.SocketChannelImpl.read(SocketChannelImpl.java:359)
	at org.apache.hadoop.net.SocketInputStream$Reader.performIO(SocketInputStream.java:55)
	at org.apache.hadoop.net.SocketIOWithTimeout.doIO(SocketIOWithTimeout.java:142)
	at org.apache.hadoop.net.SocketInputStream.read(SocketInputStream.java:155)
	at org.apache.hadoop.net.SocketInputStream.read(SocketInputStream.java:128)
	at java.io.DataInputStream.read(DataInputStream.java:149)
	at org.apache.hadoop.security.SaslInputStream.read(SaslInputStream.java:239)
	at java.io.FilterInputStream.read(FilterInputStream.java:133)
	at org.apache.hadoop.ipc.Client$Connection$PingInputStream.read(Client.java:375)
	at java.io.BufferedInputStream.fill(BufferedInputStream.java:235)
	at java.io.BufferedInputStream.read(BufferedInputStream.java:254)
	at java.io.DataInputStream.readInt(DataInputStream.java:387)
	at org.apache.hadoop.ipc.Client$Connection.receiveResponse(Client.java:815)
	at org.apache.hadoop.ipc.Client$Connection.run(Client.java:724)
