nohup: ignoring input
support=10000000
MAHOUT_LOCAL is not set; adding HADOOP_CONF_DIR to classpath.
Running on hadoop, using /usr/lib/hadoop/bin/hadoop and HADOOP_CONF_DIR=/home/s117449/hadoop-conf
MAHOUT-JOB: /home/s117449/mahout-distribution-0.7/mahout-examples-0.7-job.jar
13/05/22 11:57:41 INFO common.AbstractJob: Command line arguments: {--encoding=[UTF-8], --endPhase=[2147483647], --input=[startpagina/startpagina-parsed-10], --maxHeapSize=[50], --method=[mapreduce], --minSupport=[10000000], --numGroups=[1000], --numTreeCacheEntries=[5], --output=[output/fpg-startpagina-support10000000], --splitterPattern=[[\ ]], --startPhase=[0], --tempDir=[temp]}
13/05/22 11:57:43 WARN mapred.JobClient: Use GenericOptionsParser for parsing the arguments. Applications should implement Tool for the same.
13/05/22 11:57:43 INFO hdfs.DFSClient: Created HDFS_DELEGATION_TOKEN token 183485 for s117449 on 145.100.41.4:8020
13/05/22 11:57:43 INFO security.TokenCache: Got dt for hdfs://p-head03.alley.sara.nl:8020/tmp/hadoop-mapred/mapred/staging/s117449/.staging/job_201305151711_3978;uri=145.100.41.4:8020;t.service=145.100.41.4:8020
13/05/22 11:57:43 INFO input.FileInputFormat: Total input paths to process : 10
13/05/22 11:57:44 WARN snappy.LoadSnappy: Snappy native library is available
13/05/22 11:57:44 INFO util.NativeCodeLoader: Loaded the native-hadoop library
13/05/22 11:57:44 INFO snappy.LoadSnappy: Snappy native library loaded
13/05/22 11:57:45 INFO mapred.JobClient: Running job: job_201305151711_3978
13/05/22 11:57:46 INFO mapred.JobClient:  map 0% reduce 0%
13/05/22 11:58:58 INFO mapred.JobClient:  map 1% reduce 0%
13/05/22 11:59:11 INFO mapred.JobClient:  map 2% reduce 0%
13/05/22 11:59:19 INFO mapred.JobClient:  map 3% reduce 0%
13/05/22 11:59:26 INFO mapred.JobClient:  map 4% reduce 0%
13/05/22 11:59:31 INFO mapred.JobClient:  map 5% reduce 0%
13/05/22 11:59:36 INFO mapred.JobClient:  map 6% reduce 0%
13/05/22 11:59:40 INFO mapred.JobClient:  map 7% reduce 0%
13/05/22 11:59:45 INFO mapred.JobClient:  map 8% reduce 0%
13/05/22 11:59:49 INFO mapred.JobClient:  map 9% reduce 0%
13/05/22 11:59:53 INFO mapred.JobClient:  map 10% reduce 0%
13/05/22 11:59:58 INFO mapred.JobClient:  map 11% reduce 0%
13/05/22 12:00:02 INFO mapred.JobClient:  map 12% reduce 0%
13/05/22 12:00:06 INFO mapred.JobClient:  map 13% reduce 0%
13/05/22 12:00:11 INFO mapred.JobClient:  map 14% reduce 0%
13/05/22 12:00:15 INFO mapred.JobClient:  map 15% reduce 0%
13/05/22 12:00:20 INFO mapred.JobClient:  map 16% reduce 0%
13/05/22 12:00:24 INFO mapred.JobClient:  map 17% reduce 0%
13/05/22 12:00:30 INFO mapred.JobClient:  map 18% reduce 0%
13/05/22 12:00:37 INFO mapred.JobClient:  map 19% reduce 0%
13/05/22 12:00:48 INFO mapred.JobClient:  map 20% reduce 0%
13/05/22 12:01:00 INFO mapred.JobClient:  map 21% reduce 0%
13/05/22 12:01:10 INFO mapred.JobClient:  map 22% reduce 0%
13/05/22 12:01:17 INFO mapred.JobClient:  map 23% reduce 0%
13/05/22 12:01:22 INFO mapred.JobClient:  map 24% reduce 0%
13/05/22 12:01:27 INFO mapred.JobClient:  map 25% reduce 0%
13/05/22 12:01:31 INFO mapred.JobClient:  map 26% reduce 0%
13/05/22 12:01:34 INFO mapred.JobClient:  map 27% reduce 0%
13/05/22 12:01:38 INFO mapred.JobClient:  map 28% reduce 0%
13/05/22 12:01:41 INFO mapred.JobClient:  map 29% reduce 0%
13/05/22 12:01:44 INFO mapred.JobClient:  map 30% reduce 0%
13/05/22 12:01:47 INFO mapred.JobClient:  map 31% reduce 0%
13/05/22 12:01:51 INFO mapred.JobClient:  map 32% reduce 0%
13/05/22 12:01:54 INFO mapred.JobClient:  map 33% reduce 0%
13/05/22 12:01:57 INFO mapred.JobClient:  map 34% reduce 0%
13/05/22 12:02:01 INFO mapred.JobClient:  map 35% reduce 0%
13/05/22 12:02:04 INFO mapred.JobClient:  map 36% reduce 0%
13/05/22 12:02:08 INFO mapred.JobClient:  map 37% reduce 0%
13/05/22 12:02:13 INFO mapred.JobClient:  map 38% reduce 0%
13/05/22 12:02:14 INFO mapred.JobClient:  map 39% reduce 0%
13/05/22 12:02:18 INFO mapred.JobClient:  map 40% reduce 0%
13/05/22 12:02:21 INFO mapred.JobClient:  map 41% reduce 0%
13/05/22 12:02:25 INFO mapred.JobClient:  map 42% reduce 0%
13/05/22 12:02:28 INFO mapred.JobClient:  map 43% reduce 0%
13/05/22 12:02:31 INFO mapred.JobClient:  map 44% reduce 0%
13/05/22 12:02:34 INFO mapred.JobClient:  map 45% reduce 0%
13/05/22 12:02:38 INFO mapred.JobClient:  map 46% reduce 0%
13/05/22 12:02:41 INFO mapred.JobClient:  map 47% reduce 0%
13/05/22 12:02:45 INFO mapred.JobClient:  map 48% reduce 0%
13/05/22 12:02:48 INFO mapred.JobClient:  map 49% reduce 0%
13/05/22 12:02:51 INFO mapred.JobClient:  map 50% reduce 0%
13/05/22 12:02:55 INFO mapred.JobClient:  map 51% reduce 0%
13/05/22 12:02:59 INFO mapred.JobClient:  map 52% reduce 0%
13/05/22 12:03:02 INFO mapred.JobClient:  map 53% reduce 0%
13/05/22 12:03:05 INFO mapred.JobClient:  map 54% reduce 0%
13/05/22 12:03:09 INFO mapred.JobClient:  map 55% reduce 0%
13/05/22 12:03:12 INFO mapred.JobClient:  map 56% reduce 0%
13/05/22 12:03:16 INFO mapred.JobClient:  map 57% reduce 0%
13/05/22 12:03:19 INFO mapred.JobClient:  map 58% reduce 0%
13/05/22 12:03:23 INFO mapred.JobClient:  map 59% reduce 0%
13/05/22 12:03:26 INFO mapred.JobClient:  map 60% reduce 0%
13/05/22 12:03:30 INFO mapred.JobClient:  map 61% reduce 0%
13/05/22 12:03:33 INFO mapred.JobClient:  map 62% reduce 0%
13/05/22 12:03:37 INFO mapred.JobClient:  map 63% reduce 0%
13/05/22 12:03:40 INFO mapred.JobClient:  map 64% reduce 0%
13/05/22 12:03:43 INFO mapred.JobClient:  map 65% reduce 0%
13/05/22 12:03:47 INFO mapred.JobClient:  map 66% reduce 0%
13/05/22 12:03:50 INFO mapred.JobClient:  map 67% reduce 0%
13/05/22 12:03:53 INFO mapred.JobClient:  map 68% reduce 0%
13/05/22 12:03:57 INFO mapred.JobClient:  map 69% reduce 0%
13/05/22 12:04:00 INFO mapred.JobClient:  map 70% reduce 0%
13/05/22 12:04:04 INFO mapred.JobClient:  map 71% reduce 0%
13/05/22 12:04:07 INFO mapred.JobClient:  map 72% reduce 0%
13/05/22 12:04:10 INFO mapred.JobClient:  map 73% reduce 0%
13/05/22 12:04:14 INFO mapred.JobClient:  map 74% reduce 0%
13/05/22 12:04:17 INFO mapred.JobClient:  map 75% reduce 0%
13/05/22 12:04:20 INFO mapred.JobClient:  map 76% reduce 0%
13/05/22 12:04:23 INFO mapred.JobClient:  map 77% reduce 0%
13/05/22 12:04:33 INFO mapred.JobClient:  map 78% reduce 0%
13/05/22 12:04:34 INFO mapred.JobClient:  map 80% reduce 0%
13/05/22 12:04:37 INFO mapred.JobClient:  map 81% reduce 0%
13/05/22 12:04:40 INFO mapred.JobClient:  map 82% reduce 0%
13/05/22 12:04:44 INFO mapred.JobClient:  map 83% reduce 0%
13/05/22 12:04:46 INFO mapred.JobClient:  map 84% reduce 0%
13/05/22 12:04:50 INFO mapred.JobClient:  map 85% reduce 0%
13/05/22 12:04:53 INFO mapred.JobClient:  map 86% reduce 0%
13/05/22 12:04:57 INFO mapred.JobClient:  map 87% reduce 0%
13/05/22 12:05:00 INFO mapred.JobClient:  map 88% reduce 0%
13/05/22 12:05:04 INFO mapred.JobClient:  map 89% reduce 0%
13/05/22 12:05:07 INFO mapred.JobClient:  map 90% reduce 0%
13/05/22 12:05:10 INFO mapred.JobClient:  map 91% reduce 0%
13/05/22 12:05:13 INFO mapred.JobClient:  map 92% reduce 0%
13/05/22 12:05:16 INFO mapred.JobClient:  map 93% reduce 0%
13/05/22 12:05:19 INFO mapred.JobClient:  map 94% reduce 0%
13/05/22 12:05:24 INFO mapred.JobClient:  map 95% reduce 0%
13/05/22 12:05:27 INFO mapred.JobClient:  map 96% reduce 0%
13/05/22 12:05:32 INFO mapred.JobClient:  map 97% reduce 0%
13/05/22 12:05:38 INFO mapred.JobClient:  map 98% reduce 0%
13/05/22 12:05:39 INFO mapred.JobClient:  map 98% reduce 1%
13/05/22 12:05:47 INFO mapred.JobClient:  map 99% reduce 1%
13/05/22 12:06:11 INFO mapred.JobClient:  map 100% reduce 1%
13/05/22 12:06:44 INFO mapred.JobClient:  map 100% reduce 2%
13/05/22 12:07:38 INFO mapred.JobClient:  map 100% reduce 3%
13/05/22 12:09:43 INFO mapred.JobClient:  map 100% reduce 4%
13/05/22 12:10:50 INFO mapred.JobClient:  map 100% reduce 5%
13/05/22 12:11:57 INFO mapred.JobClient:  map 100% reduce 6%
13/05/22 12:13:09 INFO mapred.JobClient:  map 100% reduce 7%
13/05/22 12:14:13 INFO mapred.JobClient:  map 100% reduce 8%
13/05/22 12:15:23 INFO mapred.JobClient:  map 100% reduce 9%
13/05/22 12:16:29 INFO mapred.JobClient:  map 100% reduce 10%
13/05/22 12:17:40 INFO mapred.JobClient:  map 100% reduce 11%
13/05/22 12:19:53 INFO mapred.JobClient:  map 100% reduce 12%
13/05/22 12:21:01 INFO mapred.JobClient:  map 100% reduce 13%
13/05/22 12:22:11 INFO mapred.JobClient:  map 100% reduce 14%
13/05/22 12:23:18 INFO mapred.JobClient:  map 100% reduce 15%
13/05/22 12:24:25 INFO mapred.JobClient:  map 100% reduce 16%
13/05/22 12:25:32 INFO mapred.JobClient:  map 100% reduce 17%
13/05/22 12:27:10 INFO mapred.JobClient:  map 100% reduce 18%
13/05/22 12:30:41 INFO mapred.JobClient:  map 100% reduce 19%
13/05/22 12:34:00 INFO mapred.JobClient:  map 100% reduce 20%
13/05/22 12:39:03 INFO mapred.JobClient:  map 100% reduce 21%
13/05/22 12:40:58 INFO mapred.JobClient:  map 100% reduce 22%
13/05/22 12:43:02 INFO mapred.JobClient:  map 100% reduce 23%
13/05/22 12:45:04 INFO mapred.JobClient:  map 100% reduce 24%
13/05/22 12:46:38 INFO mapred.JobClient:  map 100% reduce 25%
13/05/22 12:48:50 INFO mapred.JobClient:  map 100% reduce 26%
13/05/22 12:55:00 INFO mapred.JobClient:  map 100% reduce 27%
13/05/22 12:56:51 INFO mapred.JobClient:  map 100% reduce 28%
13/05/22 12:57:59 INFO mapred.JobClient:  map 100% reduce 29%
13/05/22 12:59:59 INFO mapred.JobClient:  map 100% reduce 30%
13/05/22 13:03:46 INFO mapred.JobClient:  map 100% reduce 31%
13/05/22 13:05:42 INFO mapred.JobClient:  map 100% reduce 32%
13/05/22 13:07:28 INFO mapred.JobClient:  map 100% reduce 33%
13/05/22 13:13:12 INFO mapred.JobClient:  map 100% reduce 66%
13/05/22 13:13:53 INFO mapred.JobClient:  map 100% reduce 67%
13/05/22 13:15:31 INFO mapred.JobClient:  map 100% reduce 68%
13/05/22 13:17:40 INFO mapred.JobClient:  map 100% reduce 69%
13/05/22 13:18:55 INFO mapred.JobClient:  map 100% reduce 70%
13/05/22 13:20:46 INFO mapred.JobClient:  map 100% reduce 71%
13/05/22 13:22:33 INFO mapred.JobClient:  map 100% reduce 72%
13/05/22 13:25:09 INFO mapred.JobClient:  map 100% reduce 73%
13/05/22 13:29:17 INFO mapred.JobClient:  map 100% reduce 74%
13/05/22 13:35:31 INFO mapred.JobClient:  map 100% reduce 75%
13/05/22 13:41:25 INFO mapred.JobClient:  map 100% reduce 76%
13/05/22 13:47:00 INFO mapred.JobClient:  map 100% reduce 77%
13/05/22 13:47:19 INFO mapred.JobClient:  map 100% reduce 100%
13/05/22 13:47:21 INFO mapred.JobClient: Job complete: job_201305151711_3978
13/05/22 13:47:22 INFO mapred.JobClient: Counters: 27
13/05/22 13:47:22 INFO mapred.JobClient:   Job Counters 
13/05/22 13:47:22 INFO mapred.JobClient:     Launched reduce tasks=1
13/05/22 13:47:22 INFO mapred.JobClient:     SLOTS_MILLIS_MAPS=147222392
13/05/22 13:47:22 INFO mapred.JobClient:     Total time spent by all reduces waiting after reserving slots (ms)=0
13/05/22 13:47:22 INFO mapred.JobClient:     Total time spent by all maps waiting after reserving slots (ms)=0
13/05/22 13:47:22 INFO mapred.JobClient:     Rack-local map tasks=522
13/05/22 13:47:22 INFO mapred.JobClient:     Launched map tasks=2052
13/05/22 13:47:22 INFO mapred.JobClient:     Data-local map tasks=1529
13/05/22 13:47:22 INFO mapred.JobClient:     SLOTS_MILLIS_REDUCES=6111104
13/05/22 13:47:22 INFO mapred.JobClient:   FileSystemCounters
13/05/22 13:47:22 INFO mapred.JobClient:     FILE_BYTES_READ=42067818691
13/05/22 13:47:22 INFO mapred.JobClient:     HDFS_BYTES_READ=241438261257
13/05/22 13:47:22 INFO mapred.JobClient:     FILE_BYTES_WRITTEN=56101707161
13/05/22 13:47:22 INFO mapred.JobClient:     HDFS_BYTES_WRITTEN=10851065988
13/05/22 13:47:22 INFO mapred.JobClient:   Map-Reduce Framework
13/05/22 13:47:22 INFO mapred.JobClient:     Map input records=461566504
13/05/22 13:47:22 INFO mapred.JobClient:     Reduce shuffle bytes=13924765298
13/05/22 13:47:22 INFO mapred.JobClient:     Spilled Records=3500177725
13/05/22 13:47:22 INFO mapred.JobClient:     Map output bytes=324072799469
13/05/22 13:47:22 INFO mapred.JobClient:     CPU time spent (ms)=109076990
13/05/22 13:47:22 INFO mapred.JobClient:     Total committed heap usage (bytes)=2513263525888
13/05/22 13:47:22 INFO mapred.JobClient:     Combine input records=12403317527
13/05/22 13:47:22 INFO mapred.JobClient:     SPLIT_RAW_BYTES=282600
13/05/22 13:47:22 INFO mapred.JobClient:     Reduce input records=357532137
13/05/22 13:47:22 INFO mapred.JobClient:     Reduce input groups=229400307
13/05/22 13:47:22 INFO mapred.JobClient:     Combine output records=2403048955
13/05/22 13:47:22 INFO mapred.JobClient:     Physical memory (bytes) snapshot=1590771322880
13/05/22 13:47:22 INFO mapred.JobClient:     Reduce output records=229400307
13/05/22 13:47:22 INFO mapred.JobClient:     Virtual memory (bytes) snapshot=4834073210880
13/05/22 13:47:22 INFO mapred.JobClient:     Map output records=10357800709
13/05/22 13:53:30 WARN mapred.JobClient: Use GenericOptionsParser for parsing the arguments. Applications should implement Tool for the same.
13/05/22 13:53:30 INFO hdfs.DFSClient: Created HDFS_DELEGATION_TOKEN token 183539 for s117449 on 145.100.41.4:8020
13/05/22 13:53:30 INFO security.TokenCache: Got dt for hdfs://p-head03.alley.sara.nl:8020/user/s117449/output/fpg-startpagina-support10000000/fList;uri=145.100.41.4:8020;t.service=145.100.41.4:8020
13/05/22 13:53:30 INFO input.FileInputFormat: Total input paths to process : 10
13/05/22 13:53:35 INFO mapred.JobClient: Running job: job_201305151711_4031
13/05/22 13:53:36 INFO mapred.JobClient:  map 0% reduce 0%
13/05/22 13:55:16 INFO mapred.JobClient:  map 1% reduce 0%
13/05/22 13:55:19 INFO mapred.JobClient:  map 2% reduce 0%
13/05/22 13:55:23 INFO mapred.JobClient:  map 3% reduce 0%
13/05/22 13:55:27 INFO mapred.JobClient:  map 4% reduce 0%
13/05/22 13:55:30 INFO mapred.JobClient:  map 5% reduce 0%
13/05/22 13:55:34 INFO mapred.JobClient:  map 6% reduce 0%
13/05/22 13:55:40 INFO mapred.JobClient:  map 7% reduce 0%
13/05/22 13:55:43 INFO mapred.JobClient:  map 8% reduce 0%
13/05/22 13:55:48 INFO mapred.JobClient:  map 9% reduce 0%
13/05/22 13:55:51 INFO mapred.JobClient:  map 10% reduce 0%
13/05/22 13:55:55 INFO mapred.JobClient:  map 11% reduce 0%
13/05/22 13:55:58 INFO mapred.JobClient:  map 12% reduce 0%
13/05/22 13:56:01 INFO mapred.JobClient:  map 13% reduce 0%
13/05/22 13:56:05 INFO mapred.JobClient:  map 14% reduce 0%
13/05/22 13:56:09 INFO mapred.JobClient:  map 15% reduce 0%
13/05/22 13:56:13 INFO mapred.JobClient:  map 16% reduce 0%
13/05/22 13:56:16 INFO mapred.JobClient:  map 17% reduce 0%
13/05/22 13:56:19 INFO mapred.JobClient:  map 18% reduce 0%
13/05/22 13:56:23 INFO mapred.JobClient:  map 19% reduce 0%
13/05/22 13:56:26 INFO mapred.JobClient:  map 20% reduce 0%
13/05/22 13:56:29 INFO mapred.JobClient:  map 21% reduce 0%
13/05/22 13:56:32 INFO mapred.JobClient:  map 22% reduce 0%
13/05/22 13:56:35 INFO mapred.JobClient:  map 23% reduce 0%
13/05/22 13:56:40 INFO mapred.JobClient:  map 24% reduce 0%
13/05/22 13:56:44 INFO mapred.JobClient:  map 25% reduce 0%
13/05/22 13:56:47 INFO mapred.JobClient:  map 26% reduce 0%
13/05/22 13:56:50 INFO mapred.JobClient:  map 27% reduce 0%
13/05/22 13:56:55 INFO mapred.JobClient:  map 28% reduce 0%
13/05/22 13:56:58 INFO mapred.JobClient:  map 29% reduce 0%
13/05/22 13:57:01 INFO mapred.JobClient:  map 30% reduce 0%
13/05/22 13:57:05 INFO mapred.JobClient:  map 31% reduce 0%
13/05/22 13:57:08 INFO mapred.JobClient:  map 32% reduce 0%
13/05/22 13:57:11 INFO mapred.JobClient:  map 33% reduce 0%
13/05/22 13:57:15 INFO mapred.JobClient:  map 34% reduce 0%
13/05/22 13:57:19 INFO mapred.JobClient:  map 35% reduce 0%
13/05/22 13:57:24 INFO mapred.JobClient:  map 36% reduce 0%
13/05/22 13:57:27 INFO mapred.JobClient:  map 37% reduce 0%
13/05/22 13:57:30 INFO mapred.JobClient:  map 38% reduce 0%
13/05/22 13:57:33 INFO mapred.JobClient:  map 39% reduce 0%
13/05/22 13:57:37 INFO mapred.JobClient:  map 40% reduce 0%
13/05/22 13:57:40 INFO mapred.JobClient:  map 41% reduce 0%
13/05/22 13:57:44 INFO mapred.JobClient:  map 42% reduce 0%
13/05/22 13:57:47 INFO mapred.JobClient:  map 43% reduce 0%
13/05/22 13:57:50 INFO mapred.JobClient:  map 44% reduce 0%
13/05/22 13:57:54 INFO mapred.JobClient:  map 45% reduce 0%
13/05/22 13:57:58 INFO mapred.JobClient:  map 46% reduce 0%
13/05/22 13:58:01 INFO mapred.JobClient:  map 47% reduce 0%
13/05/22 13:58:05 INFO mapred.JobClient:  map 48% reduce 0%
13/05/22 13:58:08 INFO mapred.JobClient:  map 49% reduce 0%
13/05/22 13:58:13 INFO mapred.JobClient:  map 50% reduce 0%
13/05/22 13:58:16 INFO mapred.JobClient:  map 51% reduce 0%
13/05/22 13:58:20 INFO mapred.JobClient:  map 52% reduce 0%
13/05/22 13:58:24 INFO mapred.JobClient:  map 53% reduce 0%
13/05/22 13:58:27 INFO mapred.JobClient:  map 54% reduce 0%
13/05/22 13:58:30 INFO mapred.JobClient:  map 55% reduce 0%
13/05/22 13:58:34 INFO mapred.JobClient:  map 56% reduce 0%
13/05/22 13:58:38 INFO mapred.JobClient:  map 57% reduce 0%
13/05/22 13:58:41 INFO mapred.JobClient:  map 58% reduce 0%
13/05/22 13:58:45 INFO mapred.JobClient:  map 59% reduce 0%
13/05/22 13:58:48 INFO mapred.JobClient:  map 60% reduce 0%
13/05/22 13:58:52 INFO mapred.JobClient:  map 61% reduce 0%
13/05/22 13:58:55 INFO mapred.JobClient:  map 62% reduce 0%
13/05/22 13:58:58 INFO mapred.JobClient:  map 63% reduce 0%
13/05/22 13:59:02 INFO mapred.JobClient:  map 64% reduce 0%
13/05/22 13:59:05 INFO mapred.JobClient:  map 65% reduce 0%
13/05/22 13:59:10 INFO mapred.JobClient:  map 66% reduce 0%
13/05/22 13:59:14 INFO mapred.JobClient:  map 67% reduce 0%
13/05/22 13:59:17 INFO mapred.JobClient:  map 68% reduce 0%
13/05/22 13:59:21 INFO mapred.JobClient:  map 69% reduce 0%
13/05/22 13:59:25 INFO mapred.JobClient:  map 70% reduce 0%
13/05/22 13:59:28 INFO mapred.JobClient:  map 71% reduce 0%
13/05/22 13:59:32 INFO mapred.JobClient:  map 72% reduce 0%
13/05/22 13:59:35 INFO mapred.JobClient:  map 73% reduce 0%
13/05/22 13:59:39 INFO mapred.JobClient:  map 74% reduce 0%
13/05/22 13:59:43 INFO mapred.JobClient:  map 75% reduce 0%
13/05/22 13:59:46 INFO mapred.JobClient:  map 76% reduce 0%
13/05/22 13:59:50 INFO mapred.JobClient:  map 77% reduce 0%
13/05/22 13:59:53 INFO mapred.JobClient:  map 78% reduce 0%
13/05/22 13:59:57 INFO mapred.JobClient:  map 79% reduce 0%
13/05/22 14:00:01 INFO mapred.JobClient:  map 80% reduce 0%
13/05/22 14:00:05 INFO mapred.JobClient:  map 81% reduce 0%
13/05/22 14:00:10 INFO mapred.JobClient:  map 82% reduce 0%
13/05/22 14:00:12 INFO mapred.JobClient:  map 83% reduce 0%
13/05/22 14:00:16 INFO mapred.JobClient:  map 84% reduce 0%
13/05/22 14:00:19 INFO mapred.JobClient:  map 85% reduce 0%
13/05/22 14:00:23 INFO mapred.JobClient:  map 86% reduce 0%
13/05/22 14:00:27 INFO mapred.JobClient:  map 87% reduce 0%
13/05/22 14:00:30 INFO mapred.JobClient:  map 88% reduce 0%
13/05/22 14:00:34 INFO mapred.JobClient:  map 89% reduce 0%
13/05/22 14:00:37 INFO mapred.JobClient:  map 90% reduce 0%
13/05/22 14:00:41 INFO mapred.JobClient:  map 91% reduce 0%
13/05/22 14:00:45 INFO mapred.JobClient:  map 92% reduce 0%
13/05/22 14:00:48 INFO mapred.JobClient:  map 93% reduce 0%
13/05/22 14:00:52 INFO mapred.JobClient:  map 94% reduce 0%
13/05/22 14:00:55 INFO mapred.JobClient:  map 95% reduce 0%
13/05/22 14:01:01 INFO mapred.JobClient:  map 96% reduce 0%
13/05/22 14:01:05 INFO mapred.JobClient:  map 97% reduce 0%
13/05/22 14:01:10 INFO mapred.JobClient:  map 97% reduce 7%
13/05/22 14:01:11 INFO mapred.JobClient:  map 98% reduce 7%
13/05/22 14:01:14 INFO mapred.JobClient:  map 98% reduce 10%
13/05/22 14:01:16 INFO mapred.JobClient:  map 98% reduce 12%
13/05/22 14:01:17 INFO mapred.JobClient:  map 99% reduce 12%
13/05/22 14:01:20 INFO mapred.JobClient:  map 99% reduce 19%
13/05/22 14:01:23 INFO mapred.JobClient:  map 99% reduce 23%
13/05/22 14:01:25 INFO mapred.JobClient:  map 99% reduce 27%
13/05/22 14:01:29 INFO mapred.JobClient:  map 99% reduce 32%
13/05/22 14:01:37 INFO mapred.JobClient:  map 99% reduce 33%
13/05/22 14:01:44 INFO mapred.JobClient:  map 100% reduce 33%
13/05/22 14:01:52 INFO mapred.JobClient:  map 100% reduce 68%
13/05/22 14:01:55 INFO mapred.JobClient:  map 100% reduce 71%
13/05/22 14:01:58 INFO mapred.JobClient:  map 100% reduce 74%
13/05/22 14:02:02 INFO mapred.JobClient:  map 100% reduce 76%
13/05/22 14:02:05 INFO mapred.JobClient:  map 100% reduce 78%
13/05/22 14:02:08 INFO mapred.JobClient:  map 100% reduce 80%
13/05/22 14:02:11 INFO mapred.JobClient:  map 100% reduce 82%
13/05/22 14:02:14 INFO mapred.JobClient:  map 100% reduce 84%
13/05/22 14:02:17 INFO mapred.JobClient:  map 100% reduce 86%
13/05/22 14:02:24 INFO mapred.JobClient:  map 100% reduce 100%
13/05/22 14:02:26 INFO mapred.JobClient: Job complete: job_201305151711_4031
13/05/22 14:02:27 INFO mapred.JobClient: Counters: 27
13/05/22 14:02:27 INFO mapred.JobClient:   Job Counters 
13/05/22 14:02:27 INFO mapred.JobClient:     Launched reduce tasks=1
13/05/22 14:02:27 INFO mapred.JobClient:     SLOTS_MILLIS_MAPS=79254178
13/05/22 14:02:27 INFO mapred.JobClient:     Total time spent by all reduces waiting after reserving slots (ms)=0
13/05/22 14:02:27 INFO mapred.JobClient:     Total time spent by all maps waiting after reserving slots (ms)=0
13/05/22 14:02:27 INFO mapred.JobClient:     Rack-local map tasks=443
13/05/22 14:02:27 INFO mapred.JobClient:     Launched map tasks=1937
13/05/22 14:02:27 INFO mapred.JobClient:     Data-local map tasks=1489
13/05/22 14:02:27 INFO mapred.JobClient:     SLOTS_MILLIS_REDUCES=94094
13/05/22 14:02:27 INFO mapred.JobClient:   FileSystemCounters
13/05/22 14:02:27 INFO mapred.JobClient:     FILE_BYTES_READ=2142553797
13/05/22 14:02:27 INFO mapred.JobClient:     HDFS_BYTES_READ=241438261257
13/05/22 14:02:27 INFO mapred.JobClient:     FILE_BYTES_WRITTEN=2565053520
13/05/22 14:02:27 INFO mapred.JobClient:     HDFS_BYTES_WRITTEN=406761
13/05/22 14:02:27 INFO mapred.JobClient:   Map-Reduce Framework
13/05/22 14:02:27 INFO mapred.JobClient:     Map input records=461566504
13/05/22 14:02:27 INFO mapred.JobClient:     Reduce shuffle bytes=317271304
13/05/22 14:02:27 INFO mapred.JobClient:     Spilled Records=2901533
13/05/22 14:02:27 INFO mapred.JobClient:     Map output bytes=128079477452
13/05/22 14:02:27 INFO mapred.JobClient:     CPU time spent (ms)=73056340
13/05/22 14:02:27 INFO mapred.JobClient:     Total committed heap usage (bytes)=2473576235008
13/05/22 14:02:27 INFO mapred.JobClient:     Combine input records=7508010289
13/05/22 14:02:27 INFO mapred.JobClient:     SPLIT_RAW_BYTES=282600
13/05/22 14:02:27 INFO mapred.JobClient:     Reduce input records=51875
13/05/22 14:02:27 INFO mapred.JobClient:     Reduce input groups=94
13/05/22 14:02:27 INFO mapred.JobClient:     Combine output records=1998062
13/05/22 14:02:27 INFO mapred.JobClient:     Physical memory (bytes) snapshot=1567492231168
13/05/22 14:02:27 INFO mapred.JobClient:     Reduce output records=94
13/05/22 14:02:27 INFO mapred.JobClient:     Virtual memory (bytes) snapshot=4833947209728
13/05/22 14:02:27 INFO mapred.JobClient:     Map output records=7506064102
13/05/22 14:02:27 WARN mapred.JobClient: Use GenericOptionsParser for parsing the arguments. Applications should implement Tool for the same.
13/05/22 14:02:27 INFO hdfs.DFSClient: Created HDFS_DELEGATION_TOKEN token 183543 for s117449 on 145.100.41.4:8020
13/05/22 14:02:27 INFO security.TokenCache: Got dt for hdfs://p-head03.alley.sara.nl:8020/user/s117449/output/fpg-startpagina-support10000000/fList;uri=145.100.41.4:8020;t.service=145.100.41.4:8020
13/05/22 14:02:28 INFO input.FileInputFormat: Total input paths to process : 1
13/05/22 14:02:29 INFO mapred.JobClient: Running job: job_201305151711_4035
13/05/22 14:02:31 INFO mapred.JobClient:  map 0% reduce 0%
13/05/22 14:37:50 INFO mapred.JobClient:  map 100% reduce 0%
13/05/22 14:38:07 INFO mapred.JobClient:  map 100% reduce 100%
13/05/22 14:38:10 INFO mapred.JobClient: Job complete: job_201305151711_4035
13/05/22 14:38:11 INFO mapred.JobClient: Counters: 25
13/05/22 14:38:11 INFO mapred.JobClient:   Job Counters 
13/05/22 14:38:11 INFO mapred.JobClient:     Launched reduce tasks=1
13/05/22 14:38:11 INFO mapred.JobClient:     SLOTS_MILLIS_MAPS=12233
13/05/22 14:38:11 INFO mapred.JobClient:     Total time spent by all reduces waiting after reserving slots (ms)=0
13/05/22 14:38:11 INFO mapred.JobClient:     Total time spent by all maps waiting after reserving slots (ms)=0
13/05/22 14:38:11 INFO mapred.JobClient:     Launched map tasks=1
13/05/22 14:38:11 INFO mapred.JobClient:     SLOTS_MILLIS_REDUCES=28510
13/05/22 14:38:11 INFO mapred.JobClient:   FileSystemCounters
13/05/22 14:38:11 INFO mapred.JobClient:     FILE_BYTES_READ=54246
13/05/22 14:38:11 INFO mapred.JobClient:     HDFS_BYTES_READ=406934
13/05/22 14:38:11 INFO mapred.JobClient:     FILE_BYTES_WRITTEN=232046
13/05/22 14:38:11 INFO mapred.JobClient:     HDFS_BYTES_WRITTEN=449795
13/05/22 14:38:11 INFO mapred.JobClient:   Map-Reduce Framework
13/05/22 14:38:11 INFO mapred.JobClient:     Map input records=94
13/05/22 14:38:11 INFO mapred.JobClient:     Reduce shuffle bytes=54208
13/05/22 14:38:11 INFO mapred.JobClient:     Spilled Records=188
13/05/22 14:38:11 INFO mapred.JobClient:     Map output bytes=3204186
13/05/22 14:38:11 INFO mapred.JobClient:     CPU time spent (ms)=18440
13/05/22 14:38:11 INFO mapred.JobClient:     Total committed heap usage (bytes)=2206466048
13/05/22 14:38:11 INFO mapred.JobClient:     Combine input records=17140
13/05/22 14:38:11 INFO mapred.JobClient:     SPLIT_RAW_BYTES=173
13/05/22 14:38:11 INFO mapred.JobClient:     Reduce input records=94
13/05/22 14:38:11 INFO mapred.JobClient:     Reduce input groups=94
13/05/22 14:38:11 INFO mapred.JobClient:     Combine output records=94
13/05/22 14:38:11 INFO mapred.JobClient:     Physical memory (bytes) snapshot=964161536
13/05/22 14:38:11 INFO mapred.JobClient:     Reduce output records=94
13/05/22 14:38:11 INFO mapred.JobClient:     Virtual memory (bytes) snapshot=5402263552
13/05/22 14:38:11 INFO mapred.JobClient:     Map output records=17140
13/05/22 14:38:18 INFO driver.MahoutDriver: Program took 9637681 ms (Minutes: 160.62801666666667)
support=40000000
MAHOUT_LOCAL is not set; adding HADOOP_CONF_DIR to classpath.
Running on hadoop, using /usr/lib/hadoop/bin/hadoop and HADOOP_CONF_DIR=/home/s117449/hadoop-conf
MAHOUT-JOB: /home/s117449/mahout-distribution-0.7/mahout-examples-0.7-job.jar
13/05/22 14:38:23 INFO common.AbstractJob: Command line arguments: {--encoding=[UTF-8], --endPhase=[2147483647], --input=[startpagina/startpagina-parsed-10], --maxHeapSize=[50], --method=[mapreduce], --minSupport=[40000000], --numGroups=[1000], --numTreeCacheEntries=[5], --output=[output/fpg-startpagina-support40000000], --splitterPattern=[[\ ]], --startPhase=[0], --tempDir=[temp]}
13/05/22 14:38:25 WARN mapred.JobClient: Use GenericOptionsParser for parsing the arguments. Applications should implement Tool for the same.
13/05/22 14:38:26 INFO hdfs.DFSClient: Created HDFS_DELEGATION_TOKEN token 183551 for s117449 on 145.100.41.4:8020
13/05/22 14:38:26 INFO security.TokenCache: Got dt for hdfs://p-head03.alley.sara.nl:8020/tmp/hadoop-mapred/mapred/staging/s117449/.staging/job_201305151711_4043;uri=145.100.41.4:8020;t.service=145.100.41.4:8020
13/05/22 14:38:26 INFO input.FileInputFormat: Total input paths to process : 10
13/05/22 14:38:26 WARN snappy.LoadSnappy: Snappy native library is available
13/05/22 14:38:26 INFO util.NativeCodeLoader: Loaded the native-hadoop library
13/05/22 14:38:26 INFO snappy.LoadSnappy: Snappy native library loaded
13/05/22 14:38:29 INFO mapred.JobClient: Running job: job_201305151711_4043
13/05/22 14:38:30 INFO mapred.JobClient:  map 0% reduce 0%
13/05/22 14:41:38 INFO mapred.JobClient:  map 1% reduce 0%
13/05/22 14:42:11 INFO mapred.JobClient:  map 2% reduce 0%
13/05/22 14:42:50 INFO mapred.JobClient:  map 3% reduce 0%
13/05/22 14:43:08 INFO mapred.JobClient:  map 4% reduce 0%
13/05/22 14:43:37 INFO mapred.JobClient:  map 5% reduce 0%
13/05/22 14:44:06 INFO mapred.JobClient:  map 6% reduce 0%
13/05/22 14:44:30 INFO mapred.JobClient:  map 7% reduce 0%
13/05/22 14:44:56 INFO mapred.JobClient:  map 8% reduce 0%
13/05/22 14:45:24 INFO mapred.JobClient:  map 9% reduce 0%
13/05/22 14:45:48 INFO mapred.JobClient:  map 10% reduce 0%
13/05/22 14:46:15 INFO mapred.JobClient:  map 11% reduce 0%
13/05/22 14:46:44 INFO mapred.JobClient:  map 12% reduce 0%
13/05/22 14:47:15 INFO mapred.JobClient:  map 13% reduce 0%
13/05/22 14:47:39 INFO mapred.JobClient:  map 14% reduce 0%
13/05/22 14:48:07 INFO mapred.JobClient:  map 15% reduce 0%
13/05/22 14:48:32 INFO mapred.JobClient:  map 16% reduce 0%
13/05/22 14:48:59 INFO mapred.JobClient:  map 17% reduce 0%
13/05/22 14:49:28 INFO mapred.JobClient:  map 18% reduce 0%
13/05/22 14:49:56 INFO mapred.JobClient:  map 19% reduce 0%
13/05/22 14:50:26 INFO mapred.JobClient:  map 20% reduce 0%
13/05/22 14:50:51 INFO mapred.JobClient:  map 21% reduce 0%
13/05/22 14:51:20 INFO mapred.JobClient:  map 22% reduce 0%
13/05/22 14:51:46 INFO mapred.JobClient:  map 23% reduce 0%
13/05/22 14:52:12 INFO mapred.JobClient:  map 24% reduce 0%
13/05/22 14:52:40 INFO mapred.JobClient:  map 25% reduce 0%
13/05/22 14:53:09 INFO mapred.JobClient:  map 26% reduce 0%
13/05/22 14:53:40 INFO mapred.JobClient:  map 27% reduce 0%
13/05/22 14:54:01 INFO mapred.JobClient:  map 28% reduce 0%
13/05/22 14:54:30 INFO mapred.JobClient:  map 29% reduce 0%
13/05/22 14:54:56 INFO mapred.JobClient:  map 30% reduce 0%
13/05/22 14:55:22 INFO mapred.JobClient:  map 31% reduce 0%
13/05/22 14:55:51 INFO mapred.JobClient:  map 32% reduce 0%
13/05/22 14:56:20 INFO mapred.JobClient:  map 33% reduce 0%
13/05/22 14:56:50 INFO mapred.JobClient:  map 34% reduce 0%
13/05/22 14:57:11 INFO mapred.JobClient:  map 35% reduce 0%
13/05/22 14:57:39 INFO mapred.JobClient:  map 36% reduce 0%
13/05/22 14:58:05 INFO mapred.JobClient:  map 37% reduce 0%
13/05/22 14:58:31 INFO mapred.JobClient:  map 38% reduce 0%
13/05/22 14:58:58 INFO mapred.JobClient:  map 39% reduce 0%
13/05/22 14:59:28 INFO mapred.JobClient:  map 40% reduce 0%
13/05/22 14:59:58 INFO mapred.JobClient:  map 41% reduce 0%
13/05/22 15:00:17 INFO mapred.JobClient:  map 42% reduce 0%
13/05/22 15:00:46 INFO mapred.JobClient:  map 43% reduce 0%
13/05/22 15:01:15 INFO mapred.JobClient:  map 44% reduce 0%
13/05/22 15:01:39 INFO mapred.JobClient:  map 45% reduce 0%
13/05/22 15:02:06 INFO mapred.JobClient:  map 46% reduce 0%
13/05/22 15:02:35 INFO mapred.JobClient:  map 47% reduce 0%
13/05/22 15:02:59 INFO mapred.JobClient:  map 48% reduce 0%
13/05/22 15:03:26 INFO mapred.JobClient:  map 49% reduce 0%
13/05/22 15:03:54 INFO mapred.JobClient:  map 50% reduce 0%
13/05/22 15:04:24 INFO mapred.JobClient:  map 51% reduce 0%
13/05/22 15:04:46 INFO mapred.JobClient:  map 52% reduce 0%
13/05/22 15:05:17 INFO mapred.JobClient:  map 53% reduce 0%
13/05/22 15:07:50 INFO mapred.JobClient:  map 54% reduce 0%
13/05/22 15:08:23 INFO mapred.JobClient:  map 55% reduce 0%
13/05/22 15:09:20 INFO mapred.JobClient:  map 56% reduce 0%
13/05/22 15:09:51 INFO mapred.JobClient:  map 57% reduce 0%
13/05/22 15:10:31 INFO mapred.JobClient:  map 58% reduce 0%
13/05/22 15:11:00 INFO mapred.JobClient:  map 59% reduce 0%
13/05/22 15:11:29 INFO mapred.JobClient:  map 60% reduce 0%
13/05/22 15:12:01 INFO mapred.JobClient:  map 61% reduce 0%
13/05/22 15:12:38 INFO mapred.JobClient:  map 62% reduce 0%
13/05/22 15:13:09 INFO mapred.JobClient:  map 63% reduce 0%
13/05/22 15:13:40 INFO mapred.JobClient:  map 64% reduce 0%
13/05/22 15:14:18 INFO mapred.JobClient:  map 65% reduce 0%
13/05/22 15:14:41 INFO mapred.JobClient:  map 66% reduce 0%
13/05/22 15:15:11 INFO mapred.JobClient:  map 67% reduce 0%
13/05/22 15:15:41 INFO mapred.JobClient:  map 68% reduce 0%
13/05/22 15:16:12 INFO mapred.JobClient:  map 69% reduce 0%
13/05/22 15:16:38 INFO mapred.JobClient:  map 70% reduce 0%
13/05/22 15:17:12 INFO mapred.JobClient:  map 71% reduce 0%
13/05/22 15:17:42 INFO mapred.JobClient:  map 72% reduce 0%
13/05/22 15:18:16 INFO mapred.JobClient:  map 73% reduce 0%
13/05/22 15:18:43 INFO mapred.JobClient:  map 74% reduce 0%
13/05/22 15:19:12 INFO mapred.JobClient:  map 75% reduce 0%
13/05/22 15:19:43 INFO mapred.JobClient:  map 76% reduce 0%
13/05/22 15:20:11 INFO mapred.JobClient:  map 77% reduce 0%
13/05/22 15:20:45 INFO mapred.JobClient:  map 78% reduce 0%
13/05/22 15:21:08 INFO mapred.JobClient:  map 79% reduce 0%
13/05/22 15:21:33 INFO mapred.JobClient:  map 80% reduce 0%
13/05/22 15:22:05 INFO mapred.JobClient:  map 81% reduce 0%
13/05/22 15:22:21 INFO mapred.JobClient:  map 82% reduce 0%
13/05/22 15:22:44 INFO mapred.JobClient:  map 83% reduce 0%
13/05/22 15:22:59 INFO mapred.JobClient:  map 84% reduce 0%
13/05/22 15:23:23 INFO mapred.JobClient:  map 85% reduce 0%
13/05/22 15:23:33 INFO mapred.JobClient:  map 86% reduce 0%
13/05/22 15:23:46 INFO mapred.JobClient:  map 87% reduce 0%
13/05/22 15:24:01 INFO mapred.JobClient:  map 88% reduce 0%
13/05/22 15:24:12 INFO mapred.JobClient:  map 89% reduce 0%
13/05/22 15:24:24 INFO mapred.JobClient:  map 90% reduce 0%
13/05/22 15:24:38 INFO mapred.JobClient:  map 91% reduce 0%
13/05/22 15:24:44 INFO mapred.JobClient:  map 92% reduce 0%
13/05/22 15:24:53 INFO mapred.JobClient:  map 93% reduce 0%
13/05/22 15:25:03 INFO mapred.JobClient:  map 94% reduce 0%
13/05/22 15:25:16 INFO mapred.JobClient:  map 95% reduce 1%
13/05/22 15:25:22 INFO mapred.JobClient:  map 96% reduce 1%
13/05/22 15:25:30 INFO mapred.JobClient:  map 97% reduce 1%
13/05/22 15:25:38 INFO mapred.JobClient:  map 98% reduce 1%
13/05/22 15:25:53 INFO mapred.JobClient:  map 99% reduce 1%
13/05/22 15:26:06 INFO mapred.JobClient:  map 100% reduce 1%
13/05/22 15:26:20 INFO mapred.JobClient:  map 100% reduce 2%
13/05/22 15:27:23 INFO mapred.JobClient:  map 100% reduce 3%
13/05/22 15:28:28 INFO mapred.JobClient:  map 100% reduce 4%
13/05/22 15:30:29 INFO mapred.JobClient:  map 100% reduce 5%
13/05/22 15:31:39 INFO mapred.JobClient:  map 100% reduce 6%
13/05/22 15:32:34 INFO mapred.JobClient:  map 100% reduce 7%
13/05/22 15:33:36 INFO mapred.JobClient:  map 100% reduce 8%
13/05/22 15:34:49 INFO mapred.JobClient:  map 100% reduce 9%
13/05/22 15:35:45 INFO mapred.JobClient:  map 100% reduce 10%
13/05/22 15:36:49 INFO mapred.JobClient:  map 100% reduce 11%
13/05/22 15:38:02 INFO mapred.JobClient:  map 100% reduce 12%
13/05/22 15:39:59 INFO mapred.JobClient:  map 100% reduce 13%
13/05/22 15:40:59 INFO mapred.JobClient:  map 100% reduce 14%
13/05/22 15:42:01 INFO mapred.JobClient:  map 100% reduce 15%
13/05/22 15:43:05 INFO mapred.JobClient:  map 100% reduce 16%
13/05/22 15:44:09 INFO mapred.JobClient:  map 100% reduce 17%
13/05/22 15:45:11 INFO mapred.JobClient:  map 100% reduce 18%
13/05/22 15:46:19 INFO mapred.JobClient:  map 100% reduce 19%
13/05/22 15:47:20 INFO mapred.JobClient:  map 100% reduce 20%
13/05/22 15:48:23 INFO mapred.JobClient:  map 100% reduce 21%
13/05/22 15:50:26 INFO mapred.JobClient:  map 100% reduce 22%
13/05/22 15:51:35 INFO mapred.JobClient:  map 100% reduce 23%
13/05/22 15:52:32 INFO mapred.JobClient:  map 100% reduce 24%
13/05/22 15:53:38 INFO mapred.JobClient:  map 100% reduce 25%
13/05/22 15:54:49 INFO mapred.JobClient:  map 100% reduce 26%
13/05/22 15:56:00 INFO mapred.JobClient:  map 100% reduce 27%
13/05/22 15:57:05 INFO mapred.JobClient:  map 100% reduce 28%
13/05/22 15:58:10 INFO mapred.JobClient:  map 100% reduce 29%
13/05/22 16:00:12 INFO mapred.JobClient:  map 100% reduce 30%
13/05/22 16:01:24 INFO mapred.JobClient:  map 100% reduce 31%
13/05/22 16:02:28 INFO mapred.JobClient:  map 100% reduce 32%
13/05/22 16:03:54 INFO mapred.JobClient:  map 100% reduce 33%
13/05/22 16:07:32 INFO mapred.JobClient:  map 100% reduce 66%
13/05/22 16:07:45 INFO mapred.JobClient:  map 100% reduce 67%
13/05/22 16:08:22 INFO mapred.JobClient:  map 100% reduce 68%
13/05/22 16:08:59 INFO mapred.JobClient:  map 100% reduce 69%
13/05/22 16:09:39 INFO mapred.JobClient:  map 100% reduce 70%
13/05/22 16:10:20 INFO mapred.JobClient:  map 100% reduce 71%
13/05/22 16:10:56 INFO mapred.JobClient:  map 100% reduce 72%
13/05/22 16:11:36 INFO mapred.JobClient:  map 100% reduce 73%
13/05/22 16:12:16 INFO mapred.JobClient:  map 100% reduce 74%
13/05/22 16:13:35 INFO mapred.JobClient:  map 100% reduce 75%
13/05/22 16:17:00 INFO mapred.JobClient:  map 100% reduce 76%
13/05/22 16:19:12 INFO mapred.JobClient:  map 100% reduce 77%
13/05/22 16:22:13 INFO mapred.JobClient:  map 100% reduce 78%
13/05/22 16:24:11 INFO mapred.JobClient:  map 100% reduce 79%
13/05/22 16:24:28 INFO mapred.JobClient:  map 100% reduce 100%
13/05/22 16:24:29 INFO mapred.JobClient: Job complete: job_201305151711_4043
13/05/22 16:24:29 INFO mapred.JobClient: Counters: 27
13/05/22 16:24:29 INFO mapred.JobClient:   Job Counters 
13/05/22 16:24:29 INFO mapred.JobClient:     Launched reduce tasks=1
13/05/22 16:24:29 INFO mapred.JobClient:     SLOTS_MILLIS_MAPS=78247395
13/05/22 16:24:29 INFO mapred.JobClient:     Total time spent by all reduces waiting after reserving slots (ms)=0
13/05/22 16:24:29 INFO mapred.JobClient:     Total time spent by all maps waiting after reserving slots (ms)=0
13/05/22 16:24:29 INFO mapred.JobClient:     Rack-local map tasks=959
13/05/22 16:24:29 INFO mapred.JobClient:     Launched map tasks=1878
13/05/22 16:24:29 INFO mapred.JobClient:     Data-local map tasks=919
13/05/22 16:24:29 INFO mapred.JobClient:     SLOTS_MILLIS_REDUCES=3587420
13/05/22 16:24:29 INFO mapred.JobClient:   FileSystemCounters
13/05/22 16:24:29 INFO mapred.JobClient:     FILE_BYTES_READ=41784954257
13/05/22 16:24:29 INFO mapred.JobClient:     HDFS_BYTES_READ=241438261257
13/05/22 16:24:29 INFO mapred.JobClient:     FILE_BYTES_WRITTEN=55818842727
13/05/22 16:24:29 INFO mapred.JobClient:     HDFS_BYTES_WRITTEN=10851065988
13/05/22 16:24:29 INFO mapred.JobClient:   Map-Reduce Framework
13/05/22 16:24:29 INFO mapred.JobClient:     Map input records=461566504
13/05/22 16:24:29 INFO mapred.JobClient:     Reduce shuffle bytes=13924765298
13/05/22 16:24:29 INFO mapred.JobClient:     Spilled Records=3486745227
13/05/22 16:24:29 INFO mapred.JobClient:     Map output bytes=324072799469
13/05/22 16:24:29 INFO mapred.JobClient:     CPU time spent (ms)=85387170
13/05/22 16:24:29 INFO mapred.JobClient:     Total committed heap usage (bytes)=2402551660544
13/05/22 16:24:29 INFO mapred.JobClient:     Combine input records=12401241468
13/05/22 16:24:29 INFO mapred.JobClient:     SPLIT_RAW_BYTES=282600
13/05/22 16:24:29 INFO mapred.JobClient:     Reduce input records=356729596
13/05/22 16:24:29 INFO mapred.JobClient:     Reduce input groups=229400307
13/05/22 16:24:29 INFO mapred.JobClient:     Combine output records=2400170355
13/05/22 16:24:29 INFO mapred.JobClient:     Physical memory (bytes) snapshot=1556980228096
13/05/22 16:24:29 INFO mapred.JobClient:     Reduce output records=229400307
13/05/22 16:24:29 INFO mapred.JobClient:     Virtual memory (bytes) snapshot=4834033434624
13/05/22 16:24:29 INFO mapred.JobClient:     Map output records=10357800709
13/05/22 16:29:32 WARN mapred.JobClient: Use GenericOptionsParser for parsing the arguments. Applications should implement Tool for the same.
13/05/22 16:29:32 INFO hdfs.DFSClient: Created HDFS_DELEGATION_TOKEN token 183589 for s117449 on 145.100.41.4:8020
13/05/22 16:29:32 INFO security.TokenCache: Got dt for hdfs://p-head03.alley.sara.nl:8020/user/s117449/output/fpg-startpagina-support40000000/fList;uri=145.100.41.4:8020;t.service=145.100.41.4:8020
13/05/22 16:29:32 INFO input.FileInputFormat: Total input paths to process : 10
13/05/22 16:29:34 INFO mapred.JobClient: Running job: job_201305151711_4081
13/05/22 16:29:36 INFO mapred.JobClient:  map 0% reduce 0%
13/05/22 16:30:23 INFO mapred.JobClient:  map 1% reduce 0%
13/05/22 16:30:36 INFO mapred.JobClient:  map 2% reduce 0%
13/05/22 16:30:49 INFO mapred.JobClient:  map 4% reduce 0%
13/05/22 16:30:53 INFO mapred.JobClient:  map 5% reduce 0%
13/05/22 16:30:58 INFO mapred.JobClient:  map 6% reduce 0%
13/05/22 16:31:04 INFO mapred.JobClient:  map 7% reduce 0%
13/05/22 16:31:05 INFO mapred.JobClient:  map 8% reduce 0%
13/05/22 16:31:10 INFO mapred.JobClient:  map 9% reduce 0%
13/05/22 16:31:14 INFO mapred.JobClient:  map 10% reduce 0%
13/05/22 16:31:25 INFO mapred.JobClient:  map 11% reduce 0%
13/05/22 16:31:26 INFO mapred.JobClient:  map 13% reduce 0%
13/05/22 16:31:28 INFO mapred.JobClient:  map 14% reduce 0%
13/05/22 16:31:33 INFO mapred.JobClient:  map 15% reduce 0%
13/05/22 16:31:37 INFO mapred.JobClient:  map 16% reduce 0%
13/05/22 16:31:41 INFO mapred.JobClient:  map 17% reduce 0%
13/05/22 16:31:47 INFO mapred.JobClient:  map 18% reduce 0%
13/05/22 16:31:53 INFO mapred.JobClient:  map 19% reduce 0%
13/05/22 16:32:03 INFO mapred.JobClient:  map 20% reduce 0%
13/05/22 16:32:06 INFO mapred.JobClient:  map 21% reduce 0%
13/05/22 16:32:15 INFO mapred.JobClient:  map 22% reduce 0%
13/05/22 16:32:23 INFO mapred.JobClient:  map 23% reduce 0%
13/05/22 16:32:27 INFO mapred.JobClient:  map 24% reduce 0%
13/05/22 16:32:40 INFO mapred.JobClient:  map 25% reduce 0%
13/05/22 16:32:41 INFO mapred.JobClient:  map 26% reduce 0%
13/05/22 16:32:42 INFO mapred.JobClient:  map 27% reduce 0%
13/05/22 16:32:46 INFO mapred.JobClient:  map 28% reduce 0%
13/05/22 16:32:50 INFO mapred.JobClient:  map 29% reduce 0%
13/05/22 16:32:53 INFO mapred.JobClient:  map 30% reduce 0%
13/05/22 16:32:57 INFO mapred.JobClient:  map 31% reduce 0%
13/05/22 16:32:59 INFO mapred.JobClient:  map 32% reduce 0%
13/05/22 16:33:01 INFO mapred.JobClient:  map 33% reduce 0%
13/05/22 16:33:04 INFO mapred.JobClient:  map 34% reduce 0%
13/05/22 16:33:08 INFO mapred.JobClient:  map 35% reduce 0%
13/05/22 16:33:16 INFO mapred.JobClient:  map 36% reduce 0%
13/05/22 16:33:18 INFO mapred.JobClient:  map 38% reduce 0%
13/05/22 16:33:20 INFO mapred.JobClient:  map 39% reduce 0%
13/05/22 16:33:22 INFO mapred.JobClient:  map 40% reduce 0%
13/05/22 16:33:24 INFO mapred.JobClient:  map 41% reduce 0%
13/05/22 16:33:27 INFO mapred.JobClient:  map 42% reduce 0%
13/05/22 16:33:29 INFO mapred.JobClient:  map 43% reduce 0%
13/05/22 16:33:31 INFO mapred.JobClient:  map 44% reduce 0%
13/05/22 16:33:35 INFO mapred.JobClient:  map 45% reduce 0%
13/05/22 16:33:37 INFO mapred.JobClient:  map 46% reduce 0%
13/05/22 16:33:40 INFO mapred.JobClient:  map 47% reduce 0%
13/05/22 16:33:42 INFO mapred.JobClient:  map 48% reduce 0%
13/05/22 16:33:44 INFO mapred.JobClient:  map 49% reduce 0%
13/05/22 16:33:47 INFO mapred.JobClient:  map 50% reduce 0%
13/05/22 16:33:56 INFO mapred.JobClient:  map 51% reduce 0%
13/05/22 16:33:57 INFO mapred.JobClient:  map 54% reduce 0%
13/05/22 16:33:59 INFO mapred.JobClient:  map 55% reduce 0%
13/05/22 16:34:02 INFO mapred.JobClient:  map 56% reduce 0%
13/05/22 16:34:04 INFO mapred.JobClient:  map 57% reduce 0%
13/05/22 16:34:08 INFO mapred.JobClient:  map 58% reduce 0%
13/05/22 16:34:10 INFO mapred.JobClient:  map 59% reduce 0%
13/05/22 16:34:14 INFO mapred.JobClient:  map 60% reduce 0%
13/05/22 16:34:15 INFO mapred.JobClient:  map 61% reduce 0%
13/05/22 16:34:18 INFO mapred.JobClient:  map 62% reduce 0%
13/05/22 16:34:20 INFO mapred.JobClient:  map 63% reduce 0%
13/05/22 16:34:22 INFO mapred.JobClient:  map 64% reduce 0%
13/05/22 16:34:25 INFO mapred.JobClient:  map 65% reduce 0%
13/05/22 16:34:33 INFO mapred.JobClient:  map 66% reduce 0%
13/05/22 16:34:35 INFO mapred.JobClient:  map 68% reduce 0%
13/05/22 16:34:36 INFO mapred.JobClient:  map 69% reduce 0%
13/05/22 16:34:38 INFO mapred.JobClient:  map 70% reduce 0%
13/05/22 16:34:40 INFO mapred.JobClient:  map 71% reduce 0%
13/05/22 16:34:43 INFO mapred.JobClient:  map 72% reduce 0%
13/05/22 16:34:45 INFO mapred.JobClient:  map 73% reduce 0%
13/05/22 16:34:49 INFO mapred.JobClient:  map 74% reduce 0%
13/05/22 16:34:51 INFO mapred.JobClient:  map 75% reduce 0%
13/05/22 16:34:53 INFO mapred.JobClient:  map 76% reduce 0%
13/05/22 16:35:00 INFO mapred.JobClient:  map 77% reduce 0%
13/05/22 16:35:01 INFO mapred.JobClient:  map 79% reduce 0%
13/05/22 16:35:03 INFO mapred.JobClient:  map 80% reduce 0%
13/05/22 16:35:11 INFO mapred.JobClient:  map 81% reduce 0%
13/05/22 16:35:12 INFO mapred.JobClient:  map 83% reduce 0%
13/05/22 16:35:13 INFO mapred.JobClient:  map 84% reduce 0%
13/05/22 16:35:16 INFO mapred.JobClient:  map 85% reduce 0%
13/05/22 16:35:19 INFO mapred.JobClient:  map 86% reduce 0%
13/05/22 16:35:21 INFO mapred.JobClient:  map 87% reduce 0%
13/05/22 16:35:23 INFO mapred.JobClient:  map 88% reduce 0%
13/05/22 16:35:27 INFO mapred.JobClient:  map 89% reduce 0%
13/05/22 16:35:28 INFO mapred.JobClient:  map 90% reduce 0%
13/05/22 16:35:30 INFO mapred.JobClient:  map 91% reduce 0%
13/05/22 16:35:33 INFO mapred.JobClient:  map 92% reduce 0%
13/05/22 16:35:36 INFO mapred.JobClient:  map 93% reduce 0%
13/05/22 16:35:39 INFO mapred.JobClient:  map 94% reduce 0%
13/05/22 16:35:49 INFO mapred.JobClient:  map 95% reduce 0%
13/05/22 16:35:51 INFO mapred.JobClient:  map 98% reduce 0%
13/05/22 16:35:54 INFO mapred.JobClient:  map 99% reduce 0%
13/05/22 16:35:58 INFO mapred.JobClient:  map 99% reduce 1%
13/05/22 16:36:02 INFO mapred.JobClient:  map 99% reduce 5%
13/05/22 16:36:06 INFO mapred.JobClient:  map 99% reduce 33%
13/05/22 16:36:11 INFO mapred.JobClient:  map 100% reduce 33%
13/05/22 16:36:27 INFO mapred.JobClient:  map 100% reduce 100%
13/05/22 16:36:27 INFO mapred.JobClient: Job complete: job_201305151711_4081
13/05/22 16:36:28 INFO mapred.JobClient: Counters: 27
13/05/22 16:36:28 INFO mapred.JobClient:   Job Counters 
13/05/22 16:36:28 INFO mapred.JobClient:     Launched reduce tasks=1
13/05/22 16:36:28 INFO mapred.JobClient:     SLOTS_MILLIS_MAPS=107178015
13/05/22 16:36:28 INFO mapred.JobClient:     Total time spent by all reduces waiting after reserving slots (ms)=0
13/05/22 16:36:28 INFO mapred.JobClient:     Total time spent by all maps waiting after reserving slots (ms)=0
13/05/22 16:36:28 INFO mapred.JobClient:     Rack-local map tasks=325
13/05/22 16:36:28 INFO mapred.JobClient:     Launched map tasks=2037
13/05/22 16:36:28 INFO mapred.JobClient:     Data-local map tasks=1712
13/05/22 16:36:28 INFO mapred.JobClient:     SLOTS_MILLIS_REDUCES=27782
13/05/22 16:36:28 INFO mapred.JobClient:   FileSystemCounters
13/05/22 16:36:28 INFO mapred.JobClient:     FILE_BYTES_READ=263625924
13/05/22 16:36:28 INFO mapred.JobClient:     HDFS_BYTES_READ=241438261257
13/05/22 16:36:28 INFO mapred.JobClient:     FILE_BYTES_WRITTEN=398812481
13/05/22 16:36:28 INFO mapred.JobClient:     HDFS_BYTES_WRITTEN=177046
13/05/22 16:36:28 INFO mapred.JobClient:   Map-Reduce Framework
13/05/22 16:36:28 INFO mapred.JobClient:     Map input records=461566504
13/05/22 16:36:28 INFO mapred.JobClient:     Reduce shuffle bytes=25821156
13/05/22 16:36:28 INFO mapred.JobClient:     Spilled Records=1308656
13/05/22 16:36:28 INFO mapred.JobClient:     Map output bytes=104107216832
13/05/22 16:36:28 INFO mapred.JobClient:     CPU time spent (ms)=80628020
13/05/22 16:36:28 INFO mapred.JobClient:     Total committed heap usage (bytes)=2482103451648
13/05/22 16:36:28 INFO mapred.JobClient:     Combine input records=6481408417
13/05/22 16:36:28 INFO mapred.JobClient:     SPLIT_RAW_BYTES=282600
13/05/22 16:36:28 INFO mapred.JobClient:     Reduce input records=27278
13/05/22 16:36:28 INFO mapred.JobClient:     Reduce input groups=37
13/05/22 16:36:28 INFO mapred.JobClient:     Combine output records=955572
13/05/22 16:36:28 INFO mapred.JobClient:     Physical memory (bytes) snapshot=1567388413952
13/05/22 16:36:28 INFO mapred.JobClient:     Reduce output records=37
13/05/22 16:36:28 INFO mapred.JobClient:     Virtual memory (bytes) snapshot=4833887551488
13/05/22 16:36:28 INFO mapred.JobClient:     Map output records=6480480123
13/05/22 16:36:28 WARN mapred.JobClient: Use GenericOptionsParser for parsing the arguments. Applications should implement Tool for the same.
13/05/22 16:36:28 INFO hdfs.DFSClient: Created HDFS_DELEGATION_TOKEN token 183599 for s117449 on 145.100.41.4:8020
13/05/22 16:36:28 INFO security.TokenCache: Got dt for hdfs://p-head03.alley.sara.nl:8020/user/s117449/output/fpg-startpagina-support40000000/fList;uri=145.100.41.4:8020;t.service=145.100.41.4:8020
13/05/22 16:36:29 INFO input.FileInputFormat: Total input paths to process : 1
13/05/22 16:36:32 INFO mapred.JobClient: Running job: job_201305151711_4091
13/05/22 16:36:33 INFO mapred.JobClient:  map 0% reduce 0%
13/05/22 16:36:45 INFO mapred.JobClient:  map 100% reduce 0%
13/05/22 16:36:55 INFO mapred.JobClient:  map 100% reduce 100%
13/05/22 16:36:55 INFO mapred.JobClient: Job complete: job_201305151711_4091
13/05/22 16:36:56 INFO mapred.JobClient: Counters: 25
13/05/22 16:36:56 INFO mapred.JobClient:   Job Counters 
13/05/22 16:36:56 INFO mapred.JobClient:     Launched reduce tasks=1
13/05/22 16:36:56 INFO mapred.JobClient:     SLOTS_MILLIS_MAPS=5686
13/05/22 16:36:56 INFO mapred.JobClient:     Total time spent by all reduces waiting after reserving slots (ms)=0
13/05/22 16:36:56 INFO mapred.JobClient:     Total time spent by all maps waiting after reserving slots (ms)=0
13/05/22 16:36:56 INFO mapred.JobClient:     Launched map tasks=1
13/05/22 16:36:56 INFO mapred.JobClient:     SLOTS_MILLIS_REDUCES=8892
13/05/22 16:36:56 INFO mapred.JobClient:   FileSystemCounters
13/05/22 16:36:56 INFO mapred.JobClient:     FILE_BYTES_READ=28277
13/05/22 16:36:56 INFO mapred.JobClient:     HDFS_BYTES_READ=177219
13/05/22 16:36:56 INFO mapred.JobClient:     FILE_BYTES_WRITTEN=180144
13/05/22 16:36:56 INFO mapred.JobClient:     HDFS_BYTES_WRITTEN=227914
13/05/22 16:36:56 INFO mapred.JobClient:   Map-Reduce Framework
13/05/22 16:36:56 INFO mapred.JobClient:     Map input records=37
13/05/22 16:36:56 INFO mapred.JobClient:     Reduce shuffle bytes=28279
13/05/22 16:36:56 INFO mapred.JobClient:     Spilled Records=74
13/05/22 16:36:56 INFO mapred.JobClient:     Map output bytes=1310748
13/05/22 16:36:56 INFO mapred.JobClient:     CPU time spent (ms)=3570
13/05/22 16:36:56 INFO mapred.JobClient:     Total committed heap usage (bytes)=2027421696
13/05/22 16:36:56 INFO mapred.JobClient:     Combine input records=7688
13/05/22 16:36:56 INFO mapred.JobClient:     SPLIT_RAW_BYTES=173
13/05/22 16:36:56 INFO mapred.JobClient:     Reduce input records=37
13/05/22 16:36:56 INFO mapred.JobClient:     Reduce input groups=37
13/05/22 16:36:56 INFO mapred.JobClient:     Combine output records=37
13/05/22 16:36:56 INFO mapred.JobClient:     Physical memory (bytes) snapshot=542896128
13/05/22 16:36:56 INFO mapred.JobClient:     Reduce output records=37
13/05/22 16:36:56 INFO mapred.JobClient:     Virtual memory (bytes) snapshot=5403316224
13/05/22 16:36:56 INFO mapred.JobClient:     Map output records=7688
13/05/22 16:37:03 INFO driver.MahoutDriver: Program took 7120510 ms (Minutes: 118.67516666666667)
support=100000000
MAHOUT_LOCAL is not set; adding HADOOP_CONF_DIR to classpath.
Running on hadoop, using /usr/lib/hadoop/bin/hadoop and HADOOP_CONF_DIR=/home/s117449/hadoop-conf
MAHOUT-JOB: /home/s117449/mahout-distribution-0.7/mahout-examples-0.7-job.jar
13/05/22 16:37:08 INFO common.AbstractJob: Command line arguments: {--encoding=[UTF-8], --endPhase=[2147483647], --input=[startpagina/startpagina-parsed-10], --maxHeapSize=[50], --method=[mapreduce], --minSupport=[100000000], --numGroups=[1000], --numTreeCacheEntries=[5], --output=[output/fpg-startpagina-support100000000], --splitterPattern=[[\ ]], --startPhase=[0], --tempDir=[temp]}
13/05/22 16:37:09 ERROR security.UserGroupInformation: PriviledgedActionException as:s117449 (auth:KERBEROS) cause:javax.security.sasl.SaslException: GSS initiate failed [Caused by GSSException: No valid credentials provided (Mechanism level: Failed to find any Kerberos tgt)]
13/05/22 16:37:09 WARN ipc.Client: Exception encountered while connecting to the server : javax.security.sasl.SaslException: GSS initiate failed [Caused by GSSException: No valid credentials provided (Mechanism level: Failed to find any Kerberos tgt)]
13/05/22 16:37:09 ERROR security.UserGroupInformation: PriviledgedActionException as:s117449 (auth:KERBEROS) cause:java.io.IOException: javax.security.sasl.SaslException: GSS initiate failed [Caused by GSSException: No valid credentials provided (Mechanism level: Failed to find any Kerberos tgt)]
Exception in thread "main" java.io.IOException: Call to p-head03.alley.sara.nl/145.100.41.4:8020 failed on local exception: java.io.IOException: javax.security.sasl.SaslException: GSS initiate failed [Caused by GSSException: No valid credentials provided (Mechanism level: Failed to find any Kerberos tgt)]
	at org.apache.hadoop.ipc.Client.wrapException(Client.java:1187)
	at org.apache.hadoop.ipc.Client.call(Client.java:1155)
	at org.apache.hadoop.ipc.RPC$Invoker.invoke(RPC.java:226)
	at $Proxy5.getProtocolVersion(Unknown Source)
	at org.apache.hadoop.ipc.RPC.getProxy(RPC.java:398)
	at org.apache.hadoop.ipc.RPC.getProxy(RPC.java:384)
	at org.apache.hadoop.hdfs.DFSClient.createRPCNamenode(DFSClient.java:132)
	at org.apache.hadoop.hdfs.DFSClient.<init>(DFSClient.java:259)
	at org.apache.hadoop.hdfs.DFSClient.<init>(DFSClient.java:220)
	at org.apache.hadoop.hdfs.DistributedFileSystem.initialize(DistributedFileSystem.java:89)
	at org.apache.hadoop.fs.FileSystem.createFileSystem(FileSystem.java:1603)
	at org.apache.hadoop.fs.FileSystem.access$300(FileSystem.java:69)
	at org.apache.hadoop.fs.FileSystem$Cache.getInternal(FileSystem.java:1637)
	at org.apache.hadoop.fs.FileSystem$Cache.get(FileSystem.java:1619)
	at org.apache.hadoop.fs.FileSystem.get(FileSystem.java:255)
	at org.apache.hadoop.fs.FileSystem.get(FileSystem.java:124)
	at org.apache.hadoop.fs.FileSystem.get(FileSystem.java:239)
	at org.apache.hadoop.fs.Path.getFileSystem(Path.java:183)
	at org.apache.mahout.common.HadoopUtil.delete(HadoopUtil.java:183)
	at org.apache.mahout.common.HadoopUtil.delete(HadoopUtil.java:192)
	at org.apache.mahout.fpm.pfpgrowth.FPGrowthDriver.run(FPGrowthDriver.java:135)
	at org.apache.hadoop.util.ToolRunner.run(ToolRunner.java:65)
	at org.apache.mahout.fpm.pfpgrowth.FPGrowthDriver.main(FPGrowthDriver.java:56)
	at sun.reflect.NativeMethodAccessorImpl.invoke0(Native Method)
	at sun.reflect.NativeMethodAccessorImpl.invoke(NativeMethodAccessorImpl.java:39)
	at sun.reflect.DelegatingMethodAccessorImpl.invoke(DelegatingMethodAccessorImpl.java:25)
	at java.lang.reflect.Method.invoke(Method.java:597)
	at org.apache.hadoop.util.ProgramDriver$ProgramDescription.invoke(ProgramDriver.java:68)
	at org.apache.hadoop.util.ProgramDriver.driver(ProgramDriver.java:139)
	at org.apache.mahout.driver.MahoutDriver.main(MahoutDriver.java:195)
	at sun.reflect.NativeMethodAccessorImpl.invoke0(Native Method)
	at sun.reflect.NativeMethodAccessorImpl.invoke(NativeMethodAccessorImpl.java:39)
	at sun.reflect.DelegatingMethodAccessorImpl.invoke(DelegatingMethodAccessorImpl.java:25)
	at java.lang.reflect.Method.invoke(Method.java:597)
	at org.apache.hadoop.util.RunJar.main(RunJar.java:197)
Caused by: java.io.IOException: javax.security.sasl.SaslException: GSS initiate failed [Caused by GSSException: No valid credentials provided (Mechanism level: Failed to find any Kerberos tgt)]
	at org.apache.hadoop.ipc.Client$Connection$1.run(Client.java:554)
	at java.security.AccessController.doPrivileged(Native Method)
	at javax.security.auth.Subject.doAs(Subject.java:396)
	at org.apache.hadoop.security.UserGroupInformation.doAs(UserGroupInformation.java:1278)
	at org.apache.hadoop.ipc.Client$Connection.handleSaslConnectionFailure(Client.java:499)
	at org.apache.hadoop.ipc.Client$Connection.setupIOstreams(Client.java:601)
	at org.apache.hadoop.ipc.Client$Connection.access$2300(Client.java:212)
	at org.apache.hadoop.ipc.Client.getConnection(Client.java:1292)
	at org.apache.hadoop.ipc.Client.call(Client.java:1121)
	... 33 more
Caused by: javax.security.sasl.SaslException: GSS initiate failed [Caused by GSSException: No valid credentials provided (Mechanism level: Failed to find any Kerberos tgt)]
	at com.sun.security.sasl.gsskerb.GssKrb5Client.evaluateChallenge(GssKrb5Client.java:194)
	at org.apache.hadoop.security.SaslRpcClient.saslConnect(SaslRpcClient.java:134)
	at org.apache.hadoop.ipc.Client$Connection.setupSaslConnection(Client.java:415)
	at org.apache.hadoop.ipc.Client$Connection.access$1100(Client.java:212)
	at org.apache.hadoop.ipc.Client$Connection$2.run(Client.java:594)
	at org.apache.hadoop.ipc.Client$Connection$2.run(Client.java:591)
	at java.security.AccessController.doPrivileged(Native Method)
	at javax.security.auth.Subject.doAs(Subject.java:396)
	at org.apache.hadoop.security.UserGroupInformation.doAs(UserGroupInformation.java:1278)
	at org.apache.hadoop.ipc.Client$Connection.setupIOstreams(Client.java:590)
	... 36 more
Caused by: GSSException: No valid credentials provided (Mechanism level: Failed to find any Kerberos tgt)
	at sun.security.jgss.krb5.Krb5InitCredential.getInstance(Krb5InitCredential.java:130)
	at sun.security.jgss.krb5.Krb5MechFactory.getCredentialElement(Krb5MechFactory.java:106)
	at sun.security.jgss.krb5.Krb5MechFactory.getMechanismContext(Krb5MechFactory.java:172)
	at sun.security.jgss.GSSManagerImpl.getMechanismContext(GSSManagerImpl.java:209)
	at sun.security.jgss.GSSContextImpl.initSecContext(GSSContextImpl.java:195)
	at sun.security.jgss.GSSContextImpl.initSecContext(GSSContextImpl.java:162)
	at com.sun.security.sasl.gsskerb.GssKrb5Client.evaluateChallenge(GssKrb5Client.java:175)
	... 45 more
support=400000000
MAHOUT_LOCAL is not set; adding HADOOP_CONF_DIR to classpath.
Running on hadoop, using /usr/lib/hadoop/bin/hadoop and HADOOP_CONF_DIR=/home/s117449/hadoop-conf
MAHOUT-JOB: /home/s117449/mahout-distribution-0.7/mahout-examples-0.7-job.jar
13/05/22 16:37:14 INFO common.AbstractJob: Command line arguments: {--encoding=[UTF-8], --endPhase=[2147483647], --input=[startpagina/startpagina-parsed-10], --maxHeapSize=[50], --method=[mapreduce], --minSupport=[400000000], --numGroups=[1000], --numTreeCacheEntries=[5], --output=[output/fpg-startpagina-support400000000], --splitterPattern=[[\ ]], --startPhase=[0], --tempDir=[temp]}
13/05/22 16:37:15 ERROR security.UserGroupInformation: PriviledgedActionException as:s117449 (auth:KERBEROS) cause:javax.security.sasl.SaslException: GSS initiate failed [Caused by GSSException: No valid credentials provided (Mechanism level: Failed to find any Kerberos tgt)]
13/05/22 16:37:15 WARN ipc.Client: Exception encountered while connecting to the server : javax.security.sasl.SaslException: GSS initiate failed [Caused by GSSException: No valid credentials provided (Mechanism level: Failed to find any Kerberos tgt)]
13/05/22 16:37:15 ERROR security.UserGroupInformation: PriviledgedActionException as:s117449 (auth:KERBEROS) cause:java.io.IOException: javax.security.sasl.SaslException: GSS initiate failed [Caused by GSSException: No valid credentials provided (Mechanism level: Failed to find any Kerberos tgt)]
Exception in thread "main" java.io.IOException: Call to p-head03.alley.sara.nl/145.100.41.4:8020 failed on local exception: java.io.IOException: javax.security.sasl.SaslException: GSS initiate failed [Caused by GSSException: No valid credentials provided (Mechanism level: Failed to find any Kerberos tgt)]
	at org.apache.hadoop.ipc.Client.wrapException(Client.java:1187)
	at org.apache.hadoop.ipc.Client.call(Client.java:1155)
	at org.apache.hadoop.ipc.RPC$Invoker.invoke(RPC.java:226)
	at $Proxy5.getProtocolVersion(Unknown Source)
	at org.apache.hadoop.ipc.RPC.getProxy(RPC.java:398)
	at org.apache.hadoop.ipc.RPC.getProxy(RPC.java:384)
	at org.apache.hadoop.hdfs.DFSClient.createRPCNamenode(DFSClient.java:132)
	at org.apache.hadoop.hdfs.DFSClient.<init>(DFSClient.java:259)
	at org.apache.hadoop.hdfs.DFSClient.<init>(DFSClient.java:220)
	at org.apache.hadoop.hdfs.DistributedFileSystem.initialize(DistributedFileSystem.java:89)
	at org.apache.hadoop.fs.FileSystem.createFileSystem(FileSystem.java:1603)
	at org.apache.hadoop.fs.FileSystem.access$300(FileSystem.java:69)
	at org.apache.hadoop.fs.FileSystem$Cache.getInternal(FileSystem.java:1637)
	at org.apache.hadoop.fs.FileSystem$Cache.get(FileSystem.java:1619)
	at org.apache.hadoop.fs.FileSystem.get(FileSystem.java:255)
	at org.apache.hadoop.fs.FileSystem.get(FileSystem.java:124)
	at org.apache.hadoop.fs.FileSystem.get(FileSystem.java:239)
	at org.apache.hadoop.fs.Path.getFileSystem(Path.java:183)
	at org.apache.mahout.common.HadoopUtil.delete(HadoopUtil.java:183)
	at org.apache.mahout.common.HadoopUtil.delete(HadoopUtil.java:192)
	at org.apache.mahout.fpm.pfpgrowth.FPGrowthDriver.run(FPGrowthDriver.java:135)
	at org.apache.hadoop.util.ToolRunner.run(ToolRunner.java:65)
	at org.apache.mahout.fpm.pfpgrowth.FPGrowthDriver.main(FPGrowthDriver.java:56)
	at sun.reflect.NativeMethodAccessorImpl.invoke0(Native Method)
	at sun.reflect.NativeMethodAccessorImpl.invoke(NativeMethodAccessorImpl.java:39)
	at sun.reflect.DelegatingMethodAccessorImpl.invoke(DelegatingMethodAccessorImpl.java:25)
	at java.lang.reflect.Method.invoke(Method.java:597)
	at org.apache.hadoop.util.ProgramDriver$ProgramDescription.invoke(ProgramDriver.java:68)
	at org.apache.hadoop.util.ProgramDriver.driver(ProgramDriver.java:139)
	at org.apache.mahout.driver.MahoutDriver.main(MahoutDriver.java:195)
	at sun.reflect.NativeMethodAccessorImpl.invoke0(Native Method)
	at sun.reflect.NativeMethodAccessorImpl.invoke(NativeMethodAccessorImpl.java:39)
	at sun.reflect.DelegatingMethodAccessorImpl.invoke(DelegatingMethodAccessorImpl.java:25)
	at java.lang.reflect.Method.invoke(Method.java:597)
	at org.apache.hadoop.util.RunJar.main(RunJar.java:197)
Caused by: java.io.IOException: javax.security.sasl.SaslException: GSS initiate failed [Caused by GSSException: No valid credentials provided (Mechanism level: Failed to find any Kerberos tgt)]
	at org.apache.hadoop.ipc.Client$Connection$1.run(Client.java:554)
	at java.security.AccessController.doPrivileged(Native Method)
	at javax.security.auth.Subject.doAs(Subject.java:396)
	at org.apache.hadoop.security.UserGroupInformation.doAs(UserGroupInformation.java:1278)
	at org.apache.hadoop.ipc.Client$Connection.handleSaslConnectionFailure(Client.java:499)
	at org.apache.hadoop.ipc.Client$Connection.setupIOstreams(Client.java:601)
	at org.apache.hadoop.ipc.Client$Connection.access$2300(Client.java:212)
	at org.apache.hadoop.ipc.Client.getConnection(Client.java:1292)
	at org.apache.hadoop.ipc.Client.call(Client.java:1121)
	... 33 more
Caused by: javax.security.sasl.SaslException: GSS initiate failed [Caused by GSSException: No valid credentials provided (Mechanism level: Failed to find any Kerberos tgt)]
	at com.sun.security.sasl.gsskerb.GssKrb5Client.evaluateChallenge(GssKrb5Client.java:194)
	at org.apache.hadoop.security.SaslRpcClient.saslConnect(SaslRpcClient.java:134)
	at org.apache.hadoop.ipc.Client$Connection.setupSaslConnection(Client.java:415)
	at org.apache.hadoop.ipc.Client$Connection.access$1100(Client.java:212)
	at org.apache.hadoop.ipc.Client$Connection$2.run(Client.java:594)
	at org.apache.hadoop.ipc.Client$Connection$2.run(Client.java:591)
	at java.security.AccessController.doPrivileged(Native Method)
	at javax.security.auth.Subject.doAs(Subject.java:396)
	at org.apache.hadoop.security.UserGroupInformation.doAs(UserGroupInformation.java:1278)
	at org.apache.hadoop.ipc.Client$Connection.setupIOstreams(Client.java:590)
	... 36 more
Caused by: GSSException: No valid credentials provided (Mechanism level: Failed to find any Kerberos tgt)
	at sun.security.jgss.krb5.Krb5InitCredential.getInstance(Krb5InitCredential.java:130)
	at sun.security.jgss.krb5.Krb5MechFactory.getCredentialElement(Krb5MechFactory.java:106)
	at sun.security.jgss.krb5.Krb5MechFactory.getMechanismContext(Krb5MechFactory.java:172)
	at sun.security.jgss.GSSManagerImpl.getMechanismContext(GSSManagerImpl.java:209)
	at sun.security.jgss.GSSContextImpl.initSecContext(GSSContextImpl.java:195)
	at sun.security.jgss.GSSContextImpl.initSecContext(GSSContextImpl.java:162)
	at com.sun.security.sasl.gsskerb.GssKrb5Client.evaluateChallenge(GssKrb5Client.java:175)
	... 45 more
