nohup: ignoring input
Running on hadoop, using HADOOP_HOME=/usr/lib/hadoop
HADOOP_CONF_DIR=/home/s117449/hadoop-conf
MAHOUT-JOB: /usr/lib/mahout/mahout-examples-0.5-cdh3u6-job.jar
13/05/22 13:10:01 WARN mapred.JobClient: Use GenericOptionsParser for parsing the arguments. Applications should implement Tool for the same.
13/05/22 13:10:06 INFO hdfs.DFSClient: Created HDFS_DELEGATION_TOKEN token 183511 for s117449 on 145.100.41.4:8020
13/05/22 13:10:06 INFO security.TokenCache: Got dt for hdfs://p-head03.alley.sara.nl:8020/tmp/hadoop-mapred/mapred/staging/s117449/.staging/job_201305151711_4003;uri=145.100.41.4:8020;t.service=145.100.41.4:8020
13/05/22 13:10:06 INFO input.FileInputFormat: Total input paths to process : 1
13/05/22 13:10:06 WARN snappy.LoadSnappy: Snappy native library is available
13/05/22 13:10:06 INFO util.NativeCodeLoader: Loaded the native-hadoop library
13/05/22 13:10:06 INFO snappy.LoadSnappy: Snappy native library loaded
13/05/22 13:10:08 INFO mapred.JobClient: Running job: job_201305151711_4003
13/05/22 13:10:09 INFO mapred.JobClient:  map 0% reduce 0%
13/05/22 13:11:08 INFO mapred.JobClient:  map 1% reduce 0%
13/05/22 13:11:13 INFO mapred.JobClient:  map 2% reduce 0%
13/05/22 13:11:16 INFO mapred.JobClient:  map 3% reduce 0%
13/05/22 13:11:20 INFO mapred.JobClient:  map 4% reduce 0%
13/05/22 13:11:23 INFO mapred.JobClient:  map 5% reduce 0%
13/05/22 13:11:27 INFO mapred.JobClient:  map 6% reduce 0%
13/05/22 13:11:30 INFO mapred.JobClient:  map 7% reduce 0%
13/05/22 13:11:31 INFO mapred.JobClient:  map 8% reduce 0%
13/05/22 13:11:33 INFO mapred.JobClient:  map 9% reduce 0%
13/05/22 13:11:34 INFO mapred.JobClient:  map 10% reduce 0%
13/05/22 13:11:35 INFO mapred.JobClient:  map 11% reduce 0%
13/05/22 13:11:38 INFO mapred.JobClient:  map 12% reduce 0%
13/05/22 13:11:39 INFO mapred.JobClient:  map 13% reduce 0%
13/05/22 13:11:41 INFO mapred.JobClient:  map 14% reduce 0%
13/05/22 13:11:42 INFO mapred.JobClient:  map 15% reduce 0%
13/05/22 13:11:44 INFO mapred.JobClient:  map 16% reduce 0%
13/05/22 13:11:46 INFO mapred.JobClient:  map 17% reduce 0%
13/05/22 13:11:47 INFO mapred.JobClient:  map 18% reduce 0%
13/05/22 13:11:48 INFO mapred.JobClient:  map 19% reduce 0%
13/05/22 13:11:50 INFO mapred.JobClient:  map 20% reduce 0%
13/05/22 13:11:51 INFO mapred.JobClient:  map 21% reduce 0%
13/05/22 13:11:53 INFO mapred.JobClient:  map 22% reduce 0%
13/05/22 13:11:54 INFO mapred.JobClient:  map 23% reduce 0%
13/05/22 13:11:56 INFO mapred.JobClient:  map 24% reduce 0%
13/05/22 13:11:57 INFO mapred.JobClient:  map 25% reduce 0%
13/05/22 13:12:00 INFO mapred.JobClient:  map 27% reduce 0%
13/05/22 13:12:02 INFO mapred.JobClient:  map 28% reduce 0%
13/05/22 13:12:03 INFO mapred.JobClient:  map 29% reduce 0%
13/05/22 13:12:05 INFO mapred.JobClient:  map 30% reduce 0%
13/05/22 13:12:06 INFO mapred.JobClient:  map 31% reduce 0%
13/05/22 13:12:08 INFO mapred.JobClient:  map 32% reduce 0%
13/05/22 13:12:09 INFO mapred.JobClient:  map 33% reduce 0%
13/05/22 13:12:10 INFO mapred.JobClient:  map 34% reduce 0%
13/05/22 13:12:11 INFO mapred.JobClient:  map 35% reduce 0%
13/05/22 13:12:12 INFO mapred.JobClient:  map 36% reduce 0%
13/05/22 13:12:13 INFO mapred.JobClient:  map 37% reduce 0%
13/05/22 13:12:15 INFO mapred.JobClient:  map 38% reduce 0%
13/05/22 13:12:17 INFO mapred.JobClient:  map 39% reduce 0%
13/05/22 13:12:18 INFO mapred.JobClient:  map 40% reduce 0%
13/05/22 13:12:21 INFO mapred.JobClient:  map 41% reduce 0%
13/05/22 13:12:22 INFO mapred.JobClient:  map 42% reduce 0%
13/05/22 13:12:24 INFO mapred.JobClient:  map 43% reduce 0%
13/05/22 13:12:26 INFO mapred.JobClient:  map 44% reduce 0%
13/05/22 13:12:27 INFO mapred.JobClient:  map 45% reduce 0%
13/05/22 13:12:29 INFO mapred.JobClient:  map 46% reduce 0%
13/05/22 13:12:31 INFO mapred.JobClient:  map 47% reduce 0%
13/05/22 13:12:32 INFO mapred.JobClient:  map 48% reduce 0%
13/05/22 13:12:33 INFO mapred.JobClient:  map 49% reduce 0%
13/05/22 13:12:35 INFO mapred.JobClient:  map 50% reduce 0%
13/05/22 13:12:37 INFO mapred.JobClient:  map 52% reduce 0%
13/05/22 13:12:39 INFO mapred.JobClient:  map 53% reduce 0%
13/05/22 13:12:40 INFO mapred.JobClient:  map 54% reduce 0%
13/05/22 13:12:42 INFO mapred.JobClient:  map 55% reduce 0%
13/05/22 13:12:43 INFO mapred.JobClient:  map 56% reduce 0%
13/05/22 13:12:44 INFO mapred.JobClient:  map 57% reduce 0%
13/05/22 13:12:45 INFO mapred.JobClient:  map 58% reduce 0%
13/05/22 13:12:46 INFO mapred.JobClient:  map 59% reduce 0%
13/05/22 13:12:48 INFO mapred.JobClient:  map 60% reduce 0%
13/05/22 13:12:49 INFO mapred.JobClient:  map 61% reduce 0%
13/05/22 13:12:50 INFO mapred.JobClient:  map 62% reduce 0%
13/05/22 13:12:52 INFO mapred.JobClient:  map 63% reduce 0%
13/05/22 13:12:53 INFO mapred.JobClient:  map 64% reduce 0%
13/05/22 13:12:54 INFO mapred.JobClient:  map 65% reduce 0%
13/05/22 13:12:55 INFO mapred.JobClient:  map 66% reduce 0%
13/05/22 13:12:58 INFO mapred.JobClient:  map 67% reduce 0%
13/05/22 13:12:59 INFO mapred.JobClient:  map 68% reduce 0%
13/05/22 13:13:01 INFO mapred.JobClient:  map 69% reduce 0%
13/05/22 13:13:02 INFO mapred.JobClient:  map 70% reduce 0%
13/05/22 13:13:04 INFO mapred.JobClient:  map 71% reduce 0%
13/05/22 13:13:07 INFO mapred.JobClient:  map 73% reduce 0%
13/05/22 13:13:10 INFO mapred.JobClient:  map 74% reduce 0%
13/05/22 13:13:11 INFO mapred.JobClient:  map 75% reduce 0%
13/05/22 13:13:13 INFO mapred.JobClient:  map 76% reduce 0%
13/05/22 13:13:14 INFO mapred.JobClient:  map 77% reduce 0%
13/05/22 13:13:16 INFO mapred.JobClient:  map 78% reduce 0%
13/05/22 13:13:17 INFO mapred.JobClient:  map 79% reduce 0%
13/05/22 13:13:19 INFO mapred.JobClient:  map 80% reduce 0%
13/05/22 13:13:20 INFO mapred.JobClient:  map 81% reduce 0%
13/05/22 13:13:23 INFO mapred.JobClient:  map 82% reduce 0%
13/05/22 13:13:25 INFO mapred.JobClient:  map 83% reduce 0%
13/05/22 13:13:28 INFO mapred.JobClient:  map 84% reduce 0%
13/05/22 13:13:29 INFO mapred.JobClient:  map 85% reduce 0%
13/05/22 13:13:33 INFO mapred.JobClient:  map 86% reduce 0%
13/05/22 13:13:35 INFO mapred.JobClient:  map 87% reduce 0%
13/05/22 13:13:39 INFO mapred.JobClient:  map 88% reduce 0%
13/05/22 13:13:42 INFO mapred.JobClient:  map 89% reduce 0%
13/05/22 13:13:45 INFO mapred.JobClient:  map 90% reduce 0%
13/05/22 13:13:47 INFO mapred.JobClient:  map 91% reduce 0%
13/05/22 13:13:51 INFO mapred.JobClient:  map 92% reduce 0%
13/05/22 13:13:54 INFO mapred.JobClient:  map 93% reduce 0%
13/05/22 13:13:57 INFO mapred.JobClient:  map 94% reduce 0%
13/05/22 13:14:00 INFO mapred.JobClient:  map 95% reduce 0%
13/05/22 13:14:03 INFO mapred.JobClient:  map 96% reduce 0%
13/05/22 13:14:08 INFO mapred.JobClient:  map 97% reduce 0%
13/05/22 13:14:13 INFO mapred.JobClient:  map 98% reduce 0%
13/05/22 13:14:18 INFO mapred.JobClient:  map 99% reduce 0%
13/05/22 13:14:33 INFO mapred.JobClient:  map 100% reduce 0%
13/05/22 13:14:34 INFO mapred.JobClient:  map 100% reduce 8%
13/05/22 13:14:38 INFO mapred.JobClient:  map 100% reduce 31%
13/05/22 13:14:41 INFO mapred.JobClient:  map 100% reduce 33%
13/05/22 13:14:52 INFO mapred.JobClient:  map 100% reduce 66%
13/05/22 13:14:59 INFO mapred.JobClient:  map 100% reduce 67%
13/05/22 13:15:11 INFO mapred.JobClient:  map 100% reduce 68%
13/05/22 13:15:17 INFO mapred.JobClient:  map 100% reduce 69%
13/05/22 13:15:27 INFO mapred.JobClient:  map 100% reduce 70%
13/05/22 13:15:33 INFO mapred.JobClient:  map 100% reduce 71%
13/05/22 13:15:42 INFO mapred.JobClient:  map 100% reduce 72%
13/05/22 13:15:47 INFO mapred.JobClient:  map 100% reduce 73%
13/05/22 13:15:53 INFO mapred.JobClient:  map 100% reduce 74%
13/05/22 13:15:59 INFO mapred.JobClient:  map 100% reduce 100%
13/05/22 13:16:01 INFO mapred.JobClient: Job complete: job_201305151711_4003
13/05/22 13:16:01 INFO mapred.JobClient: Counters: 27
13/05/22 13:16:01 INFO mapred.JobClient:   Job Counters 
13/05/22 13:16:01 INFO mapred.JobClient:     Launched reduce tasks=1
13/05/22 13:16:01 INFO mapred.JobClient:     SLOTS_MILLIS_MAPS=2718011
13/05/22 13:16:01 INFO mapred.JobClient:     Total time spent by all reduces waiting after reserving slots (ms)=0
13/05/22 13:16:01 INFO mapred.JobClient:     Total time spent by all maps waiting after reserving slots (ms)=0
13/05/22 13:16:01 INFO mapred.JobClient:     Rack-local map tasks=19
13/05/22 13:16:01 INFO mapred.JobClient:     Launched map tasks=21
13/05/22 13:16:01 INFO mapred.JobClient:     Data-local map tasks=1
13/05/22 13:16:01 INFO mapred.JobClient:     SLOTS_MILLIS_REDUCES=92228
13/05/22 13:16:01 INFO mapred.JobClient:   FileSystemCounters
13/05/22 13:16:01 INFO mapred.JobClient:     FILE_BYTES_READ=333248180
13/05/22 13:16:01 INFO mapred.JobClient:     HDFS_BYTES_READ=1949036507
13/05/22 13:16:01 INFO mapred.JobClient:     FILE_BYTES_WRITTEN=434189315
13/05/22 13:16:01 INFO mapred.JobClient:     HDFS_BYTES_WRITTEN=493748781
13/05/22 13:16:01 INFO mapred.JobClient:   Map-Reduce Framework
13/05/22 13:16:01 INFO mapred.JobClient:     Map input records=20000000
13/05/22 13:16:01 INFO mapred.JobClient:     Reduce shuffle bytes=99973432
13/05/22 13:16:01 INFO mapred.JobClient:     Spilled Records=87456508
13/05/22 13:16:01 INFO mapred.JobClient:     Map output bytes=5615845422
13/05/22 13:16:01 INFO mapred.JobClient:     CPU time spent (ms)=2528960
13/05/22 13:16:01 INFO mapred.JobClient:     Total committed heap usage (bytes)=19431096320
13/05/22 13:16:01 INFO mapred.JobClient:     Combine input records=480270044
13/05/22 13:16:01 INFO mapred.JobClient:     SPLIT_RAW_BYTES=2175
13/05/22 13:16:01 INFO mapred.JobClient:     Reduce input records=20013539
13/05/22 13:16:01 INFO mapred.JobClient:     Reduce input groups=20000001
13/05/22 13:16:01 INFO mapred.JobClient:     Combine output records=41702819
13/05/22 13:16:01 INFO mapred.JobClient:     Physical memory (bytes) snapshot=13731840000
13/05/22 13:16:01 INFO mapred.JobClient:     Reduce output records=20000001
13/05/22 13:16:01 INFO mapred.JobClient:     Virtual memory (bytes) snapshot=42960474112
13/05/22 13:16:01 INFO mapred.JobClient:     Map output records=458580764
13/05/22 13:16:28 INFO pfpgrowth.PFPGrowth: No of Features: 9
13/05/22 13:16:28 WARN mapred.JobClient: Use GenericOptionsParser for parsing the arguments. Applications should implement Tool for the same.
13/05/22 13:16:28 INFO hdfs.DFSClient: Created HDFS_DELEGATION_TOKEN token 183515 for s117449 on 145.100.41.4:8020
13/05/22 13:16:28 INFO security.TokenCache: Got dt for hdfs://p-head03.alley.sara.nl:8020/tmp/hadoop-mapred/mapred/staging/s117449/.staging/job_201305151711_4007;uri=145.100.41.4:8020;t.service=145.100.41.4:8020
13/05/22 13:16:28 INFO input.FileInputFormat: Total input paths to process : 1
13/05/22 13:16:32 INFO mapred.JobClient: Running job: job_201305151711_4007
13/05/22 13:16:33 INFO mapred.JobClient:  map 0% reduce 0%
13/05/22 13:16:59 INFO mapred.JobClient:  map 1% reduce 0%
13/05/22 13:17:01 INFO mapred.JobClient:  map 2% reduce 0%
13/05/22 13:17:04 INFO mapred.JobClient:  map 3% reduce 0%
13/05/22 13:17:10 INFO mapred.JobClient:  map 4% reduce 0%
13/05/22 13:17:11 INFO mapred.JobClient:  map 6% reduce 0%
13/05/22 13:17:12 INFO mapred.JobClient:  map 7% reduce 0%
13/05/22 13:17:15 INFO mapred.JobClient:  map 9% reduce 0%
13/05/22 13:17:16 INFO mapred.JobClient:  map 10% reduce 0%
13/05/22 13:17:17 INFO mapred.JobClient:  map 11% reduce 0%
13/05/22 13:17:20 INFO mapred.JobClient:  map 13% reduce 0%
13/05/22 13:17:21 INFO mapred.JobClient:  map 15% reduce 0%
13/05/22 13:17:22 INFO mapred.JobClient:  map 16% reduce 0%
13/05/22 13:17:23 INFO mapred.JobClient:  map 18% reduce 0%
13/05/22 13:17:25 INFO mapred.JobClient:  map 19% reduce 0%
13/05/22 13:17:26 INFO mapred.JobClient:  map 20% reduce 0%
13/05/22 13:17:27 INFO mapred.JobClient:  map 21% reduce 0%
13/05/22 13:17:28 INFO mapred.JobClient:  map 23% reduce 0%
13/05/22 13:17:30 INFO mapred.JobClient:  map 27% reduce 0%
13/05/22 13:17:31 INFO mapred.JobClient:  map 28% reduce 0%
13/05/22 13:17:32 INFO mapred.JobClient:  map 30% reduce 0%
13/05/22 13:17:34 INFO mapred.JobClient:  map 32% reduce 0%
13/05/22 13:17:35 INFO mapred.JobClient:  map 35% reduce 0%
13/05/22 13:17:37 INFO mapred.JobClient:  map 36% reduce 0%
13/05/22 13:17:38 INFO mapred.JobClient:  map 37% reduce 0%
13/05/22 13:17:39 INFO mapred.JobClient:  map 38% reduce 0%
13/05/22 13:17:40 INFO mapred.JobClient:  map 43% reduce 0%
13/05/22 13:17:41 INFO mapred.JobClient:  map 46% reduce 0%
13/05/22 13:17:42 INFO mapred.JobClient:  map 47% reduce 0%
13/05/22 13:17:43 INFO mapred.JobClient:  map 48% reduce 0%
13/05/22 13:17:44 INFO mapred.JobClient:  map 49% reduce 0%
13/05/22 13:17:45 INFO mapred.JobClient:  map 52% reduce 0%
13/05/22 13:17:48 INFO mapred.JobClient:  map 55% reduce 0%
13/05/22 13:17:50 INFO mapred.JobClient:  map 56% reduce 0%
13/05/22 13:17:51 INFO mapred.JobClient:  map 59% reduce 0%
13/05/22 13:17:54 INFO mapred.JobClient:  map 64% reduce 0%
13/05/22 13:17:55 INFO mapred.JobClient:  map 66% reduce 0%
13/05/22 13:17:56 INFO mapred.JobClient:  map 69% reduce 0%
13/05/22 13:17:57 INFO mapred.JobClient:  map 74% reduce 0%
13/05/22 13:17:59 INFO mapred.JobClient:  map 80% reduce 0%
13/05/22 13:18:00 INFO mapred.JobClient:  map 84% reduce 0%
13/05/22 13:18:01 INFO mapred.JobClient:  map 87% reduce 0%
13/05/22 13:18:02 INFO mapred.JobClient:  map 88% reduce 0%
13/05/22 13:18:03 INFO mapred.JobClient:  map 92% reduce 0%
13/05/22 13:18:04 INFO mapred.JobClient:  map 96% reduce 0%
13/05/22 13:18:05 INFO mapred.JobClient:  map 97% reduce 0%
13/05/22 13:18:06 INFO mapred.JobClient:  map 98% reduce 0%
13/05/22 13:18:08 INFO mapred.JobClient:  map 100% reduce 0%
13/05/22 13:18:15 INFO mapred.JobClient:  map 100% reduce 33%
13/05/22 13:18:29 INFO mapred.JobClient:  map 100% reduce 67%
13/05/22 13:18:33 INFO mapred.JobClient:  map 100% reduce 68%
13/05/22 13:18:40 INFO mapred.JobClient:  map 100% reduce 69%
13/05/22 13:18:43 INFO mapred.JobClient:  map 100% reduce 70%
13/05/22 13:18:49 INFO mapred.JobClient:  map 100% reduce 71%
13/05/22 13:18:54 INFO mapred.JobClient:  map 100% reduce 100%
13/05/22 13:18:55 INFO mapred.JobClient: Job complete: job_201305151711_4007
13/05/22 13:18:55 INFO mapred.JobClient: Counters: 26
13/05/22 13:18:55 INFO mapred.JobClient:   Job Counters 
13/05/22 13:18:55 INFO mapred.JobClient:     Launched reduce tasks=1
13/05/22 13:18:55 INFO mapred.JobClient:     SLOTS_MILLIS_MAPS=996236
13/05/22 13:18:55 INFO mapred.JobClient:     Total time spent by all reduces waiting after reserving slots (ms)=0
13/05/22 13:18:55 INFO mapred.JobClient:     Total time spent by all maps waiting after reserving slots (ms)=0
13/05/22 13:18:55 INFO mapred.JobClient:     Rack-local map tasks=19
13/05/22 13:18:55 INFO mapred.JobClient:     Launched map tasks=20
13/05/22 13:18:55 INFO mapred.JobClient:     SLOTS_MILLIS_REDUCES=46517
13/05/22 13:18:55 INFO mapred.JobClient:   FileSystemCounters
13/05/22 13:18:55 INFO mapred.JobClient:     FILE_BYTES_READ=60592521
13/05/22 13:18:55 INFO mapred.JobClient:     HDFS_BYTES_READ=1949036507
13/05/22 13:18:55 INFO mapred.JobClient:     FILE_BYTES_WRITTEN=91861734
13/05/22 13:18:55 INFO mapred.JobClient:     HDFS_BYTES_WRITTEN=305678572
13/05/22 13:18:55 INFO mapred.JobClient:   Map-Reduce Framework
13/05/22 13:18:55 INFO mapred.JobClient:     Map input records=20000000
13/05/22 13:18:55 INFO mapred.JobClient:     Reduce shuffle bytes=30285030
13/05/22 13:18:55 INFO mapred.JobClient:     Spilled Records=42105483
13/05/22 13:18:55 INFO mapred.JobClient:     Map output bytes=190385856
13/05/22 13:18:55 INFO mapred.JobClient:     CPU time spent (ms)=812470
13/05/22 13:18:55 INFO mapred.JobClient:     Total committed heap usage (bytes)=22162767872
13/05/22 13:18:55 INFO mapred.JobClient:     Combine input records=0
13/05/22 13:18:55 INFO mapred.JobClient:     SPLIT_RAW_BYTES=2175
13/05/22 13:18:55 INFO mapred.JobClient:     Reduce input records=14035161
13/05/22 13:18:55 INFO mapred.JobClient:     Reduce input groups=9
13/05/22 13:18:55 INFO mapred.JobClient:     Combine output records=0
13/05/22 13:18:55 INFO mapred.JobClient:     Physical memory (bytes) snapshot=13835673600
13/05/22 13:18:55 INFO mapred.JobClient:     Reduce output records=14035161
13/05/22 13:18:55 INFO mapred.JobClient:     Virtual memory (bytes) snapshot=42976776192
13/05/22 13:18:55 INFO mapred.JobClient:     Map output records=14035161
13/05/22 13:18:55 WARN mapred.JobClient: Use GenericOptionsParser for parsing the arguments. Applications should implement Tool for the same.
13/05/22 13:18:55 INFO hdfs.DFSClient: Created HDFS_DELEGATION_TOKEN token 183522 for s117449 on 145.100.41.4:8020
13/05/22 13:18:55 INFO security.TokenCache: Got dt for hdfs://p-head03.alley.sara.nl:8020/tmp/hadoop-mapred/mapred/staging/s117449/.staging/job_201305151711_4014;uri=145.100.41.4:8020;t.service=145.100.41.4:8020
13/05/22 13:18:55 INFO input.FileInputFormat: Total input paths to process : 1
13/05/22 13:18:56 INFO mapred.JobClient: Running job: job_201305151711_4014
13/05/22 13:18:57 INFO mapred.JobClient:  map 0% reduce 0%
13/05/22 13:19:43 INFO mapred.JobClient:  map 4% reduce 0%
13/05/22 13:19:46 INFO mapred.JobClient:  map 5% reduce 0%
13/05/22 13:19:50 INFO mapred.JobClient:  map 9% reduce 0%
13/05/22 13:19:57 INFO mapred.JobClient:  map 10% reduce 0%
13/05/22 13:20:00 INFO mapred.JobClient:  map 11% reduce 0%
13/05/22 13:20:03 INFO mapred.JobClient:  map 12% reduce 0%
13/05/22 13:20:04 INFO mapred.JobClient:  map 18% reduce 0%
13/05/22 13:20:11 INFO mapred.JobClient:  map 25% reduce 0%
13/05/22 13:20:12 INFO mapred.JobClient:  map 26% reduce 0%
13/05/22 13:20:16 INFO mapred.JobClient:  map 35% reduce 0%
13/05/22 13:20:17 INFO mapred.JobClient:  map 41% reduce 0%
13/05/22 13:20:20 INFO mapred.JobClient:  map 42% reduce 0%
13/05/22 13:20:21 INFO mapred.JobClient:  map 43% reduce 0%
13/05/22 13:20:27 INFO mapred.JobClient:  map 45% reduce 0%
13/05/22 13:20:28 INFO mapred.JobClient:  map 46% reduce 0%
13/05/22 13:20:31 INFO mapred.JobClient:  map 47% reduce 0%
13/05/22 13:20:32 INFO mapred.JobClient:  map 49% reduce 0%
13/05/22 13:20:33 INFO mapred.JobClient:  map 52% reduce 0%
13/05/22 13:20:34 INFO mapred.JobClient:  map 55% reduce 0%
13/05/22 13:20:37 INFO mapred.JobClient:  map 58% reduce 0%
13/05/22 13:20:38 INFO mapred.JobClient:  map 60% reduce 0%
13/05/22 13:20:39 INFO mapred.JobClient:  map 63% reduce 0%
13/05/22 13:20:40 INFO mapred.JobClient:  map 66% reduce 0%
13/05/22 13:20:43 INFO mapred.JobClient:  map 69% reduce 0%
13/05/22 13:20:44 INFO mapred.JobClient:  map 72% reduce 0%
13/05/22 13:20:45 INFO mapred.JobClient:  map 75% reduce 0%
13/05/22 13:20:46 INFO mapred.JobClient:  map 77% reduce 0%
13/05/22 13:20:49 INFO mapred.JobClient:  map 83% reduce 0%
13/05/22 13:20:52 INFO mapred.JobClient:  map 86% reduce 0%
13/05/22 13:20:54 INFO mapred.JobClient:  map 88% reduce 0%
13/05/22 13:20:56 INFO mapred.JobClient:  map 89% reduce 0%
13/05/22 13:20:57 INFO mapred.JobClient:  map 92% reduce 0%
13/05/22 13:21:00 INFO mapred.JobClient:  map 94% reduce 0%
13/05/22 13:21:03 INFO mapred.JobClient:  map 95% reduce 0%
13/05/22 13:21:07 INFO mapred.JobClient:  map 96% reduce 0%
13/05/22 13:21:10 INFO mapred.JobClient:  map 98% reduce 0%
13/05/22 13:21:12 INFO mapred.JobClient:  map 100% reduce 0%
13/05/22 13:21:21 INFO mapred.JobClient:  map 100% reduce 33%
13/05/22 13:21:22 INFO mapred.JobClient:  map 100% reduce 100%
13/05/22 13:21:25 INFO mapred.JobClient: Job complete: job_201305151711_4014
13/05/22 13:21:25 INFO mapred.JobClient: Counters: 26
13/05/22 13:21:25 INFO mapred.JobClient:   Job Counters 
13/05/22 13:21:25 INFO mapred.JobClient:     Launched reduce tasks=1
13/05/22 13:21:25 INFO mapred.JobClient:     SLOTS_MILLIS_MAPS=273993
13/05/22 13:21:25 INFO mapred.JobClient:     Total time spent by all reduces waiting after reserving slots (ms)=0
13/05/22 13:21:26 INFO mapred.JobClient:     Total time spent by all maps waiting after reserving slots (ms)=0
13/05/22 13:21:26 INFO mapred.JobClient:     Rack-local map tasks=5
13/05/22 13:21:26 INFO mapred.JobClient:     Launched map tasks=5
13/05/22 13:21:26 INFO mapred.JobClient:     SLOTS_MILLIS_REDUCES=10626
13/05/22 13:21:26 INFO mapred.JobClient:   FileSystemCounters
13/05/22 13:21:26 INFO mapred.JobClient:     FILE_BYTES_READ=77158
13/05/22 13:21:26 INFO mapred.JobClient:     HDFS_BYTES_READ=305681852
13/05/22 13:21:26 INFO mapred.JobClient:     FILE_BYTES_WRITTEN=329914
13/05/22 13:21:26 INFO mapred.JobClient:     HDFS_BYTES_WRITTEN=410
13/05/22 13:21:26 INFO mapred.JobClient:   Map-Reduce Framework
13/05/22 13:21:26 INFO mapred.JobClient:     Map input records=14035161
13/05/22 13:21:26 INFO mapred.JobClient:     Reduce shuffle bytes=3438
13/05/22 13:21:26 INFO mapred.JobClient:     Spilled Records=1055
13/05/22 13:21:26 INFO mapred.JobClient:     Map output bytes=295786484
13/05/22 13:21:26 INFO mapred.JobClient:     CPU time spent (ms)=208010
13/05/22 13:21:26 INFO mapred.JobClient:     Total committed heap usage (bytes)=5208670208
13/05/22 13:21:26 INFO mapred.JobClient:     Combine input records=21964488
13/05/22 13:21:26 INFO mapred.JobClient:     SPLIT_RAW_BYTES=534
13/05/22 13:21:26 INFO mapred.JobClient:     Reduce input records=19
13/05/22 13:21:26 INFO mapred.JobClient:     Reduce input groups=9
13/05/22 13:21:26 INFO mapred.JobClient:     Combine output records=583
13/05/22 13:21:26 INFO mapred.JobClient:     Physical memory (bytes) snapshot=2829508608
13/05/22 13:21:26 INFO mapred.JobClient:     Reduce output records=9
13/05/22 13:21:26 INFO mapred.JobClient:     Virtual memory (bytes) snapshot=10768269312
13/05/22 13:21:26 INFO mapred.JobClient:     Map output records=21963924
13/05/22 13:21:26 WARN mapred.JobClient: Use GenericOptionsParser for parsing the arguments. Applications should implement Tool for the same.
13/05/22 13:21:26 INFO hdfs.DFSClient: Created HDFS_DELEGATION_TOKEN token 183527 for s117449 on 145.100.41.4:8020
13/05/22 13:21:26 INFO security.TokenCache: Got dt for hdfs://p-head03.alley.sara.nl:8020/tmp/hadoop-mapred/mapred/staging/s117449/.staging/job_201305151711_4019;uri=145.100.41.4:8020;t.service=145.100.41.4:8020
13/05/22 13:21:26 INFO input.FileInputFormat: Total input paths to process : 1
13/05/22 13:21:27 INFO mapred.JobClient: Running job: job_201305151711_4019
13/05/22 13:21:28 INFO mapred.JobClient:  map 0% reduce 0%
13/05/22 13:21:46 INFO mapred.JobClient:  map 100% reduce 0%
13/05/22 13:21:54 INFO mapred.JobClient:  map 100% reduce 33%
13/05/22 13:21:59 INFO mapred.JobClient:  map 100% reduce 100%
13/05/22 13:22:00 INFO mapred.JobClient: Job complete: job_201305151711_4019
13/05/22 13:22:00 INFO mapred.JobClient: Counters: 25
13/05/22 13:22:00 INFO mapred.JobClient:   Job Counters 
13/05/22 13:22:00 INFO mapred.JobClient:     Launched reduce tasks=1
13/05/22 13:22:00 INFO mapred.JobClient:     SLOTS_MILLIS_MAPS=11529
13/05/22 13:22:00 INFO mapred.JobClient:     Total time spent by all reduces waiting after reserving slots (ms)=0
13/05/22 13:22:00 INFO mapred.JobClient:     Total time spent by all maps waiting after reserving slots (ms)=0
13/05/22 13:22:00 INFO mapred.JobClient:     Launched map tasks=1
13/05/22 13:22:00 INFO mapred.JobClient:     SLOTS_MILLIS_REDUCES=11634
13/05/22 13:22:00 INFO mapred.JobClient:   FileSystemCounters
13/05/22 13:22:00 INFO mapred.JobClient:     FILE_BYTES_READ=171
13/05/22 13:22:00 INFO mapred.JobClient:     HDFS_BYTES_READ=584
13/05/22 13:22:00 INFO mapred.JobClient:     FILE_BYTES_WRITTEN=121350
13/05/22 13:22:00 INFO mapred.JobClient:     HDFS_BYTES_WRITTEN=410
13/05/22 13:22:00 INFO mapred.JobClient:   Map-Reduce Framework
13/05/22 13:22:00 INFO mapred.JobClient:     Map input records=9
13/05/22 13:22:00 INFO mapred.JobClient:     Reduce shuffle bytes=167
13/05/22 13:22:00 INFO mapred.JobClient:     Spilled Records=18
13/05/22 13:22:00 INFO mapred.JobClient:     Map output bytes=217
13/05/22 13:22:00 INFO mapred.JobClient:     CPU time spent (ms)=4060
13/05/22 13:22:00 INFO mapred.JobClient:     Total committed heap usage (bytes)=2027421696
13/05/22 13:22:00 INFO mapred.JobClient:     Combine input records=9
13/05/22 13:22:00 INFO mapred.JobClient:     SPLIT_RAW_BYTES=174
13/05/22 13:22:00 INFO mapred.JobClient:     Reduce input records=9
13/05/22 13:22:00 INFO mapred.JobClient:     Reduce input groups=9
13/05/22 13:22:00 INFO mapred.JobClient:     Combine output records=9
13/05/22 13:22:00 INFO mapred.JobClient:     Physical memory (bytes) snapshot=497721344
13/05/22 13:22:00 INFO mapred.JobClient:     Reduce output records=9
13/05/22 13:22:00 INFO mapred.JobClient:     Virtual memory (bytes) snapshot=5402275840
13/05/22 13:22:00 INFO mapred.JobClient:     Map output records=9
13/05/22 13:22:00 INFO driver.MahoutDriver: Program took 721421 ms
