nohup: ignoring input
Running on hadoop, using /home/zheyi/sarahadoop/hadoop-0.20/bin/hadoop and HADOOP_CONF_DIR=
MAHOUT-JOB: /home/zheyi/mahout-distribution-0.7/mahout-examples-0.7-job.jar
13/05/22 12:56:08 INFO common.AbstractJob: Command line arguments: {--encoding=[UTF-8], --endPhase=[2147483647], --input=[/user/s117449/synthetic/d_100m_20_1k_10k_4.data], --maxHeapSize=[50], --method=[mapreduce], --minSupport=[6000000], --numGroups=[1000], --numTreeCacheEntries=[5], --output=[output/fpg-synthetic-support6000000], --splitterPattern=[[\ ]], --startPhase=[0], --tempDir=[temp]}
13/05/22 12:56:09 INFO common.HadoopUtil: Deleting output/fpg-synthetic-support6000000
13/05/22 12:56:10 WARN mapred.JobClient: Use GenericOptionsParser for parsing the arguments. Applications should implement Tool for the same.
13/05/22 12:56:16 INFO hdfs.DFSClient: Created HDFS_DELEGATION_TOKEN token 183506 for s117449
13/05/22 12:56:16 INFO security.TokenCache: Got dt for hdfs://p-head03.alley.sara.nl:8020/tmp/hadoop-mapred/mapred/staging/s117449/.staging/job_201305151711_3999;uri=145.100.41.4:8020;t.service=145.100.41.4:8020
13/05/22 12:56:16 INFO input.FileInputFormat: Total input paths to process : 1
13/05/22 12:56:16 WARN util.NativeCodeLoader: Unable to load native-hadoop library for your platform... using builtin-java classes where applicable
13/05/22 12:56:16 WARN snappy.LoadSnappy: Snappy native library not loaded
13/05/22 12:56:19 INFO mapred.JobClient: Running job: job_201305151711_3999
13/05/22 12:56:20 INFO mapred.JobClient:  map 0% reduce 0%
13/05/22 12:57:13 INFO mapred.JobClient:  map 1% reduce 0%
13/05/22 12:57:21 INFO mapred.JobClient:  map 2% reduce 0%
13/05/22 12:57:26 INFO mapred.JobClient:  map 3% reduce 0%
13/05/22 12:57:31 INFO mapred.JobClient:  map 4% reduce 0%
13/05/22 12:57:34 INFO mapred.JobClient:  map 5% reduce 0%
13/05/22 12:57:37 INFO mapred.JobClient:  map 6% reduce 0%
13/05/22 12:57:39 INFO mapred.JobClient:  map 7% reduce 0%
13/05/22 12:57:42 INFO mapred.JobClient:  map 8% reduce 0%
13/05/22 12:57:44 INFO mapred.JobClient:  map 9% reduce 0%
13/05/22 12:57:47 INFO mapred.JobClient:  map 10% reduce 0%
13/05/22 12:57:53 INFO mapred.JobClient:  map 12% reduce 0%
13/05/22 12:57:54 INFO mapred.JobClient:  map 13% reduce 0%
13/05/22 12:57:56 INFO mapred.JobClient:  map 14% reduce 0%
13/05/22 12:57:58 INFO mapred.JobClient:  map 15% reduce 0%
13/05/22 12:58:00 INFO mapred.JobClient:  map 16% reduce 0%
13/05/22 12:58:02 INFO mapred.JobClient:  map 17% reduce 0%
13/05/22 12:58:04 INFO mapred.JobClient:  map 18% reduce 0%
13/05/22 12:58:06 INFO mapred.JobClient:  map 19% reduce 0%
13/05/22 12:58:08 INFO mapred.JobClient:  map 20% reduce 0%
13/05/22 12:58:10 INFO mapred.JobClient:  map 21% reduce 0%
13/05/22 12:58:12 INFO mapred.JobClient:  map 22% reduce 0%
13/05/22 12:58:13 INFO mapred.JobClient:  map 23% reduce 0%
13/05/22 12:58:15 INFO mapred.JobClient:  map 24% reduce 0%
13/05/22 12:58:17 INFO mapred.JobClient:  map 25% reduce 0%
13/05/22 12:58:18 INFO mapred.JobClient:  map 26% reduce 0%
13/05/22 12:58:20 INFO mapred.JobClient:  map 27% reduce 0%
13/05/22 12:58:22 INFO mapred.JobClient:  map 28% reduce 0%
13/05/22 12:58:23 INFO mapred.JobClient:  map 29% reduce 0%
13/05/22 12:58:25 INFO mapred.JobClient:  map 30% reduce 0%
13/05/22 12:58:26 INFO mapred.JobClient:  map 31% reduce 0%
13/05/22 12:58:28 INFO mapred.JobClient:  map 32% reduce 0%
13/05/22 12:58:29 INFO mapred.JobClient:  map 33% reduce 0%
13/05/22 12:58:31 INFO mapred.JobClient:  map 34% reduce 0%
13/05/22 12:58:33 INFO mapred.JobClient:  map 35% reduce 0%
13/05/22 12:58:35 INFO mapred.JobClient:  map 36% reduce 0%
13/05/22 12:58:36 INFO mapred.JobClient:  map 37% reduce 0%
13/05/22 12:58:38 INFO mapred.JobClient:  map 38% reduce 0%
13/05/22 12:58:39 INFO mapred.JobClient:  map 39% reduce 0%
13/05/22 12:58:41 INFO mapred.JobClient:  map 40% reduce 0%
13/05/22 12:58:42 INFO mapred.JobClient:  map 41% reduce 0%
13/05/22 12:58:45 INFO mapred.JobClient:  map 42% reduce 0%
13/05/22 12:58:46 INFO mapred.JobClient:  map 43% reduce 0%
13/05/22 12:58:48 INFO mapred.JobClient:  map 44% reduce 0%
13/05/22 12:58:49 INFO mapred.JobClient:  map 45% reduce 0%
13/05/22 12:58:51 INFO mapred.JobClient:  map 46% reduce 0%
13/05/22 12:58:52 INFO mapred.JobClient:  map 47% reduce 0%
13/05/22 12:58:54 INFO mapred.JobClient:  map 48% reduce 0%
13/05/22 12:58:55 INFO mapred.JobClient:  map 49% reduce 0%
13/05/22 12:58:57 INFO mapred.JobClient:  map 50% reduce 0%
13/05/22 12:58:58 INFO mapred.JobClient:  map 51% reduce 0%
13/05/22 12:58:59 INFO mapred.JobClient:  map 52% reduce 0%
13/05/22 12:59:01 INFO mapred.JobClient:  map 53% reduce 0%
13/05/22 12:59:02 INFO mapred.JobClient:  map 54% reduce 0%
13/05/22 12:59:04 INFO mapred.JobClient:  map 55% reduce 0%
13/05/22 12:59:05 INFO mapred.JobClient:  map 56% reduce 0%
13/05/22 12:59:06 INFO mapred.JobClient:  map 57% reduce 0%
13/05/22 12:59:07 INFO mapred.JobClient:  map 58% reduce 0%
13/05/22 12:59:09 INFO mapred.JobClient:  map 59% reduce 0%
13/05/22 12:59:10 INFO mapred.JobClient:  map 60% reduce 0%
13/05/22 12:59:11 INFO mapred.JobClient:  map 61% reduce 0%
13/05/22 12:59:13 INFO mapred.JobClient:  map 62% reduce 0%
13/05/22 12:59:15 INFO mapred.JobClient:  map 63% reduce 0%
13/05/22 12:59:16 INFO mapred.JobClient:  map 64% reduce 0%
13/05/22 12:59:18 INFO mapred.JobClient:  map 65% reduce 0%
13/05/22 12:59:19 INFO mapred.JobClient:  map 66% reduce 0%
13/05/22 12:59:20 INFO mapred.JobClient:  map 67% reduce 0%
13/05/22 12:59:22 INFO mapred.JobClient:  map 68% reduce 0%
13/05/22 12:59:24 INFO mapred.JobClient:  map 69% reduce 0%
13/05/22 12:59:26 INFO mapred.JobClient:  map 70% reduce 0%
13/05/22 12:59:27 INFO mapred.JobClient:  map 71% reduce 0%
13/05/22 12:59:28 INFO mapred.JobClient:  map 72% reduce 0%
13/05/22 12:59:31 INFO mapred.JobClient:  map 73% reduce 0%
13/05/22 12:59:32 INFO mapred.JobClient:  map 74% reduce 0%
13/05/22 12:59:34 INFO mapred.JobClient:  map 75% reduce 0%
13/05/22 12:59:35 INFO mapred.JobClient:  map 76% reduce 0%
13/05/22 12:59:36 INFO mapred.JobClient:  map 77% reduce 0%
13/05/22 12:59:38 INFO mapred.JobClient:  map 78% reduce 0%
13/05/22 12:59:40 INFO mapred.JobClient:  map 79% reduce 0%
13/05/22 12:59:41 INFO mapred.JobClient:  map 80% reduce 0%
13/05/22 12:59:43 INFO mapred.JobClient:  map 81% reduce 0%
13/05/22 12:59:44 INFO mapred.JobClient:  map 82% reduce 1%
13/05/22 12:59:46 INFO mapred.JobClient:  map 83% reduce 1%
13/05/22 12:59:47 INFO mapred.JobClient:  map 84% reduce 3%
13/05/22 12:59:49 INFO mapred.JobClient:  map 85% reduce 3%
13/05/22 12:59:50 INFO mapred.JobClient:  map 86% reduce 3%
13/05/22 12:59:52 INFO mapred.JobClient:  map 87% reduce 3%
13/05/22 12:59:54 INFO mapred.JobClient:  map 88% reduce 3%
13/05/22 12:59:56 INFO mapred.JobClient:  map 89% reduce 3%
13/05/22 12:59:58 INFO mapred.JobClient:  map 90% reduce 3%
13/05/22 13:00:00 INFO mapred.JobClient:  map 91% reduce 3%
13/05/22 13:00:02 INFO mapred.JobClient:  map 92% reduce 3%
13/05/22 13:00:04 INFO mapred.JobClient:  map 93% reduce 3%
13/05/22 13:00:07 INFO mapred.JobClient:  map 94% reduce 3%
13/05/22 13:00:10 INFO mapred.JobClient:  map 95% reduce 3%
13/05/22 13:00:11 INFO mapred.JobClient:  map 95% reduce 6%
13/05/22 13:00:12 INFO mapred.JobClient:  map 96% reduce 6%
13/05/22 13:00:17 INFO mapred.JobClient:  map 97% reduce 6%
13/05/22 13:00:18 INFO mapred.JobClient:  map 97% reduce 7%
13/05/22 13:00:20 INFO mapred.JobClient:  map 98% reduce 7%
13/05/22 13:00:26 INFO mapred.JobClient:  map 99% reduce 7%
13/05/22 13:00:27 INFO mapred.JobClient:  map 99% reduce 12%
13/05/22 13:00:41 INFO mapred.JobClient:  map 100% reduce 12%
13/05/22 13:03:11 INFO mapred.JobClient:  map 100% reduce 19%
13/05/22 13:03:14 INFO mapred.JobClient:  map 100% reduce 20%
13/05/22 13:06:36 INFO mapred.JobClient:  map 100% reduce 31%
13/05/22 13:09:27 INFO mapred.JobClient:  map 100% reduce 32%
13/05/22 13:09:30 INFO mapred.JobClient:  map 100% reduce 33%
13/05/22 13:10:57 INFO mapred.JobClient:  map 100% reduce 66%
13/05/22 13:11:21 INFO mapred.JobClient:  map 100% reduce 67%
13/05/22 13:12:24 INFO mapred.JobClient:  map 100% reduce 68%
13/05/22 13:13:37 INFO mapred.JobClient:  map 100% reduce 69%
13/05/22 13:14:41 INFO mapred.JobClient:  map 100% reduce 70%
13/05/22 13:16:16 INFO mapred.JobClient:  map 100% reduce 71%
13/05/22 13:16:23 INFO mapred.JobClient:  map 100% reduce 100%
13/05/22 13:16:24 INFO mapred.JobClient: Job complete: job_201305151711_3999
13/05/22 13:16:24 INFO mapred.JobClient: Counters: 27
13/05/22 13:16:24 INFO mapred.JobClient:   Job Counters 
13/05/22 13:16:24 INFO mapred.JobClient:     Launched reduce tasks=1
13/05/22 13:16:24 INFO mapred.JobClient:     SLOTS_MILLIS_MAPS=15908561
13/05/22 13:16:24 INFO mapred.JobClient:     Total time spent by all reduces waiting after reserving slots (ms)=0
13/05/22 13:16:24 INFO mapred.JobClient:     Total time spent by all maps waiting after reserving slots (ms)=0
13/05/22 13:16:24 INFO mapred.JobClient:     Rack-local map tasks=64
13/05/22 13:16:24 INFO mapred.JobClient:     Launched map tasks=85
13/05/22 13:16:24 INFO mapred.JobClient:     Data-local map tasks=17
13/05/22 13:16:24 INFO mapred.JobClient:     SLOTS_MILLIS_REDUCES=1006873
13/05/22 13:16:24 INFO mapred.JobClient:   FileSystemCounters
13/05/22 13:16:24 INFO mapred.JobClient:     FILE_BYTES_READ=861578553
13/05/22 13:16:24 INFO mapred.JobClient:     HDFS_BYTES_READ=9825694887
13/05/22 13:16:24 INFO mapred.JobClient:     FILE_BYTES_WRITTEN=1116295094
13/05/22 13:16:24 INFO mapred.JobClient:     HDFS_BYTES_WRITTEN=2513580322
13/05/22 13:16:24 INFO mapred.JobClient:   Map-Reduce Framework
13/05/22 13:16:24 INFO mapred.JobClient:     Map input records=100000000
13/05/22 13:16:24 INFO mapred.JobClient:     Reduce shuffle bytes=250125758
13/05/22 13:16:24 INFO mapred.JobClient:     Spilled Records=437289176
13/05/22 13:16:24 INFO mapred.JobClient:     Map output bytes=28169645452
13/05/22 13:16:24 INFO mapred.JobClient:     CPU time spent (ms)=14107590
13/05/22 13:16:24 INFO mapred.JobClient:     Total committed heap usage (bytes)=74136223744
13/05/22 13:16:24 INFO mapred.JobClient:     Combine input records=2483803923
13/05/22 13:16:24 INFO mapred.JobClient:     SPLIT_RAW_BYTES=10434
13/05/22 13:16:24 INFO mapred.JobClient:     Reduce input records=100014506
13/05/22 13:16:24 INFO mapred.JobClient:     Reduce input groups=100000001
13/05/22 13:16:24 INFO mapred.JobClient:     Combine output records=290785919
13/05/22 13:16:24 INFO mapred.JobClient:     Physical memory (bytes) snapshot=40111218688
13/05/22 13:16:24 INFO mapred.JobClient:     Reduce output records=100000001
13/05/22 13:16:24 INFO mapred.JobClient:     Virtual memory (bytes) snapshot=120691179520
13/05/22 13:16:24 INFO mapred.JobClient:     Map output records=2293032510
13/05/22 13:22:07 WARN mapred.JobClient: Use GenericOptionsParser for parsing the arguments. Applications should implement Tool for the same.
13/05/22 13:22:07 INFO hdfs.DFSClient: Created HDFS_DELEGATION_TOKEN token 183528 for s117449
13/05/22 13:22:07 INFO security.TokenCache: Got dt for hdfs://p-head03.alley.sara.nl/user/s117449/output/fpg-synthetic-support6000000/fList;uri=145.100.41.4:8020;t.service=145.100.41.4:8020
13/05/22 13:22:12 INFO input.FileInputFormat: Total input paths to process : 1
13/05/22 13:22:14 INFO mapred.JobClient: Running job: job_201305151711_4020
13/05/22 13:22:15 INFO mapred.JobClient:  map 0% reduce 0%
13/05/22 13:22:59 INFO mapred.JobClient:  map 1% reduce 0%
13/05/22 13:23:03 INFO mapred.JobClient:  map 2% reduce 0%
13/05/22 13:23:07 INFO mapred.JobClient:  map 3% reduce 0%
13/05/22 13:23:09 INFO mapred.JobClient:  map 4% reduce 0%
13/05/22 13:23:12 INFO mapred.JobClient:  map 5% reduce 0%
13/05/22 13:23:14 INFO mapred.JobClient:  map 6% reduce 0%
13/05/22 13:23:16 INFO mapred.JobClient:  map 7% reduce 0%
13/05/22 13:23:18 INFO mapred.JobClient:  map 8% reduce 0%
13/05/22 13:23:19 INFO mapred.JobClient:  map 9% reduce 0%
13/05/22 13:23:21 INFO mapred.JobClient:  map 10% reduce 0%
13/05/22 13:23:22 INFO mapred.JobClient:  map 11% reduce 0%
13/05/22 13:23:24 INFO mapred.JobClient:  map 12% reduce 0%
13/05/22 13:23:25 INFO mapred.JobClient:  map 13% reduce 0%
13/05/22 13:23:26 INFO mapred.JobClient:  map 14% reduce 0%
13/05/22 13:23:27 INFO mapred.JobClient:  map 15% reduce 0%
13/05/22 13:23:28 INFO mapred.JobClient:  map 16% reduce 0%
13/05/22 13:23:29 INFO mapred.JobClient:  map 17% reduce 0%
13/05/22 13:23:30 INFO mapred.JobClient:  map 18% reduce 0%
13/05/22 13:23:31 INFO mapred.JobClient:  map 19% reduce 0%
13/05/22 13:23:32 INFO mapred.JobClient:  map 20% reduce 0%
13/05/22 13:23:33 INFO mapred.JobClient:  map 21% reduce 0%
13/05/22 13:23:34 INFO mapred.JobClient:  map 23% reduce 0%
13/05/22 13:23:35 INFO mapred.JobClient:  map 24% reduce 0%
13/05/22 13:23:36 INFO mapred.JobClient:  map 25% reduce 0%
13/05/22 13:23:37 INFO mapred.JobClient:  map 26% reduce 0%
13/05/22 13:23:38 INFO mapred.JobClient:  map 27% reduce 0%
13/05/22 13:23:39 INFO mapred.JobClient:  map 28% reduce 0%
13/05/22 13:23:40 INFO mapred.JobClient:  map 30% reduce 0%
13/05/22 13:23:41 INFO mapred.JobClient:  map 31% reduce 0%
13/05/22 13:23:42 INFO mapred.JobClient:  map 32% reduce 0%
13/05/22 13:23:43 INFO mapred.JobClient:  map 33% reduce 0%
13/05/22 13:23:45 INFO mapred.JobClient:  map 35% reduce 0%
13/05/22 13:23:47 INFO mapred.JobClient:  map 37% reduce 0%
13/05/22 13:23:48 INFO mapred.JobClient:  map 38% reduce 0%
13/05/22 13:23:49 INFO mapred.JobClient:  map 39% reduce 0%
13/05/22 13:23:50 INFO mapred.JobClient:  map 41% reduce 0%
13/05/22 13:23:51 INFO mapred.JobClient:  map 42% reduce 0%
13/05/22 13:23:52 INFO mapred.JobClient:  map 43% reduce 0%
13/05/22 13:23:53 INFO mapred.JobClient:  map 45% reduce 0%
13/05/22 13:23:54 INFO mapred.JobClient:  map 46% reduce 0%
13/05/22 13:23:55 INFO mapred.JobClient:  map 48% reduce 0%
13/05/22 13:23:56 INFO mapred.JobClient:  map 49% reduce 0%
13/05/22 13:23:57 INFO mapred.JobClient:  map 50% reduce 0%
13/05/22 13:23:58 INFO mapred.JobClient:  map 52% reduce 0%
13/05/22 13:23:59 INFO mapred.JobClient:  map 53% reduce 0%
13/05/22 13:24:00 INFO mapred.JobClient:  map 55% reduce 0%
13/05/22 13:24:01 INFO mapred.JobClient:  map 56% reduce 0%
13/05/22 13:24:02 INFO mapred.JobClient:  map 58% reduce 0%
13/05/22 13:24:03 INFO mapred.JobClient:  map 60% reduce 0%
13/05/22 13:24:04 INFO mapred.JobClient:  map 61% reduce 0%
13/05/22 13:24:05 INFO mapred.JobClient:  map 62% reduce 0%
13/05/22 13:24:06 INFO mapred.JobClient:  map 64% reduce 0%
13/05/22 13:24:07 INFO mapred.JobClient:  map 65% reduce 0%
13/05/22 13:24:08 INFO mapred.JobClient:  map 66% reduce 0%
13/05/22 13:24:09 INFO mapred.JobClient:  map 68% reduce 0%
13/05/22 13:24:10 INFO mapred.JobClient:  map 69% reduce 0%
13/05/22 13:24:11 INFO mapred.JobClient:  map 70% reduce 0%
13/05/22 13:24:12 INFO mapred.JobClient:  map 72% reduce 0%
13/05/22 13:24:13 INFO mapred.JobClient:  map 73% reduce 0%
13/05/22 13:24:14 INFO mapred.JobClient:  map 74% reduce 0%
13/05/22 13:24:15 INFO mapred.JobClient:  map 75% reduce 0%
13/05/22 13:24:16 INFO mapred.JobClient:  map 76% reduce 0%
13/05/22 13:24:17 INFO mapred.JobClient:  map 77% reduce 0%
13/05/22 13:24:18 INFO mapred.JobClient:  map 79% reduce 0%
13/05/22 13:24:19 INFO mapred.JobClient:  map 80% reduce 0%
13/05/22 13:24:20 INFO mapred.JobClient:  map 81% reduce 0%
13/05/22 13:24:21 INFO mapred.JobClient:  map 82% reduce 0%
13/05/22 13:24:22 INFO mapred.JobClient:  map 83% reduce 0%
13/05/22 13:24:23 INFO mapred.JobClient:  map 84% reduce 0%
13/05/22 13:24:24 INFO mapred.JobClient:  map 86% reduce 0%
13/05/22 13:24:27 INFO mapred.JobClient:  map 87% reduce 0%
13/05/22 13:24:28 INFO mapred.JobClient:  map 89% reduce 4%
13/05/22 13:24:30 INFO mapred.JobClient:  map 90% reduce 4%
13/05/22 13:24:31 INFO mapred.JobClient:  map 91% reduce 4%
13/05/22 13:24:32 INFO mapred.JobClient:  map 92% reduce 4%
13/05/22 13:24:34 INFO mapred.JobClient:  map 93% reduce 4%
13/05/22 13:24:36 INFO mapred.JobClient:  map 94% reduce 4%
13/05/22 13:24:37 INFO mapred.JobClient:  map 95% reduce 9%
13/05/22 13:24:40 INFO mapred.JobClient:  map 96% reduce 9%
13/05/22 13:24:41 INFO mapred.JobClient:  map 97% reduce 9%
13/05/22 13:24:44 INFO mapred.JobClient:  map 97% reduce 10%
13/05/22 13:24:45 INFO mapred.JobClient:  map 98% reduce 10%
13/05/22 13:24:46 INFO mapred.JobClient:  map 98% reduce 16%
13/05/22 13:24:49 INFO mapred.JobClient:  map 99% reduce 16%
13/05/22 13:24:55 INFO mapred.JobClient:  map 99% reduce 22%
13/05/22 13:25:01 INFO mapred.JobClient:  map 100% reduce 22%
13/05/22 13:25:29 INFO mapred.JobClient:  map 100% reduce 0%
13/05/22 13:25:31 INFO mapred.JobClient: Task Id : attempt_201305151711_4020_r_000000_0, Status : FAILED
Error: java.lang.OutOfMemoryError: Java heap space
	at org.apache.mahout.fpm.pfpgrowth.TransactionTree.resize(TransactionTree.java:366)
	at org.apache.mahout.fpm.pfpgrowth.TransactionTree.createNode(TransactionTree.java:328)
	at org.apache.mahout.fpm.pfpgrowth.TransactionTree.addPattern(TransactionTree.java:130)
	at org.apache.mahout.fpm.pfpgrowth.TransactionTree.getCompressedTree(TransactionTree.java:201)
	at org.apache.mahout.fpm.pfpgrowth.ParallelFPGrowthCombiner.reduce(ParallelFPGrowthCombiner.java:43)
	at org.apache.mahout.fpm.pfpgrowth.ParallelFPGrowthCombiner.reduce(ParallelFPGrowthCombiner.java:32)
	at org.apache.hadoop.mapreduce.Reducer.run(Reducer.java:176)
	at org.apache.hadoop.mapred.Task$NewCombinerRunner.combine(Task.java:1466)
	at org.apache.hadoop.mapred.ReduceTask$ReduceCopier$InMemFSMergeThread.doInMemMerge(ReduceTask.java:2735)
	at org.apache.hadoop.mapred.ReduceTask$ReduceCopier$InMemFSMergeThread.run(ReduceTask.java:2673)

13/05/22 13:25:53 INFO mapred.JobClient:  map 100% reduce 7%
13/05/22 13:25:59 INFO mapred.JobClient:  map 100% reduce 13%
13/05/22 13:26:03 INFO mapred.JobClient:  map 100% reduce 18%
13/05/22 13:26:05 INFO mapred.JobClient:  map 100% reduce 22%
13/05/22 13:26:46 INFO mapred.JobClient:  map 100% reduce 0%
13/05/22 13:26:47 INFO mapred.JobClient: Task Id : attempt_201305151711_4020_r_000000_1, Status : FAILED
Error: java.lang.OutOfMemoryError: Java heap space
	at org.apache.mahout.fpm.pfpgrowth.TransactionTree.resize(TransactionTree.java:366)
	at org.apache.mahout.fpm.pfpgrowth.TransactionTree.createNode(TransactionTree.java:328)
	at org.apache.mahout.fpm.pfpgrowth.TransactionTree.addPattern(TransactionTree.java:130)
	at org.apache.mahout.fpm.pfpgrowth.TransactionTree.getCompressedTree(TransactionTree.java:201)
	at org.apache.mahout.fpm.pfpgrowth.ParallelFPGrowthCombiner.reduce(ParallelFPGrowthCombiner.java:43)
	at org.apache.mahout.fpm.pfpgrowth.ParallelFPGrowthCombiner.reduce(ParallelFPGrowthCombiner.java:32)
	at org.apache.hadoop.mapreduce.Reducer.run(Reducer.java:176)
	at org.apache.hadoop.mapred.Task$NewCombinerRunner.combine(Task.java:1466)
	at org.apache.hadoop.mapred.ReduceTask$ReduceCopier$InMemFSMergeThread.doInMemMerge(ReduceTask.java:2735)
	at org.apache.hadoop.mapred.ReduceTask$ReduceCopier$InMemFSMergeThread.run(ReduceTask.java:2673)

13/05/22 13:27:06 INFO mapred.JobClient:  map 100% reduce 7%
13/05/22 13:27:09 INFO mapred.JobClient:  map 100% reduce 13%
13/05/22 13:27:17 INFO mapred.JobClient:  map 100% reduce 18%
13/05/22 13:27:21 INFO mapred.JobClient:  map 100% reduce 22%
13/05/22 13:28:02 INFO mapred.JobClient:  map 100% reduce 0%
13/05/22 13:28:03 INFO mapred.JobClient: Task Id : attempt_201305151711_4020_r_000000_2, Status : FAILED
Error: java.lang.OutOfMemoryError: Java heap space
	at org.apache.mahout.fpm.pfpgrowth.TransactionTree.resize(TransactionTree.java:366)
	at org.apache.mahout.fpm.pfpgrowth.TransactionTree.createNode(TransactionTree.java:328)
	at org.apache.mahout.fpm.pfpgrowth.TransactionTree.addPattern(TransactionTree.java:130)
	at org.apache.mahout.fpm.pfpgrowth.TransactionTree.getCompressedTree(TransactionTree.java:201)
	at org.apache.mahout.fpm.pfpgrowth.ParallelFPGrowthCombiner.reduce(ParallelFPGrowthCombiner.java:43)
	at org.apache.mahout.fpm.pfpgrowth.ParallelFPGrowthCombiner.reduce(ParallelFPGrowthCombiner.java:32)
	at org.apache.hadoop.mapreduce.Reducer.run(Reducer.java:176)
	at org.apache.hadoop.mapred.Task$NewCombinerRunner.combine(Task.java:1466)
	at org.apache.hadoop.mapred.ReduceTask$ReduceCopier$InMemFSMergeThread.doInMemMerge(ReduceTask.java:2735)
	at org.apache.hadoop.mapred.ReduceTask$ReduceCopier$InMemFSMergeThread.run(ReduceTask.java:2673)

13/05/22 13:28:32 INFO mapred.JobClient:  map 100% reduce 7%
13/05/22 13:28:42 INFO mapred.JobClient:  map 100% reduce 18%
13/05/22 13:28:52 INFO mapred.JobClient:  map 100% reduce 22%
13/05/22 13:29:30 INFO mapred.JobClient:  map 100% reduce 0%
13/05/22 13:29:34 INFO mapred.JobClient: Job complete: job_201305151711_4020
13/05/22 13:29:34 INFO mapred.JobClient: Counters: 23
13/05/22 13:29:34 INFO mapred.JobClient:   Job Counters 
13/05/22 13:29:34 INFO mapred.JobClient:     Launched reduce tasks=4
13/05/22 13:29:34 INFO mapred.JobClient:     SLOTS_MILLIS_MAPS=9177046
13/05/22 13:29:34 INFO mapred.JobClient:     Total time spent by all reduces waiting after reserving slots (ms)=0
13/05/22 13:29:34 INFO mapred.JobClient:     Total time spent by all maps waiting after reserving slots (ms)=0
13/05/22 13:29:34 INFO mapred.JobClient:     Rack-local map tasks=70
13/05/22 13:29:34 INFO mapred.JobClient:     Launched map tasks=99
13/05/22 13:29:34 INFO mapred.JobClient:     Data-local map tasks=22
13/05/22 13:29:34 INFO mapred.JobClient:     Failed reduce tasks=1
13/05/22 13:29:34 INFO mapred.JobClient:     SLOTS_MILLIS_REDUCES=8486
13/05/22 13:29:34 INFO mapred.JobClient:   FileSystemCounters
13/05/22 13:29:34 INFO mapred.JobClient:     FILE_BYTES_READ=1279033497
13/05/22 13:29:34 INFO mapred.JobClient:     HDFS_BYTES_READ=9825694887
13/05/22 13:29:34 INFO mapred.JobClient:     FILE_BYTES_WRITTEN=1748838599
13/05/22 13:29:34 INFO mapred.JobClient:   Map-Reduce Framework
13/05/22 13:29:34 INFO mapred.JobClient:     Combine output records=121085
13/05/22 13:29:34 INFO mapred.JobClient:     Map input records=100000000
13/05/22 13:29:34 INFO mapred.JobClient:     Physical memory (bytes) snapshot=42341883904
13/05/22 13:29:34 INFO mapred.JobClient:     Spilled Records=201666
13/05/22 13:29:34 INFO mapred.JobClient:     Map output bytes=5605457823
13/05/22 13:29:34 INFO mapred.JobClient:     CPU time spent (ms)=7042880
13/05/22 13:29:34 INFO mapred.JobClient:     Total committed heap usage (bytes)=76966133760
13/05/22 13:29:34 INFO mapred.JobClient:     Virtual memory (bytes) snapshot=119032320000
13/05/22 13:29:34 INFO mapred.JobClient:     Combine input records=492512202
13/05/22 13:29:34 INFO mapred.JobClient:     Map output records=492395631
13/05/22 13:29:34 INFO mapred.JobClient:     SPLIT_RAW_BYTES=10434
Exception in thread "main" java.lang.IllegalStateException: Job failed!
	at org.apache.mahout.fpm.pfpgrowth.PFPGrowth.startParallelFPGrowth(PFPGrowth.java:352)
	at org.apache.mahout.fpm.pfpgrowth.PFPGrowth.runPFPGrowth(PFPGrowth.java:245)
	at org.apache.mahout.fpm.pfpgrowth.FPGrowthDriver.run(FPGrowthDriver.java:136)
	at org.apache.hadoop.util.ToolRunner.run(ToolRunner.java:65)
	at org.apache.mahout.fpm.pfpgrowth.FPGrowthDriver.main(FPGrowthDriver.java:56)
	at sun.reflect.NativeMethodAccessorImpl.invoke0(Native Method)
	at sun.reflect.NativeMethodAccessorImpl.invoke(NativeMethodAccessorImpl.java:57)
	at sun.reflect.DelegatingMethodAccessorImpl.invoke(DelegatingMethodAccessorImpl.java:43)
	at java.lang.reflect.Method.invoke(Method.java:601)
	at org.apache.hadoop.util.ProgramDriver$ProgramDescription.invoke(ProgramDriver.java:68)
	at org.apache.hadoop.util.ProgramDriver.driver(ProgramDriver.java:139)
	at org.apache.mahout.driver.MahoutDriver.main(MahoutDriver.java:195)
	at sun.reflect.NativeMethodAccessorImpl.invoke0(Native Method)
	at sun.reflect.NativeMethodAccessorImpl.invoke(NativeMethodAccessorImpl.java:57)
	at sun.reflect.DelegatingMethodAccessorImpl.invoke(DelegatingMethodAccessorImpl.java:43)
	at java.lang.reflect.Method.invoke(Method.java:601)
	at org.apache.hadoop.util.RunJar.main(RunJar.java:197)
