nohup: ignoring input
Running on hadoop, using /home/zheyi/sarahadoop/hadoop-0.20/bin/hadoop and HADOOP_CONF_DIR=
MAHOUT-JOB: /home/zheyi/mahout-distribution-0.7/mahout-examples-0.7-job.jar
13/05/21 20:00:44 INFO common.AbstractJob: Command line arguments: {--encoding=[UTF-8], --endPhase=[2147483647], --input=[/user/s117449/synthetic/d_100m_20_1k_10k_4.data], --maxHeapSize=[50], --method=[mapreduce], --minSupport=[5000000], --numGroups=[1000], --numTreeCacheEntries=[5], --output=[output/fpg-synthetic-support5000000], --splitterPattern=[[\ ]], --startPhase=[0], --tempDir=[temp]}
13/05/21 20:00:45 WARN mapred.JobClient: Use GenericOptionsParser for parsing the arguments. Applications should implement Tool for the same.
13/05/21 20:00:49 INFO hdfs.DFSClient: Created HDFS_DELEGATION_TOKEN token 182994 for s117449
13/05/21 20:00:49 INFO security.TokenCache: Got dt for hdfs://p-head03.alley.sara.nl:8020/tmp/hadoop-mapred/mapred/staging/s117449/.staging/job_201305151711_3503;uri=145.100.41.4:8020;t.service=145.100.41.4:8020
13/05/21 20:00:49 INFO input.FileInputFormat: Total input paths to process : 1
13/05/21 20:00:49 WARN util.NativeCodeLoader: Unable to load native-hadoop library for your platform... using builtin-java classes where applicable
13/05/21 20:00:49 WARN snappy.LoadSnappy: Snappy native library not loaded
13/05/21 20:00:50 INFO mapred.JobClient: Running job: job_201305151711_3503
13/05/21 20:00:51 INFO mapred.JobClient:  map 0% reduce 0%
13/05/21 20:03:54 INFO mapred.JobClient:  map 1% reduce 0%
13/05/21 20:04:22 INFO mapred.JobClient:  map 2% reduce 0%
13/05/21 20:04:36 INFO mapred.JobClient:  map 3% reduce 0%
13/05/21 20:04:50 INFO mapred.JobClient:  map 4% reduce 0%
13/05/21 20:05:01 INFO mapred.JobClient:  map 5% reduce 0%
13/05/21 20:05:09 INFO mapred.JobClient:  map 6% reduce 0%
13/05/21 20:05:14 INFO mapred.JobClient:  map 7% reduce 0%
13/05/21 20:05:19 INFO mapred.JobClient:  map 8% reduce 0%
13/05/21 20:05:23 INFO mapred.JobClient:  map 9% reduce 0%
13/05/21 20:05:28 INFO mapred.JobClient:  map 10% reduce 0%
13/05/21 20:05:31 INFO mapred.JobClient:  map 11% reduce 0%
13/05/21 20:05:34 INFO mapred.JobClient:  map 12% reduce 0%
13/05/21 20:05:37 INFO mapred.JobClient:  map 13% reduce 0%
13/05/21 20:05:39 INFO mapred.JobClient:  map 14% reduce 0%
13/05/21 20:05:42 INFO mapred.JobClient:  map 15% reduce 0%
13/05/21 20:05:45 INFO mapred.JobClient:  map 16% reduce 0%
13/05/21 20:05:48 INFO mapred.JobClient:  map 17% reduce 0%
13/05/21 20:05:51 INFO mapred.JobClient:  map 18% reduce 0%
13/05/21 20:05:53 INFO mapred.JobClient:  map 19% reduce 0%
13/05/21 20:05:56 INFO mapred.JobClient:  map 20% reduce 0%
13/05/21 20:05:58 INFO mapred.JobClient:  map 21% reduce 0%
13/05/21 20:06:01 INFO mapred.JobClient:  map 22% reduce 0%
13/05/21 20:06:03 INFO mapred.JobClient:  map 23% reduce 0%
13/05/21 20:06:05 INFO mapred.JobClient:  map 24% reduce 0%
13/05/21 20:06:07 INFO mapred.JobClient:  map 25% reduce 0%
13/05/21 20:06:09 INFO mapred.JobClient:  map 26% reduce 0%
13/05/21 20:06:11 INFO mapred.JobClient:  map 27% reduce 0%
13/05/21 20:06:13 INFO mapred.JobClient:  map 28% reduce 0%
13/05/21 20:06:16 INFO mapred.JobClient:  map 29% reduce 0%
13/05/21 20:06:17 INFO mapred.JobClient:  map 30% reduce 0%
13/05/21 20:06:19 INFO mapred.JobClient:  map 31% reduce 0%
13/05/21 20:06:20 INFO mapred.JobClient:  map 32% reduce 0%
13/05/21 20:06:22 INFO mapred.JobClient:  map 33% reduce 0%
13/05/21 20:06:23 INFO mapred.JobClient:  map 34% reduce 0%
13/05/21 20:06:24 INFO mapred.JobClient:  map 35% reduce 0%
13/05/21 20:06:26 INFO mapred.JobClient:  map 36% reduce 0%
13/05/21 20:06:27 INFO mapred.JobClient:  map 37% reduce 0%
13/05/21 20:06:29 INFO mapred.JobClient:  map 38% reduce 0%
13/05/21 20:06:30 INFO mapred.JobClient:  map 39% reduce 0%
13/05/21 20:06:31 INFO mapred.JobClient:  map 40% reduce 0%
13/05/21 20:06:33 INFO mapred.JobClient:  map 41% reduce 0%
13/05/21 20:06:34 INFO mapred.JobClient:  map 42% reduce 0%
13/05/21 20:06:36 INFO mapred.JobClient:  map 43% reduce 0%
13/05/21 20:06:37 INFO mapred.JobClient:  map 44% reduce 0%
13/05/21 20:06:38 INFO mapred.JobClient:  map 45% reduce 0%
13/05/21 20:06:39 INFO mapred.JobClient:  map 46% reduce 0%
13/05/21 20:06:41 INFO mapred.JobClient:  map 47% reduce 0%
13/05/21 20:06:42 INFO mapred.JobClient:  map 48% reduce 0%
13/05/21 20:06:44 INFO mapred.JobClient:  map 49% reduce 0%
13/05/21 20:06:45 INFO mapred.JobClient:  map 50% reduce 0%
13/05/21 20:06:47 INFO mapred.JobClient:  map 51% reduce 0%
13/05/21 20:06:48 INFO mapred.JobClient:  map 52% reduce 0%
13/05/21 20:06:50 INFO mapred.JobClient:  map 53% reduce 0%
13/05/21 20:06:51 INFO mapred.JobClient:  map 54% reduce 0%
13/05/21 20:06:53 INFO mapred.JobClient:  map 55% reduce 0%
13/05/21 20:06:54 INFO mapred.JobClient:  map 56% reduce 0%
13/05/21 20:06:56 INFO mapred.JobClient:  map 57% reduce 0%
13/05/21 20:06:57 INFO mapred.JobClient:  map 58% reduce 0%
13/05/21 20:06:59 INFO mapred.JobClient:  map 59% reduce 0%
13/05/21 20:07:00 INFO mapred.JobClient:  map 60% reduce 0%
13/05/21 20:07:02 INFO mapred.JobClient:  map 61% reduce 0%
13/05/21 20:07:03 INFO mapred.JobClient:  map 62% reduce 0%
13/05/21 20:07:05 INFO mapred.JobClient:  map 63% reduce 0%
13/05/21 20:07:06 INFO mapred.JobClient:  map 64% reduce 0%
13/05/21 20:07:07 INFO mapred.JobClient:  map 64% reduce 1%
13/05/21 20:07:08 INFO mapred.JobClient:  map 65% reduce 1%
13/05/21 20:07:09 INFO mapred.JobClient:  map 66% reduce 1%
13/05/21 20:07:11 INFO mapred.JobClient:  map 67% reduce 2%
13/05/21 20:07:13 INFO mapred.JobClient:  map 68% reduce 2%
13/05/21 20:07:15 INFO mapred.JobClient:  map 69% reduce 2%
13/05/21 20:07:17 INFO mapred.JobClient:  map 70% reduce 2%
13/05/21 20:07:19 INFO mapred.JobClient:  map 71% reduce 2%
13/05/21 20:07:20 INFO mapred.JobClient:  map 72% reduce 2%
13/05/21 20:07:21 INFO mapred.JobClient:  map 72% reduce 3%
13/05/21 20:07:22 INFO mapred.JobClient:  map 73% reduce 3%
13/05/21 20:07:23 INFO mapred.JobClient:  map 74% reduce 3%
13/05/21 20:07:25 INFO mapred.JobClient:  map 75% reduce 3%
13/05/21 20:07:27 INFO mapred.JobClient:  map 76% reduce 4%
13/05/21 20:07:28 INFO mapred.JobClient:  map 77% reduce 4%
13/05/21 20:07:30 INFO mapred.JobClient:  map 78% reduce 4%
13/05/21 20:07:31 INFO mapred.JobClient:  map 79% reduce 4%
13/05/21 20:07:33 INFO mapred.JobClient:  map 80% reduce 4%
13/05/21 20:07:35 INFO mapred.JobClient:  map 81% reduce 4%
13/05/21 20:07:36 INFO mapred.JobClient:  map 82% reduce 4%
13/05/21 20:07:38 INFO mapred.JobClient:  map 83% reduce 4%
13/05/21 20:07:40 INFO mapred.JobClient:  map 84% reduce 4%
13/05/21 20:07:41 INFO mapred.JobClient:  map 84% reduce 5%
13/05/21 20:07:42 INFO mapred.JobClient:  map 85% reduce 5%
13/05/21 20:07:44 INFO mapred.JobClient:  map 86% reduce 6%
13/05/21 20:07:45 INFO mapred.JobClient:  map 87% reduce 6%
13/05/21 20:07:48 INFO mapred.JobClient:  map 88% reduce 6%
13/05/21 20:07:49 INFO mapred.JobClient:  map 89% reduce 6%
13/05/21 20:07:50 INFO mapred.JobClient:  map 89% reduce 7%
13/05/21 20:07:52 INFO mapred.JobClient:  map 90% reduce 7%
13/05/21 20:07:54 INFO mapred.JobClient:  map 91% reduce 7%
13/05/21 20:07:57 INFO mapred.JobClient:  map 92% reduce 7%
13/05/21 20:08:00 INFO mapred.JobClient:  map 93% reduce 7%
13/05/21 20:08:02 INFO mapred.JobClient:  map 93% reduce 9%
13/05/21 20:08:03 INFO mapred.JobClient:  map 94% reduce 9%
13/05/21 20:08:06 INFO mapred.JobClient:  map 95% reduce 9%
13/05/21 20:08:08 INFO mapred.JobClient:  map 95% reduce 10%
13/05/21 20:08:10 INFO mapred.JobClient:  map 96% reduce 10%
13/05/21 20:08:14 INFO mapred.JobClient:  map 97% reduce 12%
13/05/21 20:08:18 INFO mapred.JobClient:  map 98% reduce 12%
13/05/21 20:08:26 INFO mapred.JobClient:  map 99% reduce 12%
13/05/21 20:09:10 INFO mapred.JobClient:  map 100% reduce 12%
13/05/21 20:11:17 INFO mapred.JobClient:  map 100% reduce 21%
13/05/21 20:15:03 INFO mapred.JobClient:  map 100% reduce 31%
13/05/21 20:15:06 INFO mapred.JobClient:  map 100% reduce 32%
13/05/21 20:17:59 INFO mapred.JobClient:  map 100% reduce 33%
13/05/21 20:19:14 INFO mapred.JobClient:  map 100% reduce 66%
13/05/21 20:19:42 INFO mapred.JobClient:  map 100% reduce 67%
13/05/21 20:20:57 INFO mapred.JobClient:  map 100% reduce 68%
13/05/21 20:22:13 INFO mapred.JobClient:  map 100% reduce 69%
13/05/21 20:23:25 INFO mapred.JobClient:  map 100% reduce 70%
13/05/21 20:24:35 INFO mapred.JobClient:  map 100% reduce 71%
13/05/21 20:24:41 INFO mapred.JobClient:  map 100% reduce 100%
Exception in thread "main" java.io.IOException: Call to jobtracker.alley.sara.nl/145.100.41.108:8021 failed on local exception: java.io.IOException: Connection timed out
	at org.apache.hadoop.ipc.Client.wrapException(Client.java:1142)
	at org.apache.hadoop.ipc.Client.call(Client.java:1110)
	at org.apache.hadoop.ipc.RPC$Invoker.invoke(RPC.java:226)
	at org.apache.hadoop.mapred.$Proxy6.getTaskCompletionEvents(Unknown Source)
	at org.apache.hadoop.mapred.JobClient$NetworkedJob.getTaskCompletionEvents(JobClient.java:400)
	at org.apache.hadoop.mapred.JobClient.monitorAndPrintJob(JobClient.java:1326)
	at org.apache.hadoop.mapreduce.Job.waitForCompletion(Job.java:509)
	at org.apache.mahout.fpm.pfpgrowth.PFPGrowth.startParallelCounting(PFPGrowth.java:313)
	at org.apache.mahout.fpm.pfpgrowth.PFPGrowth.runPFPGrowth(PFPGrowth.java:230)
	at org.apache.mahout.fpm.pfpgrowth.FPGrowthDriver.run(FPGrowthDriver.java:136)
	at org.apache.hadoop.util.ToolRunner.run(ToolRunner.java:65)
	at org.apache.mahout.fpm.pfpgrowth.FPGrowthDriver.main(FPGrowthDriver.java:56)
	at sun.reflect.NativeMethodAccessorImpl.invoke0(Native Method)
	at sun.reflect.NativeMethodAccessorImpl.invoke(NativeMethodAccessorImpl.java:57)
	at sun.reflect.DelegatingMethodAccessorImpl.invoke(DelegatingMethodAccessorImpl.java:43)
	at java.lang.reflect.Method.invoke(Method.java:601)
	at org.apache.hadoop.util.ProgramDriver$ProgramDescription.invoke(ProgramDriver.java:68)
	at org.apache.hadoop.util.ProgramDriver.driver(ProgramDriver.java:139)
	at org.apache.mahout.driver.MahoutDriver.main(MahoutDriver.java:195)
	at sun.reflect.NativeMethodAccessorImpl.invoke0(Native Method)
	at sun.reflect.NativeMethodAccessorImpl.invoke(NativeMethodAccessorImpl.java:57)
	at sun.reflect.DelegatingMethodAccessorImpl.invoke(DelegatingMethodAccessorImpl.java:43)
	at java.lang.reflect.Method.invoke(Method.java:601)
	at org.apache.hadoop.util.RunJar.main(RunJar.java:197)
Caused by: java.io.IOException: Connection timed out
	at sun.nio.ch.FileDispatcherImpl.read0(Native Method)
	at sun.nio.ch.SocketDispatcher.read(SocketDispatcher.java:39)
	at sun.nio.ch.IOUtil.readIntoNativeBuffer(IOUtil.java:225)
	at sun.nio.ch.IOUtil.read(IOUtil.java:198)
	at sun.nio.ch.SocketChannelImpl.read(SocketChannelImpl.java:359)
	at org.apache.hadoop.net.SocketInputStream$Reader.performIO(SocketInputStream.java:55)
	at org.apache.hadoop.net.SocketIOWithTimeout.doIO(SocketIOWithTimeout.java:142)
	at org.apache.hadoop.net.SocketInputStream.read(SocketInputStream.java:155)
	at org.apache.hadoop.net.SocketInputStream.read(SocketInputStream.java:128)
	at java.io.DataInputStream.read(DataInputStream.java:149)
	at org.apache.hadoop.security.SaslInputStream.read(SaslInputStream.java:239)
	at java.io.FilterInputStream.read(FilterInputStream.java:133)
	at org.apache.hadoop.ipc.Client$Connection$PingInputStream.read(Client.java:375)
	at java.io.BufferedInputStream.fill(BufferedInputStream.java:235)
	at java.io.BufferedInputStream.read(BufferedInputStream.java:254)
	at java.io.DataInputStream.readInt(DataInputStream.java:387)
	at org.apache.hadoop.ipc.Client$Connection.receiveResponse(Client.java:815)
	at org.apache.hadoop.ipc.Client$Connection.run(Client.java:724)
