nohup: ignoring input
mapper=100, sample=100, run=1
DistributedPatternSampling (syn(100M, 20), freq, sample100, mapper200)
	Input paths: 
			hdfs://p-head03.alley.sara.nl:8020/user/s117449/synthetic/d_100m_20_1k_10k_4.data
	Output path: 
			hdfs://p-head03.alley.sara.nl:8020/user/s117449/output/100m-20/scale-freq-sample100-mapper200
	Sample:	100
	Mappers:	200
	Reducers:	1
	Configurations: 
			Maiximum record length: 50
			Minimum Pattern length: 0
Job started: Tue May 21 19:03:29 CEST 2013
13/05/21 19:03:30 INFO hdfs.DFSClient: Created HDFS_DELEGATION_TOKEN token 182973 for s117449 on 145.100.41.4:8020
13/05/21 19:03:30 INFO security.TokenCache: Got dt for hdfs://p-head03.alley.sara.nl:8020/tmp/hadoop-mapred/mapred/staging/s117449/.staging/job_201305151711_3483;uri=145.100.41.4:8020;t.service=145.100.41.4:8020
13/05/21 19:03:30 WARN snappy.LoadSnappy: Snappy native library is available
13/05/21 19:03:30 INFO util.NativeCodeLoader: Loaded the native-hadoop library
13/05/21 19:03:30 INFO snappy.LoadSnappy: Snappy native library loaded
13/05/21 19:03:30 INFO mapred.FileInputFormat: Total input paths to process : 1
13/05/21 19:03:30 INFO net.NetworkTopology: Adding a new node: /rack-S43/145.100.41.72:1004
13/05/21 19:03:30 INFO net.NetworkTopology: Adding a new node: /rack-S43/145.100.41.60:1004
13/05/21 19:03:30 INFO net.NetworkTopology: Adding a new node: /rack-V36/145.100.41.78:1004
13/05/21 19:03:30 INFO net.NetworkTopology: Adding a new node: /rack-S43/145.100.41.53:1004
13/05/21 19:03:30 INFO net.NetworkTopology: Adding a new node: /rack-S43/145.100.41.71:1004
13/05/21 19:03:30 INFO net.NetworkTopology: Adding a new node: /rack-S42/145.100.41.35:1004
13/05/21 19:03:30 INFO net.NetworkTopology: Adding a new node: /rack-V36/145.100.41.80:1004
13/05/21 19:03:30 INFO net.NetworkTopology: Adding a new node: /rack-S42/145.100.41.36:1004
13/05/21 19:03:30 INFO net.NetworkTopology: Adding a new node: /rack-S43/145.100.41.55:1004
13/05/21 19:03:30 INFO net.NetworkTopology: Adding a new node: /rack-V36/145.100.41.85:1004
13/05/21 19:03:30 INFO net.NetworkTopology: Adding a new node: /rack-V36/145.100.41.87:1004
13/05/21 19:03:30 INFO net.NetworkTopology: Adding a new node: /rack-S43/145.100.41.75:1004
13/05/21 19:03:30 INFO net.NetworkTopology: Adding a new node: /rack-V36/145.100.41.89:1004
13/05/21 19:03:30 INFO net.NetworkTopology: Adding a new node: /rack-S42/145.100.41.26:1004
13/05/21 19:03:30 INFO net.NetworkTopology: Adding a new node: /rack-S42/145.100.41.16:1004
13/05/21 19:03:30 INFO net.NetworkTopology: Adding a new node: /rack-V36/145.100.41.88:1004
13/05/21 19:03:30 INFO net.NetworkTopology: Adding a new node: /rack-S43/145.100.41.51:1004
13/05/21 19:03:30 INFO net.NetworkTopology: Adding a new node: /rack-S42/145.100.41.19:1004
13/05/21 19:03:30 INFO net.NetworkTopology: Adding a new node: /rack-S43/145.100.41.66:1004
13/05/21 19:03:30 INFO net.NetworkTopology: Adding a new node: /rack-S42/145.100.41.17:1004
13/05/21 19:03:30 INFO net.NetworkTopology: Adding a new node: /rack-S43/145.100.41.45:1004
13/05/21 19:03:30 INFO net.NetworkTopology: Adding a new node: /rack-V36/145.100.41.83:1004
13/05/21 19:03:30 INFO net.NetworkTopology: Adding a new node: /rack-V36/145.100.41.84:1004
13/05/21 19:03:30 INFO net.NetworkTopology: Adding a new node: /rack-S43/145.100.41.69:1004
13/05/21 19:03:30 INFO net.NetworkTopology: Adding a new node: /rack-S42/145.100.41.11:1004
13/05/21 19:03:30 INFO net.NetworkTopology: Adding a new node: /rack-S42/145.100.41.31:1004
13/05/21 19:03:30 INFO net.NetworkTopology: Adding a new node: /rack-S42/145.100.41.30:1004
13/05/21 19:03:30 INFO net.NetworkTopology: Adding a new node: /rack-S42/145.100.41.21:1004
13/05/21 19:03:30 INFO net.NetworkTopology: Adding a new node: /rack-S42/145.100.41.42:1004
13/05/21 19:03:30 INFO net.NetworkTopology: Adding a new node: /rack-S43/145.100.41.70:1004
13/05/21 19:03:30 INFO net.NetworkTopology: Adding a new node: /rack-S42/145.100.41.34:1004
13/05/21 19:03:30 INFO net.NetworkTopology: Adding a new node: /rack-V36/145.100.41.91:1004
13/05/21 19:03:30 INFO net.NetworkTopology: Adding a new node: /rack-S42/145.100.41.15:1004
13/05/21 19:03:30 INFO net.NetworkTopology: Adding a new node: /rack-S43/145.100.41.64:1004
13/05/21 19:03:30 INFO net.NetworkTopology: Adding a new node: /rack-S42/145.100.41.41:1004
13/05/21 19:03:30 INFO net.NetworkTopology: Adding a new node: /rack-S43/145.100.41.59:1004
13/05/21 19:03:30 INFO net.NetworkTopology: Adding a new node: /rack-V36/145.100.41.77:1004
13/05/21 19:03:30 INFO net.NetworkTopology: Adding a new node: /rack-S42/145.100.41.32:1004
13/05/21 19:03:30 INFO net.NetworkTopology: Adding a new node: /rack-S43/145.100.41.50:1004
13/05/21 19:03:30 INFO net.NetworkTopology: Adding a new node: /rack-S42/145.100.41.27:1004
13/05/21 19:03:30 INFO net.NetworkTopology: Adding a new node: /rack-S42/145.100.41.39:1004
13/05/21 19:03:30 INFO net.NetworkTopology: Adding a new node: /rack-S43/145.100.41.48:1004
13/05/21 19:03:30 INFO net.NetworkTopology: Adding a new node: /rack-S42/145.100.41.28:1004
13/05/21 19:03:30 INFO net.NetworkTopology: Adding a new node: /rack-S43/145.100.41.54:1004
13/05/21 19:03:30 INFO net.NetworkTopology: Adding a new node: /rack-S43/145.100.41.49:1004
13/05/21 19:03:30 INFO net.NetworkTopology: Adding a new node: /rack-S42/145.100.41.12:1004
13/05/21 19:03:30 INFO net.NetworkTopology: Adding a new node: /rack-S43/145.100.41.65:1004
13/05/21 19:03:30 INFO net.NetworkTopology: Adding a new node: /rack-S43/145.100.41.56:1004
13/05/21 19:03:30 INFO net.NetworkTopology: Adding a new node: /rack-S42/145.100.41.13:1004
13/05/21 19:03:30 INFO net.NetworkTopology: Adding a new node: /rack-S43/145.100.41.76:1004
13/05/21 19:03:30 INFO net.NetworkTopology: Adding a new node: /rack-V36/145.100.41.92:1004
13/05/21 19:03:30 INFO net.NetworkTopology: Adding a new node: /rack-S43/145.100.41.46:1004
13/05/21 19:03:30 INFO net.NetworkTopology: Adding a new node: /rack-V36/145.100.41.90:1004
13/05/21 19:03:30 INFO net.NetworkTopology: Adding a new node: /rack-S42/145.100.41.23:1004
13/05/21 19:03:30 INFO net.NetworkTopology: Adding a new node: /rack-S42/145.100.41.24:1004
13/05/21 19:03:30 INFO net.NetworkTopology: Adding a new node: /rack-S43/145.100.41.63:1004
13/05/21 19:03:30 INFO net.NetworkTopology: Adding a new node: /rack-S42/145.100.41.33:1004
13/05/21 19:03:30 INFO net.NetworkTopology: Adding a new node: /rack-S43/145.100.41.61:1004
13/05/21 19:03:30 INFO net.NetworkTopology: Adding a new node: /rack-S42/145.100.41.20:1004
13/05/21 19:03:30 INFO net.NetworkTopology: Adding a new node: /rack-S42/145.100.41.37:1004
13/05/21 19:03:30 INFO net.NetworkTopology: Adding a new node: /rack-S43/145.100.41.67:1004
13/05/21 19:03:30 INFO net.NetworkTopology: Adding a new node: /rack-S43/145.100.41.68:1004
13/05/21 19:03:30 INFO net.NetworkTopology: Adding a new node: /rack-S43/145.100.41.47:1004
13/05/21 19:03:30 INFO net.NetworkTopology: Adding a new node: /rack-S42/145.100.41.18:1004
13/05/21 19:03:30 INFO net.NetworkTopology: Adding a new node: /rack-S42/145.100.41.29:1004
13/05/21 19:03:30 INFO net.NetworkTopology: Adding a new node: /rack-V36/145.100.41.79:1004
13/05/21 19:03:30 INFO net.NetworkTopology: Adding a new node: /rack-V36/145.100.41.86:1004
13/05/21 19:03:30 INFO net.NetworkTopology: Adding a new node: /rack-S42/145.100.41.40:1004
13/05/21 19:03:30 INFO net.NetworkTopology: Adding a new node: /rack-S43/145.100.41.52:1004
13/05/21 19:03:30 INFO net.NetworkTopology: Adding a new node: /rack-S42/145.100.41.14:1004
13/05/21 19:03:30 INFO net.NetworkTopology: Adding a new node: /rack-V36/145.100.41.81:1004
13/05/21 19:03:30 INFO net.NetworkTopology: Adding a new node: /rack-S43/145.100.41.57:1004
13/05/21 19:03:30 INFO net.NetworkTopology: Adding a new node: /rack-S43/145.100.41.74:1004
13/05/21 19:03:30 INFO net.NetworkTopology: Adding a new node: /rack-S42/145.100.41.38:1004
13/05/21 19:03:30 INFO net.NetworkTopology: Adding a new node: /rack-S43/145.100.41.44:1004
13/05/21 19:03:30 INFO net.NetworkTopology: Adding a new node: /rack-S43/145.100.41.73:1004
13/05/21 19:03:30 INFO net.NetworkTopology: Adding a new node: /rack-V36/145.100.41.82:1004
13/05/21 19:03:31 INFO mapred.JobClient: Running job: job_201305151711_3483
13/05/21 19:03:32 INFO mapred.JobClient:  map 0% reduce 0%
13/05/21 19:04:03 INFO mapred.JobClient:  map 1% reduce 0%
13/05/21 19:04:05 INFO mapred.JobClient:  map 2% reduce 0%
13/05/21 19:04:07 INFO mapred.JobClient:  map 3% reduce 0%
13/05/21 19:04:08 INFO mapred.JobClient:  map 4% reduce 0%
13/05/21 19:04:09 INFO mapred.JobClient:  map 5% reduce 0%
13/05/21 19:04:11 INFO mapred.JobClient:  map 6% reduce 0%
13/05/21 19:04:12 INFO mapred.JobClient:  map 8% reduce 0%
13/05/21 19:04:13 INFO mapred.JobClient:  map 9% reduce 0%
13/05/21 19:04:14 INFO mapred.JobClient:  map 10% reduce 0%
13/05/21 19:04:15 INFO mapred.JobClient:  map 11% reduce 0%
13/05/21 19:04:16 INFO mapred.JobClient:  map 12% reduce 0%
13/05/21 19:04:17 INFO mapred.JobClient:  map 13% reduce 0%
13/05/21 19:04:18 INFO mapred.JobClient:  map 15% reduce 0%
13/05/21 19:04:19 INFO mapred.JobClient:  map 16% reduce 0%
13/05/21 19:04:20 INFO mapred.JobClient:  map 17% reduce 0%
13/05/21 19:04:21 INFO mapred.JobClient:  map 19% reduce 0%
13/05/21 19:04:22 INFO mapred.JobClient:  map 20% reduce 0%
13/05/21 19:04:23 INFO mapred.JobClient:  map 21% reduce 0%
13/05/21 19:04:24 INFO mapred.JobClient:  map 22% reduce 0%
13/05/21 19:04:25 INFO mapred.JobClient:  map 24% reduce 0%
13/05/21 19:04:26 INFO mapred.JobClient:  map 25% reduce 0%
13/05/21 19:04:27 INFO mapred.JobClient:  map 26% reduce 0%
13/05/21 19:04:28 INFO mapred.JobClient:  map 27% reduce 0%
13/05/21 19:04:29 INFO mapred.JobClient:  map 29% reduce 0%
13/05/21 19:04:30 INFO mapred.JobClient:  map 31% reduce 0%
13/05/21 19:04:31 INFO mapred.JobClient:  map 32% reduce 0%
13/05/21 19:04:32 INFO mapred.JobClient:  map 34% reduce 0%
13/05/21 19:04:33 INFO mapred.JobClient:  map 36% reduce 0%
13/05/21 19:04:34 INFO mapred.JobClient:  map 37% reduce 0%
13/05/21 19:04:35 INFO mapred.JobClient:  map 39% reduce 0%
13/05/21 19:04:36 INFO mapred.JobClient:  map 40% reduce 0%
13/05/21 19:04:37 INFO mapred.JobClient:  map 41% reduce 0%
13/05/21 19:04:38 INFO mapred.JobClient:  map 43% reduce 0%
13/05/21 19:04:39 INFO mapred.JobClient:  map 45% reduce 0%
13/05/21 19:04:40 INFO mapred.JobClient:  map 46% reduce 0%
13/05/21 19:04:41 INFO mapred.JobClient:  map 48% reduce 0%
13/05/21 19:04:42 INFO mapred.JobClient:  map 49% reduce 0%
13/05/21 19:04:43 INFO mapred.JobClient:  map 50% reduce 0%
13/05/21 19:04:44 INFO mapred.JobClient:  map 52% reduce 0%
13/05/21 19:04:45 INFO mapred.JobClient:  map 53% reduce 0%
13/05/21 19:04:46 INFO mapred.JobClient:  map 55% reduce 0%
13/05/21 19:04:47 INFO mapred.JobClient:  map 56% reduce 0%
13/05/21 19:04:48 INFO mapred.JobClient:  map 57% reduce 0%
13/05/21 19:04:49 INFO mapred.JobClient:  map 58% reduce 0%
13/05/21 19:04:50 INFO mapred.JobClient:  map 60% reduce 0%
13/05/21 19:04:51 INFO mapred.JobClient:  map 61% reduce 0%
13/05/21 19:04:52 INFO mapred.JobClient:  map 62% reduce 0%
13/05/21 19:04:53 INFO mapred.JobClient:  map 64% reduce 0%
13/05/21 19:04:54 INFO mapred.JobClient:  map 65% reduce 0%
13/05/21 19:04:55 INFO mapred.JobClient:  map 66% reduce 0%
13/05/21 19:04:56 INFO mapred.JobClient:  map 67% reduce 0%
13/05/21 19:04:57 INFO mapred.JobClient:  map 68% reduce 0%
13/05/21 19:04:58 INFO mapred.JobClient:  map 69% reduce 0%
13/05/21 19:04:59 INFO mapred.JobClient:  map 71% reduce 0%
13/05/21 19:05:00 INFO mapred.JobClient:  map 72% reduce 0%
13/05/21 19:05:02 INFO mapred.JobClient:  map 73% reduce 0%
13/05/21 19:05:03 INFO mapred.JobClient:  map 75% reduce 0%
13/05/21 19:05:04 INFO mapred.JobClient:  map 76% reduce 0%
13/05/21 19:05:06 INFO mapred.JobClient:  map 77% reduce 0%
13/05/21 19:05:07 INFO mapred.JobClient:  map 78% reduce 0%
13/05/21 19:05:08 INFO mapred.JobClient:  map 79% reduce 0%
13/05/21 19:05:09 INFO mapred.JobClient:  map 80% reduce 0%
13/05/21 19:05:11 INFO mapred.JobClient:  map 81% reduce 0%
13/05/21 19:05:12 INFO mapred.JobClient:  map 82% reduce 0%
13/05/21 19:05:13 INFO mapred.JobClient:  map 83% reduce 0%
13/05/21 19:05:14 INFO mapred.JobClient:  map 84% reduce 0%
13/05/21 19:05:16 INFO mapred.JobClient:  map 85% reduce 0%
13/05/21 19:05:17 INFO mapred.JobClient:  map 86% reduce 0%
13/05/21 19:05:18 INFO mapred.JobClient:  map 87% reduce 0%
13/05/21 19:05:19 INFO mapred.JobClient:  map 88% reduce 0%
13/05/21 19:05:21 INFO mapred.JobClient:  map 89% reduce 0%
13/05/21 19:05:23 INFO mapred.JobClient:  map 90% reduce 0%
13/05/21 19:05:24 INFO mapred.JobClient:  map 91% reduce 0%
13/05/21 19:05:26 INFO mapred.JobClient:  map 92% reduce 0%
13/05/21 19:05:28 INFO mapred.JobClient:  map 93% reduce 0%
13/05/21 19:05:29 INFO mapred.JobClient:  map 94% reduce 0%
13/05/21 19:05:32 INFO mapred.JobClient:  map 95% reduce 0%
13/05/21 19:05:33 INFO mapred.JobClient:  map 96% reduce 0%
13/05/21 19:05:37 INFO mapred.JobClient:  map 97% reduce 0%
13/05/21 19:05:41 INFO mapred.JobClient:  map 97% reduce 31%
13/05/21 19:05:44 INFO mapred.JobClient:  map 98% reduce 31%
13/05/21 19:05:54 INFO mapred.JobClient:  map 99% reduce 31%
13/05/21 19:05:56 INFO mapred.JobClient:  map 99% reduce 32%
13/05/21 19:06:10 INFO mapred.JobClient:  map 100% reduce 32%
13/05/21 19:06:19 INFO mapred.JobClient:  map 100% reduce 100%
13/05/21 19:06:20 INFO mapred.JobClient: Job complete: job_201305151711_3483
13/05/21 19:06:20 INFO mapred.JobClient: Counters: 29
13/05/21 19:06:20 INFO mapred.JobClient:   Job Counters 
13/05/21 19:06:20 INFO mapred.JobClient:     Launched reduce tasks=1
13/05/21 19:06:20 INFO mapred.JobClient:     SLOTS_MILLIS_MAPS=13438667
13/05/21 19:06:20 INFO mapred.JobClient:     Total time spent by all reduces waiting after reserving slots (ms)=0
13/05/21 19:06:20 INFO mapred.JobClient:     Total time spent by all maps waiting after reserving slots (ms)=0
13/05/21 19:06:20 INFO mapred.JobClient:     Rack-local map tasks=126
13/05/21 19:06:20 INFO mapred.JobClient:     Launched map tasks=200
13/05/21 19:06:20 INFO mapred.JobClient:     Data-local map tasks=68
13/05/21 19:06:20 INFO mapred.JobClient:     SLOTS_MILLIS_REDUCES=50389
13/05/21 19:06:20 INFO mapred.JobClient:   edu.tue.cs.capa.util.DpsCounters
13/05/21 19:06:20 INFO mapred.JobClient:     OVERFLOWED_TIMES=5039
13/05/21 19:06:20 INFO mapred.JobClient:   FileSystemCounters
13/05/21 19:06:20 INFO mapred.JobClient:     FILE_BYTES_READ=266413
13/05/21 19:06:20 INFO mapred.JobClient:     HDFS_BYTES_READ=9834295057
13/05/21 19:06:20 INFO mapred.JobClient:     FILE_BYTES_WRITTEN=12668705
13/05/21 19:06:20 INFO mapred.JobClient:     HDFS_BYTES_WRITTEN=9338
13/05/21 19:06:20 INFO mapred.JobClient:   Map-Reduce Framework
13/05/21 19:06:20 INFO mapred.JobClient:     Map input records=100000000
13/05/21 19:06:20 INFO mapred.JobClient:     Reduce shuffle bytes=274974
13/05/21 19:06:20 INFO mapred.JobClient:     Spilled Records=40000
13/05/21 19:06:20 INFO mapred.JobClient:     Map output bytes=2017746
13/05/21 19:06:20 INFO mapred.JobClient:     CPU time spent (ms)=11287910
13/05/21 19:06:20 INFO mapred.JobClient:     Total committed heap usage (bytes)=273458069504
13/05/21 19:06:20 INFO mapred.JobClient:     Map input bytes=9825385372
13/05/21 19:06:20 INFO mapred.JobClient:     Combine input records=0
13/05/21 19:06:20 INFO mapred.JobClient:     SPLIT_RAW_BYTES=26800
13/05/21 19:06:20 INFO mapred.JobClient:     Reduce input records=100
13/05/21 19:06:20 INFO mapred.JobClient:     Reduce input groups=23
13/05/21 19:06:20 INFO mapred.JobClient:     Combine output records=0
13/05/21 19:06:20 INFO mapred.JobClient:     Physical memory (bytes) snapshot=141775441920
13/05/21 19:06:20 INFO mapred.JobClient:     Reduce output records=100
13/05/21 19:06:20 INFO mapred.JobClient:     Virtual memory (bytes) snapshot=539362205696
13/05/21 19:06:20 INFO mapred.JobClient:     Map output records=20000
Job ended: Tue May 21 19:06:20 CEST 2013
The job took 171.103 seconds.
mapper=100, sample=100, run=2
13/05/21 19:06:25 ERROR security.UserGroupInformation: PriviledgedActionException as:s117449 (auth:KERBEROS) cause:javax.security.sasl.SaslException: GSS initiate failed [Caused by GSSException: No valid credentials provided (Mechanism level: Failed to find any Kerberos tgt)]
13/05/21 19:06:25 WARN ipc.Client: Exception encountered while connecting to the server : javax.security.sasl.SaslException: GSS initiate failed [Caused by GSSException: No valid credentials provided (Mechanism level: Failed to find any Kerberos tgt)]
13/05/21 19:06:25 ERROR security.UserGroupInformation: PriviledgedActionException as:s117449 (auth:KERBEROS) cause:java.io.IOException: javax.security.sasl.SaslException: GSS initiate failed [Caused by GSSException: No valid credentials provided (Mechanism level: Failed to find any Kerberos tgt)]
java.io.IOException: Call to p-head03.alley.sara.nl/145.100.41.4:8020 failed on local exception: java.io.IOException: javax.security.sasl.SaslException: GSS initiate failed [Caused by GSSException: No valid credentials provided (Mechanism level: Failed to find any Kerberos tgt)]
	at org.apache.hadoop.ipc.Client.wrapException(Client.java:1187)
	at org.apache.hadoop.ipc.Client.call(Client.java:1155)
	at org.apache.hadoop.ipc.RPC$Invoker.invoke(RPC.java:226)
	at $Proxy5.getProtocolVersion(Unknown Source)
	at org.apache.hadoop.ipc.RPC.getProxy(RPC.java:398)
	at org.apache.hadoop.ipc.RPC.getProxy(RPC.java:384)
	at org.apache.hadoop.hdfs.DFSClient.createRPCNamenode(DFSClient.java:132)
	at org.apache.hadoop.hdfs.DFSClient.<init>(DFSClient.java:259)
	at org.apache.hadoop.hdfs.DFSClient.<init>(DFSClient.java:220)
	at org.apache.hadoop.hdfs.DistributedFileSystem.initialize(DistributedFileSystem.java:89)
	at org.apache.hadoop.fs.FileSystem.createFileSystem(FileSystem.java:1603)
	at org.apache.hadoop.fs.FileSystem.access$300(FileSystem.java:69)
	at org.apache.hadoop.fs.FileSystem$Cache.getInternal(FileSystem.java:1637)
	at org.apache.hadoop.fs.FileSystem$Cache.get(FileSystem.java:1619)
	at org.apache.hadoop.fs.FileSystem.get(FileSystem.java:255)
	at org.apache.hadoop.fs.FileSystem.get(FileSystem.java:124)
	at edu.tue.cs.capa.dps.freq.FreqDriver.run(FreqDriver.java:58)
	at org.apache.hadoop.util.ToolRunner.run(ToolRunner.java:65)
	at org.apache.hadoop.util.ToolRunner.run(ToolRunner.java:79)
	at edu.tue.cs.capa.dps.freq.FreqDriver.main(FreqDriver.java:112)
	at sun.reflect.NativeMethodAccessorImpl.invoke0(Native Method)
	at sun.reflect.NativeMethodAccessorImpl.invoke(NativeMethodAccessorImpl.java:39)
	at sun.reflect.DelegatingMethodAccessorImpl.invoke(DelegatingMethodAccessorImpl.java:25)
	at java.lang.reflect.Method.invoke(Method.java:597)
	at org.apache.hadoop.util.ProgramDriver$ProgramDescription.invoke(ProgramDriver.java:68)
	at org.apache.hadoop.util.ProgramDriver.driver(ProgramDriver.java:139)
	at edu.tue.cs.capa.dps.driver.SamplingDriver.main(SamplingDriver.java:21)
	at sun.reflect.NativeMethodAccessorImpl.invoke0(Native Method)
	at sun.reflect.NativeMethodAccessorImpl.invoke(NativeMethodAccessorImpl.java:39)
	at sun.reflect.DelegatingMethodAccessorImpl.invoke(DelegatingMethodAccessorImpl.java:25)
	at java.lang.reflect.Method.invoke(Method.java:597)
	at org.apache.hadoop.util.RunJar.main(RunJar.java:197)
Caused by: java.io.IOException: javax.security.sasl.SaslException: GSS initiate failed [Caused by GSSException: No valid credentials provided (Mechanism level: Failed to find any Kerberos tgt)]
	at org.apache.hadoop.ipc.Client$Connection$1.run(Client.java:554)
	at java.security.AccessController.doPrivileged(Native Method)
	at javax.security.auth.Subject.doAs(Subject.java:396)
	at org.apache.hadoop.security.UserGroupInformation.doAs(UserGroupInformation.java:1278)
	at org.apache.hadoop.ipc.Client$Connection.handleSaslConnectionFailure(Client.java:499)
	at org.apache.hadoop.ipc.Client$Connection.setupIOstreams(Client.java:601)
	at org.apache.hadoop.ipc.Client$Connection.access$2300(Client.java:212)
	at org.apache.hadoop.ipc.Client.getConnection(Client.java:1292)
	at org.apache.hadoop.ipc.Client.call(Client.java:1121)
	... 30 more
Caused by: javax.security.sasl.SaslException: GSS initiate failed [Caused by GSSException: No valid credentials provided (Mechanism level: Failed to find any Kerberos tgt)]
	at com.sun.security.sasl.gsskerb.GssKrb5Client.evaluateChallenge(GssKrb5Client.java:194)
	at org.apache.hadoop.security.SaslRpcClient.saslConnect(SaslRpcClient.java:134)
	at org.apache.hadoop.ipc.Client$Connection.setupSaslConnection(Client.java:415)
	at org.apache.hadoop.ipc.Client$Connection.access$1100(Client.java:212)
	at org.apache.hadoop.ipc.Client$Connection$2.run(Client.java:594)
	at org.apache.hadoop.ipc.Client$Connection$2.run(Client.java:591)
	at java.security.AccessController.doPrivileged(Native Method)
	at javax.security.auth.Subject.doAs(Subject.java:396)
	at org.apache.hadoop.security.UserGroupInformation.doAs(UserGroupInformation.java:1278)
	at org.apache.hadoop.ipc.Client$Connection.setupIOstreams(Client.java:590)
	... 33 more
Caused by: GSSException: No valid credentials provided (Mechanism level: Failed to find any Kerberos tgt)
	at sun.security.jgss.krb5.Krb5InitCredential.getInstance(Krb5InitCredential.java:130)
	at sun.security.jgss.krb5.Krb5MechFactory.getCredentialElement(Krb5MechFactory.java:106)
	at sun.security.jgss.krb5.Krb5MechFactory.getMechanismContext(Krb5MechFactory.java:172)
	at sun.security.jgss.GSSManagerImpl.getMechanismContext(GSSManagerImpl.java:209)
	at sun.security.jgss.GSSContextImpl.initSecContext(GSSContextImpl.java:195)
	at sun.security.jgss.GSSContextImpl.initSecContext(GSSContextImpl.java:162)
	at com.sun.security.sasl.gsskerb.GssKrb5Client.evaluateChallenge(GssKrb5Client.java:175)
	... 42 more
mapper=100, sample=100, run=3
13/05/21 19:06:30 ERROR security.UserGroupInformation: PriviledgedActionException as:s117449 (auth:KERBEROS) cause:javax.security.sasl.SaslException: GSS initiate failed [Caused by GSSException: No valid credentials provided (Mechanism level: Failed to find any Kerberos tgt)]
13/05/21 19:06:30 WARN ipc.Client: Exception encountered while connecting to the server : javax.security.sasl.SaslException: GSS initiate failed [Caused by GSSException: No valid credentials provided (Mechanism level: Failed to find any Kerberos tgt)]
13/05/21 19:06:30 ERROR security.UserGroupInformation: PriviledgedActionException as:s117449 (auth:KERBEROS) cause:java.io.IOException: javax.security.sasl.SaslException: GSS initiate failed [Caused by GSSException: No valid credentials provided (Mechanism level: Failed to find any Kerberos tgt)]
java.io.IOException: Call to p-head03.alley.sara.nl/145.100.41.4:8020 failed on local exception: java.io.IOException: javax.security.sasl.SaslException: GSS initiate failed [Caused by GSSException: No valid credentials provided (Mechanism level: Failed to find any Kerberos tgt)]
	at org.apache.hadoop.ipc.Client.wrapException(Client.java:1187)
	at org.apache.hadoop.ipc.Client.call(Client.java:1155)
	at org.apache.hadoop.ipc.RPC$Invoker.invoke(RPC.java:226)
	at $Proxy5.getProtocolVersion(Unknown Source)
	at org.apache.hadoop.ipc.RPC.getProxy(RPC.java:398)
	at org.apache.hadoop.ipc.RPC.getProxy(RPC.java:384)
	at org.apache.hadoop.hdfs.DFSClient.createRPCNamenode(DFSClient.java:132)
	at org.apache.hadoop.hdfs.DFSClient.<init>(DFSClient.java:259)
	at org.apache.hadoop.hdfs.DFSClient.<init>(DFSClient.java:220)
	at org.apache.hadoop.hdfs.DistributedFileSystem.initialize(DistributedFileSystem.java:89)
	at org.apache.hadoop.fs.FileSystem.createFileSystem(FileSystem.java:1603)
	at org.apache.hadoop.fs.FileSystem.access$300(FileSystem.java:69)
	at org.apache.hadoop.fs.FileSystem$Cache.getInternal(FileSystem.java:1637)
	at org.apache.hadoop.fs.FileSystem$Cache.get(FileSystem.java:1619)
	at org.apache.hadoop.fs.FileSystem.get(FileSystem.java:255)
	at org.apache.hadoop.fs.FileSystem.get(FileSystem.java:124)
	at edu.tue.cs.capa.dps.freq.FreqDriver.run(FreqDriver.java:58)
	at org.apache.hadoop.util.ToolRunner.run(ToolRunner.java:65)
	at org.apache.hadoop.util.ToolRunner.run(ToolRunner.java:79)
	at edu.tue.cs.capa.dps.freq.FreqDriver.main(FreqDriver.java:112)
	at sun.reflect.NativeMethodAccessorImpl.invoke0(Native Method)
	at sun.reflect.NativeMethodAccessorImpl.invoke(NativeMethodAccessorImpl.java:39)
	at sun.reflect.DelegatingMethodAccessorImpl.invoke(DelegatingMethodAccessorImpl.java:25)
	at java.lang.reflect.Method.invoke(Method.java:597)
	at org.apache.hadoop.util.ProgramDriver$ProgramDescription.invoke(ProgramDriver.java:68)
	at org.apache.hadoop.util.ProgramDriver.driver(ProgramDriver.java:139)
	at edu.tue.cs.capa.dps.driver.SamplingDriver.main(SamplingDriver.java:21)
	at sun.reflect.NativeMethodAccessorImpl.invoke0(Native Method)
	at sun.reflect.NativeMethodAccessorImpl.invoke(NativeMethodAccessorImpl.java:39)
	at sun.reflect.DelegatingMethodAccessorImpl.invoke(DelegatingMethodAccessorImpl.java:25)
	at java.lang.reflect.Method.invoke(Method.java:597)
	at org.apache.hadoop.util.RunJar.main(RunJar.java:197)
Caused by: java.io.IOException: javax.security.sasl.SaslException: GSS initiate failed [Caused by GSSException: No valid credentials provided (Mechanism level: Failed to find any Kerberos tgt)]
	at org.apache.hadoop.ipc.Client$Connection$1.run(Client.java:554)
	at java.security.AccessController.doPrivileged(Native Method)
	at javax.security.auth.Subject.doAs(Subject.java:396)
	at org.apache.hadoop.security.UserGroupInformation.doAs(UserGroupInformation.java:1278)
	at org.apache.hadoop.ipc.Client$Connection.handleSaslConnectionFailure(Client.java:499)
	at org.apache.hadoop.ipc.Client$Connection.setupIOstreams(Client.java:601)
	at org.apache.hadoop.ipc.Client$Connection.access$2300(Client.java:212)
	at org.apache.hadoop.ipc.Client.getConnection(Client.java:1292)
	at org.apache.hadoop.ipc.Client.call(Client.java:1121)
	... 30 more
Caused by: javax.security.sasl.SaslException: GSS initiate failed [Caused by GSSException: No valid credentials provided (Mechanism level: Failed to find any Kerberos tgt)]
	at com.sun.security.sasl.gsskerb.GssKrb5Client.evaluateChallenge(GssKrb5Client.java:194)
	at org.apache.hadoop.security.SaslRpcClient.saslConnect(SaslRpcClient.java:134)
	at org.apache.hadoop.ipc.Client$Connection.setupSaslConnection(Client.java:415)
	at org.apache.hadoop.ipc.Client$Connection.access$1100(Client.java:212)
	at org.apache.hadoop.ipc.Client$Connection$2.run(Client.java:594)
	at org.apache.hadoop.ipc.Client$Connection$2.run(Client.java:591)
	at java.security.AccessController.doPrivileged(Native Method)
	at javax.security.auth.Subject.doAs(Subject.java:396)
	at org.apache.hadoop.security.UserGroupInformation.doAs(UserGroupInformation.java:1278)
	at org.apache.hadoop.ipc.Client$Connection.setupIOstreams(Client.java:590)
	... 33 more
Caused by: GSSException: No valid credentials provided (Mechanism level: Failed to find any Kerberos tgt)
	at sun.security.jgss.krb5.Krb5InitCredential.getInstance(Krb5InitCredential.java:130)
	at sun.security.jgss.krb5.Krb5MechFactory.getCredentialElement(Krb5MechFactory.java:106)
	at sun.security.jgss.krb5.Krb5MechFactory.getMechanismContext(Krb5MechFactory.java:172)
	at sun.security.jgss.GSSManagerImpl.getMechanismContext(GSSManagerImpl.java:209)
	at sun.security.jgss.GSSContextImpl.initSecContext(GSSContextImpl.java:195)
	at sun.security.jgss.GSSContextImpl.initSecContext(GSSContextImpl.java:162)
	at com.sun.security.sasl.gsskerb.GssKrb5Client.evaluateChallenge(GssKrb5Client.java:175)
	... 42 more
mapper=100, sample=100, run=4
13/05/21 19:06:34 ERROR security.UserGroupInformation: PriviledgedActionException as:s117449 (auth:KERBEROS) cause:javax.security.sasl.SaslException: GSS initiate failed [Caused by GSSException: No valid credentials provided (Mechanism level: Failed to find any Kerberos tgt)]
13/05/21 19:06:34 WARN ipc.Client: Exception encountered while connecting to the server : javax.security.sasl.SaslException: GSS initiate failed [Caused by GSSException: No valid credentials provided (Mechanism level: Failed to find any Kerberos tgt)]
13/05/21 19:06:34 ERROR security.UserGroupInformation: PriviledgedActionException as:s117449 (auth:KERBEROS) cause:java.io.IOException: javax.security.sasl.SaslException: GSS initiate failed [Caused by GSSException: No valid credentials provided (Mechanism level: Failed to find any Kerberos tgt)]
java.io.IOException: Call to p-head03.alley.sara.nl/145.100.41.4:8020 failed on local exception: java.io.IOException: javax.security.sasl.SaslException: GSS initiate failed [Caused by GSSException: No valid credentials provided (Mechanism level: Failed to find any Kerberos tgt)]
	at org.apache.hadoop.ipc.Client.wrapException(Client.java:1187)
	at org.apache.hadoop.ipc.Client.call(Client.java:1155)
	at org.apache.hadoop.ipc.RPC$Invoker.invoke(RPC.java:226)
	at $Proxy5.getProtocolVersion(Unknown Source)
	at org.apache.hadoop.ipc.RPC.getProxy(RPC.java:398)
	at org.apache.hadoop.ipc.RPC.getProxy(RPC.java:384)
	at org.apache.hadoop.hdfs.DFSClient.createRPCNamenode(DFSClient.java:132)
	at org.apache.hadoop.hdfs.DFSClient.<init>(DFSClient.java:259)
	at org.apache.hadoop.hdfs.DFSClient.<init>(DFSClient.java:220)
	at org.apache.hadoop.hdfs.DistributedFileSystem.initialize(DistributedFileSystem.java:89)
	at org.apache.hadoop.fs.FileSystem.createFileSystem(FileSystem.java:1603)
	at org.apache.hadoop.fs.FileSystem.access$300(FileSystem.java:69)
	at org.apache.hadoop.fs.FileSystem$Cache.getInternal(FileSystem.java:1637)
	at org.apache.hadoop.fs.FileSystem$Cache.get(FileSystem.java:1619)
	at org.apache.hadoop.fs.FileSystem.get(FileSystem.java:255)
	at org.apache.hadoop.fs.FileSystem.get(FileSystem.java:124)
	at edu.tue.cs.capa.dps.freq.FreqDriver.run(FreqDriver.java:58)
	at org.apache.hadoop.util.ToolRunner.run(ToolRunner.java:65)
	at org.apache.hadoop.util.ToolRunner.run(ToolRunner.java:79)
	at edu.tue.cs.capa.dps.freq.FreqDriver.main(FreqDriver.java:112)
	at sun.reflect.NativeMethodAccessorImpl.invoke0(Native Method)
	at sun.reflect.NativeMethodAccessorImpl.invoke(NativeMethodAccessorImpl.java:39)
	at sun.reflect.DelegatingMethodAccessorImpl.invoke(DelegatingMethodAccessorImpl.java:25)
	at java.lang.reflect.Method.invoke(Method.java:597)
	at org.apache.hadoop.util.ProgramDriver$ProgramDescription.invoke(ProgramDriver.java:68)
	at org.apache.hadoop.util.ProgramDriver.driver(ProgramDriver.java:139)
	at edu.tue.cs.capa.dps.driver.SamplingDriver.main(SamplingDriver.java:21)
	at sun.reflect.NativeMethodAccessorImpl.invoke0(Native Method)
	at sun.reflect.NativeMethodAccessorImpl.invoke(NativeMethodAccessorImpl.java:39)
	at sun.reflect.DelegatingMethodAccessorImpl.invoke(DelegatingMethodAccessorImpl.java:25)
	at java.lang.reflect.Method.invoke(Method.java:597)
	at org.apache.hadoop.util.RunJar.main(RunJar.java:197)
Caused by: java.io.IOException: javax.security.sasl.SaslException: GSS initiate failed [Caused by GSSException: No valid credentials provided (Mechanism level: Failed to find any Kerberos tgt)]
	at org.apache.hadoop.ipc.Client$Connection$1.run(Client.java:554)
	at java.security.AccessController.doPrivileged(Native Method)
	at javax.security.auth.Subject.doAs(Subject.java:396)
	at org.apache.hadoop.security.UserGroupInformation.doAs(UserGroupInformation.java:1278)
	at org.apache.hadoop.ipc.Client$Connection.handleSaslConnectionFailure(Client.java:499)
	at org.apache.hadoop.ipc.Client$Connection.setupIOstreams(Client.java:601)
	at org.apache.hadoop.ipc.Client$Connection.access$2300(Client.java:212)
	at org.apache.hadoop.ipc.Client.getConnection(Client.java:1292)
	at org.apache.hadoop.ipc.Client.call(Client.java:1121)
	... 30 more
Caused by: javax.security.sasl.SaslException: GSS initiate failed [Caused by GSSException: No valid credentials provided (Mechanism level: Failed to find any Kerberos tgt)]
	at com.sun.security.sasl.gsskerb.GssKrb5Client.evaluateChallenge(GssKrb5Client.java:194)
	at org.apache.hadoop.security.SaslRpcClient.saslConnect(SaslRpcClient.java:134)
	at org.apache.hadoop.ipc.Client$Connection.setupSaslConnection(Client.java:415)
	at org.apache.hadoop.ipc.Client$Connection.access$1100(Client.java:212)
	at org.apache.hadoop.ipc.Client$Connection$2.run(Client.java:594)
	at org.apache.hadoop.ipc.Client$Connection$2.run(Client.java:591)
	at java.security.AccessController.doPrivileged(Native Method)
	at javax.security.auth.Subject.doAs(Subject.java:396)
	at org.apache.hadoop.security.UserGroupInformation.doAs(UserGroupInformation.java:1278)
	at org.apache.hadoop.ipc.Client$Connection.setupIOstreams(Client.java:590)
	... 33 more
Caused by: GSSException: No valid credentials provided (Mechanism level: Failed to find any Kerberos tgt)
	at sun.security.jgss.krb5.Krb5InitCredential.getInstance(Krb5InitCredential.java:130)
	at sun.security.jgss.krb5.Krb5MechFactory.getCredentialElement(Krb5MechFactory.java:106)
	at sun.security.jgss.krb5.Krb5MechFactory.getMechanismContext(Krb5MechFactory.java:172)
	at sun.security.jgss.GSSManagerImpl.getMechanismContext(GSSManagerImpl.java:209)
	at sun.security.jgss.GSSContextImpl.initSecContext(GSSContextImpl.java:195)
	at sun.security.jgss.GSSContextImpl.initSecContext(GSSContextImpl.java:162)
	at com.sun.security.sasl.gsskerb.GssKrb5Client.evaluateChallenge(GssKrb5Client.java:175)
	... 42 more
mapper=100, sample=100, run=5
13/05/21 19:06:39 ERROR security.UserGroupInformation: PriviledgedActionException as:s117449 (auth:KERBEROS) cause:javax.security.sasl.SaslException: GSS initiate failed [Caused by GSSException: No valid credentials provided (Mechanism level: Failed to find any Kerberos tgt)]
13/05/21 19:06:39 WARN ipc.Client: Exception encountered while connecting to the server : javax.security.sasl.SaslException: GSS initiate failed [Caused by GSSException: No valid credentials provided (Mechanism level: Failed to find any Kerberos tgt)]
13/05/21 19:06:39 ERROR security.UserGroupInformation: PriviledgedActionException as:s117449 (auth:KERBEROS) cause:java.io.IOException: javax.security.sasl.SaslException: GSS initiate failed [Caused by GSSException: No valid credentials provided (Mechanism level: Failed to find any Kerberos tgt)]
java.io.IOException: Call to p-head03.alley.sara.nl/145.100.41.4:8020 failed on local exception: java.io.IOException: javax.security.sasl.SaslException: GSS initiate failed [Caused by GSSException: No valid credentials provided (Mechanism level: Failed to find any Kerberos tgt)]
	at org.apache.hadoop.ipc.Client.wrapException(Client.java:1187)
	at org.apache.hadoop.ipc.Client.call(Client.java:1155)
	at org.apache.hadoop.ipc.RPC$Invoker.invoke(RPC.java:226)
	at $Proxy5.getProtocolVersion(Unknown Source)
	at org.apache.hadoop.ipc.RPC.getProxy(RPC.java:398)
	at org.apache.hadoop.ipc.RPC.getProxy(RPC.java:384)
	at org.apache.hadoop.hdfs.DFSClient.createRPCNamenode(DFSClient.java:132)
	at org.apache.hadoop.hdfs.DFSClient.<init>(DFSClient.java:259)
	at org.apache.hadoop.hdfs.DFSClient.<init>(DFSClient.java:220)
	at org.apache.hadoop.hdfs.DistributedFileSystem.initialize(DistributedFileSystem.java:89)
	at org.apache.hadoop.fs.FileSystem.createFileSystem(FileSystem.java:1603)
	at org.apache.hadoop.fs.FileSystem.access$300(FileSystem.java:69)
	at org.apache.hadoop.fs.FileSystem$Cache.getInternal(FileSystem.java:1637)
	at org.apache.hadoop.fs.FileSystem$Cache.get(FileSystem.java:1619)
	at org.apache.hadoop.fs.FileSystem.get(FileSystem.java:255)
	at org.apache.hadoop.fs.FileSystem.get(FileSystem.java:124)
	at edu.tue.cs.capa.dps.freq.FreqDriver.run(FreqDriver.java:58)
	at org.apache.hadoop.util.ToolRunner.run(ToolRunner.java:65)
	at org.apache.hadoop.util.ToolRunner.run(ToolRunner.java:79)
	at edu.tue.cs.capa.dps.freq.FreqDriver.main(FreqDriver.java:112)
	at sun.reflect.NativeMethodAccessorImpl.invoke0(Native Method)
	at sun.reflect.NativeMethodAccessorImpl.invoke(NativeMethodAccessorImpl.java:39)
	at sun.reflect.DelegatingMethodAccessorImpl.invoke(DelegatingMethodAccessorImpl.java:25)
	at java.lang.reflect.Method.invoke(Method.java:597)
	at org.apache.hadoop.util.ProgramDriver$ProgramDescription.invoke(ProgramDriver.java:68)
	at org.apache.hadoop.util.ProgramDriver.driver(ProgramDriver.java:139)
	at edu.tue.cs.capa.dps.driver.SamplingDriver.main(SamplingDriver.java:21)
	at sun.reflect.NativeMethodAccessorImpl.invoke0(Native Method)
	at sun.reflect.NativeMethodAccessorImpl.invoke(NativeMethodAccessorImpl.java:39)
	at sun.reflect.DelegatingMethodAccessorImpl.invoke(DelegatingMethodAccessorImpl.java:25)
	at java.lang.reflect.Method.invoke(Method.java:597)
	at org.apache.hadoop.util.RunJar.main(RunJar.java:197)
Caused by: java.io.IOException: javax.security.sasl.SaslException: GSS initiate failed [Caused by GSSException: No valid credentials provided (Mechanism level: Failed to find any Kerberos tgt)]
	at org.apache.hadoop.ipc.Client$Connection$1.run(Client.java:554)
	at java.security.AccessController.doPrivileged(Native Method)
	at javax.security.auth.Subject.doAs(Subject.java:396)
	at org.apache.hadoop.security.UserGroupInformation.doAs(UserGroupInformation.java:1278)
	at org.apache.hadoop.ipc.Client$Connection.handleSaslConnectionFailure(Client.java:499)
	at org.apache.hadoop.ipc.Client$Connection.setupIOstreams(Client.java:601)
	at org.apache.hadoop.ipc.Client$Connection.access$2300(Client.java:212)
	at org.apache.hadoop.ipc.Client.getConnection(Client.java:1292)
	at org.apache.hadoop.ipc.Client.call(Client.java:1121)
	... 30 more
Caused by: javax.security.sasl.SaslException: GSS initiate failed [Caused by GSSException: No valid credentials provided (Mechanism level: Failed to find any Kerberos tgt)]
	at com.sun.security.sasl.gsskerb.GssKrb5Client.evaluateChallenge(GssKrb5Client.java:194)
	at org.apache.hadoop.security.SaslRpcClient.saslConnect(SaslRpcClient.java:134)
	at org.apache.hadoop.ipc.Client$Connection.setupSaslConnection(Client.java:415)
	at org.apache.hadoop.ipc.Client$Connection.access$1100(Client.java:212)
	at org.apache.hadoop.ipc.Client$Connection$2.run(Client.java:594)
	at org.apache.hadoop.ipc.Client$Connection$2.run(Client.java:591)
	at java.security.AccessController.doPrivileged(Native Method)
	at javax.security.auth.Subject.doAs(Subject.java:396)
	at org.apache.hadoop.security.UserGroupInformation.doAs(UserGroupInformation.java:1278)
	at org.apache.hadoop.ipc.Client$Connection.setupIOstreams(Client.java:590)
	... 33 more
Caused by: GSSException: No valid credentials provided (Mechanism level: Failed to find any Kerberos tgt)
	at sun.security.jgss.krb5.Krb5InitCredential.getInstance(Krb5InitCredential.java:130)
	at sun.security.jgss.krb5.Krb5MechFactory.getCredentialElement(Krb5MechFactory.java:106)
	at sun.security.jgss.krb5.Krb5MechFactory.getMechanismContext(Krb5MechFactory.java:172)
	at sun.security.jgss.GSSManagerImpl.getMechanismContext(GSSManagerImpl.java:209)
	at sun.security.jgss.GSSContextImpl.initSecContext(GSSContextImpl.java:195)
	at sun.security.jgss.GSSContextImpl.initSecContext(GSSContextImpl.java:162)
	at com.sun.security.sasl.gsskerb.GssKrb5Client.evaluateChallenge(GssKrb5Client.java:175)
	... 42 more
mapper=100, sample=100, run=6
13/05/21 19:06:43 ERROR security.UserGroupInformation: PriviledgedActionException as:s117449 (auth:KERBEROS) cause:javax.security.sasl.SaslException: GSS initiate failed [Caused by GSSException: No valid credentials provided (Mechanism level: Failed to find any Kerberos tgt)]
13/05/21 19:06:43 WARN ipc.Client: Exception encountered while connecting to the server : javax.security.sasl.SaslException: GSS initiate failed [Caused by GSSException: No valid credentials provided (Mechanism level: Failed to find any Kerberos tgt)]
13/05/21 19:06:43 ERROR security.UserGroupInformation: PriviledgedActionException as:s117449 (auth:KERBEROS) cause:java.io.IOException: javax.security.sasl.SaslException: GSS initiate failed [Caused by GSSException: No valid credentials provided (Mechanism level: Failed to find any Kerberos tgt)]
java.io.IOException: Call to p-head03.alley.sara.nl/145.100.41.4:8020 failed on local exception: java.io.IOException: javax.security.sasl.SaslException: GSS initiate failed [Caused by GSSException: No valid credentials provided (Mechanism level: Failed to find any Kerberos tgt)]
	at org.apache.hadoop.ipc.Client.wrapException(Client.java:1187)
	at org.apache.hadoop.ipc.Client.call(Client.java:1155)
	at org.apache.hadoop.ipc.RPC$Invoker.invoke(RPC.java:226)
	at $Proxy5.getProtocolVersion(Unknown Source)
	at org.apache.hadoop.ipc.RPC.getProxy(RPC.java:398)
	at org.apache.hadoop.ipc.RPC.getProxy(RPC.java:384)
	at org.apache.hadoop.hdfs.DFSClient.createRPCNamenode(DFSClient.java:132)
	at org.apache.hadoop.hdfs.DFSClient.<init>(DFSClient.java:259)
	at org.apache.hadoop.hdfs.DFSClient.<init>(DFSClient.java:220)
	at org.apache.hadoop.hdfs.DistributedFileSystem.initialize(DistributedFileSystem.java:89)
	at org.apache.hadoop.fs.FileSystem.createFileSystem(FileSystem.java:1603)
	at org.apache.hadoop.fs.FileSystem.access$300(FileSystem.java:69)
	at org.apache.hadoop.fs.FileSystem$Cache.getInternal(FileSystem.java:1637)
	at org.apache.hadoop.fs.FileSystem$Cache.get(FileSystem.java:1619)
	at org.apache.hadoop.fs.FileSystem.get(FileSystem.java:255)
	at org.apache.hadoop.fs.FileSystem.get(FileSystem.java:124)
	at edu.tue.cs.capa.dps.freq.FreqDriver.run(FreqDriver.java:58)
	at org.apache.hadoop.util.ToolRunner.run(ToolRunner.java:65)
	at org.apache.hadoop.util.ToolRunner.run(ToolRunner.java:79)
	at edu.tue.cs.capa.dps.freq.FreqDriver.main(FreqDriver.java:112)
	at sun.reflect.NativeMethodAccessorImpl.invoke0(Native Method)
	at sun.reflect.NativeMethodAccessorImpl.invoke(NativeMethodAccessorImpl.java:39)
	at sun.reflect.DelegatingMethodAccessorImpl.invoke(DelegatingMethodAccessorImpl.java:25)
	at java.lang.reflect.Method.invoke(Method.java:597)
	at org.apache.hadoop.util.ProgramDriver$ProgramDescription.invoke(ProgramDriver.java:68)
	at org.apache.hadoop.util.ProgramDriver.driver(ProgramDriver.java:139)
	at edu.tue.cs.capa.dps.driver.SamplingDriver.main(SamplingDriver.java:21)
	at sun.reflect.NativeMethodAccessorImpl.invoke0(Native Method)
	at sun.reflect.NativeMethodAccessorImpl.invoke(NativeMethodAccessorImpl.java:39)
	at sun.reflect.DelegatingMethodAccessorImpl.invoke(DelegatingMethodAccessorImpl.java:25)
	at java.lang.reflect.Method.invoke(Method.java:597)
	at org.apache.hadoop.util.RunJar.main(RunJar.java:197)
Caused by: java.io.IOException: javax.security.sasl.SaslException: GSS initiate failed [Caused by GSSException: No valid credentials provided (Mechanism level: Failed to find any Kerberos tgt)]
	at org.apache.hadoop.ipc.Client$Connection$1.run(Client.java:554)
	at java.security.AccessController.doPrivileged(Native Method)
	at javax.security.auth.Subject.doAs(Subject.java:396)
	at org.apache.hadoop.security.UserGroupInformation.doAs(UserGroupInformation.java:1278)
	at org.apache.hadoop.ipc.Client$Connection.handleSaslConnectionFailure(Client.java:499)
	at org.apache.hadoop.ipc.Client$Connection.setupIOstreams(Client.java:601)
	at org.apache.hadoop.ipc.Client$Connection.access$2300(Client.java:212)
	at org.apache.hadoop.ipc.Client.getConnection(Client.java:1292)
	at org.apache.hadoop.ipc.Client.call(Client.java:1121)
	... 30 more
Caused by: javax.security.sasl.SaslException: GSS initiate failed [Caused by GSSException: No valid credentials provided (Mechanism level: Failed to find any Kerberos tgt)]
	at com.sun.security.sasl.gsskerb.GssKrb5Client.evaluateChallenge(GssKrb5Client.java:194)
	at org.apache.hadoop.security.SaslRpcClient.saslConnect(SaslRpcClient.java:134)
	at org.apache.hadoop.ipc.Client$Connection.setupSaslConnection(Client.java:415)
	at org.apache.hadoop.ipc.Client$Connection.access$1100(Client.java:212)
	at org.apache.hadoop.ipc.Client$Connection$2.run(Client.java:594)
	at org.apache.hadoop.ipc.Client$Connection$2.run(Client.java:591)
	at java.security.AccessController.doPrivileged(Native Method)
	at javax.security.auth.Subject.doAs(Subject.java:396)
	at org.apache.hadoop.security.UserGroupInformation.doAs(UserGroupInformation.java:1278)
	at org.apache.hadoop.ipc.Client$Connection.setupIOstreams(Client.java:590)
	... 33 more
Caused by: GSSException: No valid credentials provided (Mechanism level: Failed to find any Kerberos tgt)
	at sun.security.jgss.krb5.Krb5InitCredential.getInstance(Krb5InitCredential.java:130)
	at sun.security.jgss.krb5.Krb5MechFactory.getCredentialElement(Krb5MechFactory.java:106)
	at sun.security.jgss.krb5.Krb5MechFactory.getMechanismContext(Krb5MechFactory.java:172)
	at sun.security.jgss.GSSManagerImpl.getMechanismContext(GSSManagerImpl.java:209)
	at sun.security.jgss.GSSContextImpl.initSecContext(GSSContextImpl.java:195)
	at sun.security.jgss.GSSContextImpl.initSecContext(GSSContextImpl.java:162)
	at com.sun.security.sasl.gsskerb.GssKrb5Client.evaluateChallenge(GssKrb5Client.java:175)
	... 42 more
mapper=100, sample=100, run=7
13/05/21 19:06:48 ERROR security.UserGroupInformation: PriviledgedActionException as:s117449 (auth:KERBEROS) cause:javax.security.sasl.SaslException: GSS initiate failed [Caused by GSSException: No valid credentials provided (Mechanism level: Failed to find any Kerberos tgt)]
13/05/21 19:06:48 WARN ipc.Client: Exception encountered while connecting to the server : javax.security.sasl.SaslException: GSS initiate failed [Caused by GSSException: No valid credentials provided (Mechanism level: Failed to find any Kerberos tgt)]
13/05/21 19:06:48 ERROR security.UserGroupInformation: PriviledgedActionException as:s117449 (auth:KERBEROS) cause:java.io.IOException: javax.security.sasl.SaslException: GSS initiate failed [Caused by GSSException: No valid credentials provided (Mechanism level: Failed to find any Kerberos tgt)]
java.io.IOException: Call to p-head03.alley.sara.nl/145.100.41.4:8020 failed on local exception: java.io.IOException: javax.security.sasl.SaslException: GSS initiate failed [Caused by GSSException: No valid credentials provided (Mechanism level: Failed to find any Kerberos tgt)]
	at org.apache.hadoop.ipc.Client.wrapException(Client.java:1187)
	at org.apache.hadoop.ipc.Client.call(Client.java:1155)
	at org.apache.hadoop.ipc.RPC$Invoker.invoke(RPC.java:226)
	at $Proxy5.getProtocolVersion(Unknown Source)
	at org.apache.hadoop.ipc.RPC.getProxy(RPC.java:398)
	at org.apache.hadoop.ipc.RPC.getProxy(RPC.java:384)
	at org.apache.hadoop.hdfs.DFSClient.createRPCNamenode(DFSClient.java:132)
	at org.apache.hadoop.hdfs.DFSClient.<init>(DFSClient.java:259)
	at org.apache.hadoop.hdfs.DFSClient.<init>(DFSClient.java:220)
	at org.apache.hadoop.hdfs.DistributedFileSystem.initialize(DistributedFileSystem.java:89)
	at org.apache.hadoop.fs.FileSystem.createFileSystem(FileSystem.java:1603)
	at org.apache.hadoop.fs.FileSystem.access$300(FileSystem.java:69)
	at org.apache.hadoop.fs.FileSystem$Cache.getInternal(FileSystem.java:1637)
	at org.apache.hadoop.fs.FileSystem$Cache.get(FileSystem.java:1619)
	at org.apache.hadoop.fs.FileSystem.get(FileSystem.java:255)
	at org.apache.hadoop.fs.FileSystem.get(FileSystem.java:124)
	at edu.tue.cs.capa.dps.freq.FreqDriver.run(FreqDriver.java:58)
	at org.apache.hadoop.util.ToolRunner.run(ToolRunner.java:65)
	at org.apache.hadoop.util.ToolRunner.run(ToolRunner.java:79)
	at edu.tue.cs.capa.dps.freq.FreqDriver.main(FreqDriver.java:112)
	at sun.reflect.NativeMethodAccessorImpl.invoke0(Native Method)
	at sun.reflect.NativeMethodAccessorImpl.invoke(NativeMethodAccessorImpl.java:39)
	at sun.reflect.DelegatingMethodAccessorImpl.invoke(DelegatingMethodAccessorImpl.java:25)
	at java.lang.reflect.Method.invoke(Method.java:597)
	at org.apache.hadoop.util.ProgramDriver$ProgramDescription.invoke(ProgramDriver.java:68)
	at org.apache.hadoop.util.ProgramDriver.driver(ProgramDriver.java:139)
	at edu.tue.cs.capa.dps.driver.SamplingDriver.main(SamplingDriver.java:21)
	at sun.reflect.NativeMethodAccessorImpl.invoke0(Native Method)
	at sun.reflect.NativeMethodAccessorImpl.invoke(NativeMethodAccessorImpl.java:39)
	at sun.reflect.DelegatingMethodAccessorImpl.invoke(DelegatingMethodAccessorImpl.java:25)
	at java.lang.reflect.Method.invoke(Method.java:597)
	at org.apache.hadoop.util.RunJar.main(RunJar.java:197)
Caused by: java.io.IOException: javax.security.sasl.SaslException: GSS initiate failed [Caused by GSSException: No valid credentials provided (Mechanism level: Failed to find any Kerberos tgt)]
	at org.apache.hadoop.ipc.Client$Connection$1.run(Client.java:554)
	at java.security.AccessController.doPrivileged(Native Method)
	at javax.security.auth.Subject.doAs(Subject.java:396)
	at org.apache.hadoop.security.UserGroupInformation.doAs(UserGroupInformation.java:1278)
	at org.apache.hadoop.ipc.Client$Connection.handleSaslConnectionFailure(Client.java:499)
	at org.apache.hadoop.ipc.Client$Connection.setupIOstreams(Client.java:601)
	at org.apache.hadoop.ipc.Client$Connection.access$2300(Client.java:212)
	at org.apache.hadoop.ipc.Client.getConnection(Client.java:1292)
	at org.apache.hadoop.ipc.Client.call(Client.java:1121)
	... 30 more
Caused by: javax.security.sasl.SaslException: GSS initiate failed [Caused by GSSException: No valid credentials provided (Mechanism level: Failed to find any Kerberos tgt)]
	at com.sun.security.sasl.gsskerb.GssKrb5Client.evaluateChallenge(GssKrb5Client.java:194)
	at org.apache.hadoop.security.SaslRpcClient.saslConnect(SaslRpcClient.java:134)
	at org.apache.hadoop.ipc.Client$Connection.setupSaslConnection(Client.java:415)
	at org.apache.hadoop.ipc.Client$Connection.access$1100(Client.java:212)
	at org.apache.hadoop.ipc.Client$Connection$2.run(Client.java:594)
	at org.apache.hadoop.ipc.Client$Connection$2.run(Client.java:591)
	at java.security.AccessController.doPrivileged(Native Method)
	at javax.security.auth.Subject.doAs(Subject.java:396)
	at org.apache.hadoop.security.UserGroupInformation.doAs(UserGroupInformation.java:1278)
	at org.apache.hadoop.ipc.Client$Connection.setupIOstreams(Client.java:590)
	... 33 more
Caused by: GSSException: No valid credentials provided (Mechanism level: Failed to find any Kerberos tgt)
	at sun.security.jgss.krb5.Krb5InitCredential.getInstance(Krb5InitCredential.java:130)
	at sun.security.jgss.krb5.Krb5MechFactory.getCredentialElement(Krb5MechFactory.java:106)
	at sun.security.jgss.krb5.Krb5MechFactory.getMechanismContext(Krb5MechFactory.java:172)
	at sun.security.jgss.GSSManagerImpl.getMechanismContext(GSSManagerImpl.java:209)
	at sun.security.jgss.GSSContextImpl.initSecContext(GSSContextImpl.java:195)
	at sun.security.jgss.GSSContextImpl.initSecContext(GSSContextImpl.java:162)
	at com.sun.security.sasl.gsskerb.GssKrb5Client.evaluateChallenge(GssKrb5Client.java:175)
	... 42 more
mapper=100, sample=100, run=8
13/05/21 19:06:52 ERROR security.UserGroupInformation: PriviledgedActionException as:s117449 (auth:KERBEROS) cause:javax.security.sasl.SaslException: GSS initiate failed [Caused by GSSException: No valid credentials provided (Mechanism level: Failed to find any Kerberos tgt)]
13/05/21 19:06:52 WARN ipc.Client: Exception encountered while connecting to the server : javax.security.sasl.SaslException: GSS initiate failed [Caused by GSSException: No valid credentials provided (Mechanism level: Failed to find any Kerberos tgt)]
13/05/21 19:06:52 ERROR security.UserGroupInformation: PriviledgedActionException as:s117449 (auth:KERBEROS) cause:java.io.IOException: javax.security.sasl.SaslException: GSS initiate failed [Caused by GSSException: No valid credentials provided (Mechanism level: Failed to find any Kerberos tgt)]
java.io.IOException: Call to p-head03.alley.sara.nl/145.100.41.4:8020 failed on local exception: java.io.IOException: javax.security.sasl.SaslException: GSS initiate failed [Caused by GSSException: No valid credentials provided (Mechanism level: Failed to find any Kerberos tgt)]
	at org.apache.hadoop.ipc.Client.wrapException(Client.java:1187)
	at org.apache.hadoop.ipc.Client.call(Client.java:1155)
	at org.apache.hadoop.ipc.RPC$Invoker.invoke(RPC.java:226)
	at $Proxy5.getProtocolVersion(Unknown Source)
	at org.apache.hadoop.ipc.RPC.getProxy(RPC.java:398)
	at org.apache.hadoop.ipc.RPC.getProxy(RPC.java:384)
	at org.apache.hadoop.hdfs.DFSClient.createRPCNamenode(DFSClient.java:132)
	at org.apache.hadoop.hdfs.DFSClient.<init>(DFSClient.java:259)
	at org.apache.hadoop.hdfs.DFSClient.<init>(DFSClient.java:220)
	at org.apache.hadoop.hdfs.DistributedFileSystem.initialize(DistributedFileSystem.java:89)
	at org.apache.hadoop.fs.FileSystem.createFileSystem(FileSystem.java:1603)
	at org.apache.hadoop.fs.FileSystem.access$300(FileSystem.java:69)
	at org.apache.hadoop.fs.FileSystem$Cache.getInternal(FileSystem.java:1637)
	at org.apache.hadoop.fs.FileSystem$Cache.get(FileSystem.java:1619)
	at org.apache.hadoop.fs.FileSystem.get(FileSystem.java:255)
	at org.apache.hadoop.fs.FileSystem.get(FileSystem.java:124)
	at edu.tue.cs.capa.dps.freq.FreqDriver.run(FreqDriver.java:58)
	at org.apache.hadoop.util.ToolRunner.run(ToolRunner.java:65)
	at org.apache.hadoop.util.ToolRunner.run(ToolRunner.java:79)
	at edu.tue.cs.capa.dps.freq.FreqDriver.main(FreqDriver.java:112)
	at sun.reflect.NativeMethodAccessorImpl.invoke0(Native Method)
	at sun.reflect.NativeMethodAccessorImpl.invoke(NativeMethodAccessorImpl.java:39)
	at sun.reflect.DelegatingMethodAccessorImpl.invoke(DelegatingMethodAccessorImpl.java:25)
	at java.lang.reflect.Method.invoke(Method.java:597)
	at org.apache.hadoop.util.ProgramDriver$ProgramDescription.invoke(ProgramDriver.java:68)
	at org.apache.hadoop.util.ProgramDriver.driver(ProgramDriver.java:139)
	at edu.tue.cs.capa.dps.driver.SamplingDriver.main(SamplingDriver.java:21)
	at sun.reflect.NativeMethodAccessorImpl.invoke0(Native Method)
	at sun.reflect.NativeMethodAccessorImpl.invoke(NativeMethodAccessorImpl.java:39)
	at sun.reflect.DelegatingMethodAccessorImpl.invoke(DelegatingMethodAccessorImpl.java:25)
	at java.lang.reflect.Method.invoke(Method.java:597)
	at org.apache.hadoop.util.RunJar.main(RunJar.java:197)
Caused by: java.io.IOException: javax.security.sasl.SaslException: GSS initiate failed [Caused by GSSException: No valid credentials provided (Mechanism level: Failed to find any Kerberos tgt)]
	at org.apache.hadoop.ipc.Client$Connection$1.run(Client.java:554)
	at java.security.AccessController.doPrivileged(Native Method)
	at javax.security.auth.Subject.doAs(Subject.java:396)
	at org.apache.hadoop.security.UserGroupInformation.doAs(UserGroupInformation.java:1278)
	at org.apache.hadoop.ipc.Client$Connection.handleSaslConnectionFailure(Client.java:499)
	at org.apache.hadoop.ipc.Client$Connection.setupIOstreams(Client.java:601)
	at org.apache.hadoop.ipc.Client$Connection.access$2300(Client.java:212)
	at org.apache.hadoop.ipc.Client.getConnection(Client.java:1292)
	at org.apache.hadoop.ipc.Client.call(Client.java:1121)
	... 30 more
Caused by: javax.security.sasl.SaslException: GSS initiate failed [Caused by GSSException: No valid credentials provided (Mechanism level: Failed to find any Kerberos tgt)]
	at com.sun.security.sasl.gsskerb.GssKrb5Client.evaluateChallenge(GssKrb5Client.java:194)
	at org.apache.hadoop.security.SaslRpcClient.saslConnect(SaslRpcClient.java:134)
	at org.apache.hadoop.ipc.Client$Connection.setupSaslConnection(Client.java:415)
	at org.apache.hadoop.ipc.Client$Connection.access$1100(Client.java:212)
	at org.apache.hadoop.ipc.Client$Connection$2.run(Client.java:594)
	at org.apache.hadoop.ipc.Client$Connection$2.run(Client.java:591)
	at java.security.AccessController.doPrivileged(Native Method)
	at javax.security.auth.Subject.doAs(Subject.java:396)
	at org.apache.hadoop.security.UserGroupInformation.doAs(UserGroupInformation.java:1278)
	at org.apache.hadoop.ipc.Client$Connection.setupIOstreams(Client.java:590)
	... 33 more
Caused by: GSSException: No valid credentials provided (Mechanism level: Failed to find any Kerberos tgt)
	at sun.security.jgss.krb5.Krb5InitCredential.getInstance(Krb5InitCredential.java:130)
	at sun.security.jgss.krb5.Krb5MechFactory.getCredentialElement(Krb5MechFactory.java:106)
	at sun.security.jgss.krb5.Krb5MechFactory.getMechanismContext(Krb5MechFactory.java:172)
	at sun.security.jgss.GSSManagerImpl.getMechanismContext(GSSManagerImpl.java:209)
	at sun.security.jgss.GSSContextImpl.initSecContext(GSSContextImpl.java:195)
	at sun.security.jgss.GSSContextImpl.initSecContext(GSSContextImpl.java:162)
	at com.sun.security.sasl.gsskerb.GssKrb5Client.evaluateChallenge(GssKrb5Client.java:175)
	... 42 more
mapper=100, sample=100, run=9
13/05/21 19:06:57 ERROR security.UserGroupInformation: PriviledgedActionException as:s117449 (auth:KERBEROS) cause:javax.security.sasl.SaslException: GSS initiate failed [Caused by GSSException: No valid credentials provided (Mechanism level: Failed to find any Kerberos tgt)]
13/05/21 19:06:57 WARN ipc.Client: Exception encountered while connecting to the server : javax.security.sasl.SaslException: GSS initiate failed [Caused by GSSException: No valid credentials provided (Mechanism level: Failed to find any Kerberos tgt)]
13/05/21 19:06:57 ERROR security.UserGroupInformation: PriviledgedActionException as:s117449 (auth:KERBEROS) cause:java.io.IOException: javax.security.sasl.SaslException: GSS initiate failed [Caused by GSSException: No valid credentials provided (Mechanism level: Failed to find any Kerberos tgt)]
java.io.IOException: Call to p-head03.alley.sara.nl/145.100.41.4:8020 failed on local exception: java.io.IOException: javax.security.sasl.SaslException: GSS initiate failed [Caused by GSSException: No valid credentials provided (Mechanism level: Failed to find any Kerberos tgt)]
	at org.apache.hadoop.ipc.Client.wrapException(Client.java:1187)
	at org.apache.hadoop.ipc.Client.call(Client.java:1155)
	at org.apache.hadoop.ipc.RPC$Invoker.invoke(RPC.java:226)
	at $Proxy5.getProtocolVersion(Unknown Source)
	at org.apache.hadoop.ipc.RPC.getProxy(RPC.java:398)
	at org.apache.hadoop.ipc.RPC.getProxy(RPC.java:384)
	at org.apache.hadoop.hdfs.DFSClient.createRPCNamenode(DFSClient.java:132)
	at org.apache.hadoop.hdfs.DFSClient.<init>(DFSClient.java:259)
	at org.apache.hadoop.hdfs.DFSClient.<init>(DFSClient.java:220)
	at org.apache.hadoop.hdfs.DistributedFileSystem.initialize(DistributedFileSystem.java:89)
	at org.apache.hadoop.fs.FileSystem.createFileSystem(FileSystem.java:1603)
	at org.apache.hadoop.fs.FileSystem.access$300(FileSystem.java:69)
	at org.apache.hadoop.fs.FileSystem$Cache.getInternal(FileSystem.java:1637)
	at org.apache.hadoop.fs.FileSystem$Cache.get(FileSystem.java:1619)
	at org.apache.hadoop.fs.FileSystem.get(FileSystem.java:255)
	at org.apache.hadoop.fs.FileSystem.get(FileSystem.java:124)
	at edu.tue.cs.capa.dps.freq.FreqDriver.run(FreqDriver.java:58)
	at org.apache.hadoop.util.ToolRunner.run(ToolRunner.java:65)
	at org.apache.hadoop.util.ToolRunner.run(ToolRunner.java:79)
	at edu.tue.cs.capa.dps.freq.FreqDriver.main(FreqDriver.java:112)
	at sun.reflect.NativeMethodAccessorImpl.invoke0(Native Method)
	at sun.reflect.NativeMethodAccessorImpl.invoke(NativeMethodAccessorImpl.java:39)
	at sun.reflect.DelegatingMethodAccessorImpl.invoke(DelegatingMethodAccessorImpl.java:25)
	at java.lang.reflect.Method.invoke(Method.java:597)
	at org.apache.hadoop.util.ProgramDriver$ProgramDescription.invoke(ProgramDriver.java:68)
	at org.apache.hadoop.util.ProgramDriver.driver(ProgramDriver.java:139)
	at edu.tue.cs.capa.dps.driver.SamplingDriver.main(SamplingDriver.java:21)
	at sun.reflect.NativeMethodAccessorImpl.invoke0(Native Method)
	at sun.reflect.NativeMethodAccessorImpl.invoke(NativeMethodAccessorImpl.java:39)
	at sun.reflect.DelegatingMethodAccessorImpl.invoke(DelegatingMethodAccessorImpl.java:25)
	at java.lang.reflect.Method.invoke(Method.java:597)
	at org.apache.hadoop.util.RunJar.main(RunJar.java:197)
Caused by: java.io.IOException: javax.security.sasl.SaslException: GSS initiate failed [Caused by GSSException: No valid credentials provided (Mechanism level: Failed to find any Kerberos tgt)]
	at org.apache.hadoop.ipc.Client$Connection$1.run(Client.java:554)
	at java.security.AccessController.doPrivileged(Native Method)
	at javax.security.auth.Subject.doAs(Subject.java:396)
	at org.apache.hadoop.security.UserGroupInformation.doAs(UserGroupInformation.java:1278)
	at org.apache.hadoop.ipc.Client$Connection.handleSaslConnectionFailure(Client.java:499)
	at org.apache.hadoop.ipc.Client$Connection.setupIOstreams(Client.java:601)
	at org.apache.hadoop.ipc.Client$Connection.access$2300(Client.java:212)
	at org.apache.hadoop.ipc.Client.getConnection(Client.java:1292)
	at org.apache.hadoop.ipc.Client.call(Client.java:1121)
	... 30 more
Caused by: javax.security.sasl.SaslException: GSS initiate failed [Caused by GSSException: No valid credentials provided (Mechanism level: Failed to find any Kerberos tgt)]
	at com.sun.security.sasl.gsskerb.GssKrb5Client.evaluateChallenge(GssKrb5Client.java:194)
	at org.apache.hadoop.security.SaslRpcClient.saslConnect(SaslRpcClient.java:134)
	at org.apache.hadoop.ipc.Client$Connection.setupSaslConnection(Client.java:415)
	at org.apache.hadoop.ipc.Client$Connection.access$1100(Client.java:212)
	at org.apache.hadoop.ipc.Client$Connection$2.run(Client.java:594)
	at org.apache.hadoop.ipc.Client$Connection$2.run(Client.java:591)
	at java.security.AccessController.doPrivileged(Native Method)
	at javax.security.auth.Subject.doAs(Subject.java:396)
	at org.apache.hadoop.security.UserGroupInformation.doAs(UserGroupInformation.java:1278)
	at org.apache.hadoop.ipc.Client$Connection.setupIOstreams(Client.java:590)
	... 33 more
Caused by: GSSException: No valid credentials provided (Mechanism level: Failed to find any Kerberos tgt)
	at sun.security.jgss.krb5.Krb5InitCredential.getInstance(Krb5InitCredential.java:130)
	at sun.security.jgss.krb5.Krb5MechFactory.getCredentialElement(Krb5MechFactory.java:106)
	at sun.security.jgss.krb5.Krb5MechFactory.getMechanismContext(Krb5MechFactory.java:172)
	at sun.security.jgss.GSSManagerImpl.getMechanismContext(GSSManagerImpl.java:209)
	at sun.security.jgss.GSSContextImpl.initSecContext(GSSContextImpl.java:195)
	at sun.security.jgss.GSSContextImpl.initSecContext(GSSContextImpl.java:162)
	at com.sun.security.sasl.gsskerb.GssKrb5Client.evaluateChallenge(GssKrb5Client.java:175)
	... 42 more
mapper=100, sample=100, run=10
13/05/21 19:07:01 ERROR security.UserGroupInformation: PriviledgedActionException as:s117449 (auth:KERBEROS) cause:javax.security.sasl.SaslException: GSS initiate failed [Caused by GSSException: No valid credentials provided (Mechanism level: Failed to find any Kerberos tgt)]
13/05/21 19:07:01 WARN ipc.Client: Exception encountered while connecting to the server : javax.security.sasl.SaslException: GSS initiate failed [Caused by GSSException: No valid credentials provided (Mechanism level: Failed to find any Kerberos tgt)]
13/05/21 19:07:01 ERROR security.UserGroupInformation: PriviledgedActionException as:s117449 (auth:KERBEROS) cause:java.io.IOException: javax.security.sasl.SaslException: GSS initiate failed [Caused by GSSException: No valid credentials provided (Mechanism level: Failed to find any Kerberos tgt)]
java.io.IOException: Call to p-head03.alley.sara.nl/145.100.41.4:8020 failed on local exception: java.io.IOException: javax.security.sasl.SaslException: GSS initiate failed [Caused by GSSException: No valid credentials provided (Mechanism level: Failed to find any Kerberos tgt)]
	at org.apache.hadoop.ipc.Client.wrapException(Client.java:1187)
	at org.apache.hadoop.ipc.Client.call(Client.java:1155)
	at org.apache.hadoop.ipc.RPC$Invoker.invoke(RPC.java:226)
	at $Proxy5.getProtocolVersion(Unknown Source)
	at org.apache.hadoop.ipc.RPC.getProxy(RPC.java:398)
	at org.apache.hadoop.ipc.RPC.getProxy(RPC.java:384)
	at org.apache.hadoop.hdfs.DFSClient.createRPCNamenode(DFSClient.java:132)
	at org.apache.hadoop.hdfs.DFSClient.<init>(DFSClient.java:259)
	at org.apache.hadoop.hdfs.DFSClient.<init>(DFSClient.java:220)
	at org.apache.hadoop.hdfs.DistributedFileSystem.initialize(DistributedFileSystem.java:89)
	at org.apache.hadoop.fs.FileSystem.createFileSystem(FileSystem.java:1603)
	at org.apache.hadoop.fs.FileSystem.access$300(FileSystem.java:69)
	at org.apache.hadoop.fs.FileSystem$Cache.getInternal(FileSystem.java:1637)
	at org.apache.hadoop.fs.FileSystem$Cache.get(FileSystem.java:1619)
	at org.apache.hadoop.fs.FileSystem.get(FileSystem.java:255)
	at org.apache.hadoop.fs.FileSystem.get(FileSystem.java:124)
	at edu.tue.cs.capa.dps.freq.FreqDriver.run(FreqDriver.java:58)
	at org.apache.hadoop.util.ToolRunner.run(ToolRunner.java:65)
	at org.apache.hadoop.util.ToolRunner.run(ToolRunner.java:79)
	at edu.tue.cs.capa.dps.freq.FreqDriver.main(FreqDriver.java:112)
	at sun.reflect.NativeMethodAccessorImpl.invoke0(Native Method)
	at sun.reflect.NativeMethodAccessorImpl.invoke(NativeMethodAccessorImpl.java:39)
	at sun.reflect.DelegatingMethodAccessorImpl.invoke(DelegatingMethodAccessorImpl.java:25)
	at java.lang.reflect.Method.invoke(Method.java:597)
	at org.apache.hadoop.util.ProgramDriver$ProgramDescription.invoke(ProgramDriver.java:68)
	at org.apache.hadoop.util.ProgramDriver.driver(ProgramDriver.java:139)
	at edu.tue.cs.capa.dps.driver.SamplingDriver.main(SamplingDriver.java:21)
	at sun.reflect.NativeMethodAccessorImpl.invoke0(Native Method)
	at sun.reflect.NativeMethodAccessorImpl.invoke(NativeMethodAccessorImpl.java:39)
	at sun.reflect.DelegatingMethodAccessorImpl.invoke(DelegatingMethodAccessorImpl.java:25)
	at java.lang.reflect.Method.invoke(Method.java:597)
	at org.apache.hadoop.util.RunJar.main(RunJar.java:197)
Caused by: java.io.IOException: javax.security.sasl.SaslException: GSS initiate failed [Caused by GSSException: No valid credentials provided (Mechanism level: Failed to find any Kerberos tgt)]
	at org.apache.hadoop.ipc.Client$Connection$1.run(Client.java:554)
	at java.security.AccessController.doPrivileged(Native Method)
	at javax.security.auth.Subject.doAs(Subject.java:396)
	at org.apache.hadoop.security.UserGroupInformation.doAs(UserGroupInformation.java:1278)
	at org.apache.hadoop.ipc.Client$Connection.handleSaslConnectionFailure(Client.java:499)
	at org.apache.hadoop.ipc.Client$Connection.setupIOstreams(Client.java:601)
	at org.apache.hadoop.ipc.Client$Connection.access$2300(Client.java:212)
	at org.apache.hadoop.ipc.Client.getConnection(Client.java:1292)
	at org.apache.hadoop.ipc.Client.call(Client.java:1121)
	... 30 more
Caused by: javax.security.sasl.SaslException: GSS initiate failed [Caused by GSSException: No valid credentials provided (Mechanism level: Failed to find any Kerberos tgt)]
	at com.sun.security.sasl.gsskerb.GssKrb5Client.evaluateChallenge(GssKrb5Client.java:194)
	at org.apache.hadoop.security.SaslRpcClient.saslConnect(SaslRpcClient.java:134)
	at org.apache.hadoop.ipc.Client$Connection.setupSaslConnection(Client.java:415)
	at org.apache.hadoop.ipc.Client$Connection.access$1100(Client.java:212)
	at org.apache.hadoop.ipc.Client$Connection$2.run(Client.java:594)
	at org.apache.hadoop.ipc.Client$Connection$2.run(Client.java:591)
	at java.security.AccessController.doPrivileged(Native Method)
	at javax.security.auth.Subject.doAs(Subject.java:396)
	at org.apache.hadoop.security.UserGroupInformation.doAs(UserGroupInformation.java:1278)
	at org.apache.hadoop.ipc.Client$Connection.setupIOstreams(Client.java:590)
	... 33 more
Caused by: GSSException: No valid credentials provided (Mechanism level: Failed to find any Kerberos tgt)
	at sun.security.jgss.krb5.Krb5InitCredential.getInstance(Krb5InitCredential.java:130)
	at sun.security.jgss.krb5.Krb5MechFactory.getCredentialElement(Krb5MechFactory.java:106)
	at sun.security.jgss.krb5.Krb5MechFactory.getMechanismContext(Krb5MechFactory.java:172)
	at sun.security.jgss.GSSManagerImpl.getMechanismContext(GSSManagerImpl.java:209)
	at sun.security.jgss.GSSContextImpl.initSecContext(GSSContextImpl.java:195)
	at sun.security.jgss.GSSContextImpl.initSecContext(GSSContextImpl.java:162)
	at com.sun.security.sasl.gsskerb.GssKrb5Client.evaluateChallenge(GssKrb5Client.java:175)
	... 42 more
